ARM GAS  C:\Users\Greg\AppData\Local\Temp\cc8isGpE.s 			page 1


   1              		.syntax unified
   2              		.cpu cortex-m3
   3              		.fpu softvfp
   4              		.eabi_attribute 20, 1
   5              		.eabi_attribute 21, 1
   6              		.eabi_attribute 23, 3
   7              		.eabi_attribute 24, 1
   8              		.eabi_attribute 25, 1
   9              		.eabi_attribute 26, 1
  10              		.eabi_attribute 30, 1
  11              		.eabi_attribute 34, 1
  12              		.eabi_attribute 18, 4
  13              		.thumb
  14              		.file	"ButtonReg2.c"
  15              		.text
  16              	.Ltext0:
  17              		.cfi_sections	.debug_frame
  18              		.section	.text.ButtonReg2_Read,"ax",%progbits
  19              		.align	2
  20              		.global	ButtonReg2_Read
  21              		.thumb
  22              		.thumb_func
  23              		.type	ButtonReg2_Read, %function
  24              	ButtonReg2_Read:
  25              	.LFB0:
  26              		.file 1 ".\\Generated_Source\\PSoC5\\ButtonReg2.c"
   1:.\Generated_Source\PSoC5/ButtonReg2.c **** /*******************************************************************************
   2:.\Generated_Source\PSoC5/ButtonReg2.c **** * File Name: ButtonReg2.c  
   3:.\Generated_Source\PSoC5/ButtonReg2.c **** * Version 1.90
   4:.\Generated_Source\PSoC5/ButtonReg2.c **** *
   5:.\Generated_Source\PSoC5/ButtonReg2.c **** * Description:
   6:.\Generated_Source\PSoC5/ButtonReg2.c **** *  This file contains API to enable firmware to read the value of a Status 
   7:.\Generated_Source\PSoC5/ButtonReg2.c **** *  Register.
   8:.\Generated_Source\PSoC5/ButtonReg2.c **** *
   9:.\Generated_Source\PSoC5/ButtonReg2.c **** * Note:
  10:.\Generated_Source\PSoC5/ButtonReg2.c **** *
  11:.\Generated_Source\PSoC5/ButtonReg2.c **** ********************************************************************************
  12:.\Generated_Source\PSoC5/ButtonReg2.c **** * Copyright 2008-2015, Cypress Semiconductor Corporation.  All rights reserved.
  13:.\Generated_Source\PSoC5/ButtonReg2.c **** * You may use this file only in accordance with the license, terms, conditions, 
  14:.\Generated_Source\PSoC5/ButtonReg2.c **** * disclaimers, and limitations in the end user license agreement accompanying 
  15:.\Generated_Source\PSoC5/ButtonReg2.c **** * the software package with which this file was provided.
  16:.\Generated_Source\PSoC5/ButtonReg2.c **** *******************************************************************************/
  17:.\Generated_Source\PSoC5/ButtonReg2.c **** 
  18:.\Generated_Source\PSoC5/ButtonReg2.c **** #include "ButtonReg2.h"
  19:.\Generated_Source\PSoC5/ButtonReg2.c **** 
  20:.\Generated_Source\PSoC5/ButtonReg2.c **** #if !defined(ButtonReg2_sts_sts_reg__REMOVED) /* Check for removal by optimization */
  21:.\Generated_Source\PSoC5/ButtonReg2.c **** 
  22:.\Generated_Source\PSoC5/ButtonReg2.c **** 
  23:.\Generated_Source\PSoC5/ButtonReg2.c **** /*******************************************************************************
  24:.\Generated_Source\PSoC5/ButtonReg2.c **** * Function Name: ButtonReg2_Read
  25:.\Generated_Source\PSoC5/ButtonReg2.c **** ********************************************************************************
  26:.\Generated_Source\PSoC5/ButtonReg2.c **** *
  27:.\Generated_Source\PSoC5/ButtonReg2.c **** * Summary:
  28:.\Generated_Source\PSoC5/ButtonReg2.c **** *  Reads the current value assigned to the Status Register.
  29:.\Generated_Source\PSoC5/ButtonReg2.c **** *
  30:.\Generated_Source\PSoC5/ButtonReg2.c **** * Parameters:
  31:.\Generated_Source\PSoC5/ButtonReg2.c **** *  None.
ARM GAS  C:\Users\Greg\AppData\Local\Temp\cc8isGpE.s 			page 2


  32:.\Generated_Source\PSoC5/ButtonReg2.c **** *
  33:.\Generated_Source\PSoC5/ButtonReg2.c **** * Return:
  34:.\Generated_Source\PSoC5/ButtonReg2.c **** *  The current value in the Status Register.
  35:.\Generated_Source\PSoC5/ButtonReg2.c **** *
  36:.\Generated_Source\PSoC5/ButtonReg2.c **** *******************************************************************************/
  37:.\Generated_Source\PSoC5/ButtonReg2.c **** uint8 ButtonReg2_Read(void) 
  38:.\Generated_Source\PSoC5/ButtonReg2.c **** { 
  27              		.loc 1 38 0
  28              		.cfi_startproc
  29              		@ args = 0, pretend = 0, frame = 0
  30              		@ frame_needed = 0, uses_anonymous_args = 0
  31              		@ link register save eliminated.
  39:.\Generated_Source\PSoC5/ButtonReg2.c ****     return ButtonReg2_Status;
  32              		.loc 1 39 0
  33 0000 014B     		ldr	r3, .L2
  34 0002 1878     		ldrb	r0, [r3]	@ zero_extendqisi2
  40:.\Generated_Source\PSoC5/ButtonReg2.c **** }
  35              		.loc 1 40 0
  36 0004 7047     		bx	lr
  37              	.L3:
  38 0006 00BF     		.align	2
  39              	.L2:
  40 0008 6A640040 		.word	1073767530
  41              		.cfi_endproc
  42              	.LFE0:
  43              		.size	ButtonReg2_Read, .-ButtonReg2_Read
  44              		.section	.text.ButtonReg2_InterruptEnable,"ax",%progbits
  45              		.align	2
  46              		.global	ButtonReg2_InterruptEnable
  47              		.thumb
  48              		.thumb_func
  49              		.type	ButtonReg2_InterruptEnable, %function
  50              	ButtonReg2_InterruptEnable:
  51              	.LFB1:
  41:.\Generated_Source\PSoC5/ButtonReg2.c **** 
  42:.\Generated_Source\PSoC5/ButtonReg2.c **** 
  43:.\Generated_Source\PSoC5/ButtonReg2.c **** /*******************************************************************************
  44:.\Generated_Source\PSoC5/ButtonReg2.c **** * Function Name: ButtonReg2_InterruptEnable
  45:.\Generated_Source\PSoC5/ButtonReg2.c **** ********************************************************************************
  46:.\Generated_Source\PSoC5/ButtonReg2.c **** *
  47:.\Generated_Source\PSoC5/ButtonReg2.c **** * Summary:
  48:.\Generated_Source\PSoC5/ButtonReg2.c **** *  Enables the Status Register interrupt.
  49:.\Generated_Source\PSoC5/ButtonReg2.c **** *
  50:.\Generated_Source\PSoC5/ButtonReg2.c **** * Parameters:
  51:.\Generated_Source\PSoC5/ButtonReg2.c **** *  None.
  52:.\Generated_Source\PSoC5/ButtonReg2.c **** *
  53:.\Generated_Source\PSoC5/ButtonReg2.c **** * Return:
  54:.\Generated_Source\PSoC5/ButtonReg2.c **** *  None.
  55:.\Generated_Source\PSoC5/ButtonReg2.c **** *
  56:.\Generated_Source\PSoC5/ButtonReg2.c **** *******************************************************************************/
  57:.\Generated_Source\PSoC5/ButtonReg2.c **** void ButtonReg2_InterruptEnable(void) 
  58:.\Generated_Source\PSoC5/ButtonReg2.c **** {
  52              		.loc 1 58 0
  53              		.cfi_startproc
  54              		@ args = 0, pretend = 0, frame = 0
  55              		@ frame_needed = 0, uses_anonymous_args = 0
  56 0000 08B5     		push	{r3, lr}
ARM GAS  C:\Users\Greg\AppData\Local\Temp\cc8isGpE.s 			page 3


  57              		.cfi_def_cfa_offset 8
  58              		.cfi_offset 3, -8
  59              		.cfi_offset 14, -4
  59:.\Generated_Source\PSoC5/ButtonReg2.c ****     uint8 interruptState;
  60:.\Generated_Source\PSoC5/ButtonReg2.c ****     interruptState = CyEnterCriticalSection();
  60              		.loc 1 60 0
  61 0002 FFF7FEFF 		bl	CyEnterCriticalSection
  62              	.LVL0:
  61:.\Generated_Source\PSoC5/ButtonReg2.c ****     ButtonReg2_Status_Aux_Ctrl |= ButtonReg2_STATUS_INTR_ENBL;
  63              		.loc 1 61 0
  64 0006 044A     		ldr	r2, .L6
  65 0008 1378     		ldrb	r3, [r2]	@ zero_extendqisi2
  66 000a 43F01003 		orr	r3, r3, #16
  67 000e 1370     		strb	r3, [r2]
  62:.\Generated_Source\PSoC5/ButtonReg2.c ****     CyExitCriticalSection(interruptState);
  68              		.loc 1 62 0
  69 0010 FFF7FEFF 		bl	CyExitCriticalSection
  70              	.LVL1:
  71 0014 08BD     		pop	{r3, pc}
  72              	.L7:
  73 0016 00BF     		.align	2
  74              	.L6:
  75 0018 9A640040 		.word	1073767578
  76              		.cfi_endproc
  77              	.LFE1:
  78              		.size	ButtonReg2_InterruptEnable, .-ButtonReg2_InterruptEnable
  79              		.section	.text.ButtonReg2_InterruptDisable,"ax",%progbits
  80              		.align	2
  81              		.global	ButtonReg2_InterruptDisable
  82              		.thumb
  83              		.thumb_func
  84              		.type	ButtonReg2_InterruptDisable, %function
  85              	ButtonReg2_InterruptDisable:
  86              	.LFB2:
  63:.\Generated_Source\PSoC5/ButtonReg2.c **** }
  64:.\Generated_Source\PSoC5/ButtonReg2.c **** 
  65:.\Generated_Source\PSoC5/ButtonReg2.c **** 
  66:.\Generated_Source\PSoC5/ButtonReg2.c **** /*******************************************************************************
  67:.\Generated_Source\PSoC5/ButtonReg2.c **** * Function Name: ButtonReg2_InterruptDisable
  68:.\Generated_Source\PSoC5/ButtonReg2.c **** ********************************************************************************
  69:.\Generated_Source\PSoC5/ButtonReg2.c **** *
  70:.\Generated_Source\PSoC5/ButtonReg2.c **** * Summary:
  71:.\Generated_Source\PSoC5/ButtonReg2.c **** *  Disables the Status Register interrupt.
  72:.\Generated_Source\PSoC5/ButtonReg2.c **** *
  73:.\Generated_Source\PSoC5/ButtonReg2.c **** * Parameters:
  74:.\Generated_Source\PSoC5/ButtonReg2.c **** *  None.
  75:.\Generated_Source\PSoC5/ButtonReg2.c **** *
  76:.\Generated_Source\PSoC5/ButtonReg2.c **** * Return:
  77:.\Generated_Source\PSoC5/ButtonReg2.c **** *  None.
  78:.\Generated_Source\PSoC5/ButtonReg2.c **** *
  79:.\Generated_Source\PSoC5/ButtonReg2.c **** *******************************************************************************/
  80:.\Generated_Source\PSoC5/ButtonReg2.c **** void ButtonReg2_InterruptDisable(void) 
  81:.\Generated_Source\PSoC5/ButtonReg2.c **** {
  87              		.loc 1 81 0
  88              		.cfi_startproc
  89              		@ args = 0, pretend = 0, frame = 0
  90              		@ frame_needed = 0, uses_anonymous_args = 0
ARM GAS  C:\Users\Greg\AppData\Local\Temp\cc8isGpE.s 			page 4


  91 0000 08B5     		push	{r3, lr}
  92              		.cfi_def_cfa_offset 8
  93              		.cfi_offset 3, -8
  94              		.cfi_offset 14, -4
  82:.\Generated_Source\PSoC5/ButtonReg2.c ****     uint8 interruptState;
  83:.\Generated_Source\PSoC5/ButtonReg2.c ****     interruptState = CyEnterCriticalSection();
  95              		.loc 1 83 0
  96 0002 FFF7FEFF 		bl	CyEnterCriticalSection
  97              	.LVL2:
  84:.\Generated_Source\PSoC5/ButtonReg2.c ****     ButtonReg2_Status_Aux_Ctrl &= (uint8)(~ButtonReg2_STATUS_INTR_ENBL);
  98              		.loc 1 84 0
  99 0006 044A     		ldr	r2, .L10
 100 0008 1378     		ldrb	r3, [r2]	@ zero_extendqisi2
 101 000a 03F0EF03 		and	r3, r3, #239
 102 000e 1370     		strb	r3, [r2]
  85:.\Generated_Source\PSoC5/ButtonReg2.c ****     CyExitCriticalSection(interruptState);
 103              		.loc 1 85 0
 104 0010 FFF7FEFF 		bl	CyExitCriticalSection
 105              	.LVL3:
 106 0014 08BD     		pop	{r3, pc}
 107              	.L11:
 108 0016 00BF     		.align	2
 109              	.L10:
 110 0018 9A640040 		.word	1073767578
 111              		.cfi_endproc
 112              	.LFE2:
 113              		.size	ButtonReg2_InterruptDisable, .-ButtonReg2_InterruptDisable
 114              		.section	.text.ButtonReg2_WriteMask,"ax",%progbits
 115              		.align	2
 116              		.global	ButtonReg2_WriteMask
 117              		.thumb
 118              		.thumb_func
 119              		.type	ButtonReg2_WriteMask, %function
 120              	ButtonReg2_WriteMask:
 121              	.LFB3:
  86:.\Generated_Source\PSoC5/ButtonReg2.c **** }
  87:.\Generated_Source\PSoC5/ButtonReg2.c **** 
  88:.\Generated_Source\PSoC5/ButtonReg2.c **** 
  89:.\Generated_Source\PSoC5/ButtonReg2.c **** /*******************************************************************************
  90:.\Generated_Source\PSoC5/ButtonReg2.c **** * Function Name: ButtonReg2_WriteMask
  91:.\Generated_Source\PSoC5/ButtonReg2.c **** ********************************************************************************
  92:.\Generated_Source\PSoC5/ButtonReg2.c **** *
  93:.\Generated_Source\PSoC5/ButtonReg2.c **** * Summary:
  94:.\Generated_Source\PSoC5/ButtonReg2.c **** *  Writes the current mask value assigned to the Status Register.
  95:.\Generated_Source\PSoC5/ButtonReg2.c **** *
  96:.\Generated_Source\PSoC5/ButtonReg2.c **** * Parameters:
  97:.\Generated_Source\PSoC5/ButtonReg2.c **** *  mask:  Value to write into the mask register.
  98:.\Generated_Source\PSoC5/ButtonReg2.c **** *
  99:.\Generated_Source\PSoC5/ButtonReg2.c **** * Return:
 100:.\Generated_Source\PSoC5/ButtonReg2.c **** *  None.
 101:.\Generated_Source\PSoC5/ButtonReg2.c **** *
 102:.\Generated_Source\PSoC5/ButtonReg2.c **** *******************************************************************************/
 103:.\Generated_Source\PSoC5/ButtonReg2.c **** void ButtonReg2_WriteMask(uint8 mask) 
 104:.\Generated_Source\PSoC5/ButtonReg2.c **** {
 122              		.loc 1 104 0
 123              		.cfi_startproc
 124              		@ args = 0, pretend = 0, frame = 0
ARM GAS  C:\Users\Greg\AppData\Local\Temp\cc8isGpE.s 			page 5


 125              		@ frame_needed = 0, uses_anonymous_args = 0
 126              		@ link register save eliminated.
 127              	.LVL4:
 105:.\Generated_Source\PSoC5/ButtonReg2.c ****     #if(ButtonReg2_INPUTS < 8u)
 106:.\Generated_Source\PSoC5/ButtonReg2.c ****     	mask &= ((uint8)(1u << ButtonReg2_INPUTS) - 1u);
 107:.\Generated_Source\PSoC5/ButtonReg2.c **** 	#endif /* End ButtonReg2_INPUTS < 8u */
 108:.\Generated_Source\PSoC5/ButtonReg2.c ****     ButtonReg2_Status_Mask = mask;
 128              		.loc 1 108 0
 129 0000 014B     		ldr	r3, .L13
 130 0002 1870     		strb	r0, [r3]
 131 0004 7047     		bx	lr
 132              	.L14:
 133 0006 00BF     		.align	2
 134              	.L13:
 135 0008 8A640040 		.word	1073767562
 136              		.cfi_endproc
 137              	.LFE3:
 138              		.size	ButtonReg2_WriteMask, .-ButtonReg2_WriteMask
 139              		.section	.text.ButtonReg2_ReadMask,"ax",%progbits
 140              		.align	2
 141              		.global	ButtonReg2_ReadMask
 142              		.thumb
 143              		.thumb_func
 144              		.type	ButtonReg2_ReadMask, %function
 145              	ButtonReg2_ReadMask:
 146              	.LFB4:
 109:.\Generated_Source\PSoC5/ButtonReg2.c **** }
 110:.\Generated_Source\PSoC5/ButtonReg2.c **** 
 111:.\Generated_Source\PSoC5/ButtonReg2.c **** 
 112:.\Generated_Source\PSoC5/ButtonReg2.c **** /*******************************************************************************
 113:.\Generated_Source\PSoC5/ButtonReg2.c **** * Function Name: ButtonReg2_ReadMask
 114:.\Generated_Source\PSoC5/ButtonReg2.c **** ********************************************************************************
 115:.\Generated_Source\PSoC5/ButtonReg2.c **** *
 116:.\Generated_Source\PSoC5/ButtonReg2.c **** * Summary:
 117:.\Generated_Source\PSoC5/ButtonReg2.c **** *  Reads the current interrupt mask assigned to the Status Register.
 118:.\Generated_Source\PSoC5/ButtonReg2.c **** *
 119:.\Generated_Source\PSoC5/ButtonReg2.c **** * Parameters:
 120:.\Generated_Source\PSoC5/ButtonReg2.c **** *  None.
 121:.\Generated_Source\PSoC5/ButtonReg2.c **** *
 122:.\Generated_Source\PSoC5/ButtonReg2.c **** * Return:
 123:.\Generated_Source\PSoC5/ButtonReg2.c **** *  The value of the interrupt mask of the Status Register.
 124:.\Generated_Source\PSoC5/ButtonReg2.c **** *
 125:.\Generated_Source\PSoC5/ButtonReg2.c **** *******************************************************************************/
 126:.\Generated_Source\PSoC5/ButtonReg2.c **** uint8 ButtonReg2_ReadMask(void) 
 127:.\Generated_Source\PSoC5/ButtonReg2.c **** {
 147              		.loc 1 127 0
 148              		.cfi_startproc
 149              		@ args = 0, pretend = 0, frame = 0
 150              		@ frame_needed = 0, uses_anonymous_args = 0
 151              		@ link register save eliminated.
 128:.\Generated_Source\PSoC5/ButtonReg2.c ****     return ButtonReg2_Status_Mask;
 152              		.loc 1 128 0
 153 0000 014B     		ldr	r3, .L16
 154 0002 1878     		ldrb	r0, [r3]	@ zero_extendqisi2
 129:.\Generated_Source\PSoC5/ButtonReg2.c **** }
 155              		.loc 1 129 0
 156 0004 7047     		bx	lr
ARM GAS  C:\Users\Greg\AppData\Local\Temp\cc8isGpE.s 			page 6


 157              	.L17:
 158 0006 00BF     		.align	2
 159              	.L16:
 160 0008 8A640040 		.word	1073767562
 161              		.cfi_endproc
 162              	.LFE4:
 163              		.size	ButtonReg2_ReadMask, .-ButtonReg2_ReadMask
 164              		.text
 165              	.Letext0:
 166              		.file 2 ".\\Generated_Source\\PSoC5\\cytypes.h"
 167              		.file 3 ".\\Generated_Source\\PSoC5\\CyLib.h"
 168              		.section	.debug_info,"",%progbits
 169              	.Ldebug_info0:
 170 0000 73010000 		.4byte	0x173
 171 0004 0400     		.2byte	0x4
 172 0006 00000000 		.4byte	.Ldebug_abbrev0
 173 000a 04       		.byte	0x4
 174 000b 01       		.uleb128 0x1
 175 000c B4000000 		.4byte	.LASF21
 176 0010 01       		.byte	0x1
 177 0011 5D000000 		.4byte	.LASF22
 178 0015 C0010000 		.4byte	.LASF23
 179 0019 00000000 		.4byte	.Ldebug_ranges0+0
 180 001d 00000000 		.4byte	0
 181 0021 00000000 		.4byte	.Ldebug_line0
 182 0025 02       		.uleb128 0x2
 183 0026 01       		.byte	0x1
 184 0027 06       		.byte	0x6
 185 0028 B4010000 		.4byte	.LASF0
 186 002c 02       		.uleb128 0x2
 187 002d 01       		.byte	0x1
 188 002e 08       		.byte	0x8
 189 002f 47010000 		.4byte	.LASF1
 190 0033 02       		.uleb128 0x2
 191 0034 02       		.byte	0x2
 192 0035 05       		.byte	0x5
 193 0036 2C020000 		.4byte	.LASF2
 194 003a 02       		.uleb128 0x2
 195 003b 02       		.byte	0x2
 196 003c 07       		.byte	0x7
 197 003d A1010000 		.4byte	.LASF3
 198 0041 02       		.uleb128 0x2
 199 0042 04       		.byte	0x4
 200 0043 05       		.byte	0x5
 201 0044 5A010000 		.4byte	.LASF4
 202 0048 02       		.uleb128 0x2
 203 0049 04       		.byte	0x4
 204 004a 07       		.byte	0x7
 205 004b 3B020000 		.4byte	.LASF5
 206 004f 02       		.uleb128 0x2
 207 0050 08       		.byte	0x8
 208 0051 05       		.byte	0x5
 209 0052 00000000 		.4byte	.LASF6
 210 0056 02       		.uleb128 0x2
 211 0057 08       		.byte	0x8
 212 0058 07       		.byte	0x7
 213 0059 83000000 		.4byte	.LASF7
ARM GAS  C:\Users\Greg\AppData\Local\Temp\cc8isGpE.s 			page 7


 214 005d 03       		.uleb128 0x3
 215 005e 04       		.byte	0x4
 216 005f 05       		.byte	0x5
 217 0060 696E7400 		.ascii	"int\000"
 218 0064 02       		.uleb128 0x2
 219 0065 04       		.byte	0x4
 220 0066 07       		.byte	0x7
 221 0067 23000000 		.4byte	.LASF8
 222 006b 04       		.uleb128 0x4
 223 006c 57000000 		.4byte	.LASF12
 224 0070 02       		.byte	0x2
 225 0071 C2       		.byte	0xc2
 226 0072 2C000000 		.4byte	0x2c
 227 0076 02       		.uleb128 0x2
 228 0077 04       		.byte	0x4
 229 0078 04       		.byte	0x4
 230 0079 9A000000 		.4byte	.LASF9
 231 007d 02       		.uleb128 0x2
 232 007e 08       		.byte	0x8
 233 007f 04       		.byte	0x4
 234 0080 9A010000 		.4byte	.LASF10
 235 0084 02       		.uleb128 0x2
 236 0085 01       		.byte	0x1
 237 0086 08       		.byte	0x8
 238 0087 55010000 		.4byte	.LASF11
 239 008b 05       		.uleb128 0x5
 240 008c 36020000 		.4byte	.LASF13
 241 0090 02       		.byte	0x2
 242 0091 6C01     		.2byte	0x16c
 243 0093 97000000 		.4byte	0x97
 244 0097 06       		.uleb128 0x6
 245 0098 6B000000 		.4byte	0x6b
 246 009c 02       		.uleb128 0x2
 247 009d 04       		.byte	0x4
 248 009e 07       		.byte	0x7
 249 009f 23020000 		.4byte	.LASF14
 250 00a3 07       		.uleb128 0x7
 251 00a4 47000000 		.4byte	.LASF19
 252 00a8 01       		.byte	0x1
 253 00a9 25       		.byte	0x25
 254 00aa 6B000000 		.4byte	0x6b
 255 00ae 00000000 		.4byte	.LFB0
 256 00b2 0C000000 		.4byte	.LFE0-.LFB0
 257 00b6 01       		.uleb128 0x1
 258 00b7 9C       		.byte	0x9c
 259 00b8 08       		.uleb128 0x8
 260 00b9 63010000 		.4byte	.LASF15
 261 00bd 01       		.byte	0x1
 262 00be 39       		.byte	0x39
 263 00bf 00000000 		.4byte	.LFB1
 264 00c3 1C000000 		.4byte	.LFE1-.LFB1
 265 00c7 01       		.uleb128 0x1
 266 00c8 9C       		.byte	0x9c
 267 00c9 EF000000 		.4byte	0xef
 268 00cd 09       		.uleb128 0x9
 269 00ce 4D020000 		.4byte	.LASF17
 270 00d2 01       		.byte	0x1
ARM GAS  C:\Users\Greg\AppData\Local\Temp\cc8isGpE.s 			page 8


 271 00d3 3B       		.byte	0x3b
 272 00d4 6B000000 		.4byte	0x6b
 273 00d8 00000000 		.4byte	.LLST0
 274 00dc 0A       		.uleb128 0xa
 275 00dd 06000000 		.4byte	.LVL0
 276 00e1 5E010000 		.4byte	0x15e
 277 00e5 0A       		.uleb128 0xa
 278 00e6 14000000 		.4byte	.LVL1
 279 00ea 69010000 		.4byte	0x169
 280 00ee 00       		.byte	0
 281 00ef 08       		.uleb128 0x8
 282 00f0 7E010000 		.4byte	.LASF16
 283 00f4 01       		.byte	0x1
 284 00f5 50       		.byte	0x50
 285 00f6 00000000 		.4byte	.LFB2
 286 00fa 1C000000 		.4byte	.LFE2-.LFB2
 287 00fe 01       		.uleb128 0x1
 288 00ff 9C       		.byte	0x9c
 289 0100 26010000 		.4byte	0x126
 290 0104 09       		.uleb128 0x9
 291 0105 4D020000 		.4byte	.LASF17
 292 0109 01       		.byte	0x1
 293 010a 52       		.byte	0x52
 294 010b 6B000000 		.4byte	0x6b
 295 010f 13000000 		.4byte	.LLST1
 296 0113 0A       		.uleb128 0xa
 297 0114 06000000 		.4byte	.LVL2
 298 0118 5E010000 		.4byte	0x15e
 299 011c 0A       		.uleb128 0xa
 300 011d 14000000 		.4byte	.LVL3
 301 0121 69010000 		.4byte	0x169
 302 0125 00       		.byte	0
 303 0126 08       		.uleb128 0x8
 304 0127 0E000000 		.4byte	.LASF18
 305 012b 01       		.byte	0x1
 306 012c 67       		.byte	0x67
 307 012d 00000000 		.4byte	.LFB3
 308 0131 0C000000 		.4byte	.LFE3-.LFB3
 309 0135 01       		.uleb128 0x1
 310 0136 9C       		.byte	0x9c
 311 0137 49010000 		.4byte	0x149
 312 013b 0B       		.uleb128 0xb
 313 013c 42010000 		.4byte	.LASF24
 314 0140 01       		.byte	0x1
 315 0141 67       		.byte	0x67
 316 0142 6B000000 		.4byte	0x6b
 317 0146 01       		.uleb128 0x1
 318 0147 50       		.byte	0x50
 319 0148 00       		.byte	0
 320 0149 07       		.uleb128 0x7
 321 014a A0000000 		.4byte	.LASF20
 322 014e 01       		.byte	0x1
 323 014f 7E       		.byte	0x7e
 324 0150 6B000000 		.4byte	0x6b
 325 0154 00000000 		.4byte	.LFB4
 326 0158 0C000000 		.4byte	.LFE4-.LFB4
 327 015c 01       		.uleb128 0x1
ARM GAS  C:\Users\Greg\AppData\Local\Temp\cc8isGpE.s 			page 9


 328 015d 9C       		.byte	0x9c
 329 015e 0C       		.uleb128 0xc
 330 015f 30000000 		.4byte	.LASF25
 331 0163 03       		.byte	0x3
 332 0164 7E       		.byte	0x7e
 333 0165 6B000000 		.4byte	0x6b
 334 0169 0D       		.uleb128 0xd
 335 016a 0D020000 		.4byte	.LASF26
 336 016e 03       		.byte	0x3
 337 016f 7F       		.byte	0x7f
 338 0170 0E       		.uleb128 0xe
 339 0171 6B000000 		.4byte	0x6b
 340 0175 00       		.byte	0
 341 0176 00       		.byte	0
 342              		.section	.debug_abbrev,"",%progbits
 343              	.Ldebug_abbrev0:
 344 0000 01       		.uleb128 0x1
 345 0001 11       		.uleb128 0x11
 346 0002 01       		.byte	0x1
 347 0003 25       		.uleb128 0x25
 348 0004 0E       		.uleb128 0xe
 349 0005 13       		.uleb128 0x13
 350 0006 0B       		.uleb128 0xb
 351 0007 03       		.uleb128 0x3
 352 0008 0E       		.uleb128 0xe
 353 0009 1B       		.uleb128 0x1b
 354 000a 0E       		.uleb128 0xe
 355 000b 55       		.uleb128 0x55
 356 000c 17       		.uleb128 0x17
 357 000d 11       		.uleb128 0x11
 358 000e 01       		.uleb128 0x1
 359 000f 10       		.uleb128 0x10
 360 0010 17       		.uleb128 0x17
 361 0011 00       		.byte	0
 362 0012 00       		.byte	0
 363 0013 02       		.uleb128 0x2
 364 0014 24       		.uleb128 0x24
 365 0015 00       		.byte	0
 366 0016 0B       		.uleb128 0xb
 367 0017 0B       		.uleb128 0xb
 368 0018 3E       		.uleb128 0x3e
 369 0019 0B       		.uleb128 0xb
 370 001a 03       		.uleb128 0x3
 371 001b 0E       		.uleb128 0xe
 372 001c 00       		.byte	0
 373 001d 00       		.byte	0
 374 001e 03       		.uleb128 0x3
 375 001f 24       		.uleb128 0x24
 376 0020 00       		.byte	0
 377 0021 0B       		.uleb128 0xb
 378 0022 0B       		.uleb128 0xb
 379 0023 3E       		.uleb128 0x3e
 380 0024 0B       		.uleb128 0xb
 381 0025 03       		.uleb128 0x3
 382 0026 08       		.uleb128 0x8
 383 0027 00       		.byte	0
 384 0028 00       		.byte	0
ARM GAS  C:\Users\Greg\AppData\Local\Temp\cc8isGpE.s 			page 10


 385 0029 04       		.uleb128 0x4
 386 002a 16       		.uleb128 0x16
 387 002b 00       		.byte	0
 388 002c 03       		.uleb128 0x3
 389 002d 0E       		.uleb128 0xe
 390 002e 3A       		.uleb128 0x3a
 391 002f 0B       		.uleb128 0xb
 392 0030 3B       		.uleb128 0x3b
 393 0031 0B       		.uleb128 0xb
 394 0032 49       		.uleb128 0x49
 395 0033 13       		.uleb128 0x13
 396 0034 00       		.byte	0
 397 0035 00       		.byte	0
 398 0036 05       		.uleb128 0x5
 399 0037 16       		.uleb128 0x16
 400 0038 00       		.byte	0
 401 0039 03       		.uleb128 0x3
 402 003a 0E       		.uleb128 0xe
 403 003b 3A       		.uleb128 0x3a
 404 003c 0B       		.uleb128 0xb
 405 003d 3B       		.uleb128 0x3b
 406 003e 05       		.uleb128 0x5
 407 003f 49       		.uleb128 0x49
 408 0040 13       		.uleb128 0x13
 409 0041 00       		.byte	0
 410 0042 00       		.byte	0
 411 0043 06       		.uleb128 0x6
 412 0044 35       		.uleb128 0x35
 413 0045 00       		.byte	0
 414 0046 49       		.uleb128 0x49
 415 0047 13       		.uleb128 0x13
 416 0048 00       		.byte	0
 417 0049 00       		.byte	0
 418 004a 07       		.uleb128 0x7
 419 004b 2E       		.uleb128 0x2e
 420 004c 00       		.byte	0
 421 004d 3F       		.uleb128 0x3f
 422 004e 19       		.uleb128 0x19
 423 004f 03       		.uleb128 0x3
 424 0050 0E       		.uleb128 0xe
 425 0051 3A       		.uleb128 0x3a
 426 0052 0B       		.uleb128 0xb
 427 0053 3B       		.uleb128 0x3b
 428 0054 0B       		.uleb128 0xb
 429 0055 27       		.uleb128 0x27
 430 0056 19       		.uleb128 0x19
 431 0057 49       		.uleb128 0x49
 432 0058 13       		.uleb128 0x13
 433 0059 11       		.uleb128 0x11
 434 005a 01       		.uleb128 0x1
 435 005b 12       		.uleb128 0x12
 436 005c 06       		.uleb128 0x6
 437 005d 40       		.uleb128 0x40
 438 005e 18       		.uleb128 0x18
 439 005f 9742     		.uleb128 0x2117
 440 0061 19       		.uleb128 0x19
 441 0062 00       		.byte	0
ARM GAS  C:\Users\Greg\AppData\Local\Temp\cc8isGpE.s 			page 11


 442 0063 00       		.byte	0
 443 0064 08       		.uleb128 0x8
 444 0065 2E       		.uleb128 0x2e
 445 0066 01       		.byte	0x1
 446 0067 3F       		.uleb128 0x3f
 447 0068 19       		.uleb128 0x19
 448 0069 03       		.uleb128 0x3
 449 006a 0E       		.uleb128 0xe
 450 006b 3A       		.uleb128 0x3a
 451 006c 0B       		.uleb128 0xb
 452 006d 3B       		.uleb128 0x3b
 453 006e 0B       		.uleb128 0xb
 454 006f 27       		.uleb128 0x27
 455 0070 19       		.uleb128 0x19
 456 0071 11       		.uleb128 0x11
 457 0072 01       		.uleb128 0x1
 458 0073 12       		.uleb128 0x12
 459 0074 06       		.uleb128 0x6
 460 0075 40       		.uleb128 0x40
 461 0076 18       		.uleb128 0x18
 462 0077 9742     		.uleb128 0x2117
 463 0079 19       		.uleb128 0x19
 464 007a 01       		.uleb128 0x1
 465 007b 13       		.uleb128 0x13
 466 007c 00       		.byte	0
 467 007d 00       		.byte	0
 468 007e 09       		.uleb128 0x9
 469 007f 34       		.uleb128 0x34
 470 0080 00       		.byte	0
 471 0081 03       		.uleb128 0x3
 472 0082 0E       		.uleb128 0xe
 473 0083 3A       		.uleb128 0x3a
 474 0084 0B       		.uleb128 0xb
 475 0085 3B       		.uleb128 0x3b
 476 0086 0B       		.uleb128 0xb
 477 0087 49       		.uleb128 0x49
 478 0088 13       		.uleb128 0x13
 479 0089 02       		.uleb128 0x2
 480 008a 17       		.uleb128 0x17
 481 008b 00       		.byte	0
 482 008c 00       		.byte	0
 483 008d 0A       		.uleb128 0xa
 484 008e 898201   		.uleb128 0x4109
 485 0091 00       		.byte	0
 486 0092 11       		.uleb128 0x11
 487 0093 01       		.uleb128 0x1
 488 0094 31       		.uleb128 0x31
 489 0095 13       		.uleb128 0x13
 490 0096 00       		.byte	0
 491 0097 00       		.byte	0
 492 0098 0B       		.uleb128 0xb
 493 0099 05       		.uleb128 0x5
 494 009a 00       		.byte	0
 495 009b 03       		.uleb128 0x3
 496 009c 0E       		.uleb128 0xe
 497 009d 3A       		.uleb128 0x3a
 498 009e 0B       		.uleb128 0xb
ARM GAS  C:\Users\Greg\AppData\Local\Temp\cc8isGpE.s 			page 12


 499 009f 3B       		.uleb128 0x3b
 500 00a0 0B       		.uleb128 0xb
 501 00a1 49       		.uleb128 0x49
 502 00a2 13       		.uleb128 0x13
 503 00a3 02       		.uleb128 0x2
 504 00a4 18       		.uleb128 0x18
 505 00a5 00       		.byte	0
 506 00a6 00       		.byte	0
 507 00a7 0C       		.uleb128 0xc
 508 00a8 2E       		.uleb128 0x2e
 509 00a9 00       		.byte	0
 510 00aa 3F       		.uleb128 0x3f
 511 00ab 19       		.uleb128 0x19
 512 00ac 03       		.uleb128 0x3
 513 00ad 0E       		.uleb128 0xe
 514 00ae 3A       		.uleb128 0x3a
 515 00af 0B       		.uleb128 0xb
 516 00b0 3B       		.uleb128 0x3b
 517 00b1 0B       		.uleb128 0xb
 518 00b2 27       		.uleb128 0x27
 519 00b3 19       		.uleb128 0x19
 520 00b4 49       		.uleb128 0x49
 521 00b5 13       		.uleb128 0x13
 522 00b6 3C       		.uleb128 0x3c
 523 00b7 19       		.uleb128 0x19
 524 00b8 00       		.byte	0
 525 00b9 00       		.byte	0
 526 00ba 0D       		.uleb128 0xd
 527 00bb 2E       		.uleb128 0x2e
 528 00bc 01       		.byte	0x1
 529 00bd 3F       		.uleb128 0x3f
 530 00be 19       		.uleb128 0x19
 531 00bf 03       		.uleb128 0x3
 532 00c0 0E       		.uleb128 0xe
 533 00c1 3A       		.uleb128 0x3a
 534 00c2 0B       		.uleb128 0xb
 535 00c3 3B       		.uleb128 0x3b
 536 00c4 0B       		.uleb128 0xb
 537 00c5 27       		.uleb128 0x27
 538 00c6 19       		.uleb128 0x19
 539 00c7 3C       		.uleb128 0x3c
 540 00c8 19       		.uleb128 0x19
 541 00c9 00       		.byte	0
 542 00ca 00       		.byte	0
 543 00cb 0E       		.uleb128 0xe
 544 00cc 05       		.uleb128 0x5
 545 00cd 00       		.byte	0
 546 00ce 49       		.uleb128 0x49
 547 00cf 13       		.uleb128 0x13
 548 00d0 00       		.byte	0
 549 00d1 00       		.byte	0
 550 00d2 00       		.byte	0
 551              		.section	.debug_loc,"",%progbits
 552              	.Ldebug_loc0:
 553              	.LLST0:
 554 0000 06000000 		.4byte	.LVL0
 555 0004 13000000 		.4byte	.LVL1-1
ARM GAS  C:\Users\Greg\AppData\Local\Temp\cc8isGpE.s 			page 13


 556 0008 0100     		.2byte	0x1
 557 000a 50       		.byte	0x50
 558 000b 00000000 		.4byte	0
 559 000f 00000000 		.4byte	0
 560              	.LLST1:
 561 0013 06000000 		.4byte	.LVL2
 562 0017 13000000 		.4byte	.LVL3-1
 563 001b 0100     		.2byte	0x1
 564 001d 50       		.byte	0x50
 565 001e 00000000 		.4byte	0
 566 0022 00000000 		.4byte	0
 567              		.section	.debug_aranges,"",%progbits
 568 0000 3C000000 		.4byte	0x3c
 569 0004 0200     		.2byte	0x2
 570 0006 00000000 		.4byte	.Ldebug_info0
 571 000a 04       		.byte	0x4
 572 000b 00       		.byte	0
 573 000c 0000     		.2byte	0
 574 000e 0000     		.2byte	0
 575 0010 00000000 		.4byte	.LFB0
 576 0014 0C000000 		.4byte	.LFE0-.LFB0
 577 0018 00000000 		.4byte	.LFB1
 578 001c 1C000000 		.4byte	.LFE1-.LFB1
 579 0020 00000000 		.4byte	.LFB2
 580 0024 1C000000 		.4byte	.LFE2-.LFB2
 581 0028 00000000 		.4byte	.LFB3
 582 002c 0C000000 		.4byte	.LFE3-.LFB3
 583 0030 00000000 		.4byte	.LFB4
 584 0034 0C000000 		.4byte	.LFE4-.LFB4
 585 0038 00000000 		.4byte	0
 586 003c 00000000 		.4byte	0
 587              		.section	.debug_ranges,"",%progbits
 588              	.Ldebug_ranges0:
 589 0000 00000000 		.4byte	.LFB0
 590 0004 0C000000 		.4byte	.LFE0
 591 0008 00000000 		.4byte	.LFB1
 592 000c 1C000000 		.4byte	.LFE1
 593 0010 00000000 		.4byte	.LFB2
 594 0014 1C000000 		.4byte	.LFE2
 595 0018 00000000 		.4byte	.LFB3
 596 001c 0C000000 		.4byte	.LFE3
 597 0020 00000000 		.4byte	.LFB4
 598 0024 0C000000 		.4byte	.LFE4
 599 0028 00000000 		.4byte	0
 600 002c 00000000 		.4byte	0
 601              		.section	.debug_line,"",%progbits
 602              	.Ldebug_line0:
 603 0000 B3000000 		.section	.debug_str,"MS",%progbits,1
 603      02005400 
 603      00000201 
 603      FB0E0D00 
 603      01010101 
 604              	.LASF6:
 605 0000 6C6F6E67 		.ascii	"long long int\000"
 605      206C6F6E 
 605      6720696E 
 605      7400
ARM GAS  C:\Users\Greg\AppData\Local\Temp\cc8isGpE.s 			page 14


 606              	.LASF18:
 607 000e 42757474 		.ascii	"ButtonReg2_WriteMask\000"
 607      6F6E5265 
 607      67325F57 
 607      72697465 
 607      4D61736B 
 608              	.LASF8:
 609 0023 756E7369 		.ascii	"unsigned int\000"
 609      676E6564 
 609      20696E74 
 609      00
 610              	.LASF25:
 611 0030 4379456E 		.ascii	"CyEnterCriticalSection\000"
 611      74657243 
 611      72697469 
 611      63616C53 
 611      65637469 
 612              	.LASF19:
 613 0047 42757474 		.ascii	"ButtonReg2_Read\000"
 613      6F6E5265 
 613      67325F52 
 613      65616400 
 614              	.LASF12:
 615 0057 75696E74 		.ascii	"uint8\000"
 615      3800
 616              	.LASF22:
 617 005d 2E5C4765 		.ascii	".\\Generated_Source\\PSoC5\\ButtonReg2.c\000"
 617      6E657261 
 617      7465645F 
 617      536F7572 
 617      63655C50 
 618              	.LASF7:
 619 0083 6C6F6E67 		.ascii	"long long unsigned int\000"
 619      206C6F6E 
 619      6720756E 
 619      7369676E 
 619      65642069 
 620              	.LASF9:
 621 009a 666C6F61 		.ascii	"float\000"
 621      7400
 622              	.LASF20:
 623 00a0 42757474 		.ascii	"ButtonReg2_ReadMask\000"
 623      6F6E5265 
 623      67325F52 
 623      6561644D 
 623      61736B00 
 624              	.LASF21:
 625 00b4 474E5520 		.ascii	"GNU C 4.9.3 20150303 (release) [ARM/embedded-4_9-br"
 625      4320342E 
 625      392E3320 
 625      32303135 
 625      30333033 
 626 00e7 616E6368 		.ascii	"anch revision 221220] -mcpu=cortex-m3 -mthumb -g -O"
 626      20726576 
 626      6973696F 
 626      6E203232 
 626      31323230 
ARM GAS  C:\Users\Greg\AppData\Local\Temp\cc8isGpE.s 			page 15


 627 011a 67202D66 		.ascii	"g -ffunction-sections -ffat-lto-objects\000"
 627      66756E63 
 627      74696F6E 
 627      2D736563 
 627      74696F6E 
 628              	.LASF24:
 629 0142 6D61736B 		.ascii	"mask\000"
 629      00
 630              	.LASF1:
 631 0147 756E7369 		.ascii	"unsigned char\000"
 631      676E6564 
 631      20636861 
 631      7200
 632              	.LASF11:
 633 0155 63686172 		.ascii	"char\000"
 633      00
 634              	.LASF4:
 635 015a 6C6F6E67 		.ascii	"long int\000"
 635      20696E74 
 635      00
 636              	.LASF15:
 637 0163 42757474 		.ascii	"ButtonReg2_InterruptEnable\000"
 637      6F6E5265 
 637      67325F49 
 637      6E746572 
 637      72757074 
 638              	.LASF16:
 639 017e 42757474 		.ascii	"ButtonReg2_InterruptDisable\000"
 639      6F6E5265 
 639      67325F49 
 639      6E746572 
 639      72757074 
 640              	.LASF10:
 641 019a 646F7562 		.ascii	"double\000"
 641      6C6500
 642              	.LASF3:
 643 01a1 73686F72 		.ascii	"short unsigned int\000"
 643      7420756E 
 643      7369676E 
 643      65642069 
 643      6E7400
 644              	.LASF0:
 645 01b4 7369676E 		.ascii	"signed char\000"
 645      65642063 
 645      68617200 
 646              	.LASF23:
 647 01c0 433A5C55 		.ascii	"C:\\Users\\Greg\\Documents\\Cypress_Local\\FIRST\\C"
 647      73657273 
 647      5C477265 
 647      675C446F 
 647      63756D65 
 648 01ed 79436F6E 		.ascii	"yController\\CyController1.cydsn\000"
 648      74726F6C 
 648      6C65725C 
 648      4379436F 
 648      6E74726F 
 649              	.LASF26:
ARM GAS  C:\Users\Greg\AppData\Local\Temp\cc8isGpE.s 			page 16


 650 020d 43794578 		.ascii	"CyExitCriticalSection\000"
 650      69744372 
 650      69746963 
 650      616C5365 
 650      6374696F 
 651              	.LASF14:
 652 0223 73697A65 		.ascii	"sizetype\000"
 652      74797065 
 652      00
 653              	.LASF2:
 654 022c 73686F72 		.ascii	"short int\000"
 654      7420696E 
 654      7400
 655              	.LASF13:
 656 0236 72656738 		.ascii	"reg8\000"
 656      00
 657              	.LASF5:
 658 023b 6C6F6E67 		.ascii	"long unsigned int\000"
 658      20756E73 
 658      69676E65 
 658      6420696E 
 658      7400
 659              	.LASF17:
 660 024d 696E7465 		.ascii	"interruptState\000"
 660      72727570 
 660      74537461 
 660      746500
 661              		.ident	"GCC: (GNU Tools for ARM Embedded Processors) 4.9.3 20150303 (release) [ARM/embedded-4_9-br
