ARM GAS  C:\Users\Greg\AppData\Local\Temp\ccvOS28V.s 			page 1


   1              		.syntax unified
   2              		.cpu cortex-m3
   3              		.fpu softvfp
   4              		.eabi_attribute 20, 1
   5              		.eabi_attribute 21, 1
   6              		.eabi_attribute 23, 3
   7              		.eabi_attribute 24, 1
   8              		.eabi_attribute 25, 1
   9              		.eabi_attribute 26, 1
  10              		.eabi_attribute 30, 1
  11              		.eabi_attribute 34, 1
  12              		.eabi_attribute 18, 4
  13              		.thumb
  14              		.file	"cymetadata.c"
  15              		.text
  16              	.Ltext0:
  17              		.cfi_sections	.debug_frame
  18              		.global	cy_metadata
  19              		.global	cy_meta_flashprotect
  20              		.global	cy_meta_wonvl
  21              		.global	cy_meta_custnvl
  22              		.global	cy_meta_configecc
  23              		.section	.cyconfigecc,"a",%progbits
  24              		.align	2
  25              		.type	cy_meta_configecc, %object
  26              		.size	cy_meta_configecc, 1884
  27              	cy_meta_configecc:
  28 0000 01       		.byte	1
  29 0001 45       		.byte	69
  30 0002 00       		.byte	0
  31 0003 40       		.byte	64
  32 0004 0A       		.byte	10
  33 0005 52       		.byte	82
  34 0006 00       		.byte	0
  35 0007 40       		.byte	64
  36 0008 01       		.byte	1
  37 0009 5B       		.byte	91
  38 000a 00       		.byte	0
  39 000b 40       		.byte	64
  40 000c 01       		.byte	1
  41 000d 64       		.byte	100
  42 000e 00       		.byte	0
  43 000f 40       		.byte	64
  44 0010 13       		.byte	19
  45 0011 00       		.byte	0
  46 0012 01       		.byte	1
  47 0013 40       		.byte	64
  48 0014 2D       		.byte	45
  49 0015 01       		.byte	1
  50 0016 01       		.byte	1
  51 0017 40       		.byte	64
  52 0018 33       		.byte	51
  53 0019 02       		.byte	2
  54 001a 01       		.byte	1
  55 001b 40       		.byte	64
  56 001c 39       		.byte	57
  57 001d 03       		.byte	3
ARM GAS  C:\Users\Greg\AppData\Local\Temp\ccvOS28V.s 			page 2


  58 001e 01       		.byte	1
  59 001f 40       		.byte	64
  60 0020 1B       		.byte	27
  61 0021 04       		.byte	4
  62 0022 01       		.byte	1
  63 0023 40       		.byte	64
  64 0024 3C       		.byte	60
  65 0025 05       		.byte	5
  66 0026 01       		.byte	1
  67 0027 40       		.byte	64
  68 0028 07       		.byte	7
  69 0029 06       		.byte	6
  70 002a 01       		.byte	1
  71 002b 40       		.byte	64
  72 002c 37       		.byte	55
  73 002d 07       		.byte	7
  74 002e 01       		.byte	1
  75 002f 40       		.byte	64
  76 0030 12       		.byte	18
  77 0031 08       		.byte	8
  78 0032 01       		.byte	1
  79 0033 40       		.byte	64
  80 0034 2C       		.byte	44
  81 0035 09       		.byte	9
  82 0036 01       		.byte	1
  83 0037 40       		.byte	64
  84 0038 18       		.byte	24
  85 0039 0A       		.byte	10
  86 003a 01       		.byte	1
  87 003b 40       		.byte	64
  88 003c 2D       		.byte	45
  89 003d 0B       		.byte	11
  90 003e 01       		.byte	1
  91 003f 40       		.byte	64
  92 0040 02       		.byte	2
  93 0041 0D       		.byte	13
  94 0042 01       		.byte	1
  95 0043 40       		.byte	64
  96 0044 18       		.byte	24
  97 0045 14       		.byte	20
  98 0046 01       		.byte	1
  99 0047 40       		.byte	64
 100 0048 35       		.byte	53
 101 0049 15       		.byte	21
 102 004a 01       		.byte	1
 103 004b 40       		.byte	64
 104 004c 19       		.byte	25
 105 004d 16       		.byte	22
 106 004e 01       		.byte	1
 107 004f 40       		.byte	64
 108 0050 3F       		.byte	63
 109 0051 17       		.byte	23
 110 0052 01       		.byte	1
 111 0053 40       		.byte	64
 112 0054 15       		.byte	21
 113 0055 19       		.byte	25
 114 0056 01       		.byte	1
ARM GAS  C:\Users\Greg\AppData\Local\Temp\ccvOS28V.s 			page 3


 115 0057 40       		.byte	64
 116 0058 05       		.byte	5
 117 0059 1B       		.byte	27
 118 005a 01       		.byte	1
 119 005b 40       		.byte	64
 120 005c 0A       		.byte	10
 121 005d 40       		.byte	64
 122 005e 01       		.byte	1
 123 005f 40       		.byte	64
 124 0060 14       		.byte	20
 125 0061 41       		.byte	65
 126 0062 01       		.byte	1
 127 0063 40       		.byte	64
 128 0064 0D       		.byte	13
 129 0065 42       		.byte	66
 130 0066 01       		.byte	1
 131 0067 40       		.byte	64
 132 0068 0C       		.byte	12
 133 0069 43       		.byte	67
 134 006a 01       		.byte	1
 135 006b 40       		.byte	64
 136 006c 04       		.byte	4
 137 006d 44       		.byte	68
 138 006e 01       		.byte	1
 139 006f 40       		.byte	64
 140 0070 0F       		.byte	15
 141 0071 45       		.byte	69
 142 0072 01       		.byte	1
 143 0073 40       		.byte	64
 144 0074 10       		.byte	16
 145 0075 46       		.byte	70
 146 0076 01       		.byte	1
 147 0077 40       		.byte	64
 148 0078 0D       		.byte	13
 149 0079 47       		.byte	71
 150 007a 01       		.byte	1
 151 007b 40       		.byte	64
 152 007c 10       		.byte	16
 153 007d 48       		.byte	72
 154 007e 01       		.byte	1
 155 007f 40       		.byte	64
 156 0080 12       		.byte	18
 157 0081 49       		.byte	73
 158 0082 01       		.byte	1
 159 0083 40       		.byte	64
 160 0084 12       		.byte	18
 161 0085 4C       		.byte	76
 162 0086 01       		.byte	1
 163 0087 40       		.byte	64
 164 0088 0F       		.byte	15
 165 0089 4D       		.byte	77
 166 008a 01       		.byte	1
 167 008b 40       		.byte	64
 168 008c 09       		.byte	9
 169 008d 50       		.byte	80
 170 008e 01       		.byte	1
 171 008f 40       		.byte	64
ARM GAS  C:\Users\Greg\AppData\Local\Temp\ccvOS28V.s 			page 4


 172 0090 02       		.byte	2
 173 0091 51       		.byte	81
 174 0092 01       		.byte	1
 175 0093 40       		.byte	64
 176 0094 7E       		.byte	126
 177 0095 02       		.byte	2
 178 0096 00       		.byte	0
 179 0097 55       		.byte	85
 180 0098 01       		.byte	1
 181 0099 96       		.byte	-106
 182 009a 0C       		.byte	12
 183 009b FC       		.byte	-4
 184 009c 14       		.byte	20
 185 009d FF       		.byte	-1
 186 009e 1C       		.byte	28
 187 009f FF       		.byte	-1
 188 00a0 60       		.byte	96
 189 00a1 34       		.byte	52
 190 00a2 61       		.byte	97
 191 00a3 9C       		.byte	-100
 192 00a4 78       		.byte	120
 193 00a5 23       		.byte	35
 194 00a6 79       		.byte	121
 195 00a7 15       		.byte	21
 196 00a8 7C       		.byte	124
 197 00a9 40       		.byte	64
 198 00aa 27       		.byte	39
 199 00ab 84       		.byte	-124
 200 00ac 83       		.byte	-125
 201 00ad 07       		.byte	7
 202 00ae 06       		.byte	6
 203 00af 02       		.byte	2
 204 00b0 1E       		.byte	30
 205 00b1 01       		.byte	1
 206 00b2 1F       		.byte	31
 207 00b3 01       		.byte	1
 208 00b4 22       		.byte	34
 209 00b5 04       		.byte	4
 210 00b6 30       		.byte	48
 211 00b7 01       		.byte	1
 212 00b8 34       		.byte	52
 213 00b9 02       		.byte	2
 214 00ba 35       		.byte	53
 215 00bb 01       		.byte	1
 216 00bc 36       		.byte	54
 217 00bd 04       		.byte	4
 218 00be 52       		.byte	82
 219 00bf 03       		.byte	3
 220 00c0 53       		.byte	83
 221 00c1 02       		.byte	2
 222 00c2 58       		.byte	88
 223 00c3 04       		.byte	4
 224 00c4 59       		.byte	89
 225 00c5 04       		.byte	4
 226 00c6 5B       		.byte	91
 227 00c7 04       		.byte	4
 228 00c8 5F       		.byte	95
ARM GAS  C:\Users\Greg\AppData\Local\Temp\ccvOS28V.s 			page 5


 229 00c9 01       		.byte	1
 230 00ca D4       		.byte	-44
 231 00cb 01       		.byte	1
 232 00cc D8       		.byte	-40
 233 00cd 04       		.byte	4
 234 00ce D9       		.byte	-39
 235 00cf 04       		.byte	4
 236 00d0 DB       		.byte	-37
 237 00d1 0C       		.byte	12
 238 00d2 DF       		.byte	-33
 239 00d3 01       		.byte	1
 240 00d4 00       		.byte	0
 241 00d5 08       		.byte	8
 242 00d6 01       		.byte	1
 243 00d7 20       		.byte	32
 244 00d8 02       		.byte	2
 245 00d9 01       		.byte	1
 246 00da 03       		.byte	3
 247 00db 01       		.byte	1
 248 00dc 04       		.byte	4
 249 00dd 04       		.byte	4
 250 00de 05       		.byte	5
 251 00df 20       		.byte	32
 252 00e0 06       		.byte	6
 253 00e1 01       		.byte	1
 254 00e2 0A       		.byte	10
 255 00e3 84       		.byte	-124
 256 00e4 0B       		.byte	11
 257 00e5 01       		.byte	1
 258 00e6 0C       		.byte	12
 259 00e7 11       		.byte	17
 260 00e8 0E       		.byte	14
 261 00e9 04       		.byte	4
 262 00ea 0F       		.byte	15
 263 00eb 12       		.byte	18
 264 00ec 10       		.byte	16
 265 00ed 01       		.byte	1
 266 00ee 13       		.byte	19
 267 00ef 1A       		.byte	26
 268 00f0 19       		.byte	25
 269 00f1 A1       		.byte	-95
 270 00f2 1A       		.byte	26
 271 00f3 80       		.byte	-128
 272 00f4 1B       		.byte	27
 273 00f5 A1       		.byte	-95
 274 00f6 20       		.byte	32
 275 00f7 04       		.byte	4
 276 00f8 23       		.byte	35
 277 00f9 08       		.byte	8
 278 00fa 28       		.byte	40
 279 00fb 01       		.byte	1
 280 00fc 29       		.byte	41
 281 00fd 81       		.byte	-127
 282 00fe 2B       		.byte	43
 283 00ff 20       		.byte	32
 284 0100 2D       		.byte	45
 285 0101 20       		.byte	32
ARM GAS  C:\Users\Greg\AppData\Local\Temp\ccvOS28V.s 			page 6


 286 0102 2E       		.byte	46
 287 0103 04       		.byte	4
 288 0104 2F       		.byte	47
 289 0105 80       		.byte	-128
 290 0106 30       		.byte	48
 291 0107 90       		.byte	-112
 292 0108 37       		.byte	55
 293 0109 01       		.byte	1
 294 010a 38       		.byte	56
 295 010b 04       		.byte	4
 296 010c 3A       		.byte	58
 297 010d 01       		.byte	1
 298 010e 3B       		.byte	59
 299 010f 10       		.byte	16
 300 0110 3C       		.byte	60
 301 0111 04       		.byte	4
 302 0112 3F       		.byte	63
 303 0113 12       		.byte	18
 304 0114 5C       		.byte	92
 305 0115 80       		.byte	-128
 306 0116 5E       		.byte	94
 307 0117 40       		.byte	64
 308 0118 69       		.byte	105
 309 0119 50       		.byte	80
 310 011a 6A       		.byte	106
 311 011b 10       		.byte	16
 312 011c 7D       		.byte	125
 313 011d 40       		.byte	64
 314 011e C0       		.byte	-64
 315 011f E7       		.byte	-25
 316 0120 C2       		.byte	-62
 317 0121 FB       		.byte	-5
 318 0122 C4       		.byte	-60
 319 0123 0F       		.byte	15
 320 0124 CA       		.byte	-54
 321 0125 EB       		.byte	-21
 322 0126 CC       		.byte	-52
 323 0127 8C       		.byte	-116
 324 0128 CE       		.byte	-50
 325 0129 E7       		.byte	-25
 326 012a D6       		.byte	-42
 327 012b 10       		.byte	16
 328 012c DE       		.byte	-34
 329 012d 10       		.byte	16
 330 012e 04       		.byte	4
 331 012f 0F       		.byte	15
 332 0130 05       		.byte	5
 333 0131 0F       		.byte	15
 334 0132 08       		.byte	8
 335 0133 08       		.byte	8
 336 0134 09       		.byte	9
 337 0135 0A       		.byte	10
 338 0136 0A       		.byte	10
 339 0137 07       		.byte	7
 340 0138 0B       		.byte	11
 341 0139 05       		.byte	5
 342 013a 0C       		.byte	12
ARM GAS  C:\Users\Greg\AppData\Local\Temp\ccvOS28V.s 			page 7


 343 013b 0F       		.byte	15
 344 013c 0D       		.byte	13
 345 013d 0F       		.byte	15
 346 013e 11       		.byte	17
 347 013f 0F       		.byte	15
 348 0140 14       		.byte	20
 349 0141 05       		.byte	5
 350 0142 16       		.byte	22
 351 0143 0A       		.byte	10
 352 0144 1A       		.byte	26
 353 0145 0F       		.byte	15
 354 0146 20       		.byte	32
 355 0147 0E       		.byte	14
 356 0148 21       		.byte	33
 357 0149 08       		.byte	8
 358 014a 22       		.byte	34
 359 014b 01       		.byte	1
 360 014c 23       		.byte	35
 361 014d 07       		.byte	7
 362 014e 27       		.byte	39
 363 014f 0F       		.byte	15
 364 0150 29       		.byte	41
 365 0151 0E       		.byte	14
 366 0152 2B       		.byte	43
 367 0153 01       		.byte	1
 368 0154 2C       		.byte	44
 369 0155 0F       		.byte	15
 370 0156 30       		.byte	48
 371 0157 01       		.byte	1
 372 0158 31       		.byte	49
 373 0159 04       		.byte	4
 374 015a 32       		.byte	50
 375 015b 04       		.byte	4
 376 015c 33       		.byte	51
 377 015d 01       		.byte	1
 378 015e 34       		.byte	52
 379 015f 08       		.byte	8
 380 0160 35       		.byte	53
 381 0161 02       		.byte	2
 382 0162 36       		.byte	54
 383 0163 02       		.byte	2
 384 0164 37       		.byte	55
 385 0165 08       		.byte	8
 386 0166 58       		.byte	88
 387 0167 04       		.byte	4
 388 0168 59       		.byte	89
 389 0169 04       		.byte	4
 390 016a 5F       		.byte	95
 391 016b 01       		.byte	1
 392 016c 89       		.byte	-119
 393 016d 04       		.byte	4
 394 016e 93       		.byte	-109
 395 016f 01       		.byte	1
 396 0170 95       		.byte	-107
 397 0171 04       		.byte	4
 398 0172 98       		.byte	-104
 399 0173 01       		.byte	1
ARM GAS  C:\Users\Greg\AppData\Local\Temp\ccvOS28V.s 			page 8


 400 0174 9E       		.byte	-98
 401 0175 03       		.byte	3
 402 0176 9F       		.byte	-97
 403 0177 02       		.byte	2
 404 0178 A1       		.byte	-95
 405 0179 01       		.byte	1
 406 017a B0       		.byte	-80
 407 017b 01       		.byte	1
 408 017c B1       		.byte	-79
 409 017d 03       		.byte	3
 410 017e B3       		.byte	-77
 411 017f 04       		.byte	4
 412 0180 B4       		.byte	-76
 413 0181 02       		.byte	2
 414 0182 B9       		.byte	-71
 415 0183 08       		.byte	8
 416 0184 BF       		.byte	-65
 417 0185 04       		.byte	4
 418 0186 D6       		.byte	-42
 419 0187 02       		.byte	2
 420 0188 D7       		.byte	-41
 421 0189 39       		.byte	57
 422 018a D8       		.byte	-40
 423 018b 0C       		.byte	12
 424 018c D9       		.byte	-39
 425 018d 04       		.byte	4
 426 018e DB       		.byte	-37
 427 018f 0C       		.byte	12
 428 0190 DC       		.byte	-36
 429 0191 90       		.byte	-112
 430 0192 DF       		.byte	-33
 431 0193 01       		.byte	1
 432 0194 04       		.byte	4
 433 0195 04       		.byte	4
 434 0196 05       		.byte	5
 435 0197 20       		.byte	32
 436 0198 06       		.byte	6
 437 0199 01       		.byte	1
 438 019a 0A       		.byte	10
 439 019b 0A       		.byte	10
 440 019c 0E       		.byte	14
 441 019d 04       		.byte	4
 442 019e 0F       		.byte	15
 443 019f 10       		.byte	16
 444 01a0 14       		.byte	20
 445 01a1 01       		.byte	1
 446 01a2 16       		.byte	22
 447 01a3 40       		.byte	64
 448 01a4 19       		.byte	25
 449 01a5 01       		.byte	1
 450 01a6 1A       		.byte	26
 451 01a7 48       		.byte	72
 452 01a8 1C       		.byte	28
 453 01a9 02       		.byte	2
 454 01aa 1E       		.byte	30
 455 01ab 08       		.byte	8
 456 01ac 1F       		.byte	31
ARM GAS  C:\Users\Greg\AppData\Local\Temp\ccvOS28V.s 			page 9


 457 01ad 0A       		.byte	10
 458 01ae 22       		.byte	34
 459 01af 09       		.byte	9
 460 01b0 25       		.byte	37
 461 01b1 01       		.byte	1
 462 01b2 27       		.byte	39
 463 01b3 19       		.byte	25
 464 01b4 29       		.byte	41
 465 01b5 01       		.byte	1
 466 01b6 2D       		.byte	45
 467 01b7 20       		.byte	32
 468 01b8 2E       		.byte	46
 469 01b9 04       		.byte	4
 470 01ba 2F       		.byte	47
 471 01bb 80       		.byte	-128
 472 01bc 32       		.byte	50
 473 01bd 81       		.byte	-127
 474 01be 33       		.byte	51
 475 01bf 04       		.byte	4
 476 01c0 34       		.byte	52
 477 01c1 01       		.byte	1
 478 01c2 39       		.byte	57
 479 01c3 10       		.byte	16
 480 01c4 3C       		.byte	60
 481 01c5 84       		.byte	-124
 482 01c6 3F       		.byte	63
 483 01c7 10       		.byte	16
 484 01c8 5A       		.byte	90
 485 01c9 10       		.byte	16
 486 01ca 62       		.byte	98
 487 01cb 08       		.byte	8
 488 01cc 68       		.byte	104
 489 01cd 8E       		.byte	-114
 490 01ce 69       		.byte	105
 491 01cf 05       		.byte	5
 492 01d0 6B       		.byte	107
 493 01d1 02       		.byte	2
 494 01d2 73       		.byte	115
 495 01d3 05       		.byte	5
 496 01d4 79       		.byte	121
 497 01d5 40       		.byte	64
 498 01d6 81       		.byte	-127
 499 01d7 01       		.byte	1
 500 01d8 8F       		.byte	-113
 501 01d9 08       		.byte	8
 502 01da 90       		.byte	-112
 503 01db 04       		.byte	4
 504 01dc 91       		.byte	-111
 505 01dd 50       		.byte	80
 506 01de 92       		.byte	-110
 507 01df 90       		.byte	-112
 508 01e0 96       		.byte	-106
 509 01e1 44       		.byte	68
 510 01e2 97       		.byte	-105
 511 01e3 11       		.byte	17
 512 01e4 99       		.byte	-103
 513 01e5 60       		.byte	96
ARM GAS  C:\Users\Greg\AppData\Local\Temp\ccvOS28V.s 			page 10


 514 01e6 9E       		.byte	-98
 515 01e7 01       		.byte	1
 516 01e8 9F       		.byte	-97
 517 01e9 02       		.byte	2
 518 01ea A3       		.byte	-93
 519 01eb 80       		.byte	-128
 520 01ec A4       		.byte	-92
 521 01ed 84       		.byte	-124
 522 01ee A8       		.byte	-88
 523 01ef 80       		.byte	-128
 524 01f0 AD       		.byte	-83
 525 01f1 40       		.byte	64
 526 01f2 C0       		.byte	-64
 527 01f3 E0       		.byte	-32
 528 01f4 C2       		.byte	-62
 529 01f5 63       		.byte	99
 530 01f6 C4       		.byte	-60
 531 01f7 90       		.byte	-112
 532 01f8 CA       		.byte	-54
 533 01f9 E1       		.byte	-31
 534 01fa CC       		.byte	-52
 535 01fb 8B       		.byte	-117
 536 01fc CE       		.byte	-50
 537 01fd 74       		.byte	116
 538 01fe D6       		.byte	-42
 539 01ff 04       		.byte	4
 540 0200 D8       		.byte	-40
 541 0201 02       		.byte	2
 542 0202 DE       		.byte	-34
 543 0203 08       		.byte	8
 544 0204 E2       		.byte	-30
 545 0205 10       		.byte	16
 546 0206 00       		.byte	0
 547 0207 40       		.byte	64
 548 0208 02       		.byte	2
 549 0209 80       		.byte	-128
 550 020a 06       		.byte	6
 551 020b 04       		.byte	4
 552 020c 08       		.byte	8
 553 020d 10       		.byte	16
 554 020e 0A       		.byte	10
 555 020f 20       		.byte	32
 556 0210 0E       		.byte	14
 557 0211 01       		.byte	1
 558 0212 12       		.byte	18
 559 0213 02       		.byte	2
 560 0214 16       		.byte	22
 561 0215 08       		.byte	8
 562 0216 18       		.byte	24
 563 0217 01       		.byte	1
 564 0218 1C       		.byte	28
 565 0219 02       		.byte	2
 566 021a 20       		.byte	32
 567 021b 04       		.byte	4
 568 021c 24       		.byte	36
 569 021d 08       		.byte	8
 570 021e 28       		.byte	40
ARM GAS  C:\Users\Greg\AppData\Local\Temp\ccvOS28V.s 			page 11


 571 021f 20       		.byte	32
 572 0220 2A       		.byte	42
 573 0221 10       		.byte	16
 574 0222 2C       		.byte	44
 575 0223 80       		.byte	-128
 576 0224 2E       		.byte	46
 577 0225 40       		.byte	64
 578 0226 30       		.byte	48
 579 0227 FF       		.byte	-1
 580 0228 3E       		.byte	62
 581 0229 01       		.byte	1
 582 022a 56       		.byte	86
 583 022b 08       		.byte	8
 584 022c 58       		.byte	88
 585 022d 04       		.byte	4
 586 022e 59       		.byte	89
 587 022f 04       		.byte	4
 588 0230 5B       		.byte	91
 589 0231 04       		.byte	4
 590 0232 5D       		.byte	93
 591 0233 90       		.byte	-112
 592 0234 5F       		.byte	95
 593 0235 01       		.byte	1
 594 0236 D8       		.byte	-40
 595 0237 04       		.byte	4
 596 0238 D9       		.byte	-39
 597 0239 04       		.byte	4
 598 023a DF       		.byte	-33
 599 023b 01       		.byte	1
 600 023c 00       		.byte	0
 601 023d 84       		.byte	-124
 602 023e 01       		.byte	1
 603 023f 20       		.byte	32
 604 0240 02       		.byte	2
 605 0241 41       		.byte	65
 606 0242 03       		.byte	3
 607 0243 C0       		.byte	-64
 608 0244 04       		.byte	4
 609 0245 04       		.byte	4
 610 0246 05       		.byte	5
 611 0247 20       		.byte	32
 612 0248 08       		.byte	8
 613 0249 01       		.byte	1
 614 024a 09       		.byte	9
 615 024b 08       		.byte	8
 616 024c 0A       		.byte	10
 617 024d 80       		.byte	-128
 618 024e 0B       		.byte	11
 619 024f 15       		.byte	21
 620 0250 0C       		.byte	12
 621 0251 11       		.byte	17
 622 0252 0D       		.byte	13
 623 0253 08       		.byte	8
 624 0254 0E       		.byte	14
 625 0255 04       		.byte	4
 626 0256 10       		.byte	16
 627 0257 0A       		.byte	10
ARM GAS  C:\Users\Greg\AppData\Local\Temp\ccvOS28V.s 			page 12


 628 0258 11       		.byte	17
 629 0259 05       		.byte	5
 630 025a 16       		.byte	22
 631 025b 41       		.byte	65
 632 025c 18       		.byte	24
 633 025d 40       		.byte	64
 634 025e 29       		.byte	41
 635 025f 20       		.byte	32
 636 0260 2A       		.byte	42
 637 0261 41       		.byte	65
 638 0262 2D       		.byte	45
 639 0263 20       		.byte	32
 640 0264 2E       		.byte	46
 641 0265 04       		.byte	4
 642 0266 2F       		.byte	47
 643 0267 80       		.byte	-128
 644 0268 30       		.byte	48
 645 0269 10       		.byte	16
 646 026a 31       		.byte	49
 647 026b 08       		.byte	8
 648 026c 32       		.byte	50
 649 026d 40       		.byte	64
 650 026e 34       		.byte	52
 651 026f 01       		.byte	1
 652 0270 38       		.byte	56
 653 0271 04       		.byte	4
 654 0272 3C       		.byte	60
 655 0273 84       		.byte	-124
 656 0274 3F       		.byte	63
 657 0275 10       		.byte	16
 658 0276 59       		.byte	89
 659 0277 40       		.byte	64
 660 0278 62       		.byte	98
 661 0279 80       		.byte	-128
 662 027a 88       		.byte	-120
 663 027b 40       		.byte	64
 664 027c 90       		.byte	-112
 665 027d 04       		.byte	4
 666 027e 91       		.byte	-111
 667 027f 05       		.byte	5
 668 0280 92       		.byte	-110
 669 0281 80       		.byte	-128
 670 0282 93       		.byte	-109
 671 0283 05       		.byte	5
 672 0284 96       		.byte	-106
 673 0285 04       		.byte	4
 674 0286 97       		.byte	-105
 675 0287 10       		.byte	16
 676 0288 99       		.byte	-103
 677 0289 60       		.byte	96
 678 028a 9C       		.byte	-100
 679 028b 01       		.byte	1
 680 028c 9E       		.byte	-98
 681 028d 41       		.byte	65
 682 028e A0       		.byte	-96
 683 028f 0A       		.byte	10
 684 0290 A3       		.byte	-93
ARM GAS  C:\Users\Greg\AppData\Local\Temp\ccvOS28V.s 			page 13


 685 0291 80       		.byte	-128
 686 0292 A4       		.byte	-92
 687 0293 40       		.byte	64
 688 0294 A6       		.byte	-90
 689 0295 80       		.byte	-128
 690 0296 AA       		.byte	-86
 691 0297 04       		.byte	4
 692 0298 AB       		.byte	-85
 693 0299 14       		.byte	20
 694 029a AF       		.byte	-81
 695 029b 02       		.byte	2
 696 029c B0       		.byte	-80
 697 029d 01       		.byte	1
 698 029e B3       		.byte	-77
 699 029f 09       		.byte	9
 700 02a0 C0       		.byte	-64
 701 02a1 6F       		.byte	111
 702 02a2 C2       		.byte	-62
 703 02a3 7F       		.byte	127
 704 02a4 C4       		.byte	-60
 705 02a5 9F       		.byte	-97
 706 02a6 CA       		.byte	-54
 707 02a7 ED       		.byte	-19
 708 02a8 CC       		.byte	-52
 709 02a9 8E       		.byte	-114
 710 02aa CE       		.byte	-50
 711 02ab 72       		.byte	114
 712 02ac D6       		.byte	-42
 713 02ad 08       		.byte	8
 714 02ae D8       		.byte	-40
 715 02af 08       		.byte	8
 716 02b0 EA       		.byte	-22
 717 02b1 81       		.byte	-127
 718 02b2 EE       		.byte	-18
 719 02b3 A0       		.byte	-96
 720 02b4 58       		.byte	88
 721 02b5 04       		.byte	4
 722 02b6 59       		.byte	89
 723 02b7 04       		.byte	4
 724 02b8 5B       		.byte	91
 725 02b9 04       		.byte	4
 726 02ba 5F       		.byte	95
 727 02bb 01       		.byte	1
 728 02bc D8       		.byte	-40
 729 02bd 04       		.byte	4
 730 02be D9       		.byte	-39
 731 02bf 04       		.byte	4
 732 02c0 DF       		.byte	-33
 733 02c1 01       		.byte	1
 734 02c2 00       		.byte	0
 735 02c3 84       		.byte	-124
 736 02c4 01       		.byte	1
 737 02c5 A0       		.byte	-96
 738 02c6 03       		.byte	3
 739 02c7 40       		.byte	64
 740 02c8 04       		.byte	4
 741 02c9 04       		.byte	4
ARM GAS  C:\Users\Greg\AppData\Local\Temp\ccvOS28V.s 			page 14


 742 02ca 05       		.byte	5
 743 02cb 80       		.byte	-128
 744 02cc 09       		.byte	9
 745 02cd 08       		.byte	8
 746 02ce 0A       		.byte	10
 747 02cf 84       		.byte	-124
 748 02d0 0B       		.byte	11
 749 02d1 20       		.byte	32
 750 02d2 0C       		.byte	12
 751 02d3 11       		.byte	17
 752 02d4 0D       		.byte	13
 753 02d5 08       		.byte	8
 754 02d6 0E       		.byte	14
 755 02d7 04       		.byte	4
 756 02d8 16       		.byte	22
 757 02d9 21       		.byte	33
 758 02da 17       		.byte	23
 759 02db 40       		.byte	64
 760 02dc 28       		.byte	40
 761 02dd 10       		.byte	16
 762 02de 29       		.byte	41
 763 02df 80       		.byte	-128
 764 02e0 2A       		.byte	42
 765 02e1 01       		.byte	1
 766 02e2 2D       		.byte	45
 767 02e3 20       		.byte	32
 768 02e4 2E       		.byte	46
 769 02e5 20       		.byte	32
 770 02e6 2F       		.byte	47
 771 02e7 10       		.byte	16
 772 02e8 31       		.byte	49
 773 02e9 08       		.byte	8
 774 02ea 32       		.byte	50
 775 02eb 40       		.byte	64
 776 02ec 34       		.byte	52
 777 02ed 11       		.byte	17
 778 02ee 37       		.byte	55
 779 02ef 40       		.byte	64
 780 02f0 38       		.byte	56
 781 02f1 04       		.byte	4
 782 02f2 3A       		.byte	58
 783 02f3 20       		.byte	32
 784 02f4 3C       		.byte	60
 785 02f5 84       		.byte	-124
 786 02f6 6C       		.byte	108
 787 02f7 14       		.byte	20
 788 02f8 6D       		.byte	109
 789 02f9 82       		.byte	-126
 790 02fa 74       		.byte	116
 791 02fb 02       		.byte	2
 792 02fc 77       		.byte	119
 793 02fd 15       		.byte	21
 794 02fe 80       		.byte	-128
 795 02ff 14       		.byte	20
 796 0300 84       		.byte	-124
 797 0301 02       		.byte	2
 798 0302 85       		.byte	-123
ARM GAS  C:\Users\Greg\AppData\Local\Temp\ccvOS28V.s 			page 15


 799 0303 20       		.byte	32
 800 0304 89       		.byte	-119
 801 0305 40       		.byte	64
 802 0306 8C       		.byte	-116
 803 0307 04       		.byte	4
 804 0308 8F       		.byte	-113
 805 0309 44       		.byte	68
 806 030a 90       		.byte	-112
 807 030b 44       		.byte	68
 808 030c 91       		.byte	-111
 809 030d 05       		.byte	5
 810 030e 92       		.byte	-110
 811 030f 80       		.byte	-128
 812 0310 93       		.byte	-109
 813 0311 05       		.byte	5
 814 0312 96       		.byte	-106
 815 0313 04       		.byte	4
 816 0314 98       		.byte	-104
 817 0315 01       		.byte	1
 818 0316 99       		.byte	-103
 819 0317 20       		.byte	32
 820 0318 9B       		.byte	-101
 821 0319 40       		.byte	64
 822 031a A4       		.byte	-92
 823 031b 40       		.byte	64
 824 031c A5       		.byte	-91
 825 031d 08       		.byte	8
 826 031e C0       		.byte	-64
 827 031f AF       		.byte	-81
 828 0320 C2       		.byte	-62
 829 0321 7E       		.byte	126
 830 0322 C4       		.byte	-60
 831 0323 A0       		.byte	-96
 832 0324 CA       		.byte	-54
 833 0325 6B       		.byte	107
 834 0326 CC       		.byte	-52
 835 0327 BA       		.byte	-70
 836 0328 CE       		.byte	-50
 837 0329 56       		.byte	86
 838 032a E4       		.byte	-28
 839 032b 02       		.byte	2
 840 032c E6       		.byte	-26
 841 032d 20       		.byte	32
 842 032e EE       		.byte	-18
 843 032f 04       		.byte	4
 844 0330 58       		.byte	88
 845 0331 04       		.byte	4
 846 0332 59       		.byte	89
 847 0333 04       		.byte	4
 848 0334 5F       		.byte	95
 849 0335 01       		.byte	1
 850 0336 86       		.byte	-122
 851 0337 04       		.byte	4
 852 0338 8E       		.byte	-114
 853 0339 02       		.byte	2
 854 033a 92       		.byte	-110
 855 033b 08       		.byte	8
ARM GAS  C:\Users\Greg\AppData\Local\Temp\ccvOS28V.s 			page 16


 856 033c 96       		.byte	-106
 857 033d 01       		.byte	1
 858 033e A7       		.byte	-89
 859 033f 01       		.byte	1
 860 0340 B0       		.byte	-80
 861 0341 08       		.byte	8
 862 0342 B2       		.byte	-78
 863 0343 04       		.byte	4
 864 0344 B3       		.byte	-77
 865 0345 01       		.byte	1
 866 0346 B4       		.byte	-76
 867 0347 01       		.byte	1
 868 0348 B6       		.byte	-74
 869 0349 02       		.byte	2
 870 034a D8       		.byte	-40
 871 034b 04       		.byte	4
 872 034c D9       		.byte	-39
 873 034d 04       		.byte	4
 874 034e DB       		.byte	-37
 875 034f 04       		.byte	4
 876 0350 DC       		.byte	-36
 877 0351 11       		.byte	17
 878 0352 DF       		.byte	-33
 879 0353 01       		.byte	1
 880 0354 00       		.byte	0
 881 0355 08       		.byte	8
 882 0356 01       		.byte	1
 883 0357 80       		.byte	-128
 884 0358 06       		.byte	6
 885 0359 10       		.byte	16
 886 035a 07       		.byte	7
 887 035b 01       		.byte	1
 888 035c 08       		.byte	8
 889 035d 08       		.byte	8
 890 035e 09       		.byte	9
 891 035f 02       		.byte	2
 892 0360 0D       		.byte	13
 893 0361 80       		.byte	-128
 894 0362 0F       		.byte	15
 895 0363 44       		.byte	68
 896 0364 17       		.byte	23
 897 0365 0A       		.byte	10
 898 0366 18       		.byte	24
 899 0367 05       		.byte	5
 900 0368 19       		.byte	25
 901 0369 09       		.byte	9
 902 036a 22       		.byte	34
 903 036b 04       		.byte	4
 904 036c 28       		.byte	40
 905 036d 20       		.byte	32
 906 036e 2F       		.byte	47
 907 036f 08       		.byte	8
 908 0370 35       		.byte	53
 909 0371 20       		.byte	32
 910 0372 37       		.byte	55
 911 0373 89       		.byte	-119
 912 0374 3F       		.byte	63
ARM GAS  C:\Users\Greg\AppData\Local\Temp\ccvOS28V.s 			page 17


 913 0375 44       		.byte	68
 914 0376 59       		.byte	89
 915 0377 41       		.byte	65
 916 0378 5A       		.byte	90
 917 0379 18       		.byte	24
 918 037a 60       		.byte	96
 919 037b 05       		.byte	5
 920 037c 69       		.byte	105
 921 037d 08       		.byte	8
 922 037e 6A       		.byte	106
 923 037f A2       		.byte	-94
 924 0380 87       		.byte	-121
 925 0381 40       		.byte	64
 926 0382 89       		.byte	-119
 927 0383 04       		.byte	4
 928 0384 8D       		.byte	-115
 929 0385 20       		.byte	32
 930 0386 8E       		.byte	-114
 931 0387 10       		.byte	16
 932 0388 8F       		.byte	-113
 933 0389 0A       		.byte	10
 934 038a 93       		.byte	-109
 935 038b 04       		.byte	4
 936 038c 97       		.byte	-105
 937 038d 40       		.byte	64
 938 038e 9D       		.byte	-99
 939 038f 20       		.byte	32
 940 0390 9F       		.byte	-97
 941 0391 89       		.byte	-119
 942 0392 A5       		.byte	-91
 943 0393 80       		.byte	-128
 944 0394 A7       		.byte	-89
 945 0395 08       		.byte	8
 946 0396 C0       		.byte	-64
 947 0397 A5       		.byte	-91
 948 0398 C2       		.byte	-62
 949 0399 DC       		.byte	-36
 950 039a C4       		.byte	-60
 951 039b 30       		.byte	48
 952 039c CA       		.byte	-54
 953 039d 22       		.byte	34
 954 039e CC       		.byte	-52
 955 039f F0       		.byte	-16
 956 03a0 CE       		.byte	-50
 957 03a1 50       		.byte	80
 958 03a2 D6       		.byte	-42
 959 03a3 0F       		.byte	15
 960 03a4 D8       		.byte	-40
 961 03a5 0C       		.byte	12
 962 03a6 E0       		.byte	-32
 963 03a7 10       		.byte	16
 964 03a8 E4       		.byte	-28
 965 03a9 50       		.byte	80
 966 03aa EE       		.byte	-18
 967 03ab 04       		.byte	4
 968 03ac 07       		.byte	7
 969 03ad 02       		.byte	2
ARM GAS  C:\Users\Greg\AppData\Local\Temp\ccvOS28V.s 			page 18


 970 03ae 0B       		.byte	11
 971 03af 01       		.byte	1
 972 03b0 12       		.byte	18
 973 03b1 01       		.byte	1
 974 03b2 13       		.byte	19
 975 03b3 04       		.byte	4
 976 03b4 16       		.byte	22
 977 03b5 04       		.byte	4
 978 03b6 17       		.byte	23
 979 03b7 08       		.byte	8
 980 03b8 22       		.byte	34
 981 03b9 02       		.byte	2
 982 03ba 26       		.byte	38
 983 03bb 08       		.byte	8
 984 03bc 30       		.byte	48
 985 03bd 02       		.byte	2
 986 03be 31       		.byte	49
 987 03bf 02       		.byte	2
 988 03c0 32       		.byte	50
 989 03c1 04       		.byte	4
 990 03c2 33       		.byte	51
 991 03c3 01       		.byte	1
 992 03c4 34       		.byte	52
 993 03c5 01       		.byte	1
 994 03c6 35       		.byte	53
 995 03c7 04       		.byte	4
 996 03c8 36       		.byte	54
 997 03c9 08       		.byte	8
 998 03ca 37       		.byte	55
 999 03cb 08       		.byte	8
 1000 03cc 58       		.byte	88
 1001 03cd 04       		.byte	4
 1002 03ce 59       		.byte	89
 1003 03cf 04       		.byte	4
 1004 03d0 5B       		.byte	91
 1005 03d1 04       		.byte	4
 1006 03d2 5C       		.byte	92
 1007 03d3 11       		.byte	17
 1008 03d4 5F       		.byte	95
 1009 03d5 01       		.byte	1
 1010 03d6 D8       		.byte	-40
 1011 03d7 04       		.byte	4
 1012 03d8 D9       		.byte	-39
 1013 03d9 04       		.byte	4
 1014 03da DF       		.byte	-33
 1015 03db 01       		.byte	1
 1016 03dc 05       		.byte	5
 1017 03dd 20       		.byte	32
 1018 03de 07       		.byte	7
 1019 03df 01       		.byte	1
 1020 03e0 08       		.byte	8
 1021 03e1 0A       		.byte	10
 1022 03e2 0D       		.byte	13
 1023 03e3 80       		.byte	-128
 1024 03e4 0F       		.byte	15
 1025 03e5 44       		.byte	68
 1026 03e6 10       		.byte	16
ARM GAS  C:\Users\Greg\AppData\Local\Temp\ccvOS28V.s 			page 19


 1027 03e7 90       		.byte	-112
 1028 03e8 17       		.byte	23
 1029 03e9 88       		.byte	-120
 1030 03ea 18       		.byte	24
 1031 03eb 10       		.byte	16
 1032 03ec 19       		.byte	25
 1033 03ed 41       		.byte	65
 1034 03ee 1A       		.byte	26
 1035 03ef 04       		.byte	4
 1036 03f0 20       		.byte	32
 1037 03f1 40       		.byte	64
 1038 03f2 21       		.byte	33
 1039 03f3 20       		.byte	32
 1040 03f4 22       		.byte	34
 1041 03f5 80       		.byte	-128
 1042 03f6 23       		.byte	35
 1043 03f7 20       		.byte	32
 1044 03f8 2F       		.byte	47
 1045 03f9 08       		.byte	8
 1046 03fa 30       		.byte	48
 1047 03fb 09       		.byte	9
 1048 03fc 35       		.byte	53
 1049 03fd 20       		.byte	32
 1050 03fe 37       		.byte	55
 1051 03ff 89       		.byte	-119
 1052 0400 38       		.byte	56
 1053 0401 08       		.byte	8
 1054 0402 39       		.byte	57
 1055 0403 10       		.byte	16
 1056 0404 3F       		.byte	63
 1057 0405 44       		.byte	68
 1058 0406 59       		.byte	89
 1059 0407 41       		.byte	65
 1060 0408 5A       		.byte	90
 1061 0409 04       		.byte	4
 1062 040a 5B       		.byte	91
 1063 040b 20       		.byte	32
 1064 040c 60       		.byte	96
 1065 040d 50       		.byte	80
 1066 040e 61       		.byte	97
 1067 040f 20       		.byte	32
 1068 0410 62       		.byte	98
 1069 0411 80       		.byte	-128
 1070 0412 8B       		.byte	-117
 1071 0413 04       		.byte	4
 1072 0414 90       		.byte	-112
 1073 0415 08       		.byte	8
 1074 0416 91       		.byte	-111
 1075 0417 10       		.byte	16
 1076 0418 98       		.byte	-104
 1077 0419 1B       		.byte	27
 1078 041a A0       		.byte	-96
 1079 041b 88       		.byte	-120
 1080 041c B0       		.byte	-80
 1081 041d 11       		.byte	17
 1082 041e B1       		.byte	-79
 1083 041f 10       		.byte	16
ARM GAS  C:\Users\Greg\AppData\Local\Temp\ccvOS28V.s 			page 20


 1084 0420 B4       		.byte	-76
 1085 0421 8A       		.byte	-118
 1086 0422 C0       		.byte	-64
 1087 0423 C0       		.byte	-64
 1088 0424 C2       		.byte	-62
 1089 0425 DC       		.byte	-36
 1090 0426 C4       		.byte	-60
 1091 0427 AC       		.byte	-84
 1092 0428 CA       		.byte	-54
 1093 0429 20       		.byte	32
 1094 042a CC       		.byte	-52
 1095 042b F3       		.byte	-13
 1096 042c CE       		.byte	-50
 1097 042d 56       		.byte	86
 1098 042e D6       		.byte	-42
 1099 042f 0F       		.byte	15
 1100 0430 D8       		.byte	-40
 1101 0431 0F       		.byte	15
 1102 0432 E4       		.byte	-28
 1103 0433 20       		.byte	32
 1104 0434 EA       		.byte	-22
 1105 0435 01       		.byte	1
 1106 0436 88       		.byte	-120
 1107 0437 08       		.byte	8
 1108 0438 8C       		.byte	-116
 1109 0439 04       		.byte	4
 1110 043a 58       		.byte	88
 1111 043b 04       		.byte	4
 1112 043c 59       		.byte	89
 1113 043d 04       		.byte	4
 1114 043e 5F       		.byte	95
 1115 043f 01       		.byte	1
 1116 0440 87       		.byte	-121
 1117 0441 04       		.byte	4
 1118 0442 8A       		.byte	-118
 1119 0443 01       		.byte	1
 1120 0444 8F       		.byte	-113
 1121 0445 01       		.byte	1
 1122 0446 92       		.byte	-110
 1123 0447 08       		.byte	8
 1124 0448 97       		.byte	-105
 1125 0449 08       		.byte	8
 1126 044a 9A       		.byte	-102
 1127 044b 04       		.byte	4
 1128 044c 9B       		.byte	-101
 1129 044d 02       		.byte	2
 1130 044e AE       		.byte	-82
 1131 044f 02       		.byte	2
 1132 0450 B0       		.byte	-80
 1133 0451 01       		.byte	1
 1134 0452 B1       		.byte	-79
 1135 0453 01       		.byte	1
 1136 0454 B2       		.byte	-78
 1137 0455 08       		.byte	8
 1138 0456 B3       		.byte	-77
 1139 0457 04       		.byte	4
 1140 0458 B4       		.byte	-76
ARM GAS  C:\Users\Greg\AppData\Local\Temp\ccvOS28V.s 			page 21


 1141 0459 04       		.byte	4
 1142 045a B5       		.byte	-75
 1143 045b 02       		.byte	2
 1144 045c B6       		.byte	-74
 1145 045d 02       		.byte	2
 1146 045e B7       		.byte	-73
 1147 045f 08       		.byte	8
 1148 0460 D8       		.byte	-40
 1149 0461 04       		.byte	4
 1150 0462 D9       		.byte	-39
 1151 0463 04       		.byte	4
 1152 0464 DB       		.byte	-37
 1153 0465 04       		.byte	4
 1154 0466 DC       		.byte	-36
 1155 0467 11       		.byte	17
 1156 0468 DF       		.byte	-33
 1157 0469 01       		.byte	1
 1158 046a 02       		.byte	2
 1159 046b 42       		.byte	66
 1160 046c 03       		.byte	3
 1161 046d 60       		.byte	96
 1162 046e 06       		.byte	6
 1163 046f 04       		.byte	4
 1164 0470 09       		.byte	9
 1165 0471 18       		.byte	24
 1166 0472 0A       		.byte	10
 1167 0473 80       		.byte	-128
 1168 0474 0E       		.byte	14
 1169 0475 84       		.byte	-124
 1170 0476 12       		.byte	18
 1171 0477 10       		.byte	16
 1172 0478 16       		.byte	22
 1173 0479 02       		.byte	2
 1174 047a 1F       		.byte	31
 1175 047b 56       		.byte	86
 1176 047c 26       		.byte	38
 1177 047d 18       		.byte	24
 1178 047e 27       		.byte	39
 1179 047f 82       		.byte	-126
 1180 0480 2A       		.byte	42
 1181 0481 60       		.byte	96
 1182 0482 2B       		.byte	43
 1183 0483 20       		.byte	32
 1184 0484 31       		.byte	49
 1185 0485 08       		.byte	8
 1186 0486 32       		.byte	50
 1187 0487 42       		.byte	66
 1188 0488 34       		.byte	52
 1189 0489 01       		.byte	1
 1190 048a 35       		.byte	53
 1191 048b 20       		.byte	32
 1192 048c 37       		.byte	55
 1193 048d 0A       		.byte	10
 1194 048e 3A       		.byte	58
 1195 048f 10       		.byte	16
 1196 0490 3F       		.byte	63
 1197 0491 88       		.byte	-120
ARM GAS  C:\Users\Greg\AppData\Local\Temp\ccvOS28V.s 			page 22


 1198 0492 5C       		.byte	92
 1199 0493 04       		.byte	4
 1200 0494 5D       		.byte	93
 1201 0495 01       		.byte	1
 1202 0496 5E       		.byte	94
 1203 0497 20       		.byte	32
 1204 0498 5F       		.byte	95
 1205 0499 80       		.byte	-128
 1206 049a 64       		.byte	100
 1207 049b 01       		.byte	1
 1208 049c 67       		.byte	103
 1209 049d A8       		.byte	-88
 1210 049e 81       		.byte	-127
 1211 049f 20       		.byte	32
 1212 04a0 82       		.byte	-126
 1213 04a1 04       		.byte	4
 1214 04a2 83       		.byte	-125
 1215 04a3 44       		.byte	68
 1216 04a4 86       		.byte	-122
 1217 04a5 46       		.byte	70
 1218 04a6 87       		.byte	-121
 1219 04a7 08       		.byte	8
 1220 04a8 89       		.byte	-119
 1221 04a9 01       		.byte	1
 1222 04aa 8A       		.byte	-118
 1223 04ab 08       		.byte	8
 1224 04ac 8C       		.byte	-116
 1225 04ad 04       		.byte	4
 1226 04ae 8F       		.byte	-113
 1227 04af 02       		.byte	2
 1228 04b0 92       		.byte	-110
 1229 04b1 80       		.byte	-128
 1230 04b2 9A       		.byte	-102
 1231 04b3 30       		.byte	48
 1232 04b4 9B       		.byte	-101
 1233 04b5 40       		.byte	64
 1234 04b6 A1       		.byte	-95
 1235 04b7 18       		.byte	24
 1236 04b8 A2       		.byte	-94
 1237 04b9 02       		.byte	2
 1238 04ba A3       		.byte	-93
 1239 04bb 20       		.byte	32
 1240 04bc A9       		.byte	-87
 1241 04bd 01       		.byte	1
 1242 04be AF       		.byte	-81
 1243 04bf 01       		.byte	1
 1244 04c0 B4       		.byte	-76
 1245 04c1 01       		.byte	1
 1246 04c2 C0       		.byte	-64
 1247 04c3 4D       		.byte	77
 1248 04c4 C2       		.byte	-62
 1249 04c5 5E       		.byte	94
 1250 04c6 C4       		.byte	-60
 1251 04c7 84       		.byte	-124
 1252 04c8 CA       		.byte	-54
 1253 04c9 0E       		.byte	14
 1254 04ca CC       		.byte	-52
ARM GAS  C:\Users\Greg\AppData\Local\Temp\ccvOS28V.s 			page 23


 1255 04cb 6B       		.byte	107
 1256 04cc CE       		.byte	-50
 1257 04cd 54       		.byte	84
 1258 04ce D6       		.byte	-42
 1259 04cf F0       		.byte	-16
 1260 04d0 D8       		.byte	-40
 1261 04d1 F0       		.byte	-16
 1262 04d2 E8       		.byte	-24
 1263 04d3 12       		.byte	18
 1264 04d4 58       		.byte	88
 1265 04d5 04       		.byte	4
 1266 04d6 59       		.byte	89
 1267 04d7 04       		.byte	4
 1268 04d8 5F       		.byte	95
 1269 04d9 01       		.byte	1
 1270 04da 82       		.byte	-126
 1271 04db 20       		.byte	32
 1272 04dc 84       		.byte	-124
 1273 04dd 04       		.byte	4
 1274 04de 87       		.byte	-121
 1275 04df 02       		.byte	2
 1276 04e0 8E       		.byte	-114
 1277 04e1 10       		.byte	16
 1278 04e2 90       		.byte	-112
 1279 04e3 02       		.byte	2
 1280 04e4 94       		.byte	-108
 1281 04e5 08       		.byte	8
 1282 04e6 9A       		.byte	-102
 1283 04e7 01       		.byte	1
 1284 04e8 9B       		.byte	-101
 1285 04e9 01       		.byte	1
 1286 04ea 9E       		.byte	-98
 1287 04eb 02       		.byte	2
 1288 04ec A2       		.byte	-94
 1289 04ed 04       		.byte	4
 1290 04ee A6       		.byte	-90
 1291 04ef 08       		.byte	8
 1292 04f0 AC       		.byte	-84
 1293 04f1 01       		.byte	1
 1294 04f2 B0       		.byte	-80
 1295 04f3 20       		.byte	32
 1296 04f4 B1       		.byte	-79
 1297 04f5 01       		.byte	1
 1298 04f6 B3       		.byte	-77
 1299 04f7 02       		.byte	2
 1300 04f8 B4       		.byte	-76
 1301 04f9 1F       		.byte	31
 1302 04fa B8       		.byte	-72
 1303 04fb 20       		.byte	32
 1304 04fc BE       		.byte	-66
 1305 04fd 10       		.byte	16
 1306 04fe D8       		.byte	-40
 1307 04ff 04       		.byte	4
 1308 0500 D9       		.byte	-39
 1309 0501 04       		.byte	4
 1310 0502 DC       		.byte	-36
 1311 0503 01       		.byte	1
ARM GAS  C:\Users\Greg\AppData\Local\Temp\ccvOS28V.s 			page 24


 1312 0504 DF       		.byte	-33
 1313 0505 01       		.byte	1
 1314 0506 00       		.byte	0
 1315 0507 45       		.byte	69
 1316 0508 02       		.byte	2
 1317 0509 10       		.byte	16
 1318 050a 06       		.byte	6
 1319 050b 60       		.byte	96
 1320 050c 07       		.byte	7
 1321 050d 40       		.byte	64
 1322 050e 08       		.byte	8
 1323 050f 10       		.byte	16
 1324 0510 09       		.byte	9
 1325 0511 08       		.byte	8
 1326 0512 0A       		.byte	10
 1327 0513 80       		.byte	-128
 1328 0514 0B       		.byte	11
 1329 0515 05       		.byte	5
 1330 0516 0D       		.byte	13
 1331 0517 08       		.byte	8
 1332 0518 0E       		.byte	14
 1333 0519 04       		.byte	4
 1334 051a 0F       		.byte	15
 1335 051b 40       		.byte	64
 1336 051c 11       		.byte	17
 1337 051d 05       		.byte	5
 1338 051e 12       		.byte	18
 1339 051f 02       		.byte	2
 1340 0520 14       		.byte	20
 1341 0521 01       		.byte	1
 1342 0522 16       		.byte	22
 1343 0523 10       		.byte	16
 1344 0524 18       		.byte	24
 1345 0525 80       		.byte	-128
 1346 0526 1A       		.byte	26
 1347 0527 04       		.byte	4
 1348 0528 1B       		.byte	27
 1349 0529 20       		.byte	32
 1350 052a 20       		.byte	32
 1351 052b 80       		.byte	-128
 1352 052c 21       		.byte	33
 1353 052d 08       		.byte	8
 1354 052e 22       		.byte	34
 1355 052f 0A       		.byte	10
 1356 0530 23       		.byte	35
 1357 0531 40       		.byte	64
 1358 0532 2A       		.byte	42
 1359 0533 50       		.byte	80
 1360 0534 2B       		.byte	43
 1361 0535 20       		.byte	32
 1362 0536 2F       		.byte	47
 1363 0537 20       		.byte	32
 1364 0538 30       		.byte	48
 1365 0539 10       		.byte	16
 1366 053a 31       		.byte	49
 1367 053b 08       		.byte	8
 1368 053c 32       		.byte	50
ARM GAS  C:\Users\Greg\AppData\Local\Temp\ccvOS28V.s 			page 25


 1369 053d 40       		.byte	64
 1370 053e 34       		.byte	52
 1371 053f 01       		.byte	1
 1372 0540 36       		.byte	54
 1373 0541 08       		.byte	8
 1374 0542 37       		.byte	55
 1375 0543 40       		.byte	64
 1376 0544 39       		.byte	57
 1377 0545 04       		.byte	4
 1378 0546 3A       		.byte	58
 1379 0547 20       		.byte	32
 1380 0548 3B       		.byte	59
 1381 0549 40       		.byte	64
 1382 054a 3C       		.byte	60
 1383 054b 04       		.byte	4
 1384 054c 3D       		.byte	61
 1385 054d 20       		.byte	32
 1386 054e 3E       		.byte	62
 1387 054f 20       		.byte	32
 1388 0550 3F       		.byte	63
 1389 0551 40       		.byte	64
 1390 0552 8C       		.byte	-116
 1391 0553 40       		.byte	64
 1392 0554 90       		.byte	-112
 1393 0555 44       		.byte	68
 1394 0556 91       		.byte	-111
 1395 0557 05       		.byte	5
 1396 0558 92       		.byte	-110
 1397 0559 80       		.byte	-128
 1398 055a 93       		.byte	-109
 1399 055b 05       		.byte	5
 1400 055c 96       		.byte	-106
 1401 055d 04       		.byte	4
 1402 055e 98       		.byte	-104
 1403 055f 01       		.byte	1
 1404 0560 9A       		.byte	-102
 1405 0561 20       		.byte	32
 1406 0562 9B       		.byte	-101
 1407 0563 41       		.byte	65
 1408 0564 A1       		.byte	-95
 1409 0565 01       		.byte	1
 1410 0566 A4       		.byte	-92
 1411 0567 40       		.byte	64
 1412 0568 A5       		.byte	-91
 1413 0569 08       		.byte	8
 1414 056a AB       		.byte	-85
 1415 056b 10       		.byte	16
 1416 056c AD       		.byte	-83
 1417 056d 08       		.byte	8
 1418 056e B2       		.byte	-78
 1419 056f 04       		.byte	4
 1420 0570 B6       		.byte	-74
 1421 0571 40       		.byte	64
 1422 0572 C0       		.byte	-64
 1423 0573 3D       		.byte	61
 1424 0574 C2       		.byte	-62
 1425 0575 7F       		.byte	127
ARM GAS  C:\Users\Greg\AppData\Local\Temp\ccvOS28V.s 			page 26


 1426 0576 C4       		.byte	-60
 1427 0577 AD       		.byte	-83
 1428 0578 CA       		.byte	-54
 1429 0579 4E       		.byte	78
 1430 057a CC       		.byte	-52
 1431 057b DE       		.byte	-34
 1432 057c CE       		.byte	-50
 1433 057d 7E       		.byte	126
 1434 057e E8       		.byte	-24
 1435 057f 02       		.byte	2
 1436 0580 EA       		.byte	-22
 1437 0581 01       		.byte	1
 1438 0582 EE       		.byte	-18
 1439 0583 02       		.byte	2
 1440 0584 82       		.byte	-126
 1441 0585 40       		.byte	64
 1442 0586 8A       		.byte	-118
 1443 0587 01       		.byte	1
 1444 0588 8C       		.byte	-116
 1445 0589 08       		.byte	8
 1446 058a 8E       		.byte	-114
 1447 058b 10       		.byte	16
 1448 058c 92       		.byte	-110
 1449 058d 82       		.byte	-126
 1450 058e 96       		.byte	-106
 1451 058f 10       		.byte	16
 1452 0590 9C       		.byte	-100
 1453 0591 28       		.byte	40
 1454 0592 9D       		.byte	-99
 1455 0593 80       		.byte	-128
 1456 0594 A4       		.byte	-92
 1457 0595 04       		.byte	4
 1458 0596 A5       		.byte	-91
 1459 0597 02       		.byte	2
 1460 0598 AD       		.byte	-83
 1461 0599 48       		.byte	72
 1462 059a AF       		.byte	-81
 1463 059b 01       		.byte	1
 1464 059c B2       		.byte	-78
 1465 059d 10       		.byte	16
 1466 059e B3       		.byte	-77
 1467 059f 80       		.byte	-128
 1468 05a0 B5       		.byte	-75
 1469 05a1 80       		.byte	-128
 1470 05a2 B7       		.byte	-73
 1471 05a3 08       		.byte	8
 1472 05a4 E4       		.byte	-28
 1473 05a5 11       		.byte	17
 1474 05a6 E8       		.byte	-24
 1475 05a7 10       		.byte	16
 1476 05a8 EA       		.byte	-22
 1477 05a9 01       		.byte	1
 1478 05aa EC       		.byte	-20
 1479 05ab 20       		.byte	32
 1480 05ac EE       		.byte	-18
 1481 05ad 02       		.byte	2
 1482 05ae B0       		.byte	-80
ARM GAS  C:\Users\Greg\AppData\Local\Temp\ccvOS28V.s 			page 27


 1483 05af 04       		.byte	4
 1484 05b0 B1       		.byte	-79
 1485 05b1 82       		.byte	-126
 1486 05b2 B4       		.byte	-76
 1487 05b3 20       		.byte	32
 1488 05b4 E8       		.byte	-24
 1489 05b5 12       		.byte	18
 1490 05b6 EE       		.byte	-18
 1491 05b7 10       		.byte	16
 1492 05b8 12       		.byte	18
 1493 05b9 80       		.byte	-128
 1494 05ba 16       		.byte	22
 1495 05bb 80       		.byte	-128
 1496 05bc 31       		.byte	49
 1497 05bd 02       		.byte	2
 1498 05be 32       		.byte	50
 1499 05bf 20       		.byte	32
 1500 05c0 36       		.byte	54
 1501 05c1 40       		.byte	64
 1502 05c2 3B       		.byte	59
 1503 05c3 02       		.byte	2
 1504 05c4 3E       		.byte	62
 1505 05c5 80       		.byte	-128
 1506 05c6 C4       		.byte	-60
 1507 05c7 30       		.byte	48
 1508 05c8 CC       		.byte	-52
 1509 05c9 70       		.byte	112
 1510 05ca CE       		.byte	-50
 1511 05cb 60       		.byte	96
 1512 05cc 53       		.byte	83
 1513 05cd 42       		.byte	66
 1514 05ce 55       		.byte	85
 1515 05cf 01       		.byte	1
 1516 05d0 56       		.byte	86
 1517 05d1 10       		.byte	16
 1518 05d2 59       		.byte	89
 1519 05d3 04       		.byte	4
 1520 05d4 5C       		.byte	92
 1521 05d5 08       		.byte	8
 1522 05d6 62       		.byte	98
 1523 05d7 01       		.byte	1
 1524 05d8 66       		.byte	102
 1525 05d9 02       		.byte	2
 1526 05da 81       		.byte	-127
 1527 05db 04       		.byte	4
 1528 05dc 8D       		.byte	-115
 1529 05dd 01       		.byte	1
 1530 05de 97       		.byte	-105
 1531 05df 02       		.byte	2
 1532 05e0 A5       		.byte	-91
 1533 05e1 02       		.byte	2
 1534 05e2 A6       		.byte	-90
 1535 05e3 40       		.byte	64
 1536 05e4 AA       		.byte	-86
 1537 05e5 20       		.byte	32
 1538 05e6 AE       		.byte	-82
 1539 05e7 80       		.byte	-128
ARM GAS  C:\Users\Greg\AppData\Local\Temp\ccvOS28V.s 			page 28


 1540 05e8 D4       		.byte	-44
 1541 05e9 E0       		.byte	-32
 1542 05ea D6       		.byte	-42
 1543 05eb E0       		.byte	-32
 1544 05ec D8       		.byte	-40
 1545 05ed C0       		.byte	-64
 1546 05ee E6       		.byte	-26
 1547 05ef 80       		.byte	-128
 1548 05f0 EC       		.byte	-20
 1549 05f1 10       		.byte	16
 1550 05f2 EE       		.byte	-18
 1551 05f3 80       		.byte	-128
 1552 05f4 50       		.byte	80
 1553 05f5 80       		.byte	-128
 1554 05f6 57       		.byte	87
 1555 05f7 40       		.byte	64
 1556 05f8 97       		.byte	-105
 1557 05f9 02       		.byte	2
 1558 05fa A5       		.byte	-91
 1559 05fb 02       		.byte	2
 1560 05fc A6       		.byte	-90
 1561 05fd 40       		.byte	64
 1562 05fe AA       		.byte	-86
 1563 05ff 03       		.byte	3
 1564 0600 AF       		.byte	-81
 1565 0601 40       		.byte	64
 1566 0602 B0       		.byte	-80
 1567 0603 08       		.byte	8
 1568 0604 B2       		.byte	-78
 1569 0605 10       		.byte	16
 1570 0606 B3       		.byte	-77
 1571 0607 02       		.byte	2
 1572 0608 D4       		.byte	-44
 1573 0609 60       		.byte	96
 1574 060a EA       		.byte	-22
 1575 060b 30       		.byte	48
 1576 060c EE       		.byte	-18
 1577 060d 20       		.byte	32
 1578 060e 82       		.byte	-126
 1579 060f 40       		.byte	64
 1580 0610 83       		.byte	-125
 1581 0611 08       		.byte	8
 1582 0612 84       		.byte	-124
 1583 0613 80       		.byte	-128
 1584 0614 8B       		.byte	-117
 1585 0615 20       		.byte	32
 1586 0616 A4       		.byte	-92
 1587 0617 80       		.byte	-128
 1588 0618 A5       		.byte	-91
 1589 0619 02       		.byte	2
 1590 061a A6       		.byte	-90
 1591 061b 40       		.byte	64
 1592 061c A7       		.byte	-89
 1593 061d 40       		.byte	64
 1594 061e AB       		.byte	-85
 1595 061f 01       		.byte	1
 1596 0620 E2       		.byte	-30
ARM GAS  C:\Users\Greg\AppData\Local\Temp\ccvOS28V.s 			page 29


 1597 0621 30       		.byte	48
 1598 0622 E6       		.byte	-26
 1599 0623 80       		.byte	-128
 1600 0624 EE       		.byte	-18
 1601 0625 20       		.byte	32
 1602 0626 73       		.byte	115
 1603 0627 10       		.byte	16
 1604 0628 7C       		.byte	124
 1605 0629 40       		.byte	64
 1606 062a DC       		.byte	-36
 1607 062b 01       		.byte	1
 1608 062c DE       		.byte	-34
 1609 062d 04       		.byte	4
 1610 062e 00       		.byte	0
 1611 062f 08       		.byte	8
 1612 0630 01       		.byte	1
 1613 0631 20       		.byte	32
 1614 0632 04       		.byte	4
 1615 0633 20       		.byte	32
 1616 0634 05       		.byte	5
 1617 0635 08       		.byte	8
 1618 0636 08       		.byte	8
 1619 0637 21       		.byte	33
 1620 0638 0C       		.byte	12
 1621 0639 08       		.byte	8
 1622 063a 0D       		.byte	13
 1623 063b 80       		.byte	-128
 1624 063c 88       		.byte	-120
 1625 063d 01       		.byte	1
 1626 063e 8D       		.byte	-115
 1627 063f 80       		.byte	-128
 1628 0640 94       		.byte	-108
 1629 0641 40       		.byte	64
 1630 0642 97       		.byte	-105
 1631 0643 10       		.byte	16
 1632 0644 C0       		.byte	-64
 1633 0645 0F       		.byte	15
 1634 0646 C2       		.byte	-62
 1635 0647 0F       		.byte	15
 1636 0648 E2       		.byte	-30
 1637 0649 08       		.byte	8
 1638 064a E6       		.byte	-26
 1639 064b 04       		.byte	4
 1640 064c 1B       		.byte	27
 1641 064d 04       		.byte	4
 1642 064e 27       		.byte	39
 1643 064f 80       		.byte	-128
 1644 0650 54       		.byte	84
 1645 0651 20       		.byte	32
 1646 0652 94       		.byte	-108
 1647 0653 40       		.byte	64
 1648 0654 97       		.byte	-105
 1649 0655 10       		.byte	16
 1650 0656 9F       		.byte	-97
 1651 0657 80       		.byte	-128
 1652 0658 AB       		.byte	-85
 1653 0659 80       		.byte	-128
ARM GAS  C:\Users\Greg\AppData\Local\Temp\ccvOS28V.s 			page 30


 1654 065a B0       		.byte	-80
 1655 065b 0C       		.byte	12
 1656 065c B1       		.byte	-79
 1657 065d 08       		.byte	8
 1658 065e B4       		.byte	-76
 1659 065f 30       		.byte	48
 1660 0660 B5       		.byte	-75
 1661 0661 20       		.byte	32
 1662 0662 C6       		.byte	-58
 1663 0663 08       		.byte	8
 1664 0664 C8       		.byte	-56
 1665 0665 01       		.byte	1
 1666 0666 D4       		.byte	-44
 1667 0667 02       		.byte	2
 1668 0668 EA       		.byte	-22
 1669 0669 0F       		.byte	15
 1670 066a EE       		.byte	-18
 1671 066b 06       		.byte	6
 1672 066c 0B       		.byte	11
 1673 066d 40       		.byte	64
 1674 066e 0E       		.byte	14
 1675 066f 10       		.byte	16
 1676 0670 44       		.byte	68
 1677 0671 02       		.byte	2
 1678 0672 8B       		.byte	-117
 1679 0673 10       		.byte	16
 1680 0674 8C       		.byte	-116
 1681 0675 60       		.byte	96
 1682 0676 94       		.byte	-108
 1683 0677 40       		.byte	64
 1684 0678 97       		.byte	-105
 1685 0679 10       		.byte	16
 1686 067a A4       		.byte	-92
 1687 067b 20       		.byte	32
 1688 067c AB       		.byte	-85
 1689 067d 04       		.byte	4
 1690 067e C2       		.byte	-62
 1691 067f 0C       		.byte	12
 1692 0680 D0       		.byte	-48
 1693 0681 04       		.byte	4
 1694 0682 E0       		.byte	-32
 1695 0683 02       		.byte	2
 1696 0684 E4       		.byte	-28
 1697 0685 09       		.byte	9
 1698 0686 24       		.byte	36
 1699 0687 08       		.byte	8
 1700 0688 52       		.byte	82
 1701 0689 20       		.byte	32
 1702 068a 57       		.byte	87
 1703 068b 08       		.byte	8
 1704 068c 5A       		.byte	90
 1705 068d 40       		.byte	64
 1706 068e 5F       		.byte	95
 1707 068f 20       		.byte	32
 1708 0690 92       		.byte	-110
 1709 0691 40       		.byte	64
 1710 0692 9B       		.byte	-101
ARM GAS  C:\Users\Greg\AppData\Local\Temp\ccvOS28V.s 			page 31


 1711 0693 20       		.byte	32
 1712 0694 A3       		.byte	-93
 1713 0695 08       		.byte	8
 1714 0696 A9       		.byte	-87
 1715 0697 02       		.byte	2
 1716 0698 AB       		.byte	-85
 1717 0699 40       		.byte	64
 1718 069a AE       		.byte	-82
 1719 069b 40       		.byte	64
 1720 069c C8       		.byte	-56
 1721 069d 20       		.byte	32
 1722 069e D4       		.byte	-44
 1723 069f E0       		.byte	-32
 1724 06a0 D6       		.byte	-42
 1725 06a1 20       		.byte	32
 1726 06a2 EA       		.byte	-22
 1727 06a3 A0       		.byte	-96
 1728 06a4 EE       		.byte	-18
 1729 06a5 40       		.byte	64
 1730 06a6 02       		.byte	2
 1731 06a7 02       		.byte	2
 1732 06a8 03       		.byte	3
 1733 06a9 10       		.byte	16
 1734 06aa 05       		.byte	5
 1735 06ab 14       		.byte	20
 1736 06ac 09       		.byte	9
 1737 06ad 40       		.byte	64
 1738 06ae 0B       		.byte	11
 1739 06af 10       		.byte	16
 1740 06b0 0F       		.byte	15
 1741 06b1 42       		.byte	66
 1742 06b2 81       		.byte	-127
 1743 06b3 14       		.byte	20
 1744 06b4 82       		.byte	-126
 1745 06b5 02       		.byte	2
 1746 06b6 83       		.byte	-125
 1747 06b7 10       		.byte	16
 1748 06b8 85       		.byte	-123
 1749 06b9 40       		.byte	64
 1750 06ba 87       		.byte	-121
 1751 06bb 51       		.byte	81
 1752 06bc AA       		.byte	-86
 1753 06bd 20       		.byte	32
 1754 06be B4       		.byte	-76
 1755 06bf 04       		.byte	4
 1756 06c0 C0       		.byte	-64
 1757 06c1 F0       		.byte	-16
 1758 06c2 C2       		.byte	-62
 1759 06c3 F0       		.byte	-16
 1760 06c4 E0       		.byte	-32
 1761 06c5 F0       		.byte	-16
 1762 06c6 E4       		.byte	-28
 1763 06c7 F0       		.byte	-16
 1764 06c8 EE       		.byte	-18
 1765 06c9 80       		.byte	-128
 1766 06ca 03       		.byte	3
 1767 06cb 08       		.byte	8
ARM GAS  C:\Users\Greg\AppData\Local\Temp\ccvOS28V.s 			page 32


 1768 06cc 07       		.byte	7
 1769 06cd 04       		.byte	4
 1770 06ce 08       		.byte	8
 1771 06cf 08       		.byte	8
 1772 06d0 09       		.byte	9
 1773 06d1 20       		.byte	32
 1774 06d2 0C       		.byte	12
 1775 06d3 01       		.byte	1
 1776 06d4 0F       		.byte	15
 1777 06d5 08       		.byte	8
 1778 06d6 70       		.byte	112
 1779 06d7 08       		.byte	8
 1780 06d8 83       		.byte	-125
 1781 06d9 40       		.byte	64
 1782 06da 88       		.byte	-120
 1783 06db 80       		.byte	-128
 1784 06dc 8F       		.byte	-113
 1785 06dd 04       		.byte	4
 1786 06de 9C       		.byte	-100
 1787 06df 02       		.byte	2
 1788 06e0 AA       		.byte	-86
 1789 06e1 10       		.byte	16
 1790 06e2 AF       		.byte	-81
 1791 06e3 40       		.byte	64
 1792 06e4 C0       		.byte	-64
 1793 06e5 03       		.byte	3
 1794 06e6 C2       		.byte	-62
 1795 06e7 0F       		.byte	15
 1796 06e8 DC       		.byte	-36
 1797 06e9 01       		.byte	1
 1798 06ea E0       		.byte	-32
 1799 06eb 04       		.byte	4
 1800 06ec E2       		.byte	-30
 1801 06ed 02       		.byte	2
 1802 06ee 77       		.byte	119
 1803 06ef 40       		.byte	64
 1804 06f0 78       		.byte	120
 1805 06f1 80       		.byte	-128
 1806 06f2 98       		.byte	-104
 1807 06f3 80       		.byte	-128
 1808 06f4 9B       		.byte	-101
 1809 06f5 40       		.byte	64
 1810 06f6 AC       		.byte	-84
 1811 06f7 08       		.byte	8
 1812 06f8 B0       		.byte	-80
 1813 06f9 01       		.byte	1
 1814 06fa B1       		.byte	-79
 1815 06fb 20       		.byte	32
 1816 06fc B3       		.byte	-77
 1817 06fd 08       		.byte	8
 1818 06fe B4       		.byte	-76
 1819 06ff 0A       		.byte	10
 1820 0700 B7       		.byte	-73
 1821 0701 04       		.byte	4
 1822 0702 DC       		.byte	-36
 1823 0703 01       		.byte	1
 1824 0704 DE       		.byte	-34
ARM GAS  C:\Users\Greg\AppData\Local\Temp\ccvOS28V.s 			page 33


 1825 0705 04       		.byte	4
 1826 0706 E8       		.byte	-24
 1827 0707 08       		.byte	8
 1828 0708 EA       		.byte	-22
 1829 0709 06       		.byte	6
 1830 070a EE       		.byte	-18
 1831 070b 0D       		.byte	13
 1832 070c 00       		.byte	0
 1833 070d 03       		.byte	3
 1834 070e 01       		.byte	1
 1835 070f 01       		.byte	1
 1836 0710 08       		.byte	8
 1837 0711 01       		.byte	1
 1838 0712 09       		.byte	9
 1839 0713 01       		.byte	1
 1840 0714 0A       		.byte	10
 1841 0715 01       		.byte	1
 1842 0716 0B       		.byte	11
 1843 0717 01       		.byte	1
 1844 0718 0C       		.byte	12
 1845 0719 03       		.byte	3
 1846 071a 10       		.byte	16
 1847 071b 03       		.byte	3
 1848 071c 1A       		.byte	26
 1849 071d 03       		.byte	3
 1850 071e 00       		.byte	0
 1851 071f 2B       		.byte	43
 1852 0720 10       		.byte	16
 1853 0721 0A       		.byte	10
 1854 0722 00       		.byte	0
 1855 0723 00       		.byte	0
 1856 0724 00       		.byte	0
 1857 0725 00       		.byte	0
 1858 0726 00       		.byte	0
 1859 0727 00       		.byte	0
 1860 0728 00       		.byte	0
 1861 0729 FF       		.byte	-1
 1862 072a FF       		.byte	-1
 1863 072b 00       		.byte	0
 1864 072c 00       		.byte	0
 1865 072d FC       		.byte	-4
 1866 072e FC       		.byte	-4
 1867 072f 00       		.byte	0
 1868 0730 FC       		.byte	-4
 1869 0731 00       		.byte	0
 1870 0732 00       		.byte	0
 1871 0733 00       		.byte	0
 1872 0734 00       		.byte	0
 1873 0735 00       		.byte	0
 1874 0736 00       		.byte	0
 1875 0737 3F       		.byte	63
 1876 0738 3F       		.byte	63
 1877 0739 00       		.byte	0
 1878 073a 3F       		.byte	63
 1879 073b 00       		.byte	0
 1880 073c C0       		.byte	-64
 1881 073d 00       		.byte	0
ARM GAS  C:\Users\Greg\AppData\Local\Temp\ccvOS28V.s 			page 34


 1882 073e 00       		.byte	0
 1883 073f 00       		.byte	0
 1884 0740 FC       		.byte	-4
 1885 0741 FC       		.byte	-4
 1886 0742 00       		.byte	0
 1887 0743 00       		.byte	0
 1888 0744 00       		.byte	0
 1889 0745 00       		.byte	0
 1890 0746 00       		.byte	0
 1891 0747 00       		.byte	0
 1892 0748 FF       		.byte	-1
 1893 0749 FF       		.byte	-1
 1894 074a 00       		.byte	0
 1895 074b 00       		.byte	0
 1896 074c 00       		.byte	0
 1897 074d 00       		.byte	0
 1898 074e 00       		.byte	0
 1899 074f 00       		.byte	0
 1900 0750 FF       		.byte	-1
 1901 0751 FF       		.byte	-1
 1902 0752 00       		.byte	0
 1903 0753 00       		.byte	0
 1904 0754 00       		.byte	0
 1905 0755 00       		.byte	0
 1906 0756 00       		.byte	0
 1907 0757 00       		.byte	0
 1908 0758 00       		.byte	0
 1909 0759 01       		.byte	1
 1910 075a 00       		.byte	0
 1911 075b 00       		.byte	0
 1912              		.section	.cywolatch,"a",%progbits
 1913              		.align	2
 1914              		.type	cy_meta_wonvl, %object
 1915              		.size	cy_meta_wonvl, 4
 1916              	cy_meta_wonvl:
 1917 0000 BC       		.byte	-68
 1918 0001 90       		.byte	-112
 1919 0002 AC       		.byte	-84
 1920 0003 AF       		.byte	-81
 1921              		.section	.cycustnvl,"a",%progbits
 1922              		.align	2
 1923              		.type	cy_meta_custnvl, %object
 1924              		.size	cy_meta_custnvl, 4
 1925              	cy_meta_custnvl:
 1926 0000 00       		.byte	0
 1927 0001 00       		.byte	0
 1928 0002 40       		.byte	64
 1929 0003 05       		.byte	5
 1930              		.section	.cymeta,"a",%progbits
 1931              		.align	2
 1932              		.type	cy_metadata, %object
 1933              		.size	cy_metadata, 12
 1934              	cy_metadata:
 1935 0000 00       		.byte	0
 1936 0001 01       		.byte	1
 1937 0002 2E       		.byte	46
 1938 0003 16       		.byte	22
ARM GAS  C:\Users\Greg\AppData\Local\Temp\ccvOS28V.s 			page 35


 1939 0004 10       		.byte	16
 1940 0005 69       		.byte	105
 1941 0006 00       		.byte	0
 1942 0007 01       		.byte	1
 1943 0008 00       		.byte	0
 1944 0009 00       		.byte	0
 1945 000a 00       		.byte	0
 1946 000b 00       		.byte	0
 1947              		.section	.cyflashprotect,"a",%progbits
 1948              		.align	2
 1949              		.type	cy_meta_flashprotect, %object
 1950              		.size	cy_meta_flashprotect, 256
 1951              	cy_meta_flashprotect:
 1952 0000 00000000 		.space	256
 1952      00000000 
 1952      00000000 
 1952      00000000 
 1952      00000000 
 1953              		.text
 1954              	.Letext0:
 1955              		.file 1 ".\\Generated_Source\\PSoC5\\cymetadata.c"
 1956              		.file 2 ".\\Generated_Source\\PSoC5\\cytypes.h"
 1957              		.section	.debug_info,"",%progbits
 1958              	.Ldebug_info0:
 1959 0000 3A010000 		.4byte	0x13a
 1960 0004 0400     		.2byte	0x4
 1961 0006 00000000 		.4byte	.Ldebug_abbrev0
 1962 000a 04       		.byte	0x4
 1963 000b 01       		.uleb128 0x1
 1964 000c E1000000 		.4byte	.LASF18
 1965 0010 01       		.byte	0x1
 1966 0011 00000000 		.4byte	.LASF19
 1967 0015 32000000 		.4byte	.LASF20
 1968 0019 00000000 		.4byte	.Ldebug_line0
 1969 001d 02       		.uleb128 0x2
 1970 001e 01       		.byte	0x1
 1971 001f 06       		.byte	0x6
 1972 0020 EB010000 		.4byte	.LASF0
 1973 0024 02       		.uleb128 0x2
 1974 0025 01       		.byte	0x1
 1975 0026 08       		.byte	0x8
 1976 0027 85000000 		.4byte	.LASF1
 1977 002b 02       		.uleb128 0x2
 1978 002c 02       		.byte	0x2
 1979 002d 05       		.byte	0x5
 1980 002e D2010000 		.4byte	.LASF2
 1981 0032 02       		.uleb128 0x2
 1982 0033 02       		.byte	0x2
 1983 0034 07       		.byte	0x7
 1984 0035 A5000000 		.4byte	.LASF3
 1985 0039 02       		.uleb128 0x2
 1986 003a 04       		.byte	0x4
 1987 003b 05       		.byte	0x5
 1988 003c E2010000 		.4byte	.LASF4
 1989 0040 02       		.uleb128 0x2
 1990 0041 04       		.byte	0x4
 1991 0042 07       		.byte	0x7
ARM GAS  C:\Users\Greg\AppData\Local\Temp\ccvOS28V.s 			page 36


 1992 0043 93000000 		.4byte	.LASF5
 1993 0047 02       		.uleb128 0x2
 1994 0048 08       		.byte	0x8
 1995 0049 05       		.byte	0x5
 1996 004a BF010000 		.4byte	.LASF6
 1997 004e 02       		.uleb128 0x2
 1998 004f 08       		.byte	0x8
 1999 0050 07       		.byte	0x7
 2000 0051 7C010000 		.4byte	.LASF7
 2001 0055 03       		.uleb128 0x3
 2002 0056 04       		.byte	0x4
 2003 0057 05       		.byte	0x5
 2004 0058 696E7400 		.ascii	"int\000"
 2005 005c 02       		.uleb128 0x2
 2006 005d 04       		.byte	0x4
 2007 005e 07       		.byte	0x7
 2008 005f 6F010000 		.4byte	.LASF8
 2009 0063 04       		.uleb128 0x4
 2010 0064 DC010000 		.4byte	.LASF21
 2011 0068 02       		.byte	0x2
 2012 0069 C2       		.byte	0xc2
 2013 006a 24000000 		.4byte	0x24
 2014 006e 02       		.uleb128 0x2
 2015 006f 04       		.byte	0x4
 2016 0070 04       		.byte	0x4
 2017 0071 7F000000 		.4byte	.LASF9
 2018 0075 02       		.uleb128 0x2
 2019 0076 08       		.byte	0x8
 2020 0077 04       		.byte	0x4
 2021 0078 B8000000 		.4byte	.LASF10
 2022 007c 02       		.uleb128 0x2
 2023 007d 01       		.byte	0x1
 2024 007e 08       		.byte	0x8
 2025 007f CD010000 		.4byte	.LASF11
 2026 0083 05       		.uleb128 0x5
 2027 0084 63000000 		.4byte	0x63
 2028 0088 94000000 		.4byte	0x94
 2029 008c 06       		.uleb128 0x6
 2030 008d 94000000 		.4byte	0x94
 2031 0091 5B07     		.2byte	0x75b
 2032 0093 00       		.byte	0
 2033 0094 02       		.uleb128 0x2
 2034 0095 04       		.byte	0x4
 2035 0096 07       		.byte	0x7
 2036 0097 B6010000 		.4byte	.LASF12
 2037 009b 07       		.uleb128 0x7
 2038 009c CF000000 		.4byte	.LASF13
 2039 00a0 01       		.byte	0x1
 2040 00a1 1C       		.byte	0x1c
 2041 00a2 AC000000 		.4byte	0xac
 2042 00a6 05       		.uleb128 0x5
 2043 00a7 03       		.byte	0x3
 2044 00a8 00000000 		.4byte	cy_meta_configecc
 2045 00ac 08       		.uleb128 0x8
 2046 00ad 83000000 		.4byte	0x83
 2047 00b1 05       		.uleb128 0x5
 2048 00b2 63000000 		.4byte	0x63
ARM GAS  C:\Users\Greg\AppData\Local\Temp\ccvOS28V.s 			page 37


 2049 00b6 C1000000 		.4byte	0xc1
 2050 00ba 09       		.uleb128 0x9
 2051 00bb 94000000 		.4byte	0x94
 2052 00bf 03       		.byte	0x3
 2053 00c0 00       		.byte	0
 2054 00c1 0A       		.uleb128 0xa
 2055 00c2 BF000000 		.4byte	.LASF14
 2056 00c6 01       		.byte	0x1
 2057 00c7 1201     		.2byte	0x112
 2058 00c9 D3000000 		.4byte	0xd3
 2059 00cd 05       		.uleb128 0x5
 2060 00ce 03       		.byte	0x3
 2061 00cf 00000000 		.4byte	cy_meta_custnvl
 2062 00d3 08       		.uleb128 0x8
 2063 00d4 B1000000 		.4byte	0xb1
 2064 00d8 0A       		.uleb128 0xa
 2065 00d9 A8010000 		.4byte	.LASF15
 2066 00dd 01       		.byte	0x1
 2067 00de 1D01     		.2byte	0x11d
 2068 00e0 EA000000 		.4byte	0xea
 2069 00e4 05       		.uleb128 0x5
 2070 00e5 03       		.byte	0x3
 2071 00e6 00000000 		.4byte	cy_meta_wonvl
 2072 00ea 08       		.uleb128 0x8
 2073 00eb B1000000 		.4byte	0xb1
 2074 00ef 05       		.uleb128 0x5
 2075 00f0 63000000 		.4byte	0x63
 2076 00f4 FF000000 		.4byte	0xff
 2077 00f8 09       		.uleb128 0x9
 2078 00f9 94000000 		.4byte	0x94
 2079 00fd FF       		.byte	0xff
 2080 00fe 00       		.byte	0
 2081 00ff 0A       		.uleb128 0xa
 2082 0100 93010000 		.4byte	.LASF16
 2083 0104 01       		.byte	0x1
 2084 0105 2801     		.2byte	0x128
 2085 0107 11010000 		.4byte	0x111
 2086 010b 05       		.uleb128 0x5
 2087 010c 03       		.byte	0x3
 2088 010d 00000000 		.4byte	cy_meta_flashprotect
 2089 0111 08       		.uleb128 0x8
 2090 0112 EF000000 		.4byte	0xef
 2091 0116 05       		.uleb128 0x5
 2092 0117 63000000 		.4byte	0x63
 2093 011b 26010000 		.4byte	0x126
 2094 011f 09       		.uleb128 0x9
 2095 0120 94000000 		.4byte	0x94
 2096 0124 0B       		.byte	0xb
 2097 0125 00       		.byte	0
 2098 0126 0A       		.uleb128 0xa
 2099 0127 26000000 		.4byte	.LASF17
 2100 012b 01       		.byte	0x1
 2101 012c 5201     		.2byte	0x152
 2102 012e 38010000 		.4byte	0x138
 2103 0132 05       		.uleb128 0x5
 2104 0133 03       		.byte	0x3
 2105 0134 00000000 		.4byte	cy_metadata
ARM GAS  C:\Users\Greg\AppData\Local\Temp\ccvOS28V.s 			page 38


 2106 0138 08       		.uleb128 0x8
 2107 0139 16010000 		.4byte	0x116
 2108 013d 00       		.byte	0
 2109              		.section	.debug_abbrev,"",%progbits
 2110              	.Ldebug_abbrev0:
 2111 0000 01       		.uleb128 0x1
 2112 0001 11       		.uleb128 0x11
 2113 0002 01       		.byte	0x1
 2114 0003 25       		.uleb128 0x25
 2115 0004 0E       		.uleb128 0xe
 2116 0005 13       		.uleb128 0x13
 2117 0006 0B       		.uleb128 0xb
 2118 0007 03       		.uleb128 0x3
 2119 0008 0E       		.uleb128 0xe
 2120 0009 1B       		.uleb128 0x1b
 2121 000a 0E       		.uleb128 0xe
 2122 000b 10       		.uleb128 0x10
 2123 000c 17       		.uleb128 0x17
 2124 000d 00       		.byte	0
 2125 000e 00       		.byte	0
 2126 000f 02       		.uleb128 0x2
 2127 0010 24       		.uleb128 0x24
 2128 0011 00       		.byte	0
 2129 0012 0B       		.uleb128 0xb
 2130 0013 0B       		.uleb128 0xb
 2131 0014 3E       		.uleb128 0x3e
 2132 0015 0B       		.uleb128 0xb
 2133 0016 03       		.uleb128 0x3
 2134 0017 0E       		.uleb128 0xe
 2135 0018 00       		.byte	0
 2136 0019 00       		.byte	0
 2137 001a 03       		.uleb128 0x3
 2138 001b 24       		.uleb128 0x24
 2139 001c 00       		.byte	0
 2140 001d 0B       		.uleb128 0xb
 2141 001e 0B       		.uleb128 0xb
 2142 001f 3E       		.uleb128 0x3e
 2143 0020 0B       		.uleb128 0xb
 2144 0021 03       		.uleb128 0x3
 2145 0022 08       		.uleb128 0x8
 2146 0023 00       		.byte	0
 2147 0024 00       		.byte	0
 2148 0025 04       		.uleb128 0x4
 2149 0026 16       		.uleb128 0x16
 2150 0027 00       		.byte	0
 2151 0028 03       		.uleb128 0x3
 2152 0029 0E       		.uleb128 0xe
 2153 002a 3A       		.uleb128 0x3a
 2154 002b 0B       		.uleb128 0xb
 2155 002c 3B       		.uleb128 0x3b
 2156 002d 0B       		.uleb128 0xb
 2157 002e 49       		.uleb128 0x49
 2158 002f 13       		.uleb128 0x13
 2159 0030 00       		.byte	0
 2160 0031 00       		.byte	0
 2161 0032 05       		.uleb128 0x5
 2162 0033 01       		.uleb128 0x1
ARM GAS  C:\Users\Greg\AppData\Local\Temp\ccvOS28V.s 			page 39


 2163 0034 01       		.byte	0x1
 2164 0035 49       		.uleb128 0x49
 2165 0036 13       		.uleb128 0x13
 2166 0037 01       		.uleb128 0x1
 2167 0038 13       		.uleb128 0x13
 2168 0039 00       		.byte	0
 2169 003a 00       		.byte	0
 2170 003b 06       		.uleb128 0x6
 2171 003c 21       		.uleb128 0x21
 2172 003d 00       		.byte	0
 2173 003e 49       		.uleb128 0x49
 2174 003f 13       		.uleb128 0x13
 2175 0040 2F       		.uleb128 0x2f
 2176 0041 05       		.uleb128 0x5
 2177 0042 00       		.byte	0
 2178 0043 00       		.byte	0
 2179 0044 07       		.uleb128 0x7
 2180 0045 34       		.uleb128 0x34
 2181 0046 00       		.byte	0
 2182 0047 03       		.uleb128 0x3
 2183 0048 0E       		.uleb128 0xe
 2184 0049 3A       		.uleb128 0x3a
 2185 004a 0B       		.uleb128 0xb
 2186 004b 3B       		.uleb128 0x3b
 2187 004c 0B       		.uleb128 0xb
 2188 004d 49       		.uleb128 0x49
 2189 004e 13       		.uleb128 0x13
 2190 004f 3F       		.uleb128 0x3f
 2191 0050 19       		.uleb128 0x19
 2192 0051 02       		.uleb128 0x2
 2193 0052 18       		.uleb128 0x18
 2194 0053 00       		.byte	0
 2195 0054 00       		.byte	0
 2196 0055 08       		.uleb128 0x8
 2197 0056 26       		.uleb128 0x26
 2198 0057 00       		.byte	0
 2199 0058 49       		.uleb128 0x49
 2200 0059 13       		.uleb128 0x13
 2201 005a 00       		.byte	0
 2202 005b 00       		.byte	0
 2203 005c 09       		.uleb128 0x9
 2204 005d 21       		.uleb128 0x21
 2205 005e 00       		.byte	0
 2206 005f 49       		.uleb128 0x49
 2207 0060 13       		.uleb128 0x13
 2208 0061 2F       		.uleb128 0x2f
 2209 0062 0B       		.uleb128 0xb
 2210 0063 00       		.byte	0
 2211 0064 00       		.byte	0
 2212 0065 0A       		.uleb128 0xa
 2213 0066 34       		.uleb128 0x34
 2214 0067 00       		.byte	0
 2215 0068 03       		.uleb128 0x3
 2216 0069 0E       		.uleb128 0xe
 2217 006a 3A       		.uleb128 0x3a
 2218 006b 0B       		.uleb128 0xb
 2219 006c 3B       		.uleb128 0x3b
ARM GAS  C:\Users\Greg\AppData\Local\Temp\ccvOS28V.s 			page 40


 2220 006d 05       		.uleb128 0x5
 2221 006e 49       		.uleb128 0x49
 2222 006f 13       		.uleb128 0x13
 2223 0070 3F       		.uleb128 0x3f
 2224 0071 19       		.uleb128 0x19
 2225 0072 02       		.uleb128 0x2
 2226 0073 18       		.uleb128 0x18
 2227 0074 00       		.byte	0
 2228 0075 00       		.byte	0
 2229 0076 00       		.byte	0
 2230              		.section	.debug_aranges,"",%progbits
 2231 0000 14000000 		.4byte	0x14
 2232 0004 0200     		.2byte	0x2
 2233 0006 00000000 		.4byte	.Ldebug_info0
 2234 000a 04       		.byte	0x4
 2235 000b 00       		.byte	0
 2236 000c 0000     		.2byte	0
 2237 000e 0000     		.2byte	0
 2238 0010 00000000 		.4byte	0
 2239 0014 00000000 		.4byte	0
 2240              		.section	.debug_line,"",%progbits
 2241              	.Ldebug_line0:
 2242 0000 4F000000 		.section	.debug_str,"MS",%progbits,1
 2242      02004900 
 2242      00000201 
 2242      FB0E0D00 
 2242      01010101 
 2243              	.LASF19:
 2244 0000 2E5C4765 		.ascii	".\\Generated_Source\\PSoC5\\cymetadata.c\000"
 2244      6E657261 
 2244      7465645F 
 2244      536F7572 
 2244      63655C50 
 2245              	.LASF17:
 2246 0026 63795F6D 		.ascii	"cy_metadata\000"
 2246      65746164 
 2246      61746100 
 2247              	.LASF20:
 2248 0032 433A5C55 		.ascii	"C:\\Users\\Greg\\Documents\\Cypress_Local\\FIRST\\C"
 2248      73657273 
 2248      5C477265 
 2248      675C446F 
 2248      63756D65 
 2249 005f 79436F6E 		.ascii	"yController\\CyController1.cydsn\000"
 2249      74726F6C 
 2249      6C65725C 
 2249      4379436F 
 2249      6E74726F 
 2250              	.LASF9:
 2251 007f 666C6F61 		.ascii	"float\000"
 2251      7400
 2252              	.LASF1:
 2253 0085 756E7369 		.ascii	"unsigned char\000"
 2253      676E6564 
 2253      20636861 
 2253      7200
 2254              	.LASF5:
ARM GAS  C:\Users\Greg\AppData\Local\Temp\ccvOS28V.s 			page 41


 2255 0093 6C6F6E67 		.ascii	"long unsigned int\000"
 2255      20756E73 
 2255      69676E65 
 2255      6420696E 
 2255      7400
 2256              	.LASF3:
 2257 00a5 73686F72 		.ascii	"short unsigned int\000"
 2257      7420756E 
 2257      7369676E 
 2257      65642069 
 2257      6E7400
 2258              	.LASF10:
 2259 00b8 646F7562 		.ascii	"double\000"
 2259      6C6500
 2260              	.LASF14:
 2261 00bf 63795F6D 		.ascii	"cy_meta_custnvl\000"
 2261      6574615F 
 2261      63757374 
 2261      6E766C00 
 2262              	.LASF13:
 2263 00cf 63795F6D 		.ascii	"cy_meta_configecc\000"
 2263      6574615F 
 2263      636F6E66 
 2263      69676563 
 2263      6300
 2264              	.LASF18:
 2265 00e1 474E5520 		.ascii	"GNU C 4.9.3 20150303 (release) [ARM/embedded-4_9-br"
 2265      4320342E 
 2265      392E3320 
 2265      32303135 
 2265      30333033 
 2266 0114 616E6368 		.ascii	"anch revision 221220] -mcpu=cortex-m3 -mthumb -g -O"
 2266      20726576 
 2266      6973696F 
 2266      6E203232 
 2266      31323230 
 2267 0147 67202D66 		.ascii	"g -ffunction-sections -ffat-lto-objects\000"
 2267      66756E63 
 2267      74696F6E 
 2267      2D736563 
 2267      74696F6E 
 2268              	.LASF8:
 2269 016f 756E7369 		.ascii	"unsigned int\000"
 2269      676E6564 
 2269      20696E74 
 2269      00
 2270              	.LASF7:
 2271 017c 6C6F6E67 		.ascii	"long long unsigned int\000"
 2271      206C6F6E 
 2271      6720756E 
 2271      7369676E 
 2271      65642069 
 2272              	.LASF16:
 2273 0193 63795F6D 		.ascii	"cy_meta_flashprotect\000"
 2273      6574615F 
 2273      666C6173 
 2273      6870726F 
ARM GAS  C:\Users\Greg\AppData\Local\Temp\ccvOS28V.s 			page 42


 2273      74656374 
 2274              	.LASF15:
 2275 01a8 63795F6D 		.ascii	"cy_meta_wonvl\000"
 2275      6574615F 
 2275      776F6E76 
 2275      6C00
 2276              	.LASF12:
 2277 01b6 73697A65 		.ascii	"sizetype\000"
 2277      74797065 
 2277      00
 2278              	.LASF6:
 2279 01bf 6C6F6E67 		.ascii	"long long int\000"
 2279      206C6F6E 
 2279      6720696E 
 2279      7400
 2280              	.LASF11:
 2281 01cd 63686172 		.ascii	"char\000"
 2281      00
 2282              	.LASF2:
 2283 01d2 73686F72 		.ascii	"short int\000"
 2283      7420696E 
 2283      7400
 2284              	.LASF21:
 2285 01dc 75696E74 		.ascii	"uint8\000"
 2285      3800
 2286              	.LASF4:
 2287 01e2 6C6F6E67 		.ascii	"long int\000"
 2287      20696E74 
 2287      00
 2288              	.LASF0:
 2289 01eb 7369676E 		.ascii	"signed char\000"
 2289      65642063 
 2289      68617200 
 2290              		.ident	"GCC: (GNU Tools for ARM Embedded Processors) 4.9.3 20150303 (release) [ARM/embedded-4_9-br
