ARM GAS  C:\Users\Greg\AppData\Local\Temp\cctj2mis.s 			page 1


   1              		.syntax unified
   2              		.cpu cortex-m3
   3              		.fpu softvfp
   4              		.eabi_attribute 20, 1
   5              		.eabi_attribute 21, 1
   6              		.eabi_attribute 23, 3
   7              		.eabi_attribute 24, 1
   8              		.eabi_attribute 25, 1
   9              		.eabi_attribute 26, 1
  10              		.eabi_attribute 30, 1
  11              		.eabi_attribute 34, 1
  12              		.eabi_attribute 18, 4
  13              		.thumb
  14              		.file	"main.c"
  15              		.text
  16              	.Ltext0:
  17              		.cfi_sections	.debug_frame
  18              		.section	.text.StartUp,"ax",%progbits
  19              		.align	2
  20              		.global	StartUp
  21              		.thumb
  22              		.thumb_func
  23              		.type	StartUp, %function
  24              	StartUp:
  25              	.LFB64:
  26              		.file 1 ".\\main.c"
   1:.\main.c      **** /*  --------------------------------------------------------------------------
   2:.\main.c      **** * Copyright 2010, Cypress Semiconductor Corporation.
   3:.\main.c      **** *
   4:.\main.c      **** * This software is owned by Cypress Semiconductor Corporation (Cypress)
   5:.\main.c      **** * and is protected by and subject to worldwide patent protection (United
   6:.\main.c      **** * States and foreign), United States copyright laws and international
   7:.\main.c      **** * treaty provisions. Cypress hereby grants to licensee a personal,
   8:.\main.c      **** * non-exclusive, non-transferable license to copy, use, modify, create
   9:.\main.c      **** * derivative works of, and compile the Cypress Source Code and derivative
  10:.\main.c      **** * works for the sole purpose of creating custom software in support of
  11:.\main.c      **** * licensee product to be used only in conjunction with a Cypress integrated
  12:.\main.c      **** * circuit as specified in the applicable agreement. Any reproduction,
  13:.\main.c      **** * modification, translation, compilation, or representation of this
  14:.\main.c      **** * software except as specified above is prohibited without the express
  15:.\main.c      **** * written permission of Cypress.
  16:.\main.c      **** * 
  17:.\main.c      **** * Disclaimer: CYPRESS MAKES NO WARRANTY OF ANY KIND,EXPRESS OR IMPLIED,
  18:.\main.c      **** * WITH REGARD TO THIS MATERIAL, INCLUDING, BUT NOT LIMITED TO, THE IMPLIED
  19:.\main.c      **** * WARRANTIES OF MERCHANTABILITY AND FITNESS FOR A PARTICULAR PURPOSE.
  20:.\main.c      **** * Cypress reserves the right to make changes without further notice to the
  21:.\main.c      **** * materials described herein. Cypress does not assume any liability arising
  22:.\main.c      **** * out of the application or use of any product or circuit described herein.
  23:.\main.c      **** * Cypress does not authorize its products for use as critical components in
  24:.\main.c      **** * life-support systems where a malfunction or failure may reasonably be
  25:.\main.c      **** * expected to result in significant injury to the user. The inclusion of
  26:.\main.c      **** * Cypress' product in a life-support systems application implies that the
  27:.\main.c      **** * manufacturer assumes all risk of such use and in doing so indemnifies
  28:.\main.c      **** * Cypress against all charges.
  29:.\main.c      **** * 
  30:.\main.c      **** * Use may be limited by and subject to the applicable Cypress software
  31:.\main.c      **** * license agreement.
ARM GAS  C:\Users\Greg\AppData\Local\Temp\cctj2mis.s 			page 2


  32:.\main.c      **** * -----------------------------------------------------------------------------
  33:.\main.c      **** * Copyright (c) Cypress MicroSystems 2000-2003. All Rights Reserved.
  34:.\main.c      **** *
  35:.\main.c      **** *****************************************************************************
  36:.\main.c      **** *  Project Name: CyController1
  37:.\main.c      **** *  Project Revision: 1.00
  38:.\main.c      **** *  Software Version: PSoC Creator 3.2 SP1
  39:.\main.c      **** *  Device Tested: CY8C5888LTI-LP097
  40:.\main.c      **** *  Compilers Tested: ARM GCC
  41:.\main.c      **** *  Related Hardware: CY8CKIT-059
  42:.\main.c      **** *****************************************************************************
  43:.\main.c      **** ***************************************************************************** */
  44:.\main.c      **** /* Project Description:
  45:.\main.c      ****  * This project will create a simple USB HID joystick for FRC. It has
  46:.\main.c      ****  * 8 analog inputs
  47:.\main.c      ****  * 22 digital inputs for buttons
  48:.\main.c      ****  * 12 digital indicator outputs
  49:.\main.c      **** ***************************************************************************** */
  50:.\main.c      **** 
  51:.\main.c      **** #include <project.h>
  52:.\main.c      **** #include <stdio.h>
  53:.\main.c      **** 
  54:.\main.c      **** /* 8 bytes for analog axis data */
  55:.\main.c      **** #define ANALOG_SIZE 8
  56:.\main.c      **** /* 3 bytes for 22 button inputs */
  57:.\main.c      **** #define BUTTON_SIZE 3
  58:.\main.c      **** /* 2 bytes for 12 output indicators such as LEDs */
  59:.\main.c      **** #define OUTPUT_SIZE 2
  60:.\main.c      **** 
  61:.\main.c      **** /* Endpoint 1 is IN (analog and buttons) */
  62:.\main.c      **** #define IN_EP  1
  63:.\main.c      **** /* Endpiont 2 is OUT (indicators) */
  64:.\main.c      **** #define OUT_EP 2
  65:.\main.c      **** 
  66:.\main.c      **** void StartUp (void); 		/* Function prototype for component startup API */
  67:.\main.c      **** void ReadAnalog (void);     /* Function prototype for reading and altering data for joystick inform
  68:.\main.c      **** void ReadButtons (void);    /* Function prototype for reading and altering data for digital button 
  69:.\main.c      **** void SetOutputs (void);     /* Prototype for driving digital outputs */
  70:.\main.c      **** 
  71:.\main.c      **** static uint16 AnalogRaw[ANALOG_SIZE];   /* Raw ADC measurements */
  72:.\main.c      **** static int16  AnalogData[ANALOG_SIZE];   /* Scaled ADC measurements */
  73:.\main.c      **** static int8 USB_Input_Data[ANALOG_SIZE + BUTTON_SIZE]; /* USB data to send to the PC */
  74:.\main.c      **** static uint8 USB_Output_Data[OUTPUT_SIZE]; /* USB data received from the PC */
  75:.\main.c      **** 
  76:.\main.c      **** int main()
  77:.\main.c      **** {    
  78:.\main.c      ****     uint16 outCount;
  79:.\main.c      ****     
  80:.\main.c      ****     StartUp(); 	/* Calls the proper start API for all the components */
  81:.\main.c      **** 	
  82:.\main.c      **** 	for(;;)
  83:.\main.c      ****     {
  84:.\main.c      ****     	while(!USBFS_1_bGetEPAckState(IN_EP)); 	/* Wait for ACK before loading data */
  85:.\main.c      ****         
  86:.\main.c      **** 		ReadAnalog();	/* Calls function to read analog inputs */
  87:.\main.c      ****         ReadButtons();	/* Calls function to monitor button presses */
  88:.\main.c      ****         
ARM GAS  C:\Users\Greg\AppData\Local\Temp\cctj2mis.s 			page 3


  89:.\main.c      ****         /*Check to see if the IN Endpoint is empty. If so, load it with Input data to be tranfered 
  90:.\main.c      ****         if(USBFS_1_GetEPState(IN_EP) == USBFS_1_IN_BUFFER_EMPTY)
  91:.\main.c      ****         {
  92:.\main.c      **** 		    /* Load latest analog and button data into the IN EP and send */
  93:.\main.c      ****             USBFS_1_LoadInEP(IN_EP, (uint8 *)USB_Input_Data, sizeof(USB_Input_Data));   
  94:.\main.c      ****         }
  95:.\main.c      ****         
  96:.\main.c      ****         /* Check to see if the OUT Endpoint is full from a recieved transaction. */
  97:.\main.c      ****         if(USBFS_1_GetEPState(OUT_EP) == USBFS_1_OUT_BUFFER_FULL)
  98:.\main.c      ****         {
  99:.\main.c      ****             /* Get the number of bytes recieved */
 100:.\main.c      ****             outCount = USBFS_1_GetEPCount(OUT_EP);
 101:.\main.c      ****             /* Read the OUT endpoint and store data in OUT_Data_Buffer */
 102:.\main.c      ****             USBFS_1_ReadOutEP(OUT_EP, USB_Output_Data, outCount);
 103:.\main.c      ****             /* Re-enable OUT endpoint */
 104:.\main.c      ****             USBFS_1_EnableOutEP(OUT_EP);
 105:.\main.c      ****         }
 106:.\main.c      ****         
 107:.\main.c      ****         SetOutputs();   /* Set output values based on the data received from the out EP */
 108:.\main.c      ****     }
 109:.\main.c      **** }
 110:.\main.c      **** 
 111:.\main.c      **** void StartUp (void)
 112:.\main.c      **** {
  27              		.loc 1 112 0
  28              		.cfi_startproc
  29              		@ args = 0, pretend = 0, frame = 0
  30              		@ frame_needed = 0, uses_anonymous_args = 0
  31 0000 08B5     		push	{r3, lr}
  32              		.cfi_def_cfa_offset 8
  33              		.cfi_offset 3, -8
  34              		.cfi_offset 14, -4
  35              	.LVL0:
 113:.\main.c      **** 	uint8 i;
 114:.\main.c      ****     
 115:.\main.c      ****     /* Intialize USB Input EP data array */
 116:.\main.c      ****     for (i=0; i < sizeof(USB_Input_Data); i++)
  36              		.loc 1 116 0
  37 0002 0023     		movs	r3, #0
  38 0004 04E0     		b	.L2
  39              	.LVL1:
  40              	.L3:
 117:.\main.c      ****     {
 118:.\main.c      ****         USB_Input_Data[i] = 0;
  41              		.loc 1 118 0 discriminator 3
  42 0006 0021     		movs	r1, #0
  43 0008 124A     		ldr	r2, .L8
  44 000a D154     		strb	r1, [r2, r3]
 116:.\main.c      ****     {
  45              		.loc 1 116 0 discriminator 3
  46 000c 0133     		adds	r3, r3, #1
  47              	.LVL2:
  48 000e DBB2     		uxtb	r3, r3
  49              	.LVL3:
  50              	.L2:
 116:.\main.c      ****     {
  51              		.loc 1 116 0 is_stmt 0 discriminator 1
ARM GAS  C:\Users\Greg\AppData\Local\Temp\cctj2mis.s 			page 4


  52 0010 0A2B     		cmp	r3, #10
  53 0012 F8D9     		bls	.L3
  54 0014 0023     		movs	r3, #0
  55              	.LVL4:
  56 0016 05E0     		b	.L4
  57              	.LVL5:
  58              	.L5:
 119:.\main.c      ****     }
 120:.\main.c      ****     /* Intialize USB Output EP data array */
 121:.\main.c      ****     for (i=0; i < sizeof(USB_Output_Data); i++)
 122:.\main.c      ****     {
 123:.\main.c      ****         USB_Output_Data[i] = 0;
  59              		.loc 1 123 0 is_stmt 1 discriminator 3
  60 0018 0E4A     		ldr	r2, .L8
  61 001a 1A44     		add	r2, r2, r3
  62 001c 0021     		movs	r1, #0
  63 001e 1173     		strb	r1, [r2, #12]
 121:.\main.c      ****     {
  64              		.loc 1 121 0 discriminator 3
  65 0020 0133     		adds	r3, r3, #1
  66              	.LVL6:
  67 0022 DBB2     		uxtb	r3, r3
  68              	.LVL7:
  69              	.L4:
 121:.\main.c      ****     {
  70              		.loc 1 121 0 is_stmt 0 discriminator 1
  71 0024 012B     		cmp	r3, #1
  72 0026 F7D9     		bls	.L5
 124:.\main.c      ****     }
 125:.\main.c      ****     
 126:.\main.c      ****     CYGlobalIntEnable;           					/* Enable Global interrupts */
  73              		.loc 1 126 0 is_stmt 1
  74              	@ 126 ".\main.c" 1
  75 0028 62B6     		CPSIE   i
  76              	@ 0 "" 2
 127:.\main.c      ****     ADC_Start();        					        /* Initialize ADC */
  77              		.loc 1 127 0
  78              		.thumb
  79 002a FFF7FEFF 		bl	ADC_Start
  80              	.LVL8:
 128:.\main.c      **** 	ADC_StartConvert();								/* End ADC conversion */    
  81              		.loc 1 128 0
  82 002e FFF7FEFF 		bl	ADC_StartConvert
  83              	.LVL9:
 129:.\main.c      **** 	USBFS_1_Start(0, USBFS_1_DWR_VDDD_OPERATION);	/* Start USBFS operation/device 0 and with 5V operat
  84              		.loc 1 129 0
  85 0032 0020     		movs	r0, #0
  86 0034 0221     		movs	r1, #2
  87 0036 FFF7FEFF 		bl	USBFS_1_Start
  88              	.LVL10:
  89              	.L6:
 130:.\main.c      **** 	while(!USBFS_1_bGetConfiguration())
  90              		.loc 1 130 0 discriminator 1
  91 003a FFF7FEFF 		bl	USBFS_1_GetConfiguration
  92              	.LVL11:
  93 003e 0028     		cmp	r0, #0
  94 0040 FBD0     		beq	.L6
ARM GAS  C:\Users\Greg\AppData\Local\Temp\cctj2mis.s 			page 5


 131:.\main.c      ****     {
 132:.\main.c      ****         /* Wait for Device to enumerate */
 133:.\main.c      ****     }			
 134:.\main.c      ****     
 135:.\main.c      ****     USBFS_1_LoadInEP(IN_EP, (uint8 *)USB_Input_Data, sizeof(USB_Input_Data)); /* Loads an inital va
  95              		.loc 1 135 0
  96 0042 0120     		movs	r0, #1
  97 0044 0349     		ldr	r1, .L8
  98 0046 0B22     		movs	r2, #11
  99 0048 FFF7FEFF 		bl	USBFS_1_LoadInEP
 100              	.LVL12:
 136:.\main.c      ****     USBFS_1_EnableOutEP(OUT_EP); /* Enable the output endpoint */
 101              		.loc 1 136 0
 102 004c 0220     		movs	r0, #2
 103 004e FFF7FEFF 		bl	USBFS_1_EnableOutEP
 104              	.LVL13:
 105 0052 08BD     		pop	{r3, pc}
 106              	.L9:
 107              		.align	2
 108              	.L8:
 109 0054 00000000 		.word	.LANCHOR0
 110              		.cfi_endproc
 111              	.LFE64:
 112              		.size	StartUp, .-StartUp
 113              		.section	.text.ReadAnalog,"ax",%progbits
 114              		.align	2
 115              		.global	ReadAnalog
 116              		.thumb
 117              		.thumb_func
 118              		.type	ReadAnalog, %function
 119              	ReadAnalog:
 120              	.LFB65:
 137:.\main.c      **** }
 138:.\main.c      **** 
 139:.\main.c      **** void ReadAnalog (void)
 140:.\main.c      **** {
 121              		.loc 1 140 0
 122              		.cfi_startproc
 123              		@ args = 0, pretend = 0, frame = 0
 124              		@ frame_needed = 0, uses_anonymous_args = 0
 125 0000 38B5     		push	{r3, r4, r5, lr}
 126              		.cfi_def_cfa_offset 16
 127              		.cfi_offset 3, -16
 128              		.cfi_offset 4, -12
 129              		.cfi_offset 5, -8
 130              		.cfi_offset 14, -4
 131              	.LVL14:
 141:.\main.c      **** 	uint8 i;
 142:.\main.c      ****     
 143:.\main.c      ****     for(i=0; i<ANALOG_SIZE; i++)
 132              		.loc 1 143 0
 133 0002 0024     		movs	r4, #0
 134 0004 29E0     		b	.L11
 135              	.LVL15:
 136              	.L14:
 144:.\main.c      ****     {
 145:.\main.c      ****         AnalogRaw[i] = ADC_GetResult16(i) >> 4;     /* Get ADC reading and keep just the 8 upper bi
ARM GAS  C:\Users\Greg\AppData\Local\Temp\cctj2mis.s 			page 6


 137              		.loc 1 145 0
 138 0006 2546     		mov	r5, r4
 139 0008 2046     		mov	r0, r4
 140 000a FFF7FEFF 		bl	ADC_GetResult16
 141              	.LVL16:
 142 000e C0F30F10 		ubfx	r0, r0, #4, #16
 143 0012 134B     		ldr	r3, .L16
 144 0014 03EB4403 		add	r3, r3, r4, lsl #1
 145 0018 1882     		strh	r0, [r3, #16]	@ movhi
 146:.\main.c      ****         AnalogData[i] = AnalogRaw[i] - 127;         /* Adjust axis to center the reading */
 146              		.loc 1 146 0
 147 001a 7F38     		subs	r0, r0, #127
 148 001c 80B2     		uxth	r0, r0
 149 001e 1884     		strh	r0, [r3, #32]	@ movhi
 147:.\main.c      ****         if(AnalogData[i] > 127)
 150              		.loc 1 147 0
 151 0020 00B2     		sxth	r0, r0
 152 0022 7F28     		cmp	r0, #127
 153 0024 04DD     		ble	.L12
 148:.\main.c      ****         {
 149:.\main.c      ****             AnalogData[i] = 127;
 154              		.loc 1 149 0
 155 0026 0E4B     		ldr	r3, .L16
 156 0028 03EB4403 		add	r3, r3, r4, lsl #1
 157 002c 7F22     		movs	r2, #127
 158 002e 1A84     		strh	r2, [r3, #32]	@ movhi
 159              	.L12:
 150:.\main.c      ****         }
 151:.\main.c      ****         if(AnalogData[i] < -127)
 160              		.loc 1 151 0
 161 0030 0B4B     		ldr	r3, .L16
 162 0032 03EB4503 		add	r3, r3, r5, lsl #1
 163 0036 B3F92030 		ldrsh	r3, [r3, #32]
 164 003a 13F17F0F 		cmn	r3, #127
 165 003e 05DA     		bge	.L13
 152:.\main.c      ****         {
 153:.\main.c      ****             AnalogData[i] = -127;
 166              		.loc 1 153 0
 167 0040 074B     		ldr	r3, .L16
 168 0042 03EB4503 		add	r3, r3, r5, lsl #1
 169 0046 4FF68172 		movw	r2, #65409
 170 004a 1A84     		strh	r2, [r3, #32]	@ movhi
 171              	.L13:
 154:.\main.c      ****         }
 155:.\main.c      ****         
 156:.\main.c      ****         /* Move analog data to USB array to prepare for sending */
 157:.\main.c      ****         USB_Input_Data[i] = AnalogData[i];
 172              		.loc 1 157 0 discriminator 2
 173 004c 044B     		ldr	r3, .L16
 174 004e 03EB4502 		add	r2, r3, r5, lsl #1
 175 0052 128C     		ldrh	r2, [r2, #32]
 176 0054 5A55     		strb	r2, [r3, r5]
 143:.\main.c      ****     {
 177              		.loc 1 143 0 discriminator 2
 178 0056 0134     		adds	r4, r4, #1
 179              	.LVL17:
 180 0058 E4B2     		uxtb	r4, r4
ARM GAS  C:\Users\Greg\AppData\Local\Temp\cctj2mis.s 			page 7


 181              	.LVL18:
 182              	.L11:
 143:.\main.c      ****     {
 183              		.loc 1 143 0 is_stmt 0 discriminator 1
 184 005a 072C     		cmp	r4, #7
 185 005c D3D9     		bls	.L14
 158:.\main.c      ****     }
 159:.\main.c      **** }
 186              		.loc 1 159 0 is_stmt 1
 187 005e 38BD     		pop	{r3, r4, r5, pc}
 188              	.LVL19:
 189              	.L17:
 190              		.align	2
 191              	.L16:
 192 0060 00000000 		.word	.LANCHOR0
 193              		.cfi_endproc
 194              	.LFE65:
 195              		.size	ReadAnalog, .-ReadAnalog
 196              		.section	.text.ReadButtons,"ax",%progbits
 197              		.align	2
 198              		.global	ReadButtons
 199              		.thumb
 200              		.thumb_func
 201              		.type	ReadButtons, %function
 202              	ReadButtons:
 203              	.LFB66:
 160:.\main.c      **** 
 161:.\main.c      **** void ReadButtons (void)
 162:.\main.c      **** {
 204              		.loc 1 162 0
 205              		.cfi_startproc
 206              		@ args = 0, pretend = 0, frame = 0
 207              		@ frame_needed = 0, uses_anonymous_args = 0
 208 0000 10B5     		push	{r4, lr}
 209              		.cfi_def_cfa_offset 8
 210              		.cfi_offset 4, -8
 211              		.cfi_offset 14, -4
 163:.\main.c      **** 	/* Read button values from status registers into USB array to prepare for sending */
 164:.\main.c      ****     USB_Input_Data[ANALOG_SIZE]   = ButtonReg1_Read(); /* First button byte is after the last analo
 212              		.loc 1 164 0
 213 0002 FFF7FEFF 		bl	ButtonReg1_Read
 214              	.LVL20:
 215 0006 044C     		ldr	r4, .L20
 216 0008 2072     		strb	r0, [r4, #8]
 165:.\main.c      ****     USB_Input_Data[ANALOG_SIZE+1] = ButtonReg2_Read();
 217              		.loc 1 165 0
 218 000a FFF7FEFF 		bl	ButtonReg2_Read
 219              	.LVL21:
 220 000e 6072     		strb	r0, [r4, #9]
 166:.\main.c      ****     USB_Input_Data[ANALOG_SIZE+2] = ButtonReg3_Read();
 221              		.loc 1 166 0
 222 0010 FFF7FEFF 		bl	ButtonReg3_Read
 223              	.LVL22:
 224 0014 A072     		strb	r0, [r4, #10]
 225 0016 10BD     		pop	{r4, pc}
 226              	.L21:
 227              		.align	2
ARM GAS  C:\Users\Greg\AppData\Local\Temp\cctj2mis.s 			page 8


 228              	.L20:
 229 0018 00000000 		.word	.LANCHOR0
 230              		.cfi_endproc
 231              	.LFE66:
 232              		.size	ReadButtons, .-ReadButtons
 233              		.section	.text.SetOutputs,"ax",%progbits
 234              		.align	2
 235              		.global	SetOutputs
 236              		.thumb
 237              		.thumb_func
 238              		.type	SetOutputs, %function
 239              	SetOutputs:
 240              	.LFB67:
 167:.\main.c      **** }
 168:.\main.c      **** 
 169:.\main.c      **** void SetOutputs (void)
 170:.\main.c      **** {
 241              		.loc 1 170 0
 242              		.cfi_startproc
 243              		@ args = 0, pretend = 0, frame = 0
 244              		@ frame_needed = 0, uses_anonymous_args = 0
 245 0000 10B5     		push	{r4, lr}
 246              		.cfi_def_cfa_offset 8
 247              		.cfi_offset 4, -8
 248              		.cfi_offset 14, -4
 171:.\main.c      ****     /* Write data received from USB to the output control registers */   
 172:.\main.c      ****     OutputReg1_Write(USB_Output_Data[0]);
 249              		.loc 1 172 0
 250 0002 044C     		ldr	r4, .L24
 251 0004 207B     		ldrb	r0, [r4, #12]	@ zero_extendqisi2
 252 0006 FFF7FEFF 		bl	OutputReg1_Write
 253              	.LVL23:
 173:.\main.c      ****     OutputReg2_Write(USB_Output_Data[1]);
 254              		.loc 1 173 0
 255 000a 607B     		ldrb	r0, [r4, #13]	@ zero_extendqisi2
 256 000c FFF7FEFF 		bl	OutputReg2_Write
 257              	.LVL24:
 258 0010 10BD     		pop	{r4, pc}
 259              	.L25:
 260 0012 00BF     		.align	2
 261              	.L24:
 262 0014 00000000 		.word	.LANCHOR0
 263              		.cfi_endproc
 264              	.LFE67:
 265              		.size	SetOutputs, .-SetOutputs
 266              		.section	.text.main,"ax",%progbits
 267              		.align	2
 268              		.global	main
 269              		.thumb
 270              		.thumb_func
 271              		.type	main, %function
 272              	main:
 273              	.LFB63:
  77:.\main.c      ****     uint16 outCount;
 274              		.loc 1 77 0
 275              		.cfi_startproc
 276              		@ args = 0, pretend = 0, frame = 0
ARM GAS  C:\Users\Greg\AppData\Local\Temp\cctj2mis.s 			page 9


 277              		@ frame_needed = 0, uses_anonymous_args = 0
 278 0000 08B5     		push	{r3, lr}
 279              		.cfi_def_cfa_offset 8
 280              		.cfi_offset 3, -8
 281              		.cfi_offset 14, -4
  80:.\main.c      **** 	
 282              		.loc 1 80 0
 283 0002 FFF7FEFF 		bl	StartUp
 284              	.LVL25:
 285              	.L27:
  84:.\main.c      ****         
 286              		.loc 1 84 0 discriminator 1
 287 0006 0120     		movs	r0, #1
 288 0008 FFF7FEFF 		bl	USBFS_1_GetEPAckState
 289              	.LVL26:
 290 000c 0028     		cmp	r0, #0
 291 000e FAD0     		beq	.L27
  86:.\main.c      ****         ReadButtons();	/* Calls function to monitor button presses */
 292              		.loc 1 86 0
 293 0010 FFF7FEFF 		bl	ReadAnalog
 294              	.LVL27:
  87:.\main.c      ****         
 295              		.loc 1 87 0
 296 0014 FFF7FEFF 		bl	ReadButtons
 297              	.LVL28:
  90:.\main.c      ****         {
 298              		.loc 1 90 0
 299 0018 0120     		movs	r0, #1
 300 001a FFF7FEFF 		bl	USBFS_1_GetEPState
 301              	.LVL29:
 302 001e 0128     		cmp	r0, #1
 303 0020 03D1     		bne	.L28
  93:.\main.c      ****         }
 304              		.loc 1 93 0
 305 0022 0B49     		ldr	r1, .L32
 306 0024 0B22     		movs	r2, #11
 307 0026 FFF7FEFF 		bl	USBFS_1_LoadInEP
 308              	.LVL30:
 309              	.L28:
  97:.\main.c      ****         {
 310              		.loc 1 97 0
 311 002a 0220     		movs	r0, #2
 312 002c FFF7FEFF 		bl	USBFS_1_GetEPState
 313              	.LVL31:
 314 0030 0128     		cmp	r0, #1
 315 0032 0AD1     		bne	.L29
 100:.\main.c      ****             /* Read the OUT endpoint and store data in OUT_Data_Buffer */
 316              		.loc 1 100 0
 317 0034 0220     		movs	r0, #2
 318 0036 FFF7FEFF 		bl	USBFS_1_GetEPCount
 319              	.LVL32:
 320 003a 0246     		mov	r2, r0
 321              	.LVL33:
 102:.\main.c      ****             /* Re-enable OUT endpoint */
 322              		.loc 1 102 0
 323 003c 0220     		movs	r0, #2
 324 003e 0549     		ldr	r1, .L32+4
ARM GAS  C:\Users\Greg\AppData\Local\Temp\cctj2mis.s 			page 10


 325 0040 FFF7FEFF 		bl	USBFS_1_ReadOutEP
 326              	.LVL34:
 104:.\main.c      ****         }
 327              		.loc 1 104 0
 328 0044 0220     		movs	r0, #2
 329 0046 FFF7FEFF 		bl	USBFS_1_EnableOutEP
 330              	.LVL35:
 331              	.L29:
 107:.\main.c      ****     }
 332              		.loc 1 107 0
 333 004a FFF7FEFF 		bl	SetOutputs
 334              	.LVL36:
 108:.\main.c      **** }
 335              		.loc 1 108 0
 336 004e DAE7     		b	.L27
 337              	.L33:
 338              		.align	2
 339              	.L32:
 340 0050 00000000 		.word	.LANCHOR0
 341 0054 0C000000 		.word	.LANCHOR0+12
 342              		.cfi_endproc
 343              	.LFE63:
 344              		.size	main, .-main
 345              		.bss
 346              		.align	2
 347              		.set	.LANCHOR0,. + 0
 348              		.type	USB_Input_Data, %object
 349              		.size	USB_Input_Data, 11
 350              	USB_Input_Data:
 351 0000 00000000 		.space	11
 351      00000000 
 351      000000
 352 000b 00       		.space	1
 353              		.type	USB_Output_Data, %object
 354              		.size	USB_Output_Data, 2
 355              	USB_Output_Data:
 356 000c 0000     		.space	2
 357 000e 0000     		.space	2
 358              		.type	AnalogRaw, %object
 359              		.size	AnalogRaw, 16
 360              	AnalogRaw:
 361 0010 00000000 		.space	16
 361      00000000 
 361      00000000 
 361      00000000 
 362              		.type	AnalogData, %object
 363              		.size	AnalogData, 16
 364              	AnalogData:
 365 0020 00000000 		.space	16
 365      00000000 
 365      00000000 
 365      00000000 
 366              		.text
 367              	.Letext0:
 368              		.file 2 "c:\\program files (x86)\\cypress\\psoc creator\\3.3\\psoc creator\\import\\gnu\\arm\\4.9.
 369              		.file 3 "c:\\program files (x86)\\cypress\\psoc creator\\3.3\\psoc creator\\import\\gnu\\arm\\4.9.
 370              		.file 4 "Generated_Source\\PSoC5/cytypes.h"
ARM GAS  C:\Users\Greg\AppData\Local\Temp\cctj2mis.s 			page 11


 371              		.file 5 "Generated_Source\\PSoC5/ADC.h"
 372              		.file 6 "Generated_Source\\PSoC5/USBFS_1.h"
 373              		.file 7 "Generated_Source\\PSoC5/ButtonReg1.h"
 374              		.file 8 "Generated_Source\\PSoC5/ButtonReg2.h"
 375              		.file 9 "Generated_Source\\PSoC5/ButtonReg3.h"
 376              		.file 10 "Generated_Source\\PSoC5/OutputReg1.h"
 377              		.file 11 "Generated_Source\\PSoC5/OutputReg2.h"
 378              		.file 12 "Generated_Source\\PSoC5/core_cm3.h"
 379              		.section	.debug_info,"",%progbits
 380              	.Ldebug_info0:
 381 0000 73040000 		.4byte	0x473
 382 0004 0400     		.2byte	0x4
 383 0006 00000000 		.4byte	.Ldebug_abbrev0
 384 000a 04       		.byte	0x4
 385 000b 01       		.uleb128 0x1
 386 000c 8C010000 		.4byte	.LASF45
 387 0010 01       		.byte	0x1
 388 0011 F2000000 		.4byte	.LASF46
 389 0015 70000000 		.4byte	.LASF47
 390 0019 00000000 		.4byte	.Ldebug_ranges0+0
 391 001d 00000000 		.4byte	0
 392 0021 00000000 		.4byte	.Ldebug_line0
 393 0025 02       		.uleb128 0x2
 394 0026 01       		.byte	0x1
 395 0027 06       		.byte	0x6
 396 0028 53020000 		.4byte	.LASF0
 397 002c 02       		.uleb128 0x2
 398 002d 01       		.byte	0x1
 399 002e 08       		.byte	0x8
 400 002f D4000000 		.4byte	.LASF1
 401 0033 02       		.uleb128 0x2
 402 0034 02       		.byte	0x2
 403 0035 05       		.byte	0x5
 404 0036 C0020000 		.4byte	.LASF2
 405 003a 02       		.uleb128 0x2
 406 003b 02       		.byte	0x2
 407 003c 07       		.byte	0x7
 408 003d 13010000 		.4byte	.LASF3
 409 0041 03       		.uleb128 0x3
 410 0042 1E000000 		.4byte	.LASF9
 411 0046 02       		.byte	0x2
 412 0047 3F       		.byte	0x3f
 413 0048 4C000000 		.4byte	0x4c
 414 004c 02       		.uleb128 0x2
 415 004d 04       		.byte	0x4
 416 004e 05       		.byte	0x5
 417 004f D3020000 		.4byte	.LASF4
 418 0053 02       		.uleb128 0x2
 419 0054 04       		.byte	0x4
 420 0055 07       		.byte	0x7
 421 0056 01010000 		.4byte	.LASF5
 422 005a 02       		.uleb128 0x2
 423 005b 08       		.byte	0x8
 424 005c 05       		.byte	0x5
 425 005d 96020000 		.4byte	.LASF6
 426 0061 02       		.uleb128 0x2
 427 0062 08       		.byte	0x8
ARM GAS  C:\Users\Greg\AppData\Local\Temp\cctj2mis.s 			page 12


 428 0063 07       		.byte	0x7
 429 0064 32020000 		.4byte	.LASF7
 430 0068 04       		.uleb128 0x4
 431 0069 04       		.byte	0x4
 432 006a 05       		.byte	0x5
 433 006b 696E7400 		.ascii	"int\000"
 434 006f 02       		.uleb128 0x2
 435 0070 04       		.byte	0x4
 436 0071 07       		.byte	0x7
 437 0072 25020000 		.4byte	.LASF8
 438 0076 03       		.uleb128 0x3
 439 0077 6F020000 		.4byte	.LASF10
 440 007b 03       		.byte	0x3
 441 007c 2C       		.byte	0x2c
 442 007d 41000000 		.4byte	0x41
 443 0081 03       		.uleb128 0x3
 444 0082 5A000000 		.4byte	.LASF11
 445 0086 04       		.byte	0x4
 446 0087 C2       		.byte	0xc2
 447 0088 2C000000 		.4byte	0x2c
 448 008c 03       		.uleb128 0x3
 449 008d 6D010000 		.4byte	.LASF12
 450 0091 04       		.byte	0x4
 451 0092 C3       		.byte	0xc3
 452 0093 3A000000 		.4byte	0x3a
 453 0097 03       		.uleb128 0x3
 454 0098 74010000 		.4byte	.LASF13
 455 009c 04       		.byte	0x4
 456 009d C5       		.byte	0xc5
 457 009e 25000000 		.4byte	0x25
 458 00a2 03       		.uleb128 0x3
 459 00a3 FB000000 		.4byte	.LASF14
 460 00a7 04       		.byte	0x4
 461 00a8 C6       		.byte	0xc6
 462 00a9 33000000 		.4byte	0x33
 463 00ad 02       		.uleb128 0x2
 464 00ae 04       		.byte	0x4
 465 00af 04       		.byte	0x4
 466 00b0 CE000000 		.4byte	.LASF15
 467 00b4 02       		.uleb128 0x2
 468 00b5 08       		.byte	0x8
 469 00b6 04       		.byte	0x4
 470 00b7 61010000 		.4byte	.LASF16
 471 00bb 02       		.uleb128 0x2
 472 00bc 01       		.byte	0x1
 473 00bd 08       		.byte	0x8
 474 00be A4020000 		.4byte	.LASF17
 475 00c2 02       		.uleb128 0x2
 476 00c3 04       		.byte	0x4
 477 00c4 07       		.byte	0x7
 478 00c5 77020000 		.4byte	.LASF18
 479 00c9 05       		.uleb128 0x5
 480 00ca 12030000 		.4byte	.LASF19
 481 00ce 01       		.byte	0x1
 482 00cf 6F       		.byte	0x6f
 483 00d0 00000000 		.4byte	.LFB64
 484 00d4 58000000 		.4byte	.LFE64-.LFB64
ARM GAS  C:\Users\Greg\AppData\Local\Temp\cctj2mis.s 			page 13


 485 00d8 01       		.uleb128 0x1
 486 00d9 9C       		.byte	0x9c
 487 00da 4F010000 		.4byte	0x14f
 488 00de 06       		.uleb128 0x6
 489 00df 6900     		.ascii	"i\000"
 490 00e1 01       		.byte	0x1
 491 00e2 71       		.byte	0x71
 492 00e3 81000000 		.4byte	0x81
 493 00e7 00000000 		.4byte	.LLST0
 494 00eb 07       		.uleb128 0x7
 495 00ec 2E000000 		.4byte	.LVL8
 496 00f0 54030000 		.4byte	0x354
 497 00f4 07       		.uleb128 0x7
 498 00f5 32000000 		.4byte	.LVL9
 499 00f9 5B030000 		.4byte	0x35b
 500 00fd 08       		.uleb128 0x8
 501 00fe 3A000000 		.4byte	.LVL10
 502 0102 62030000 		.4byte	0x362
 503 0106 15010000 		.4byte	0x115
 504 010a 09       		.uleb128 0x9
 505 010b 01       		.uleb128 0x1
 506 010c 51       		.byte	0x51
 507 010d 01       		.uleb128 0x1
 508 010e 32       		.byte	0x32
 509 010f 09       		.uleb128 0x9
 510 0110 01       		.uleb128 0x1
 511 0111 50       		.byte	0x50
 512 0112 01       		.uleb128 0x1
 513 0113 30       		.byte	0x30
 514 0114 00       		.byte	0
 515 0115 07       		.uleb128 0x7
 516 0116 3E000000 		.4byte	.LVL11
 517 011a 78030000 		.4byte	0x378
 518 011e 08       		.uleb128 0x8
 519 011f 4C000000 		.4byte	.LVL12
 520 0123 83030000 		.4byte	0x383
 521 0127 3F010000 		.4byte	0x13f
 522 012b 09       		.uleb128 0x9
 523 012c 01       		.uleb128 0x1
 524 012d 52       		.byte	0x52
 525 012e 01       		.uleb128 0x1
 526 012f 3B       		.byte	0x3b
 527 0130 09       		.uleb128 0x9
 528 0131 01       		.uleb128 0x1
 529 0132 51       		.byte	0x51
 530 0133 05       		.uleb128 0x5
 531 0134 03       		.byte	0x3
 532 0135 00000000 		.4byte	.LANCHOR0
 533 0139 09       		.uleb128 0x9
 534 013a 01       		.uleb128 0x1
 535 013b 50       		.byte	0x50
 536 013c 01       		.uleb128 0x1
 537 013d 31       		.byte	0x31
 538 013e 00       		.byte	0
 539 013f 0A       		.uleb128 0xa
 540 0140 52000000 		.4byte	.LVL13
 541 0144 A9030000 		.4byte	0x3a9
ARM GAS  C:\Users\Greg\AppData\Local\Temp\cctj2mis.s 			page 14


 542 0148 09       		.uleb128 0x9
 543 0149 01       		.uleb128 0x1
 544 014a 50       		.byte	0x50
 545 014b 01       		.uleb128 0x1
 546 014c 32       		.byte	0x32
 547 014d 00       		.byte	0
 548 014e 00       		.byte	0
 549 014f 05       		.uleb128 0x5
 550 0150 1A020000 		.4byte	.LASF20
 551 0154 01       		.byte	0x1
 552 0155 8B       		.byte	0x8b
 553 0156 00000000 		.4byte	.LFB65
 554 015a 64000000 		.4byte	.LFE65-.LFB65
 555 015e 01       		.uleb128 0x1
 556 015f 9C       		.byte	0x9c
 557 0160 82010000 		.4byte	0x182
 558 0164 06       		.uleb128 0x6
 559 0165 6900     		.ascii	"i\000"
 560 0167 01       		.byte	0x1
 561 0168 8D       		.byte	0x8d
 562 0169 81000000 		.4byte	0x81
 563 016d 40000000 		.4byte	.LLST1
 564 0171 0A       		.uleb128 0xa
 565 0172 0E000000 		.4byte	.LVL16
 566 0176 BA030000 		.4byte	0x3ba
 567 017a 09       		.uleb128 0x9
 568 017b 01       		.uleb128 0x1
 569 017c 50       		.byte	0x50
 570 017d 02       		.uleb128 0x2
 571 017e 75       		.byte	0x75
 572 017f 00       		.sleb128 0
 573 0180 00       		.byte	0
 574 0181 00       		.byte	0
 575 0182 05       		.uleb128 0x5
 576 0183 A9020000 		.4byte	.LASF21
 577 0187 01       		.byte	0x1
 578 0188 A1       		.byte	0xa1
 579 0189 00000000 		.4byte	.LFB66
 580 018d 1C000000 		.4byte	.LFE66-.LFB66
 581 0191 01       		.uleb128 0x1
 582 0192 9C       		.byte	0x9c
 583 0193 B3010000 		.4byte	0x1b3
 584 0197 07       		.uleb128 0x7
 585 0198 06000000 		.4byte	.LVL20
 586 019c CF030000 		.4byte	0x3cf
 587 01a0 07       		.uleb128 0x7
 588 01a1 0E000000 		.4byte	.LVL21
 589 01a5 DA030000 		.4byte	0x3da
 590 01a9 07       		.uleb128 0x7
 591 01aa 14000000 		.4byte	.LVL22
 592 01ae E5030000 		.4byte	0x3e5
 593 01b2 00       		.byte	0
 594 01b3 05       		.uleb128 0x5
 595 01b4 B5020000 		.4byte	.LASF22
 596 01b8 01       		.byte	0x1
 597 01b9 A9       		.byte	0xa9
 598 01ba 00000000 		.4byte	.LFB67
ARM GAS  C:\Users\Greg\AppData\Local\Temp\cctj2mis.s 			page 15


 599 01be 18000000 		.4byte	.LFE67-.LFB67
 600 01c2 01       		.uleb128 0x1
 601 01c3 9C       		.byte	0x9c
 602 01c4 DB010000 		.4byte	0x1db
 603 01c8 07       		.uleb128 0x7
 604 01c9 0A000000 		.4byte	.LVL23
 605 01cd F0030000 		.4byte	0x3f0
 606 01d1 07       		.uleb128 0x7
 607 01d2 10000000 		.4byte	.LVL24
 608 01d6 01040000 		.4byte	0x401
 609 01da 00       		.byte	0
 610 01db 0B       		.uleb128 0xb
 611 01dc 68010000 		.4byte	.LASF23
 612 01e0 01       		.byte	0x1
 613 01e1 4C       		.byte	0x4c
 614 01e2 68000000 		.4byte	0x68
 615 01e6 00000000 		.4byte	.LFB63
 616 01ea 58000000 		.4byte	.LFE63-.LFB63
 617 01ee 01       		.uleb128 0x1
 618 01ef 9C       		.byte	0x9c
 619 01f0 BF020000 		.4byte	0x2bf
 620 01f4 0C       		.uleb128 0xc
 621 01f5 CA020000 		.4byte	.LASF24
 622 01f9 01       		.byte	0x1
 623 01fa 4E       		.byte	0x4e
 624 01fb 8C000000 		.4byte	0x8c
 625 01ff 6A000000 		.4byte	.LLST2
 626 0203 07       		.uleb128 0x7
 627 0204 06000000 		.4byte	.LVL25
 628 0208 C9000000 		.4byte	0xc9
 629 020c 08       		.uleb128 0x8
 630 020d 0C000000 		.4byte	.LVL26
 631 0211 12040000 		.4byte	0x412
 632 0215 1F020000 		.4byte	0x21f
 633 0219 09       		.uleb128 0x9
 634 021a 01       		.uleb128 0x1
 635 021b 50       		.byte	0x50
 636 021c 01       		.uleb128 0x1
 637 021d 31       		.byte	0x31
 638 021e 00       		.byte	0
 639 021f 07       		.uleb128 0x7
 640 0220 14000000 		.4byte	.LVL27
 641 0224 4F010000 		.4byte	0x14f
 642 0228 07       		.uleb128 0x7
 643 0229 18000000 		.4byte	.LVL28
 644 022d 82010000 		.4byte	0x182
 645 0231 08       		.uleb128 0x8
 646 0232 1E000000 		.4byte	.LVL29
 647 0236 27040000 		.4byte	0x427
 648 023a 44020000 		.4byte	0x244
 649 023e 09       		.uleb128 0x9
 650 023f 01       		.uleb128 0x1
 651 0240 50       		.byte	0x50
 652 0241 01       		.uleb128 0x1
 653 0242 31       		.byte	0x31
 654 0243 00       		.byte	0
 655 0244 08       		.uleb128 0x8
ARM GAS  C:\Users\Greg\AppData\Local\Temp\cctj2mis.s 			page 16


 656 0245 2A000000 		.4byte	.LVL30
 657 0249 83030000 		.4byte	0x383
 658 024d 60020000 		.4byte	0x260
 659 0251 09       		.uleb128 0x9
 660 0252 01       		.uleb128 0x1
 661 0253 52       		.byte	0x52
 662 0254 01       		.uleb128 0x1
 663 0255 3B       		.byte	0x3b
 664 0256 09       		.uleb128 0x9
 665 0257 01       		.uleb128 0x1
 666 0258 51       		.byte	0x51
 667 0259 05       		.uleb128 0x5
 668 025a 03       		.byte	0x3
 669 025b 00000000 		.4byte	.LANCHOR0
 670 025f 00       		.byte	0
 671 0260 08       		.uleb128 0x8
 672 0261 30000000 		.4byte	.LVL31
 673 0265 27040000 		.4byte	0x427
 674 0269 73020000 		.4byte	0x273
 675 026d 09       		.uleb128 0x9
 676 026e 01       		.uleb128 0x1
 677 026f 50       		.byte	0x50
 678 0270 01       		.uleb128 0x1
 679 0271 32       		.byte	0x32
 680 0272 00       		.byte	0
 681 0273 08       		.uleb128 0x8
 682 0274 3A000000 		.4byte	.LVL32
 683 0278 3C040000 		.4byte	0x43c
 684 027c 86020000 		.4byte	0x286
 685 0280 09       		.uleb128 0x9
 686 0281 01       		.uleb128 0x1
 687 0282 50       		.byte	0x50
 688 0283 01       		.uleb128 0x1
 689 0284 32       		.byte	0x32
 690 0285 00       		.byte	0
 691 0286 08       		.uleb128 0x8
 692 0287 44000000 		.4byte	.LVL34
 693 028b 51040000 		.4byte	0x451
 694 028f A2020000 		.4byte	0x2a2
 695 0293 09       		.uleb128 0x9
 696 0294 01       		.uleb128 0x1
 697 0295 51       		.byte	0x51
 698 0296 05       		.uleb128 0x5
 699 0297 03       		.byte	0x3
 700 0298 0C000000 		.4byte	.LANCHOR0+12
 701 029c 09       		.uleb128 0x9
 702 029d 01       		.uleb128 0x1
 703 029e 50       		.byte	0x50
 704 029f 01       		.uleb128 0x1
 705 02a0 32       		.byte	0x32
 706 02a1 00       		.byte	0
 707 02a2 08       		.uleb128 0x8
 708 02a3 4A000000 		.4byte	.LVL35
 709 02a7 A9030000 		.4byte	0x3a9
 710 02ab B5020000 		.4byte	0x2b5
 711 02af 09       		.uleb128 0x9
 712 02b0 01       		.uleb128 0x1
ARM GAS  C:\Users\Greg\AppData\Local\Temp\cctj2mis.s 			page 17


 713 02b1 50       		.byte	0x50
 714 02b2 01       		.uleb128 0x1
 715 02b3 32       		.byte	0x32
 716 02b4 00       		.byte	0
 717 02b5 07       		.uleb128 0x7
 718 02b6 4E000000 		.4byte	.LVL36
 719 02ba B3010000 		.4byte	0x1b3
 720 02be 00       		.byte	0
 721 02bf 0D       		.uleb128 0xd
 722 02c0 8C000000 		.4byte	0x8c
 723 02c4 CF020000 		.4byte	0x2cf
 724 02c8 0E       		.uleb128 0xe
 725 02c9 C2000000 		.4byte	0xc2
 726 02cd 07       		.byte	0x7
 727 02ce 00       		.byte	0
 728 02cf 0F       		.uleb128 0xf
 729 02d0 28000000 		.4byte	.LASF25
 730 02d4 01       		.byte	0x1
 731 02d5 47       		.byte	0x47
 732 02d6 BF020000 		.4byte	0x2bf
 733 02da 05       		.uleb128 0x5
 734 02db 03       		.byte	0x3
 735 02dc 10000000 		.4byte	AnalogRaw
 736 02e0 0D       		.uleb128 0xd
 737 02e1 A2000000 		.4byte	0xa2
 738 02e5 F0020000 		.4byte	0x2f0
 739 02e9 0E       		.uleb128 0xe
 740 02ea C2000000 		.4byte	0xc2
 741 02ee 07       		.byte	0x7
 742 02ef 00       		.byte	0
 743 02f0 0F       		.uleb128 0xf
 744 02f1 26010000 		.4byte	.LASF26
 745 02f5 01       		.byte	0x1
 746 02f6 48       		.byte	0x48
 747 02f7 E0020000 		.4byte	0x2e0
 748 02fb 05       		.uleb128 0x5
 749 02fc 03       		.byte	0x3
 750 02fd 20000000 		.4byte	AnalogData
 751 0301 0D       		.uleb128 0xd
 752 0302 97000000 		.4byte	0x97
 753 0306 11030000 		.4byte	0x311
 754 030a 0E       		.uleb128 0xe
 755 030b C2000000 		.4byte	0xc2
 756 030f 0A       		.byte	0xa
 757 0310 00       		.byte	0
 758 0311 0F       		.uleb128 0xf
 759 0312 32000000 		.4byte	.LASF27
 760 0316 01       		.byte	0x1
 761 0317 49       		.byte	0x49
 762 0318 01030000 		.4byte	0x301
 763 031c 05       		.uleb128 0x5
 764 031d 03       		.byte	0x3
 765 031e 00000000 		.4byte	USB_Input_Data
 766 0322 0D       		.uleb128 0xd
 767 0323 81000000 		.4byte	0x81
 768 0327 32030000 		.4byte	0x332
 769 032b 0E       		.uleb128 0xe
ARM GAS  C:\Users\Greg\AppData\Local\Temp\cctj2mis.s 			page 18


 770 032c C2000000 		.4byte	0xc2
 771 0330 01       		.byte	0x1
 772 0331 00       		.byte	0
 773 0332 0F       		.uleb128 0xf
 774 0333 3E010000 		.4byte	.LASF28
 775 0337 01       		.byte	0x1
 776 0338 4A       		.byte	0x4a
 777 0339 22030000 		.4byte	0x322
 778 033d 05       		.uleb128 0x5
 779 033e 03       		.byte	0x3
 780 033f 0C000000 		.4byte	USB_Output_Data
 781 0343 10       		.uleb128 0x10
 782 0344 31010000 		.4byte	.LASF48
 783 0348 0C       		.byte	0xc
 784 0349 2A06     		.2byte	0x62a
 785 034b 4F030000 		.4byte	0x34f
 786 034f 11       		.uleb128 0x11
 787 0350 76000000 		.4byte	0x76
 788 0354 12       		.uleb128 0x12
 789 0355 49020000 		.4byte	.LASF29
 790 0359 05       		.byte	0x5
 791 035a 31       		.byte	0x31
 792 035b 12       		.uleb128 0x12
 793 035c 1A030000 		.4byte	.LASF30
 794 0360 05       		.byte	0x5
 795 0361 A1       		.byte	0xa1
 796 0362 13       		.uleb128 0x13
 797 0363 00000000 		.4byte	.LASF31
 798 0367 06       		.byte	0x6
 799 0368 C4       		.byte	0xc4
 800 0369 78030000 		.4byte	0x378
 801 036d 14       		.uleb128 0x14
 802 036e 81000000 		.4byte	0x81
 803 0372 14       		.uleb128 0x14
 804 0373 81000000 		.4byte	0x81
 805 0377 00       		.byte	0
 806 0378 15       		.uleb128 0x15
 807 0379 41000000 		.4byte	.LASF34
 808 037d 06       		.byte	0x6
 809 037e C9       		.byte	0xc9
 810 037f 81000000 		.4byte	0x81
 811 0383 13       		.uleb128 0x13
 812 0384 BD000000 		.4byte	.LASF32
 813 0388 06       		.byte	0x6
 814 0389 CF       		.byte	0xcf
 815 038a 9E030000 		.4byte	0x39e
 816 038e 14       		.uleb128 0x14
 817 038f 81000000 		.4byte	0x81
 818 0393 14       		.uleb128 0x14
 819 0394 9E030000 		.4byte	0x39e
 820 0398 14       		.uleb128 0x14
 821 0399 8C000000 		.4byte	0x8c
 822 039d 00       		.byte	0
 823 039e 16       		.uleb128 0x16
 824 039f 04       		.byte	0x4
 825 03a0 A4030000 		.4byte	0x3a4
 826 03a4 17       		.uleb128 0x17
ARM GAS  C:\Users\Greg\AppData\Local\Temp\cctj2mis.s 			page 19


 827 03a5 81000000 		.4byte	0x81
 828 03a9 13       		.uleb128 0x13
 829 03aa ED020000 		.4byte	.LASF33
 830 03ae 06       		.byte	0x6
 831 03af D3       		.byte	0xd3
 832 03b0 BA030000 		.4byte	0x3ba
 833 03b4 14       		.uleb128 0x14
 834 03b5 81000000 		.4byte	0x81
 835 03b9 00       		.byte	0
 836 03ba 18       		.uleb128 0x18
 837 03bb 60000000 		.4byte	.LASF40
 838 03bf 05       		.byte	0x5
 839 03c0 35       		.byte	0x35
 840 03c1 A2000000 		.4byte	0xa2
 841 03c5 CF030000 		.4byte	0x3cf
 842 03c9 14       		.uleb128 0x14
 843 03ca 8C000000 		.4byte	0x8c
 844 03ce 00       		.byte	0
 845 03cf 15       		.uleb128 0x15
 846 03d0 0E000000 		.4byte	.LASF35
 847 03d4 07       		.byte	0x7
 848 03d5 28       		.byte	0x28
 849 03d6 81000000 		.4byte	0x81
 850 03da 15       		.uleb128 0x15
 851 03db E2000000 		.4byte	.LASF36
 852 03df 08       		.byte	0x8
 853 03e0 28       		.byte	0x28
 854 03e1 81000000 		.4byte	0x81
 855 03e5 15       		.uleb128 0x15
 856 03e6 5F020000 		.4byte	.LASF37
 857 03ea 09       		.byte	0x9
 858 03eb 28       		.byte	0x28
 859 03ec 81000000 		.4byte	0x81
 860 03f0 13       		.uleb128 0x13
 861 03f1 01030000 		.4byte	.LASF38
 862 03f5 0A       		.byte	0xa
 863 03f6 27       		.byte	0x27
 864 03f7 01040000 		.4byte	0x401
 865 03fb 14       		.uleb128 0x14
 866 03fc 81000000 		.4byte	0x81
 867 0400 00       		.byte	0
 868 0401 13       		.uleb128 0x13
 869 0402 DC020000 		.4byte	.LASF39
 870 0406 0B       		.byte	0xb
 871 0407 27       		.byte	0x27
 872 0408 12040000 		.4byte	0x412
 873 040c 14       		.uleb128 0x14
 874 040d 81000000 		.4byte	0x81
 875 0411 00       		.byte	0
 876 0412 18       		.uleb128 0x18
 877 0413 80020000 		.4byte	.LASF41
 878 0417 06       		.byte	0x6
 879 0418 D6       		.byte	0xd6
 880 0419 81000000 		.4byte	0x81
 881 041d 27040000 		.4byte	0x427
 882 0421 14       		.uleb128 0x14
 883 0422 81000000 		.4byte	0x81
ARM GAS  C:\Users\Greg\AppData\Local\Temp\cctj2mis.s 			page 20


 884 0426 00       		.byte	0
 885 0427 18       		.uleb128 0x18
 886 0428 79010000 		.4byte	.LASF42
 887 042c 06       		.byte	0x6
 888 042d CD       		.byte	0xcd
 889 042e 81000000 		.4byte	0x81
 890 0432 3C040000 		.4byte	0x43c
 891 0436 14       		.uleb128 0x14
 892 0437 81000000 		.4byte	0x81
 893 043b 00       		.byte	0
 894 043c 18       		.uleb128 0x18
 895 043d 4E010000 		.4byte	.LASF43
 896 0441 06       		.byte	0x6
 897 0442 CE       		.byte	0xce
 898 0443 8C000000 		.4byte	0x8c
 899 0447 51040000 		.4byte	0x451
 900 044b 14       		.uleb128 0x14
 901 044c 81000000 		.4byte	0x81
 902 0450 00       		.byte	0
 903 0451 18       		.uleb128 0x18
 904 0452 2B030000 		.4byte	.LASF44
 905 0456 06       		.byte	0x6
 906 0457 D1       		.byte	0xd1
 907 0458 8C000000 		.4byte	0x8c
 908 045c 70040000 		.4byte	0x470
 909 0460 14       		.uleb128 0x14
 910 0461 81000000 		.4byte	0x81
 911 0465 14       		.uleb128 0x14
 912 0466 70040000 		.4byte	0x470
 913 046a 14       		.uleb128 0x14
 914 046b 8C000000 		.4byte	0x8c
 915 046f 00       		.byte	0
 916 0470 16       		.uleb128 0x16
 917 0471 04       		.byte	0x4
 918 0472 81000000 		.4byte	0x81
 919 0476 00       		.byte	0
 920              		.section	.debug_abbrev,"",%progbits
 921              	.Ldebug_abbrev0:
 922 0000 01       		.uleb128 0x1
 923 0001 11       		.uleb128 0x11
 924 0002 01       		.byte	0x1
 925 0003 25       		.uleb128 0x25
 926 0004 0E       		.uleb128 0xe
 927 0005 13       		.uleb128 0x13
 928 0006 0B       		.uleb128 0xb
 929 0007 03       		.uleb128 0x3
 930 0008 0E       		.uleb128 0xe
 931 0009 1B       		.uleb128 0x1b
 932 000a 0E       		.uleb128 0xe
 933 000b 55       		.uleb128 0x55
 934 000c 17       		.uleb128 0x17
 935 000d 11       		.uleb128 0x11
 936 000e 01       		.uleb128 0x1
 937 000f 10       		.uleb128 0x10
 938 0010 17       		.uleb128 0x17
 939 0011 00       		.byte	0
 940 0012 00       		.byte	0
ARM GAS  C:\Users\Greg\AppData\Local\Temp\cctj2mis.s 			page 21


 941 0013 02       		.uleb128 0x2
 942 0014 24       		.uleb128 0x24
 943 0015 00       		.byte	0
 944 0016 0B       		.uleb128 0xb
 945 0017 0B       		.uleb128 0xb
 946 0018 3E       		.uleb128 0x3e
 947 0019 0B       		.uleb128 0xb
 948 001a 03       		.uleb128 0x3
 949 001b 0E       		.uleb128 0xe
 950 001c 00       		.byte	0
 951 001d 00       		.byte	0
 952 001e 03       		.uleb128 0x3
 953 001f 16       		.uleb128 0x16
 954 0020 00       		.byte	0
 955 0021 03       		.uleb128 0x3
 956 0022 0E       		.uleb128 0xe
 957 0023 3A       		.uleb128 0x3a
 958 0024 0B       		.uleb128 0xb
 959 0025 3B       		.uleb128 0x3b
 960 0026 0B       		.uleb128 0xb
 961 0027 49       		.uleb128 0x49
 962 0028 13       		.uleb128 0x13
 963 0029 00       		.byte	0
 964 002a 00       		.byte	0
 965 002b 04       		.uleb128 0x4
 966 002c 24       		.uleb128 0x24
 967 002d 00       		.byte	0
 968 002e 0B       		.uleb128 0xb
 969 002f 0B       		.uleb128 0xb
 970 0030 3E       		.uleb128 0x3e
 971 0031 0B       		.uleb128 0xb
 972 0032 03       		.uleb128 0x3
 973 0033 08       		.uleb128 0x8
 974 0034 00       		.byte	0
 975 0035 00       		.byte	0
 976 0036 05       		.uleb128 0x5
 977 0037 2E       		.uleb128 0x2e
 978 0038 01       		.byte	0x1
 979 0039 3F       		.uleb128 0x3f
 980 003a 19       		.uleb128 0x19
 981 003b 03       		.uleb128 0x3
 982 003c 0E       		.uleb128 0xe
 983 003d 3A       		.uleb128 0x3a
 984 003e 0B       		.uleb128 0xb
 985 003f 3B       		.uleb128 0x3b
 986 0040 0B       		.uleb128 0xb
 987 0041 27       		.uleb128 0x27
 988 0042 19       		.uleb128 0x19
 989 0043 11       		.uleb128 0x11
 990 0044 01       		.uleb128 0x1
 991 0045 12       		.uleb128 0x12
 992 0046 06       		.uleb128 0x6
 993 0047 40       		.uleb128 0x40
 994 0048 18       		.uleb128 0x18
 995 0049 9742     		.uleb128 0x2117
 996 004b 19       		.uleb128 0x19
 997 004c 01       		.uleb128 0x1
ARM GAS  C:\Users\Greg\AppData\Local\Temp\cctj2mis.s 			page 22


 998 004d 13       		.uleb128 0x13
 999 004e 00       		.byte	0
 1000 004f 00       		.byte	0
 1001 0050 06       		.uleb128 0x6
 1002 0051 34       		.uleb128 0x34
 1003 0052 00       		.byte	0
 1004 0053 03       		.uleb128 0x3
 1005 0054 08       		.uleb128 0x8
 1006 0055 3A       		.uleb128 0x3a
 1007 0056 0B       		.uleb128 0xb
 1008 0057 3B       		.uleb128 0x3b
 1009 0058 0B       		.uleb128 0xb
 1010 0059 49       		.uleb128 0x49
 1011 005a 13       		.uleb128 0x13
 1012 005b 02       		.uleb128 0x2
 1013 005c 17       		.uleb128 0x17
 1014 005d 00       		.byte	0
 1015 005e 00       		.byte	0
 1016 005f 07       		.uleb128 0x7
 1017 0060 898201   		.uleb128 0x4109
 1018 0063 00       		.byte	0
 1019 0064 11       		.uleb128 0x11
 1020 0065 01       		.uleb128 0x1
 1021 0066 31       		.uleb128 0x31
 1022 0067 13       		.uleb128 0x13
 1023 0068 00       		.byte	0
 1024 0069 00       		.byte	0
 1025 006a 08       		.uleb128 0x8
 1026 006b 898201   		.uleb128 0x4109
 1027 006e 01       		.byte	0x1
 1028 006f 11       		.uleb128 0x11
 1029 0070 01       		.uleb128 0x1
 1030 0071 31       		.uleb128 0x31
 1031 0072 13       		.uleb128 0x13
 1032 0073 01       		.uleb128 0x1
 1033 0074 13       		.uleb128 0x13
 1034 0075 00       		.byte	0
 1035 0076 00       		.byte	0
 1036 0077 09       		.uleb128 0x9
 1037 0078 8A8201   		.uleb128 0x410a
 1038 007b 00       		.byte	0
 1039 007c 02       		.uleb128 0x2
 1040 007d 18       		.uleb128 0x18
 1041 007e 9142     		.uleb128 0x2111
 1042 0080 18       		.uleb128 0x18
 1043 0081 00       		.byte	0
 1044 0082 00       		.byte	0
 1045 0083 0A       		.uleb128 0xa
 1046 0084 898201   		.uleb128 0x4109
 1047 0087 01       		.byte	0x1
 1048 0088 11       		.uleb128 0x11
 1049 0089 01       		.uleb128 0x1
 1050 008a 31       		.uleb128 0x31
 1051 008b 13       		.uleb128 0x13
 1052 008c 00       		.byte	0
 1053 008d 00       		.byte	0
 1054 008e 0B       		.uleb128 0xb
ARM GAS  C:\Users\Greg\AppData\Local\Temp\cctj2mis.s 			page 23


 1055 008f 2E       		.uleb128 0x2e
 1056 0090 01       		.byte	0x1
 1057 0091 3F       		.uleb128 0x3f
 1058 0092 19       		.uleb128 0x19
 1059 0093 03       		.uleb128 0x3
 1060 0094 0E       		.uleb128 0xe
 1061 0095 3A       		.uleb128 0x3a
 1062 0096 0B       		.uleb128 0xb
 1063 0097 3B       		.uleb128 0x3b
 1064 0098 0B       		.uleb128 0xb
 1065 0099 49       		.uleb128 0x49
 1066 009a 13       		.uleb128 0x13
 1067 009b 11       		.uleb128 0x11
 1068 009c 01       		.uleb128 0x1
 1069 009d 12       		.uleb128 0x12
 1070 009e 06       		.uleb128 0x6
 1071 009f 40       		.uleb128 0x40
 1072 00a0 18       		.uleb128 0x18
 1073 00a1 9742     		.uleb128 0x2117
 1074 00a3 19       		.uleb128 0x19
 1075 00a4 01       		.uleb128 0x1
 1076 00a5 13       		.uleb128 0x13
 1077 00a6 00       		.byte	0
 1078 00a7 00       		.byte	0
 1079 00a8 0C       		.uleb128 0xc
 1080 00a9 34       		.uleb128 0x34
 1081 00aa 00       		.byte	0
 1082 00ab 03       		.uleb128 0x3
 1083 00ac 0E       		.uleb128 0xe
 1084 00ad 3A       		.uleb128 0x3a
 1085 00ae 0B       		.uleb128 0xb
 1086 00af 3B       		.uleb128 0x3b
 1087 00b0 0B       		.uleb128 0xb
 1088 00b1 49       		.uleb128 0x49
 1089 00b2 13       		.uleb128 0x13
 1090 00b3 02       		.uleb128 0x2
 1091 00b4 17       		.uleb128 0x17
 1092 00b5 00       		.byte	0
 1093 00b6 00       		.byte	0
 1094 00b7 0D       		.uleb128 0xd
 1095 00b8 01       		.uleb128 0x1
 1096 00b9 01       		.byte	0x1
 1097 00ba 49       		.uleb128 0x49
 1098 00bb 13       		.uleb128 0x13
 1099 00bc 01       		.uleb128 0x1
 1100 00bd 13       		.uleb128 0x13
 1101 00be 00       		.byte	0
 1102 00bf 00       		.byte	0
 1103 00c0 0E       		.uleb128 0xe
 1104 00c1 21       		.uleb128 0x21
 1105 00c2 00       		.byte	0
 1106 00c3 49       		.uleb128 0x49
 1107 00c4 13       		.uleb128 0x13
 1108 00c5 2F       		.uleb128 0x2f
 1109 00c6 0B       		.uleb128 0xb
 1110 00c7 00       		.byte	0
 1111 00c8 00       		.byte	0
ARM GAS  C:\Users\Greg\AppData\Local\Temp\cctj2mis.s 			page 24


 1112 00c9 0F       		.uleb128 0xf
 1113 00ca 34       		.uleb128 0x34
 1114 00cb 00       		.byte	0
 1115 00cc 03       		.uleb128 0x3
 1116 00cd 0E       		.uleb128 0xe
 1117 00ce 3A       		.uleb128 0x3a
 1118 00cf 0B       		.uleb128 0xb
 1119 00d0 3B       		.uleb128 0x3b
 1120 00d1 0B       		.uleb128 0xb
 1121 00d2 49       		.uleb128 0x49
 1122 00d3 13       		.uleb128 0x13
 1123 00d4 02       		.uleb128 0x2
 1124 00d5 18       		.uleb128 0x18
 1125 00d6 00       		.byte	0
 1126 00d7 00       		.byte	0
 1127 00d8 10       		.uleb128 0x10
 1128 00d9 34       		.uleb128 0x34
 1129 00da 00       		.byte	0
 1130 00db 03       		.uleb128 0x3
 1131 00dc 0E       		.uleb128 0xe
 1132 00dd 3A       		.uleb128 0x3a
 1133 00de 0B       		.uleb128 0xb
 1134 00df 3B       		.uleb128 0x3b
 1135 00e0 05       		.uleb128 0x5
 1136 00e1 49       		.uleb128 0x49
 1137 00e2 13       		.uleb128 0x13
 1138 00e3 3F       		.uleb128 0x3f
 1139 00e4 19       		.uleb128 0x19
 1140 00e5 3C       		.uleb128 0x3c
 1141 00e6 19       		.uleb128 0x19
 1142 00e7 00       		.byte	0
 1143 00e8 00       		.byte	0
 1144 00e9 11       		.uleb128 0x11
 1145 00ea 35       		.uleb128 0x35
 1146 00eb 00       		.byte	0
 1147 00ec 49       		.uleb128 0x49
 1148 00ed 13       		.uleb128 0x13
 1149 00ee 00       		.byte	0
 1150 00ef 00       		.byte	0
 1151 00f0 12       		.uleb128 0x12
 1152 00f1 2E       		.uleb128 0x2e
 1153 00f2 00       		.byte	0
 1154 00f3 3F       		.uleb128 0x3f
 1155 00f4 19       		.uleb128 0x19
 1156 00f5 03       		.uleb128 0x3
 1157 00f6 0E       		.uleb128 0xe
 1158 00f7 3A       		.uleb128 0x3a
 1159 00f8 0B       		.uleb128 0xb
 1160 00f9 3B       		.uleb128 0x3b
 1161 00fa 0B       		.uleb128 0xb
 1162 00fb 27       		.uleb128 0x27
 1163 00fc 19       		.uleb128 0x19
 1164 00fd 3C       		.uleb128 0x3c
 1165 00fe 19       		.uleb128 0x19
 1166 00ff 00       		.byte	0
 1167 0100 00       		.byte	0
 1168 0101 13       		.uleb128 0x13
ARM GAS  C:\Users\Greg\AppData\Local\Temp\cctj2mis.s 			page 25


 1169 0102 2E       		.uleb128 0x2e
 1170 0103 01       		.byte	0x1
 1171 0104 3F       		.uleb128 0x3f
 1172 0105 19       		.uleb128 0x19
 1173 0106 03       		.uleb128 0x3
 1174 0107 0E       		.uleb128 0xe
 1175 0108 3A       		.uleb128 0x3a
 1176 0109 0B       		.uleb128 0xb
 1177 010a 3B       		.uleb128 0x3b
 1178 010b 0B       		.uleb128 0xb
 1179 010c 27       		.uleb128 0x27
 1180 010d 19       		.uleb128 0x19
 1181 010e 3C       		.uleb128 0x3c
 1182 010f 19       		.uleb128 0x19
 1183 0110 01       		.uleb128 0x1
 1184 0111 13       		.uleb128 0x13
 1185 0112 00       		.byte	0
 1186 0113 00       		.byte	0
 1187 0114 14       		.uleb128 0x14
 1188 0115 05       		.uleb128 0x5
 1189 0116 00       		.byte	0
 1190 0117 49       		.uleb128 0x49
 1191 0118 13       		.uleb128 0x13
 1192 0119 00       		.byte	0
 1193 011a 00       		.byte	0
 1194 011b 15       		.uleb128 0x15
 1195 011c 2E       		.uleb128 0x2e
 1196 011d 00       		.byte	0
 1197 011e 3F       		.uleb128 0x3f
 1198 011f 19       		.uleb128 0x19
 1199 0120 03       		.uleb128 0x3
 1200 0121 0E       		.uleb128 0xe
 1201 0122 3A       		.uleb128 0x3a
 1202 0123 0B       		.uleb128 0xb
 1203 0124 3B       		.uleb128 0x3b
 1204 0125 0B       		.uleb128 0xb
 1205 0126 27       		.uleb128 0x27
 1206 0127 19       		.uleb128 0x19
 1207 0128 49       		.uleb128 0x49
 1208 0129 13       		.uleb128 0x13
 1209 012a 3C       		.uleb128 0x3c
 1210 012b 19       		.uleb128 0x19
 1211 012c 00       		.byte	0
 1212 012d 00       		.byte	0
 1213 012e 16       		.uleb128 0x16
 1214 012f 0F       		.uleb128 0xf
 1215 0130 00       		.byte	0
 1216 0131 0B       		.uleb128 0xb
 1217 0132 0B       		.uleb128 0xb
 1218 0133 49       		.uleb128 0x49
 1219 0134 13       		.uleb128 0x13
 1220 0135 00       		.byte	0
 1221 0136 00       		.byte	0
 1222 0137 17       		.uleb128 0x17
 1223 0138 26       		.uleb128 0x26
 1224 0139 00       		.byte	0
 1225 013a 49       		.uleb128 0x49
ARM GAS  C:\Users\Greg\AppData\Local\Temp\cctj2mis.s 			page 26


 1226 013b 13       		.uleb128 0x13
 1227 013c 00       		.byte	0
 1228 013d 00       		.byte	0
 1229 013e 18       		.uleb128 0x18
 1230 013f 2E       		.uleb128 0x2e
 1231 0140 01       		.byte	0x1
 1232 0141 3F       		.uleb128 0x3f
 1233 0142 19       		.uleb128 0x19
 1234 0143 03       		.uleb128 0x3
 1235 0144 0E       		.uleb128 0xe
 1236 0145 3A       		.uleb128 0x3a
 1237 0146 0B       		.uleb128 0xb
 1238 0147 3B       		.uleb128 0x3b
 1239 0148 0B       		.uleb128 0xb
 1240 0149 27       		.uleb128 0x27
 1241 014a 19       		.uleb128 0x19
 1242 014b 49       		.uleb128 0x49
 1243 014c 13       		.uleb128 0x13
 1244 014d 3C       		.uleb128 0x3c
 1245 014e 19       		.uleb128 0x19
 1246 014f 01       		.uleb128 0x1
 1247 0150 13       		.uleb128 0x13
 1248 0151 00       		.byte	0
 1249 0152 00       		.byte	0
 1250 0153 00       		.byte	0
 1251              		.section	.debug_loc,"",%progbits
 1252              	.Ldebug_loc0:
 1253              	.LLST0:
 1254 0000 02000000 		.4byte	.LVL0
 1255 0004 06000000 		.4byte	.LVL1
 1256 0008 0200     		.2byte	0x2
 1257 000a 30       		.byte	0x30
 1258 000b 9F       		.byte	0x9f
 1259 000c 06000000 		.4byte	.LVL1
 1260 0010 0E000000 		.4byte	.LVL2
 1261 0014 0100     		.2byte	0x1
 1262 0016 53       		.byte	0x53
 1263 0017 10000000 		.4byte	.LVL3
 1264 001b 16000000 		.4byte	.LVL4
 1265 001f 0100     		.2byte	0x1
 1266 0021 53       		.byte	0x53
 1267 0022 18000000 		.4byte	.LVL5
 1268 0026 22000000 		.4byte	.LVL6
 1269 002a 0100     		.2byte	0x1
 1270 002c 53       		.byte	0x53
 1271 002d 24000000 		.4byte	.LVL7
 1272 0031 2D000000 		.4byte	.LVL8-1
 1273 0035 0100     		.2byte	0x1
 1274 0037 53       		.byte	0x53
 1275 0038 00000000 		.4byte	0
 1276 003c 00000000 		.4byte	0
 1277              	.LLST1:
 1278 0040 02000000 		.4byte	.LVL14
 1279 0044 06000000 		.4byte	.LVL15
 1280 0048 0200     		.2byte	0x2
 1281 004a 30       		.byte	0x30
 1282 004b 9F       		.byte	0x9f
ARM GAS  C:\Users\Greg\AppData\Local\Temp\cctj2mis.s 			page 27


 1283 004c 06000000 		.4byte	.LVL15
 1284 0050 58000000 		.4byte	.LVL17
 1285 0054 0100     		.2byte	0x1
 1286 0056 54       		.byte	0x54
 1287 0057 5A000000 		.4byte	.LVL18
 1288 005b 60000000 		.4byte	.LVL19
 1289 005f 0100     		.2byte	0x1
 1290 0061 54       		.byte	0x54
 1291 0062 00000000 		.4byte	0
 1292 0066 00000000 		.4byte	0
 1293              	.LLST2:
 1294 006a 3C000000 		.4byte	.LVL33
 1295 006e 43000000 		.4byte	.LVL34-1
 1296 0072 0100     		.2byte	0x1
 1297 0074 52       		.byte	0x52
 1298 0075 00000000 		.4byte	0
 1299 0079 00000000 		.4byte	0
 1300              		.section	.debug_aranges,"",%progbits
 1301 0000 3C000000 		.4byte	0x3c
 1302 0004 0200     		.2byte	0x2
 1303 0006 00000000 		.4byte	.Ldebug_info0
 1304 000a 04       		.byte	0x4
 1305 000b 00       		.byte	0
 1306 000c 0000     		.2byte	0
 1307 000e 0000     		.2byte	0
 1308 0010 00000000 		.4byte	.LFB64
 1309 0014 58000000 		.4byte	.LFE64-.LFB64
 1310 0018 00000000 		.4byte	.LFB65
 1311 001c 64000000 		.4byte	.LFE65-.LFB65
 1312 0020 00000000 		.4byte	.LFB66
 1313 0024 1C000000 		.4byte	.LFE66-.LFB66
 1314 0028 00000000 		.4byte	.LFB67
 1315 002c 18000000 		.4byte	.LFE67-.LFB67
 1316 0030 00000000 		.4byte	.LFB63
 1317 0034 58000000 		.4byte	.LFE63-.LFB63
 1318 0038 00000000 		.4byte	0
 1319 003c 00000000 		.4byte	0
 1320              		.section	.debug_ranges,"",%progbits
 1321              	.Ldebug_ranges0:
 1322 0000 00000000 		.4byte	.LFB64
 1323 0004 58000000 		.4byte	.LFE64
 1324 0008 00000000 		.4byte	.LFB65
 1325 000c 64000000 		.4byte	.LFE65
 1326 0010 00000000 		.4byte	.LFB66
 1327 0014 1C000000 		.4byte	.LFE66
 1328 0018 00000000 		.4byte	.LFB67
 1329 001c 18000000 		.4byte	.LFE67
 1330 0020 00000000 		.4byte	.LFB63
 1331 0024 58000000 		.4byte	.LFE63
 1332 0028 00000000 		.4byte	0
 1333 002c 00000000 		.4byte	0
 1334              		.section	.debug_line,"",%progbits
 1335              	.Ldebug_line0:
 1336 0000 65020000 		.section	.debug_str,"MS",%progbits,1
 1336      0200AF01 
 1336      00000201 
 1336      FB0E0D00 
ARM GAS  C:\Users\Greg\AppData\Local\Temp\cctj2mis.s 			page 28


 1336      01010101 
 1337              	.LASF31:
 1338 0000 55534246 		.ascii	"USBFS_1_Start\000"
 1338      535F315F 
 1338      53746172 
 1338      7400
 1339              	.LASF35:
 1340 000e 42757474 		.ascii	"ButtonReg1_Read\000"
 1340      6F6E5265 
 1340      67315F52 
 1340      65616400 
 1341              	.LASF9:
 1342 001e 5F5F696E 		.ascii	"__int32_t\000"
 1342      7433325F 
 1342      7400
 1343              	.LASF25:
 1344 0028 416E616C 		.ascii	"AnalogRaw\000"
 1344      6F675261 
 1344      7700
 1345              	.LASF27:
 1346 0032 5553425F 		.ascii	"USB_Input_Data\000"
 1346      496E7075 
 1346      745F4461 
 1346      746100
 1347              	.LASF34:
 1348 0041 55534246 		.ascii	"USBFS_1_GetConfiguration\000"
 1348      535F315F 
 1348      47657443 
 1348      6F6E6669 
 1348      67757261 
 1349              	.LASF11:
 1350 005a 75696E74 		.ascii	"uint8\000"
 1350      3800
 1351              	.LASF40:
 1352 0060 4144435F 		.ascii	"ADC_GetResult16\000"
 1352      47657452 
 1352      6573756C 
 1352      74313600 
 1353              	.LASF47:
 1354 0070 433A5C55 		.ascii	"C:\\Users\\Greg\\Documents\\Cypress_Local\\FIRST\\C"
 1354      73657273 
 1354      5C477265 
 1354      675C446F 
 1354      63756D65 
 1355 009d 79436F6E 		.ascii	"yController\\CyController1.cydsn\000"
 1355      74726F6C 
 1355      6C65725C 
 1355      4379436F 
 1355      6E74726F 
 1356              	.LASF32:
 1357 00bd 55534246 		.ascii	"USBFS_1_LoadInEP\000"
 1357      535F315F 
 1357      4C6F6164 
 1357      496E4550 
 1357      00
 1358              	.LASF15:
 1359 00ce 666C6F61 		.ascii	"float\000"
ARM GAS  C:\Users\Greg\AppData\Local\Temp\cctj2mis.s 			page 29


 1359      7400
 1360              	.LASF1:
 1361 00d4 756E7369 		.ascii	"unsigned char\000"
 1361      676E6564 
 1361      20636861 
 1361      7200
 1362              	.LASF36:
 1363 00e2 42757474 		.ascii	"ButtonReg2_Read\000"
 1363      6F6E5265 
 1363      67325F52 
 1363      65616400 
 1364              	.LASF46:
 1365 00f2 2E5C6D61 		.ascii	".\\main.c\000"
 1365      696E2E63 
 1365      00
 1366              	.LASF14:
 1367 00fb 696E7431 		.ascii	"int16\000"
 1367      3600
 1368              	.LASF5:
 1369 0101 6C6F6E67 		.ascii	"long unsigned int\000"
 1369      20756E73 
 1369      69676E65 
 1369      6420696E 
 1369      7400
 1370              	.LASF3:
 1371 0113 73686F72 		.ascii	"short unsigned int\000"
 1371      7420756E 
 1371      7369676E 
 1371      65642069 
 1371      6E7400
 1372              	.LASF26:
 1373 0126 416E616C 		.ascii	"AnalogData\000"
 1373      6F674461 
 1373      746100
 1374              	.LASF48:
 1375 0131 49544D5F 		.ascii	"ITM_RxBuffer\000"
 1375      52784275 
 1375      66666572 
 1375      00
 1376              	.LASF28:
 1377 013e 5553425F 		.ascii	"USB_Output_Data\000"
 1377      4F757470 
 1377      75745F44 
 1377      61746100 
 1378              	.LASF43:
 1379 014e 55534246 		.ascii	"USBFS_1_GetEPCount\000"
 1379      535F315F 
 1379      47657445 
 1379      50436F75 
 1379      6E7400
 1380              	.LASF16:
 1381 0161 646F7562 		.ascii	"double\000"
 1381      6C6500
 1382              	.LASF23:
 1383 0168 6D61696E 		.ascii	"main\000"
 1383      00
 1384              	.LASF12:
ARM GAS  C:\Users\Greg\AppData\Local\Temp\cctj2mis.s 			page 30


 1385 016d 75696E74 		.ascii	"uint16\000"
 1385      313600
 1386              	.LASF13:
 1387 0174 696E7438 		.ascii	"int8\000"
 1387      00
 1388              	.LASF42:
 1389 0179 55534246 		.ascii	"USBFS_1_GetEPState\000"
 1389      535F315F 
 1389      47657445 
 1389      50537461 
 1389      746500
 1390              	.LASF45:
 1391 018c 474E5520 		.ascii	"GNU C 4.9.3 20150303 (release) [ARM/embedded-4_9-br"
 1391      4320342E 
 1391      392E3320 
 1391      32303135 
 1391      30333033 
 1392 01bf 616E6368 		.ascii	"anch revision 221220] -mcpu=cortex-m3 -mthumb -g -O"
 1392      20726576 
 1392      6973696F 
 1392      6E203232 
 1392      31323230 
 1393 01f2 67202D66 		.ascii	"g -ffunction-sections -ffat-lto-objects\000"
 1393      66756E63 
 1393      74696F6E 
 1393      2D736563 
 1393      74696F6E 
 1394              	.LASF20:
 1395 021a 52656164 		.ascii	"ReadAnalog\000"
 1395      416E616C 
 1395      6F6700
 1396              	.LASF8:
 1397 0225 756E7369 		.ascii	"unsigned int\000"
 1397      676E6564 
 1397      20696E74 
 1397      00
 1398              	.LASF7:
 1399 0232 6C6F6E67 		.ascii	"long long unsigned int\000"
 1399      206C6F6E 
 1399      6720756E 
 1399      7369676E 
 1399      65642069 
 1400              	.LASF29:
 1401 0249 4144435F 		.ascii	"ADC_Start\000"
 1401      53746172 
 1401      7400
 1402              	.LASF0:
 1403 0253 7369676E 		.ascii	"signed char\000"
 1403      65642063 
 1403      68617200 
 1404              	.LASF37:
 1405 025f 42757474 		.ascii	"ButtonReg3_Read\000"
 1405      6F6E5265 
 1405      67335F52 
 1405      65616400 
 1406              	.LASF10:
 1407 026f 696E7433 		.ascii	"int32_t\000"
ARM GAS  C:\Users\Greg\AppData\Local\Temp\cctj2mis.s 			page 31


 1407      325F7400 
 1408              	.LASF18:
 1409 0277 73697A65 		.ascii	"sizetype\000"
 1409      74797065 
 1409      00
 1410              	.LASF41:
 1411 0280 55534246 		.ascii	"USBFS_1_GetEPAckState\000"
 1411      535F315F 
 1411      47657445 
 1411      5041636B 
 1411      53746174 
 1412              	.LASF6:
 1413 0296 6C6F6E67 		.ascii	"long long int\000"
 1413      206C6F6E 
 1413      6720696E 
 1413      7400
 1414              	.LASF17:
 1415 02a4 63686172 		.ascii	"char\000"
 1415      00
 1416              	.LASF21:
 1417 02a9 52656164 		.ascii	"ReadButtons\000"
 1417      42757474 
 1417      6F6E7300 
 1418              	.LASF22:
 1419 02b5 5365744F 		.ascii	"SetOutputs\000"
 1419      75747075 
 1419      747300
 1420              	.LASF2:
 1421 02c0 73686F72 		.ascii	"short int\000"
 1421      7420696E 
 1421      7400
 1422              	.LASF24:
 1423 02ca 6F757443 		.ascii	"outCount\000"
 1423      6F756E74 
 1423      00
 1424              	.LASF4:
 1425 02d3 6C6F6E67 		.ascii	"long int\000"
 1425      20696E74 
 1425      00
 1426              	.LASF39:
 1427 02dc 4F757470 		.ascii	"OutputReg2_Write\000"
 1427      75745265 
 1427      67325F57 
 1427      72697465 
 1427      00
 1428              	.LASF33:
 1429 02ed 55534246 		.ascii	"USBFS_1_EnableOutEP\000"
 1429      535F315F 
 1429      456E6162 
 1429      6C654F75 
 1429      74455000 
 1430              	.LASF38:
 1431 0301 4F757470 		.ascii	"OutputReg1_Write\000"
 1431      75745265 
 1431      67315F57 
 1431      72697465 
 1431      00
ARM GAS  C:\Users\Greg\AppData\Local\Temp\cctj2mis.s 			page 32


 1432              	.LASF19:
 1433 0312 53746172 		.ascii	"StartUp\000"
 1433      74557000 
 1434              	.LASF30:
 1435 031a 4144435F 		.ascii	"ADC_StartConvert\000"
 1435      53746172 
 1435      74436F6E 
 1435      76657274 
 1435      00
 1436              	.LASF44:
 1437 032b 55534246 		.ascii	"USBFS_1_ReadOutEP\000"
 1437      535F315F 
 1437      52656164 
 1437      4F757445 
 1437      5000
 1438              		.ident	"GCC: (GNU Tools for ARM Embedded Processors) 4.9.3 20150303 (release) [ARM/embedded-4_9-br
