ARM GAS  C:\Users\Greg\AppData\Local\Temp\ccbuAf7F.s 			page 1


   1              		.syntax unified
   2              		.cpu cortex-m3
   3              		.fpu softvfp
   4              		.eabi_attribute 20, 1
   5              		.eabi_attribute 21, 1
   6              		.eabi_attribute 23, 3
   7              		.eabi_attribute 24, 1
   8              		.eabi_attribute 25, 1
   9              		.eabi_attribute 26, 1
  10              		.eabi_attribute 30, 1
  11              		.eabi_attribute 34, 1
  12              		.eabi_attribute 18, 4
  13              		.thumb
  14              		.file	"USBFS_1_descr.c"
  15              		.text
  16              	.Ltext0:
  17              		.cfi_sections	.debug_frame
  18              		.global	USBFS_1_TABLE
  19              		.global	USBFS_1_DEVICE0_TABLE
  20              		.global	USBFS_1_DEVICE0_CONFIGURATION0_TABLE
  21              		.global	USBFS_1_DEVICE0_CONFIGURATION0_INTERFACE_CLASS
  22              		.global	USBFS_1_DEVICE0_CONFIGURATION0_EP_SETTINGS_TABLE
  23              		.global	USBFS_1_DEVICE0_CONFIGURATION0_INTERFACE0_TABLE
  24              		.global	USBFS_1_DEVICE0_CONFIGURATION0_INTERFACE0_ALTERNATE0_HID_TABLE
  25              		.global	USBFS_1_DEVICE0_CONFIGURATION0_INTERFACE0_ALTERNATE0_HID_OUT_RPT_TABLE
  26              		.comm	USBFS_1_DEVICE0_CONFIGURATION0_INTERFACE0_ALTERNATE0_HID_OUT_BUF,3,4
  27              		.comm	USBFS_1_DEVICE0_CONFIGURATION0_INTERFACE0_ALTERNATE0_HID_OUT_RPT_SCB,4,4
  28              		.global	USBFS_1_DEVICE0_CONFIGURATION0_INTERFACE0_ALTERNATE0_HID_IN_RPT_TABLE
  29              		.comm	USBFS_1_DEVICE0_CONFIGURATION0_INTERFACE0_ALTERNATE0_HID_IN_BUF,12,4
  30              		.comm	USBFS_1_DEVICE0_CONFIGURATION0_INTERFACE0_ALTERNATE0_HID_IN_RPT_SCB,4,4
  31              		.global	USBFS_1_HIDREPORT_DESCRIPTOR1
  32              		.global	USBFS_1_STRING_DESCRIPTORS
  33              		.global	USBFS_1_DEVICE0_CONFIGURATION0_DESCR
  34              		.global	USBFS_1_DEVICE0_DESCR
  35              		.section	.rodata
  36              		.align	2
  37              		.type	USBFS_1_TABLE, %object
  38              		.size	USBFS_1_TABLE, 8
  39              	USBFS_1_TABLE:
  40 0000 01       		.byte	1
  41 0001 000000   		.space	3
  42 0004 00000000 		.word	USBFS_1_DEVICE0_TABLE
  43              		.type	USBFS_1_DEVICE0_TABLE, %object
  44              		.size	USBFS_1_DEVICE0_TABLE, 16
  45              	USBFS_1_DEVICE0_TABLE:
  46 0008 01       		.byte	1
  47 0009 000000   		.space	3
  48 000c 00000000 		.word	USBFS_1_DEVICE0_DESCR
  49 0010 01       		.byte	1
  50 0011 000000   		.space	3
  51 0014 00000000 		.word	USBFS_1_DEVICE0_CONFIGURATION0_TABLE
  52              		.type	USBFS_1_DEVICE0_CONFIGURATION0_TABLE, %object
  53              		.size	USBFS_1_DEVICE0_CONFIGURATION0_TABLE, 32
  54              	USBFS_1_DEVICE0_CONFIGURATION0_TABLE:
  55 0018 01       		.byte	1
  56 0019 000000   		.space	3
  57 001c 00000000 		.word	USBFS_1_DEVICE0_CONFIGURATION0_DESCR
ARM GAS  C:\Users\Greg\AppData\Local\Temp\ccbuAf7F.s 			page 2


  58 0020 02       		.byte	2
  59 0021 000000   		.space	3
  60 0024 00000000 		.word	USBFS_1_DEVICE0_CONFIGURATION0_EP_SETTINGS_TABLE
  61 0028 01       		.byte	1
  62 0029 000000   		.space	3
  63 002c 00000000 		.word	USBFS_1_DEVICE0_CONFIGURATION0_INTERFACE0_TABLE
  64 0030 00       		.byte	0
  65 0031 000000   		.space	3
  66 0034 00000000 		.word	USBFS_1_DEVICE0_CONFIGURATION0_INTERFACE_CLASS
  67              		.type	USBFS_1_DEVICE0_CONFIGURATION0_INTERFACE_CLASS, %object
  68              		.size	USBFS_1_DEVICE0_CONFIGURATION0_INTERFACE_CLASS, 1
  69              	USBFS_1_DEVICE0_CONFIGURATION0_INTERFACE_CLASS:
  70 0038 03       		.byte	3
  71 0039 000000   		.space	3
  72              		.type	USBFS_1_DEVICE0_CONFIGURATION0_EP_SETTINGS_TABLE, %object
  73              		.size	USBFS_1_DEVICE0_CONFIGURATION0_EP_SETTINGS_TABLE, 16
  74              	USBFS_1_DEVICE0_CONFIGURATION0_EP_SETTINGS_TABLE:
  75 003c 00       		.byte	0
  76 003d 00       		.byte	0
  77 003e 81       		.byte	-127
  78 003f 03       		.byte	3
  79 0040 0B00     		.short	11
  80 0042 03       		.byte	3
  81 0043 00       		.space	1
  82 0044 00       		.byte	0
  83 0045 00       		.byte	0
  84 0046 02       		.byte	2
  85 0047 03       		.byte	3
  86 0048 0200     		.short	2
  87 004a 03       		.byte	3
  88 004b 00       		.space	1
  89              		.type	USBFS_1_DEVICE0_CONFIGURATION0_INTERFACE0_TABLE, %object
  90              		.size	USBFS_1_DEVICE0_CONFIGURATION0_INTERFACE0_TABLE, 8
  91              	USBFS_1_DEVICE0_CONFIGURATION0_INTERFACE0_TABLE:
  92 004c 01       		.byte	1
  93 004d 000000   		.space	3
  94 0050 00000000 		.word	USBFS_1_DEVICE0_CONFIGURATION0_INTERFACE0_ALTERNATE0_HID_TABLE
  95              		.type	USBFS_1_DEVICE0_CONFIGURATION0_INTERFACE0_ALTERNATE0_HID_TABLE, %object
  96              		.size	USBFS_1_DEVICE0_CONFIGURATION0_INTERFACE0_ALTERNATE0_HID_TABLE, 40
  97              	USBFS_1_DEVICE0_CONFIGURATION0_INTERFACE0_ALTERNATE0_HID_TABLE:
  98 0054 00       		.byte	0
  99 0055 000000   		.space	3
 100 0058 00000000 		.word	USBFS_1_DEVICE0_CONFIGURATION0_INTERFACE0_ALTERNATE0_HID_IN_RPT_TABLE
 101 005c 00       		.byte	0
 102 005d 000000   		.space	3
 103 0060 00000000 		.word	USBFS_1_DEVICE0_CONFIGURATION0_INTERFACE0_ALTERNATE0_HID_OUT_RPT_TABLE
 104 0064 00       		.byte	0
 105 0065 000000   		.space	3
 106 0068 00000000 		.word	0
 107 006c 01       		.byte	1
 108 006d 000000   		.space	3
 109 0070 00000000 		.word	USBFS_1_HIDREPORT_DESCRIPTOR1
 110 0074 01       		.byte	1
 111 0075 000000   		.space	3
 112 0078 12000000 		.word	USBFS_1_DEVICE0_CONFIGURATION0_DESCR+18
 113              		.type	USBFS_1_DEVICE0_CONFIGURATION0_INTERFACE0_ALTERNATE0_HID_OUT_RPT_TABLE, %object
 114              		.size	USBFS_1_DEVICE0_CONFIGURATION0_INTERFACE0_ALTERNATE0_HID_OUT_RPT_TABLE, 12
ARM GAS  C:\Users\Greg\AppData\Local\Temp\ccbuAf7F.s 			page 3


 115              	USBFS_1_DEVICE0_CONFIGURATION0_INTERFACE0_ALTERNATE0_HID_OUT_RPT_TABLE:
 116 007c 0300     		.short	3
 117 007e 0000     		.space	2
 118 0080 00000000 		.word	USBFS_1_DEVICE0_CONFIGURATION0_INTERFACE0_ALTERNATE0_HID_OUT_BUF
 119 0084 00000000 		.word	USBFS_1_DEVICE0_CONFIGURATION0_INTERFACE0_ALTERNATE0_HID_OUT_RPT_SCB
 120              		.type	USBFS_1_DEVICE0_CONFIGURATION0_INTERFACE0_ALTERNATE0_HID_IN_RPT_TABLE, %object
 121              		.size	USBFS_1_DEVICE0_CONFIGURATION0_INTERFACE0_ALTERNATE0_HID_IN_RPT_TABLE, 12
 122              	USBFS_1_DEVICE0_CONFIGURATION0_INTERFACE0_ALTERNATE0_HID_IN_RPT_TABLE:
 123 0088 0C00     		.short	12
 124 008a 0000     		.space	2
 125 008c 00000000 		.word	USBFS_1_DEVICE0_CONFIGURATION0_INTERFACE0_ALTERNATE0_HID_IN_BUF
 126 0090 00000000 		.word	USBFS_1_DEVICE0_CONFIGURATION0_INTERFACE0_ALTERNATE0_HID_IN_RPT_SCB
 127              		.type	USBFS_1_HIDREPORT_DESCRIPTOR1, %object
 128              		.size	USBFS_1_HIDREPORT_DESCRIPTOR1, 86
 129              	USBFS_1_HIDREPORT_DESCRIPTOR1:
 130 0094 52       		.byte	82
 131 0095 00       		.byte	0
 132 0096 05       		.byte	5
 133 0097 01       		.byte	1
 134 0098 09       		.byte	9
 135 0099 04       		.byte	4
 136 009a A1       		.byte	-95
 137 009b 01       		.byte	1
 138 009c 09       		.byte	9
 139 009d 01       		.byte	1
 140 009e A1       		.byte	-95
 141 009f 00       		.byte	0
 142 00a0 09       		.byte	9
 143 00a1 30       		.byte	48
 144 00a2 09       		.byte	9
 145 00a3 31       		.byte	49
 146 00a4 09       		.byte	9
 147 00a5 32       		.byte	50
 148 00a6 09       		.byte	9
 149 00a7 33       		.byte	51
 150 00a8 09       		.byte	9
 151 00a9 34       		.byte	52
 152 00aa 09       		.byte	9
 153 00ab 35       		.byte	53
 154 00ac 09       		.byte	9
 155 00ad 36       		.byte	54
 156 00ae 09       		.byte	9
 157 00af 37       		.byte	55
 158 00b0 15       		.byte	21
 159 00b1 81       		.byte	-127
 160 00b2 25       		.byte	37
 161 00b3 7F       		.byte	127
 162 00b4 75       		.byte	117
 163 00b5 08       		.byte	8
 164 00b6 95       		.byte	-107
 165 00b7 08       		.byte	8
 166 00b8 81       		.byte	-127
 167 00b9 02       		.byte	2
 168 00ba C0       		.byte	-64
 169 00bb 05       		.byte	5
 170 00bc 09       		.byte	9
 171 00bd 19       		.byte	25
ARM GAS  C:\Users\Greg\AppData\Local\Temp\ccbuAf7F.s 			page 4


 172 00be 01       		.byte	1
 173 00bf 29       		.byte	41
 174 00c0 16       		.byte	22
 175 00c1 15       		.byte	21
 176 00c2 00       		.byte	0
 177 00c3 25       		.byte	37
 178 00c4 01       		.byte	1
 179 00c5 75       		.byte	117
 180 00c6 01       		.byte	1
 181 00c7 95       		.byte	-107
 182 00c8 16       		.byte	22
 183 00c9 81       		.byte	-127
 184 00ca 02       		.byte	2
 185 00cb 75       		.byte	117
 186 00cc 01       		.byte	1
 187 00cd 95       		.byte	-107
 188 00ce 02       		.byte	2
 189 00cf 81       		.byte	-127
 190 00d0 03       		.byte	3
 191 00d1 05       		.byte	5
 192 00d2 08       		.byte	8
 193 00d3 19       		.byte	25
 194 00d4 01       		.byte	1
 195 00d5 29       		.byte	41
 196 00d6 0C       		.byte	12
 197 00d7 15       		.byte	21
 198 00d8 00       		.byte	0
 199 00d9 25       		.byte	37
 200 00da 01       		.byte	1
 201 00db 75       		.byte	117
 202 00dc 01       		.byte	1
 203 00dd 95       		.byte	-107
 204 00de 0C       		.byte	12
 205 00df 91       		.byte	-111
 206 00e0 02       		.byte	2
 207 00e1 95       		.byte	-107
 208 00e2 01       		.byte	1
 209 00e3 75       		.byte	117
 210 00e4 04       		.byte	4
 211 00e5 91       		.byte	-111
 212 00e6 03       		.byte	3
 213 00e7 C0       		.byte	-64
 214 00e8 00       		.byte	0
 215 00e9 00       		.byte	0
 216 00ea 0000     		.space	2
 217              		.type	USBFS_1_STRING_DESCRIPTORS, %object
 218              		.size	USBFS_1_STRING_DESCRIPTORS, 75
 219              	USBFS_1_STRING_DESCRIPTORS:
 220 00ec 04       		.byte	4
 221 00ed 03       		.byte	3
 222 00ee 09       		.byte	9
 223 00ef 04       		.byte	4
 224 00f0 2C       		.byte	44
 225 00f1 03       		.byte	3
 226 00f2 43       		.byte	67
 227 00f3 00       		.byte	0
 228 00f4 79       		.byte	121
ARM GAS  C:\Users\Greg\AppData\Local\Temp\ccbuAf7F.s 			page 5


 229 00f5 00       		.byte	0
 230 00f6 70       		.byte	112
 231 00f7 00       		.byte	0
 232 00f8 72       		.byte	114
 233 00f9 00       		.byte	0
 234 00fa 65       		.byte	101
 235 00fb 00       		.byte	0
 236 00fc 73       		.byte	115
 237 00fd 00       		.byte	0
 238 00fe 73       		.byte	115
 239 00ff 00       		.byte	0
 240 0100 20       		.byte	32
 241 0101 00       		.byte	0
 242 0102 53       		.byte	83
 243 0103 00       		.byte	0
 244 0104 65       		.byte	101
 245 0105 00       		.byte	0
 246 0106 6D       		.byte	109
 247 0107 00       		.byte	0
 248 0108 69       		.byte	105
 249 0109 00       		.byte	0
 250 010a 63       		.byte	99
 251 010b 00       		.byte	0
 252 010c 6F       		.byte	111
 253 010d 00       		.byte	0
 254 010e 6E       		.byte	110
 255 010f 00       		.byte	0
 256 0110 64       		.byte	100
 257 0111 00       		.byte	0
 258 0112 75       		.byte	117
 259 0113 00       		.byte	0
 260 0114 63       		.byte	99
 261 0115 00       		.byte	0
 262 0116 74       		.byte	116
 263 0117 00       		.byte	0
 264 0118 6F       		.byte	111
 265 0119 00       		.byte	0
 266 011a 72       		.byte	114
 267 011b 00       		.byte	0
 268 011c 1A       		.byte	26
 269 011d 03       		.byte	3
 270 011e 43       		.byte	67
 271 011f 00       		.byte	0
 272 0120 79       		.byte	121
 273 0121 00       		.byte	0
 274 0122 43       		.byte	67
 275 0123 00       		.byte	0
 276 0124 6F       		.byte	111
 277 0125 00       		.byte	0
 278 0126 6E       		.byte	110
 279 0127 00       		.byte	0
 280 0128 74       		.byte	116
 281 0129 00       		.byte	0
 282 012a 72       		.byte	114
 283 012b 00       		.byte	0
 284 012c 6F       		.byte	111
 285 012d 00       		.byte	0
ARM GAS  C:\Users\Greg\AppData\Local\Temp\ccbuAf7F.s 			page 6


 286 012e 6C       		.byte	108
 287 012f 00       		.byte	0
 288 0130 6C       		.byte	108
 289 0131 00       		.byte	0
 290 0132 65       		.byte	101
 291 0133 00       		.byte	0
 292 0134 72       		.byte	114
 293 0135 00       		.byte	0
 294 0136 00       		.byte	0
 295 0137 00       		.space	1
 296              		.type	USBFS_1_DEVICE0_CONFIGURATION0_DESCR, %object
 297              		.size	USBFS_1_DEVICE0_CONFIGURATION0_DESCR, 41
 298              	USBFS_1_DEVICE0_CONFIGURATION0_DESCR:
 299 0138 09       		.byte	9
 300 0139 02       		.byte	2
 301 013a 29       		.byte	41
 302 013b 00       		.byte	0
 303 013c 01       		.byte	1
 304 013d 01       		.byte	1
 305 013e 00       		.byte	0
 306 013f 80       		.byte	-128
 307 0140 FA       		.byte	-6
 308 0141 09       		.byte	9
 309 0142 04       		.byte	4
 310 0143 00       		.byte	0
 311 0144 00       		.byte	0
 312 0145 02       		.byte	2
 313 0146 03       		.byte	3
 314 0147 00       		.byte	0
 315 0148 00       		.byte	0
 316 0149 00       		.byte	0
 317 014a 09       		.byte	9
 318 014b 21       		.byte	33
 319 014c 11       		.byte	17
 320 014d 01       		.byte	1
 321 014e 00       		.byte	0
 322 014f 01       		.byte	1
 323 0150 22       		.byte	34
 324 0151 52       		.byte	82
 325 0152 00       		.byte	0
 326 0153 07       		.byte	7
 327 0154 05       		.byte	5
 328 0155 81       		.byte	-127
 329 0156 03       		.byte	3
 330 0157 0B       		.byte	11
 331 0158 00       		.byte	0
 332 0159 0A       		.byte	10
 333 015a 07       		.byte	7
 334 015b 05       		.byte	5
 335 015c 02       		.byte	2
 336 015d 03       		.byte	3
 337 015e 02       		.byte	2
 338 015f 00       		.byte	0
 339 0160 0A       		.byte	10
 340 0161 000000   		.space	3
 341              		.type	USBFS_1_DEVICE0_DESCR, %object
 342              		.size	USBFS_1_DEVICE0_DESCR, 18
ARM GAS  C:\Users\Greg\AppData\Local\Temp\ccbuAf7F.s 			page 7


 343              	USBFS_1_DEVICE0_DESCR:
 344 0164 12       		.byte	18
 345 0165 01       		.byte	1
 346 0166 00       		.byte	0
 347 0167 02       		.byte	2
 348 0168 00       		.byte	0
 349 0169 00       		.byte	0
 350 016a 00       		.byte	0
 351 016b 08       		.byte	8
 352 016c B4       		.byte	-76
 353 016d 04       		.byte	4
 354 016e 11       		.byte	17
 355 016f 11       		.byte	17
 356 0170 00       		.byte	0
 357 0171 00       		.byte	0
 358 0172 01       		.byte	1
 359 0173 02       		.byte	2
 360 0174 00       		.byte	0
 361 0175 01       		.byte	1
 362 0176 0000     		.text
 363              	.Letext0:
 364              		.file 1 ".\\Generated_Source\\PSoC5\\cytypes.h"
 365              		.file 2 ".\\Generated_Source\\PSoC5\\USBFS_1.h"
 366              		.file 3 ".\\Generated_Source\\PSoC5\\USBFS_1_descr.c"
 367              		.section	.debug_info,"",%progbits
 368              	.Ldebug_info0:
 369 0000 CB030000 		.4byte	0x3cb
 370 0004 0400     		.2byte	0x4
 371 0006 00000000 		.4byte	.Ldebug_abbrev0
 372 000a 04       		.byte	0x4
 373 000b 01       		.uleb128 0x1
 374 000c A0020000 		.4byte	.LASF48
 375 0010 01       		.byte	0x1
 376 0011 EF040000 		.4byte	.LASF49
 377 0015 EB000000 		.4byte	.LASF50
 378 0019 00000000 		.4byte	.Ldebug_line0
 379 001d 02       		.uleb128 0x2
 380 001e 01       		.byte	0x1
 381 001f 06       		.byte	0x6
 382 0020 88010000 		.4byte	.LASF0
 383 0024 02       		.uleb128 0x2
 384 0025 01       		.byte	0x1
 385 0026 08       		.byte	0x8
 386 0027 A2010000 		.4byte	.LASF1
 387 002b 02       		.uleb128 0x2
 388 002c 02       		.byte	0x2
 389 002d 05       		.byte	0x5
 390 002e 79040000 		.4byte	.LASF2
 391 0032 02       		.uleb128 0x2
 392 0033 02       		.byte	0x2
 393 0034 07       		.byte	0x7
 394 0035 62000000 		.4byte	.LASF3
 395 0039 02       		.uleb128 0x2
 396 003a 04       		.byte	0x4
 397 003b 05       		.byte	0x5
 398 003c 59000000 		.4byte	.LASF4
 399 0040 02       		.uleb128 0x2
ARM GAS  C:\Users\Greg\AppData\Local\Temp\ccbuAf7F.s 			page 8


 400 0041 04       		.byte	0x4
 401 0042 07       		.byte	0x7
 402 0043 BB010000 		.4byte	.LASF5
 403 0047 02       		.uleb128 0x2
 404 0048 08       		.byte	0x8
 405 0049 05       		.byte	0x5
 406 004a 30040000 		.4byte	.LASF6
 407 004e 02       		.uleb128 0x2
 408 004f 08       		.byte	0x8
 409 0050 07       		.byte	0x7
 410 0051 5F030000 		.4byte	.LASF7
 411 0055 03       		.uleb128 0x3
 412 0056 04       		.byte	0x4
 413 0057 05       		.byte	0x5
 414 0058 696E7400 		.ascii	"int\000"
 415 005c 02       		.uleb128 0x2
 416 005d 04       		.byte	0x4
 417 005e 07       		.byte	0x7
 418 005f 2E030000 		.4byte	.LASF8
 419 0063 04       		.uleb128 0x4
 420 0064 83040000 		.4byte	.LASF9
 421 0068 01       		.byte	0x1
 422 0069 C2       		.byte	0xc2
 423 006a 24000000 		.4byte	0x24
 424 006e 04       		.uleb128 0x4
 425 006f 68020000 		.4byte	.LASF10
 426 0073 01       		.byte	0x1
 427 0074 C3       		.byte	0xc3
 428 0075 32000000 		.4byte	0x32
 429 0079 02       		.uleb128 0x2
 430 007a 04       		.byte	0x4
 431 007b 04       		.byte	0x4
 432 007c 43010000 		.4byte	.LASF11
 433 0080 02       		.uleb128 0x2
 434 0081 08       		.byte	0x8
 435 0082 04       		.byte	0x4
 436 0083 61020000 		.4byte	.LASF12
 437 0087 02       		.uleb128 0x2
 438 0088 01       		.byte	0x1
 439 0089 08       		.byte	0x8
 440 008a DD040000 		.4byte	.LASF13
 441 008e 05       		.uleb128 0x5
 442 008f 63000000 		.4byte	0x63
 443 0093 02       		.uleb128 0x2
 444 0094 04       		.byte	0x4
 445 0095 07       		.byte	0x7
 446 0096 09040000 		.4byte	.LASF14
 447 009a 06       		.uleb128 0x6
 448 009b 08       		.byte	0x8
 449 009c 02       		.byte	0x2
 450 009d 8B       		.byte	0x8b
 451 009e EB000000 		.4byte	0xeb
 452 00a2 07       		.uleb128 0x7
 453 00a3 89040000 		.4byte	.LASF15
 454 00a7 02       		.byte	0x2
 455 00a8 8D       		.byte	0x8d
 456 00a9 63000000 		.4byte	0x63
ARM GAS  C:\Users\Greg\AppData\Local\Temp\ccbuAf7F.s 			page 9


 457 00ad 00       		.byte	0
 458 00ae 07       		.uleb128 0x7
 459 00af 38010000 		.4byte	.LASF16
 460 00b3 02       		.byte	0x2
 461 00b4 8E       		.byte	0x8e
 462 00b5 63000000 		.4byte	0x63
 463 00b9 01       		.byte	0x1
 464 00ba 07       		.uleb128 0x7
 465 00bb CD010000 		.4byte	.LASF17
 466 00bf 02       		.byte	0x2
 467 00c0 8F       		.byte	0x8f
 468 00c1 63000000 		.4byte	0x63
 469 00c5 02       		.byte	0x2
 470 00c6 07       		.uleb128 0x7
 471 00c7 B0010000 		.4byte	.LASF18
 472 00cb 02       		.byte	0x2
 473 00cc 90       		.byte	0x90
 474 00cd 63000000 		.4byte	0x63
 475 00d1 03       		.byte	0x3
 476 00d2 07       		.uleb128 0x7
 477 00d3 6E040000 		.4byte	.LASF19
 478 00d7 02       		.byte	0x2
 479 00d8 91       		.byte	0x91
 480 00d9 6E000000 		.4byte	0x6e
 481 00dd 04       		.byte	0x4
 482 00de 07       		.uleb128 0x7
 483 00df 84050000 		.4byte	.LASF20
 484 00e3 02       		.byte	0x2
 485 00e4 92       		.byte	0x92
 486 00e5 63000000 		.4byte	0x63
 487 00e9 06       		.byte	0x6
 488 00ea 00       		.byte	0
 489 00eb 04       		.uleb128 0x4
 490 00ec 04020000 		.4byte	.LASF21
 491 00f0 02       		.byte	0x2
 492 00f1 93       		.byte	0x93
 493 00f2 9A000000 		.4byte	0x9a
 494 00f6 06       		.uleb128 0x6
 495 00f7 04       		.byte	0x4
 496 00f8 02       		.byte	0x2
 497 00f9 95       		.byte	0x95
 498 00fa 17010000 		.4byte	0x117
 499 00fe 07       		.uleb128 0x7
 500 00ff 9A000000 		.4byte	.LASF22
 501 0103 02       		.byte	0x2
 502 0104 97       		.byte	0x97
 503 0105 63000000 		.4byte	0x63
 504 0109 00       		.byte	0
 505 010a 07       		.uleb128 0x7
 506 010b 58050000 		.4byte	.LASF23
 507 010f 02       		.byte	0x2
 508 0110 98       		.byte	0x98
 509 0111 6E000000 		.4byte	0x6e
 510 0115 02       		.byte	0x2
 511 0116 00       		.byte	0
 512 0117 04       		.uleb128 0x4
 513 0118 D2010000 		.4byte	.LASF24
ARM GAS  C:\Users\Greg\AppData\Local\Temp\ccbuAf7F.s 			page 10


 514 011c 02       		.byte	0x2
 515 011d 99       		.byte	0x99
 516 011e F6000000 		.4byte	0xf6
 517 0122 06       		.uleb128 0x6
 518 0123 0C       		.byte	0xc
 519 0124 02       		.byte	0x2
 520 0125 9B       		.byte	0x9b
 521 0126 4F010000 		.4byte	0x14f
 522 012a 07       		.uleb128 0x7
 523 012b 53000000 		.4byte	.LASF25
 524 012f 02       		.byte	0x2
 525 0130 9D       		.byte	0x9d
 526 0131 6E000000 		.4byte	0x6e
 527 0135 00       		.byte	0
 528 0136 07       		.uleb128 0x7
 529 0137 E5000000 		.4byte	.LASF26
 530 013b 02       		.byte	0x2
 531 013c 9E       		.byte	0x9e
 532 013d 4F010000 		.4byte	0x14f
 533 0141 04       		.byte	0x4
 534 0142 07       		.uleb128 0x7
 535 0143 00000000 		.4byte	.LASF27
 536 0147 02       		.byte	0x2
 537 0148 9F       		.byte	0x9f
 538 0149 55010000 		.4byte	0x155
 539 014d 08       		.byte	0x8
 540 014e 00       		.byte	0
 541 014f 08       		.uleb128 0x8
 542 0150 04       		.byte	0x4
 543 0151 8E000000 		.4byte	0x8e
 544 0155 08       		.uleb128 0x8
 545 0156 04       		.byte	0x4
 546 0157 17010000 		.4byte	0x117
 547 015b 04       		.uleb128 0x4
 548 015c E2040000 		.4byte	.LASF28
 549 0160 02       		.byte	0x2
 550 0161 A0       		.byte	0xa0
 551 0162 22010000 		.4byte	0x122
 552 0166 06       		.uleb128 0x6
 553 0167 08       		.byte	0x8
 554 0168 02       		.byte	0x2
 555 0169 A3       		.byte	0xa3
 556 016a 85010000 		.4byte	0x185
 557 016e 09       		.uleb128 0x9
 558 016f 6300     		.ascii	"c\000"
 559 0171 02       		.byte	0x2
 560 0172 A5       		.byte	0xa5
 561 0173 63000000 		.4byte	0x63
 562 0177 00       		.byte	0
 563 0178 07       		.uleb128 0x7
 564 0179 76030000 		.4byte	.LASF29
 565 017d 02       		.byte	0x2
 566 017e A6       		.byte	0xa6
 567 017f 85010000 		.4byte	0x185
 568 0183 04       		.byte	0x4
 569 0184 00       		.byte	0
 570 0185 08       		.uleb128 0x8
ARM GAS  C:\Users\Greg\AppData\Local\Temp\ccbuAf7F.s 			page 11


 571 0186 04       		.byte	0x4
 572 0187 8B010000 		.4byte	0x18b
 573 018b 0A       		.uleb128 0xa
 574 018c 04       		.uleb128 0x4
 575 018d 3B030000 		.4byte	.LASF30
 576 0191 02       		.byte	0x2
 577 0192 A7       		.byte	0xa7
 578 0193 66010000 		.4byte	0x166
 579 0197 0B       		.uleb128 0xb
 580 0198 63000000 		.4byte	0x63
 581 019c A7010000 		.4byte	0x1a7
 582 01a0 0C       		.uleb128 0xc
 583 01a1 93000000 		.4byte	0x93
 584 01a5 11       		.byte	0x11
 585 01a6 00       		.byte	0
 586 01a7 0D       		.uleb128 0xd
 587 01a8 49030000 		.4byte	.LASF31
 588 01ac 03       		.byte	0x3
 589 01ad 26       		.byte	0x26
 590 01ae B8010000 		.4byte	0x1b8
 591 01b2 05       		.uleb128 0x5
 592 01b3 03       		.byte	0x3
 593 01b4 00000000 		.4byte	USBFS_1_DEVICE0_DESCR
 594 01b8 0E       		.uleb128 0xe
 595 01b9 97010000 		.4byte	0x197
 596 01bd 0B       		.uleb128 0xb
 597 01be 63000000 		.4byte	0x63
 598 01c2 CD010000 		.4byte	0x1cd
 599 01c6 0C       		.uleb128 0xc
 600 01c7 93000000 		.4byte	0x93
 601 01cb 28       		.byte	0x28
 602 01cc 00       		.byte	0
 603 01cd 0D       		.uleb128 0xd
 604 01ce 75000000 		.4byte	.LASF32
 605 01d2 03       		.byte	0x3
 606 01d3 39       		.byte	0x39
 607 01d4 DE010000 		.4byte	0x1de
 608 01d8 05       		.uleb128 0x5
 609 01d9 03       		.byte	0x3
 610 01da 00000000 		.4byte	USBFS_1_DEVICE0_CONFIGURATION0_DESCR
 611 01de 0E       		.uleb128 0xe
 612 01df BD010000 		.4byte	0x1bd
 613 01e3 0B       		.uleb128 0xb
 614 01e4 8C010000 		.4byte	0x18c
 615 01e8 F3010000 		.4byte	0x1f3
 616 01ec 0C       		.uleb128 0xc
 617 01ed 93000000 		.4byte	0x93
 618 01f1 00       		.byte	0
 619 01f2 00       		.byte	0
 620 01f3 0D       		.uleb128 0xd
 621 01f4 3E040000 		.4byte	.LASF33
 622 01f8 03       		.byte	0x3
 623 01f9 F5       		.byte	0xf5
 624 01fa 04020000 		.4byte	0x204
 625 01fe 05       		.uleb128 0x5
 626 01ff 03       		.byte	0x3
 627 0200 00000000 		.4byte	USBFS_1_DEVICE0_CONFIGURATION0_INTERFACE0_TABLE
ARM GAS  C:\Users\Greg\AppData\Local\Temp\ccbuAf7F.s 			page 12


 628 0204 0E       		.uleb128 0xe
 629 0205 E3010000 		.4byte	0x1e3
 630 0209 0B       		.uleb128 0xb
 631 020a EB000000 		.4byte	0xeb
 632 020e 19020000 		.4byte	0x219
 633 0212 0C       		.uleb128 0xc
 634 0213 93000000 		.4byte	0x93
 635 0217 01       		.byte	0x1
 636 0218 00       		.byte	0
 637 0219 0F       		.uleb128 0xf
 638 021a 6F020000 		.4byte	.LASF34
 639 021e 03       		.byte	0x3
 640 021f 0001     		.2byte	0x100
 641 0221 2B020000 		.4byte	0x22b
 642 0225 05       		.uleb128 0x5
 643 0226 03       		.byte	0x3
 644 0227 00000000 		.4byte	USBFS_1_DEVICE0_CONFIGURATION0_EP_SETTINGS_TABLE
 645 022b 0E       		.uleb128 0xe
 646 022c 09020000 		.4byte	0x209
 647 0230 0B       		.uleb128 0xb
 648 0231 63000000 		.4byte	0x63
 649 0235 40020000 		.4byte	0x240
 650 0239 0C       		.uleb128 0xc
 651 023a 93000000 		.4byte	0x93
 652 023e 00       		.byte	0
 653 023f 00       		.byte	0
 654 0240 0F       		.uleb128 0xf
 655 0241 AE040000 		.4byte	.LASF35
 656 0245 03       		.byte	0x3
 657 0246 0501     		.2byte	0x105
 658 0248 52020000 		.4byte	0x252
 659 024c 05       		.uleb128 0x5
 660 024d 03       		.byte	0x3
 661 024e 00000000 		.4byte	USBFS_1_DEVICE0_CONFIGURATION0_INTERFACE_CLASS
 662 0252 0E       		.uleb128 0xe
 663 0253 30020000 		.4byte	0x230
 664 0257 0B       		.uleb128 0xb
 665 0258 8C010000 		.4byte	0x18c
 666 025c 67020000 		.4byte	0x267
 667 0260 0C       		.uleb128 0xc
 668 0261 93000000 		.4byte	0x93
 669 0265 03       		.byte	0x3
 670 0266 00       		.byte	0
 671 0267 0F       		.uleb128 0xf
 672 0268 5F050000 		.4byte	.LASF36
 673 026c 03       		.byte	0x3
 674 026d 0D01     		.2byte	0x10d
 675 026f 79020000 		.4byte	0x279
 676 0273 05       		.uleb128 0x5
 677 0274 03       		.byte	0x3
 678 0275 00000000 		.4byte	USBFS_1_DEVICE0_CONFIGURATION0_TABLE
 679 0279 0E       		.uleb128 0xe
 680 027a 57020000 		.4byte	0x257
 681 027e 0B       		.uleb128 0xb
 682 027f 8C010000 		.4byte	0x18c
 683 0283 8E020000 		.4byte	0x28e
 684 0287 0C       		.uleb128 0xc
ARM GAS  C:\Users\Greg\AppData\Local\Temp\ccbuAf7F.s 			page 13


 685 0288 93000000 		.4byte	0x93
 686 028c 01       		.byte	0x1
 687 028d 00       		.byte	0
 688 028e 0F       		.uleb128 0xf
 689 028f EE010000 		.4byte	.LASF37
 690 0293 03       		.byte	0x3
 691 0294 1701     		.2byte	0x117
 692 0296 A0020000 		.4byte	0x2a0
 693 029a 05       		.uleb128 0x5
 694 029b 03       		.byte	0x3
 695 029c 00000000 		.4byte	USBFS_1_DEVICE0_TABLE
 696 02a0 0E       		.uleb128 0xe
 697 02a1 7E020000 		.4byte	0x27e
 698 02a5 0F       		.uleb128 0xf
 699 02a6 94010000 		.4byte	.LASF38
 700 02aa 03       		.byte	0x3
 701 02ab 1E01     		.2byte	0x11e
 702 02ad B7020000 		.4byte	0x2b7
 703 02b1 05       		.uleb128 0x5
 704 02b2 03       		.byte	0x3
 705 02b3 00000000 		.4byte	USBFS_1_TABLE
 706 02b7 0E       		.uleb128 0xe
 707 02b8 E3010000 		.4byte	0x1e3
 708 02bc 0B       		.uleb128 0xb
 709 02bd 63000000 		.4byte	0x63
 710 02c1 CC020000 		.4byte	0x2cc
 711 02c5 0C       		.uleb128 0xc
 712 02c6 93000000 		.4byte	0x93
 713 02ca 4A       		.byte	0x4a
 714 02cb 00       		.byte	0
 715 02cc 0D       		.uleb128 0xd
 716 02cd 93040000 		.4byte	.LASF39
 717 02d1 03       		.byte	0x3
 718 02d2 70       		.byte	0x70
 719 02d3 DD020000 		.4byte	0x2dd
 720 02d7 05       		.uleb128 0x5
 721 02d8 03       		.byte	0x3
 722 02d9 00000000 		.4byte	USBFS_1_STRING_DESCRIPTORS
 723 02dd 0E       		.uleb128 0xe
 724 02de BC020000 		.4byte	0x2bc
 725 02e2 0D       		.uleb128 0xd
 726 02e3 A1000000 		.4byte	.LASF40
 727 02e7 03       		.byte	0x3
 728 02e8 C6       		.byte	0xc6
 729 02e9 17010000 		.4byte	0x117
 730 02ed 05       		.uleb128 0x5
 731 02ee 03       		.byte	0x3
 732 02ef 00000000 		.4byte	USBFS_1_DEVICE0_CONFIGURATION0_INTERFACE0_ALTERNATE0_HID_IN_RPT_SCB
 733 02f3 0B       		.uleb128 0xb
 734 02f4 63000000 		.4byte	0x63
 735 02f8 03030000 		.4byte	0x303
 736 02fc 0C       		.uleb128 0xc
 737 02fd 93000000 		.4byte	0x93
 738 0301 0B       		.byte	0xb
 739 0302 00       		.byte	0
 740 0303 0D       		.uleb128 0xd
 741 0304 18050000 		.4byte	.LASF41
ARM GAS  C:\Users\Greg\AppData\Local\Temp\ccbuAf7F.s 			page 14


 742 0308 03       		.byte	0x3
 743 0309 C7       		.byte	0xc7
 744 030a F3020000 		.4byte	0x2f3
 745 030e 05       		.uleb128 0x5
 746 030f 03       		.byte	0x3
 747 0310 00000000 		.4byte	USBFS_1_DEVICE0_CONFIGURATION0_INTERFACE0_ALTERNATE0_HID_IN_BUF
 748 0314 0D       		.uleb128 0xd
 749 0315 7D030000 		.4byte	.LASF42
 750 0319 03       		.byte	0x3
 751 031a D5       		.byte	0xd5
 752 031b 17010000 		.4byte	0x117
 753 031f 05       		.uleb128 0x5
 754 0320 03       		.byte	0x3
 755 0321 00000000 		.4byte	USBFS_1_DEVICE0_CONFIGURATION0_INTERFACE0_ALTERNATE0_HID_OUT_RPT_SCB
 756 0325 0B       		.uleb128 0xb
 757 0326 63000000 		.4byte	0x63
 758 032a 35030000 		.4byte	0x335
 759 032e 0C       		.uleb128 0xc
 760 032f 93000000 		.4byte	0x93
 761 0333 02       		.byte	0x2
 762 0334 00       		.byte	0
 763 0335 0D       		.uleb128 0xd
 764 0336 20020000 		.4byte	.LASF43
 765 033a 03       		.byte	0x3
 766 033b D6       		.byte	0xd6
 767 033c 25030000 		.4byte	0x325
 768 0340 05       		.uleb128 0x5
 769 0341 03       		.byte	0x3
 770 0342 00000000 		.4byte	USBFS_1_DEVICE0_CONFIGURATION0_INTERFACE0_ALTERNATE0_HID_OUT_BUF
 771 0346 0B       		.uleb128 0xb
 772 0347 63000000 		.4byte	0x63
 773 034b 56030000 		.4byte	0x356
 774 034f 0C       		.uleb128 0xc
 775 0350 93000000 		.4byte	0x93
 776 0354 55       		.byte	0x55
 777 0355 00       		.byte	0
 778 0356 0D       		.uleb128 0xd
 779 0357 12040000 		.4byte	.LASF44
 780 035b 03       		.byte	0x3
 781 035c 91       		.byte	0x91
 782 035d 67030000 		.4byte	0x367
 783 0361 05       		.uleb128 0x5
 784 0362 03       		.byte	0x3
 785 0363 00000000 		.4byte	USBFS_1_HIDREPORT_DESCRIPTOR1
 786 0367 0E       		.uleb128 0xe
 787 0368 46030000 		.4byte	0x346
 788 036c 0B       		.uleb128 0xb
 789 036d 5B010000 		.4byte	0x15b
 790 0371 7C030000 		.4byte	0x37c
 791 0375 0C       		.uleb128 0xc
 792 0376 93000000 		.4byte	0x93
 793 037a 00       		.byte	0
 794 037b 00       		.byte	0
 795 037c 0D       		.uleb128 0xd
 796 037d 0D000000 		.4byte	.LASF45
 797 0381 03       		.byte	0x3
 798 0382 CD       		.byte	0xcd
ARM GAS  C:\Users\Greg\AppData\Local\Temp\ccbuAf7F.s 			page 15


 799 0383 8D030000 		.4byte	0x38d
 800 0387 05       		.uleb128 0x5
 801 0388 03       		.byte	0x3
 802 0389 00000000 		.4byte	USBFS_1_DEVICE0_CONFIGURATION0_INTERFACE0_ALTERNATE0_HID_IN_RPT_TABLE
 803 038d 0E       		.uleb128 0xe
 804 038e 6C030000 		.4byte	0x36c
 805 0392 0D       		.uleb128 0xd
 806 0393 C2030000 		.4byte	.LASF46
 807 0397 03       		.byte	0x3
 808 0398 DC       		.byte	0xdc
 809 0399 A3030000 		.4byte	0x3a3
 810 039d 05       		.uleb128 0x5
 811 039e 03       		.byte	0x3
 812 039f 00000000 		.4byte	USBFS_1_DEVICE0_CONFIGURATION0_INTERFACE0_ALTERNATE0_HID_OUT_RPT_TABLE
 813 03a3 0E       		.uleb128 0xe
 814 03a4 6C030000 		.4byte	0x36c
 815 03a8 0B       		.uleb128 0xb
 816 03a9 8C010000 		.4byte	0x18c
 817 03ad B8030000 		.4byte	0x3b8
 818 03b1 0C       		.uleb128 0xc
 819 03b2 93000000 		.4byte	0x93
 820 03b6 04       		.byte	0x4
 821 03b7 00       		.byte	0
 822 03b8 0D       		.uleb128 0xd
 823 03b9 49010000 		.4byte	.LASF47
 824 03bd 03       		.byte	0x3
 825 03be E9       		.byte	0xe9
 826 03bf C9030000 		.4byte	0x3c9
 827 03c3 05       		.uleb128 0x5
 828 03c4 03       		.byte	0x3
 829 03c5 00000000 		.4byte	USBFS_1_DEVICE0_CONFIGURATION0_INTERFACE0_ALTERNATE0_HID_TABLE
 830 03c9 0E       		.uleb128 0xe
 831 03ca A8030000 		.4byte	0x3a8
 832 03ce 00       		.byte	0
 833              		.section	.debug_abbrev,"",%progbits
 834              	.Ldebug_abbrev0:
 835 0000 01       		.uleb128 0x1
 836 0001 11       		.uleb128 0x11
 837 0002 01       		.byte	0x1
 838 0003 25       		.uleb128 0x25
 839 0004 0E       		.uleb128 0xe
 840 0005 13       		.uleb128 0x13
 841 0006 0B       		.uleb128 0xb
 842 0007 03       		.uleb128 0x3
 843 0008 0E       		.uleb128 0xe
 844 0009 1B       		.uleb128 0x1b
 845 000a 0E       		.uleb128 0xe
 846 000b 10       		.uleb128 0x10
 847 000c 17       		.uleb128 0x17
 848 000d 00       		.byte	0
 849 000e 00       		.byte	0
 850 000f 02       		.uleb128 0x2
 851 0010 24       		.uleb128 0x24
 852 0011 00       		.byte	0
 853 0012 0B       		.uleb128 0xb
 854 0013 0B       		.uleb128 0xb
 855 0014 3E       		.uleb128 0x3e
ARM GAS  C:\Users\Greg\AppData\Local\Temp\ccbuAf7F.s 			page 16


 856 0015 0B       		.uleb128 0xb
 857 0016 03       		.uleb128 0x3
 858 0017 0E       		.uleb128 0xe
 859 0018 00       		.byte	0
 860 0019 00       		.byte	0
 861 001a 03       		.uleb128 0x3
 862 001b 24       		.uleb128 0x24
 863 001c 00       		.byte	0
 864 001d 0B       		.uleb128 0xb
 865 001e 0B       		.uleb128 0xb
 866 001f 3E       		.uleb128 0x3e
 867 0020 0B       		.uleb128 0xb
 868 0021 03       		.uleb128 0x3
 869 0022 08       		.uleb128 0x8
 870 0023 00       		.byte	0
 871 0024 00       		.byte	0
 872 0025 04       		.uleb128 0x4
 873 0026 16       		.uleb128 0x16
 874 0027 00       		.byte	0
 875 0028 03       		.uleb128 0x3
 876 0029 0E       		.uleb128 0xe
 877 002a 3A       		.uleb128 0x3a
 878 002b 0B       		.uleb128 0xb
 879 002c 3B       		.uleb128 0x3b
 880 002d 0B       		.uleb128 0xb
 881 002e 49       		.uleb128 0x49
 882 002f 13       		.uleb128 0x13
 883 0030 00       		.byte	0
 884 0031 00       		.byte	0
 885 0032 05       		.uleb128 0x5
 886 0033 35       		.uleb128 0x35
 887 0034 00       		.byte	0
 888 0035 49       		.uleb128 0x49
 889 0036 13       		.uleb128 0x13
 890 0037 00       		.byte	0
 891 0038 00       		.byte	0
 892 0039 06       		.uleb128 0x6
 893 003a 13       		.uleb128 0x13
 894 003b 01       		.byte	0x1
 895 003c 0B       		.uleb128 0xb
 896 003d 0B       		.uleb128 0xb
 897 003e 3A       		.uleb128 0x3a
 898 003f 0B       		.uleb128 0xb
 899 0040 3B       		.uleb128 0x3b
 900 0041 0B       		.uleb128 0xb
 901 0042 01       		.uleb128 0x1
 902 0043 13       		.uleb128 0x13
 903 0044 00       		.byte	0
 904 0045 00       		.byte	0
 905 0046 07       		.uleb128 0x7
 906 0047 0D       		.uleb128 0xd
 907 0048 00       		.byte	0
 908 0049 03       		.uleb128 0x3
 909 004a 0E       		.uleb128 0xe
 910 004b 3A       		.uleb128 0x3a
 911 004c 0B       		.uleb128 0xb
 912 004d 3B       		.uleb128 0x3b
ARM GAS  C:\Users\Greg\AppData\Local\Temp\ccbuAf7F.s 			page 17


 913 004e 0B       		.uleb128 0xb
 914 004f 49       		.uleb128 0x49
 915 0050 13       		.uleb128 0x13
 916 0051 38       		.uleb128 0x38
 917 0052 0B       		.uleb128 0xb
 918 0053 00       		.byte	0
 919 0054 00       		.byte	0
 920 0055 08       		.uleb128 0x8
 921 0056 0F       		.uleb128 0xf
 922 0057 00       		.byte	0
 923 0058 0B       		.uleb128 0xb
 924 0059 0B       		.uleb128 0xb
 925 005a 49       		.uleb128 0x49
 926 005b 13       		.uleb128 0x13
 927 005c 00       		.byte	0
 928 005d 00       		.byte	0
 929 005e 09       		.uleb128 0x9
 930 005f 0D       		.uleb128 0xd
 931 0060 00       		.byte	0
 932 0061 03       		.uleb128 0x3
 933 0062 08       		.uleb128 0x8
 934 0063 3A       		.uleb128 0x3a
 935 0064 0B       		.uleb128 0xb
 936 0065 3B       		.uleb128 0x3b
 937 0066 0B       		.uleb128 0xb
 938 0067 49       		.uleb128 0x49
 939 0068 13       		.uleb128 0x13
 940 0069 38       		.uleb128 0x38
 941 006a 0B       		.uleb128 0xb
 942 006b 00       		.byte	0
 943 006c 00       		.byte	0
 944 006d 0A       		.uleb128 0xa
 945 006e 26       		.uleb128 0x26
 946 006f 00       		.byte	0
 947 0070 00       		.byte	0
 948 0071 00       		.byte	0
 949 0072 0B       		.uleb128 0xb
 950 0073 01       		.uleb128 0x1
 951 0074 01       		.byte	0x1
 952 0075 49       		.uleb128 0x49
 953 0076 13       		.uleb128 0x13
 954 0077 01       		.uleb128 0x1
 955 0078 13       		.uleb128 0x13
 956 0079 00       		.byte	0
 957 007a 00       		.byte	0
 958 007b 0C       		.uleb128 0xc
 959 007c 21       		.uleb128 0x21
 960 007d 00       		.byte	0
 961 007e 49       		.uleb128 0x49
 962 007f 13       		.uleb128 0x13
 963 0080 2F       		.uleb128 0x2f
 964 0081 0B       		.uleb128 0xb
 965 0082 00       		.byte	0
 966 0083 00       		.byte	0
 967 0084 0D       		.uleb128 0xd
 968 0085 34       		.uleb128 0x34
 969 0086 00       		.byte	0
ARM GAS  C:\Users\Greg\AppData\Local\Temp\ccbuAf7F.s 			page 18


 970 0087 03       		.uleb128 0x3
 971 0088 0E       		.uleb128 0xe
 972 0089 3A       		.uleb128 0x3a
 973 008a 0B       		.uleb128 0xb
 974 008b 3B       		.uleb128 0x3b
 975 008c 0B       		.uleb128 0xb
 976 008d 49       		.uleb128 0x49
 977 008e 13       		.uleb128 0x13
 978 008f 3F       		.uleb128 0x3f
 979 0090 19       		.uleb128 0x19
 980 0091 02       		.uleb128 0x2
 981 0092 18       		.uleb128 0x18
 982 0093 00       		.byte	0
 983 0094 00       		.byte	0
 984 0095 0E       		.uleb128 0xe
 985 0096 26       		.uleb128 0x26
 986 0097 00       		.byte	0
 987 0098 49       		.uleb128 0x49
 988 0099 13       		.uleb128 0x13
 989 009a 00       		.byte	0
 990 009b 00       		.byte	0
 991 009c 0F       		.uleb128 0xf
 992 009d 34       		.uleb128 0x34
 993 009e 00       		.byte	0
 994 009f 03       		.uleb128 0x3
 995 00a0 0E       		.uleb128 0xe
 996 00a1 3A       		.uleb128 0x3a
 997 00a2 0B       		.uleb128 0xb
 998 00a3 3B       		.uleb128 0x3b
 999 00a4 05       		.uleb128 0x5
 1000 00a5 49       		.uleb128 0x49
 1001 00a6 13       		.uleb128 0x13
 1002 00a7 3F       		.uleb128 0x3f
 1003 00a8 19       		.uleb128 0x19
 1004 00a9 02       		.uleb128 0x2
 1005 00aa 18       		.uleb128 0x18
 1006 00ab 00       		.byte	0
 1007 00ac 00       		.byte	0
 1008 00ad 00       		.byte	0
 1009              		.section	.debug_aranges,"",%progbits
 1010 0000 14000000 		.4byte	0x14
 1011 0004 0200     		.2byte	0x2
 1012 0006 00000000 		.4byte	.Ldebug_info0
 1013 000a 04       		.byte	0x4
 1014 000b 00       		.byte	0
 1015 000c 0000     		.2byte	0
 1016 000e 0000     		.2byte	0
 1017 0010 00000000 		.4byte	0
 1018 0014 00000000 		.4byte	0
 1019              		.section	.debug_line,"",%progbits
 1020              	.Ldebug_line0:
 1021 0000 5F000000 		.section	.debug_str,"MS",%progbits,1
 1021      02005900 
 1021      00000201 
 1021      FB0E0D00 
 1021      01010101 
 1022              	.LASF27:
ARM GAS  C:\Users\Greg\AppData\Local\Temp\ccbuAf7F.s 			page 19


 1023 0000 70537461 		.ascii	"pStatusBlock\000"
 1023      74757342 
 1023      6C6F636B 
 1023      00
 1024              	.LASF45:
 1025 000d 55534246 		.ascii	"USBFS_1_DEVICE0_CONFIGURATION0_INTERFACE0_ALTERNATE"
 1025      535F315F 
 1025      44455649 
 1025      4345305F 
 1025      434F4E46 
 1026 0040 305F4849 		.ascii	"0_HID_IN_RPT_TABLE\000"
 1026      445F494E 
 1026      5F525054 
 1026      5F544142 
 1026      4C4500
 1027              	.LASF25:
 1028 0053 636F756E 		.ascii	"count\000"
 1028      7400
 1029              	.LASF4:
 1030 0059 6C6F6E67 		.ascii	"long int\000"
 1030      20696E74 
 1030      00
 1031              	.LASF3:
 1032 0062 73686F72 		.ascii	"short unsigned int\000"
 1032      7420756E 
 1032      7369676E 
 1032      65642069 
 1032      6E7400
 1033              	.LASF32:
 1034 0075 55534246 		.ascii	"USBFS_1_DEVICE0_CONFIGURATION0_DESCR\000"
 1034      535F315F 
 1034      44455649 
 1034      4345305F 
 1034      434F4E46 
 1035              	.LASF22:
 1036 009a 73746174 		.ascii	"status\000"
 1036      757300
 1037              	.LASF40:
 1038 00a1 55534246 		.ascii	"USBFS_1_DEVICE0_CONFIGURATION0_INTERFACE0_ALTERNATE"
 1038      535F315F 
 1038      44455649 
 1038      4345305F 
 1038      434F4E46 
 1039 00d4 305F4849 		.ascii	"0_HID_IN_RPT_SCB\000"
 1039      445F494E 
 1039      5F525054 
 1039      5F534342 
 1039      00
 1040              	.LASF26:
 1041 00e5 70446174 		.ascii	"pData\000"
 1041      6100
 1042              	.LASF50:
 1043 00eb 433A5C55 		.ascii	"C:\\Users\\Greg\\Documents\\Cypress_Local\\FIRST\\C"
 1043      73657273 
 1043      5C477265 
 1043      675C446F 
 1043      63756D65 
ARM GAS  C:\Users\Greg\AppData\Local\Temp\ccbuAf7F.s 			page 20


 1044 0118 79436F6E 		.ascii	"yController\\CyController1.cydsn\000"
 1044      74726F6C 
 1044      6C65725C 
 1044      4379436F 
 1044      6E74726F 
 1045              	.LASF16:
 1046 0138 616C7453 		.ascii	"altSetting\000"
 1046      65747469 
 1046      6E6700
 1047              	.LASF11:
 1048 0143 666C6F61 		.ascii	"float\000"
 1048      7400
 1049              	.LASF47:
 1050 0149 55534246 		.ascii	"USBFS_1_DEVICE0_CONFIGURATION0_INTERFACE0_ALTERNATE"
 1050      535F315F 
 1050      44455649 
 1050      4345305F 
 1050      434F4E46 
 1051 017c 305F4849 		.ascii	"0_HID_TABLE\000"
 1051      445F5441 
 1051      424C4500 
 1052              	.LASF0:
 1053 0188 7369676E 		.ascii	"signed char\000"
 1053      65642063 
 1053      68617200 
 1054              	.LASF38:
 1055 0194 55534246 		.ascii	"USBFS_1_TABLE\000"
 1055      535F315F 
 1055      5441424C 
 1055      4500
 1056              	.LASF1:
 1057 01a2 756E7369 		.ascii	"unsigned char\000"
 1057      676E6564 
 1057      20636861 
 1057      7200
 1058              	.LASF18:
 1059 01b0 61747472 		.ascii	"attributes\000"
 1059      69627574 
 1059      657300
 1060              	.LASF5:
 1061 01bb 6C6F6E67 		.ascii	"long unsigned int\000"
 1061      20756E73 
 1061      69676E65 
 1061      6420696E 
 1061      7400
 1062              	.LASF17:
 1063 01cd 61646472 		.ascii	"addr\000"
 1063      00
 1064              	.LASF24:
 1065 01d2 545F5553 		.ascii	"T_USBFS_1_XFER_STATUS_BLOCK\000"
 1065      4246535F 
 1065      315F5846 
 1065      45525F53 
 1065      54415455 
 1066              	.LASF37:
 1067 01ee 55534246 		.ascii	"USBFS_1_DEVICE0_TABLE\000"
 1067      535F315F 
ARM GAS  C:\Users\Greg\AppData\Local\Temp\ccbuAf7F.s 			page 21


 1067      44455649 
 1067      4345305F 
 1067      5441424C 
 1068              	.LASF21:
 1069 0204 545F5553 		.ascii	"T_USBFS_1_EP_SETTINGS_BLOCK\000"
 1069      4246535F 
 1069      315F4550 
 1069      5F534554 
 1069      54494E47 
 1070              	.LASF43:
 1071 0220 55534246 		.ascii	"USBFS_1_DEVICE0_CONFIGURATION0_INTERFACE0_ALTERNATE"
 1071      535F315F 
 1071      44455649 
 1071      4345305F 
 1071      434F4E46 
 1072 0253 305F4849 		.ascii	"0_HID_OUT_BUF\000"
 1072      445F4F55 
 1072      545F4255 
 1072      4600
 1073              	.LASF12:
 1074 0261 646F7562 		.ascii	"double\000"
 1074      6C6500
 1075              	.LASF10:
 1076 0268 75696E74 		.ascii	"uint16\000"
 1076      313600
 1077              	.LASF34:
 1078 026f 55534246 		.ascii	"USBFS_1_DEVICE0_CONFIGURATION0_EP_SETTINGS_TABLE\000"
 1078      535F315F 
 1078      44455649 
 1078      4345305F 
 1078      434F4E46 
 1079              	.LASF48:
 1080 02a0 474E5520 		.ascii	"GNU C 4.9.3 20150303 (release) [ARM/embedded-4_9-br"
 1080      4320342E 
 1080      392E3320 
 1080      32303135 
 1080      30333033 
 1081 02d3 616E6368 		.ascii	"anch revision 221220] -mcpu=cortex-m3 -mthumb -g -O"
 1081      20726576 
 1081      6973696F 
 1081      6E203232 
 1081      31323230 
 1082 0306 67202D66 		.ascii	"g -ffunction-sections -ffat-lto-objects\000"
 1082      66756E63 
 1082      74696F6E 
 1082      2D736563 
 1082      74696F6E 
 1083              	.LASF8:
 1084 032e 756E7369 		.ascii	"unsigned int\000"
 1084      676E6564 
 1084      20696E74 
 1084      00
 1085              	.LASF30:
 1086 033b 545F5553 		.ascii	"T_USBFS_1_LUT\000"
 1086      4246535F 
 1086      315F4C55 
 1086      5400
ARM GAS  C:\Users\Greg\AppData\Local\Temp\ccbuAf7F.s 			page 22


 1087              	.LASF31:
 1088 0349 55534246 		.ascii	"USBFS_1_DEVICE0_DESCR\000"
 1088      535F315F 
 1088      44455649 
 1088      4345305F 
 1088      44455343 
 1089              	.LASF7:
 1090 035f 6C6F6E67 		.ascii	"long long unsigned int\000"
 1090      206C6F6E 
 1090      6720756E 
 1090      7369676E 
 1090      65642069 
 1091              	.LASF29:
 1092 0376 705F6C69 		.ascii	"p_list\000"
 1092      737400
 1093              	.LASF42:
 1094 037d 55534246 		.ascii	"USBFS_1_DEVICE0_CONFIGURATION0_INTERFACE0_ALTERNATE"
 1094      535F315F 
 1094      44455649 
 1094      4345305F 
 1094      434F4E46 
 1095 03b0 305F4849 		.ascii	"0_HID_OUT_RPT_SCB\000"
 1095      445F4F55 
 1095      545F5250 
 1095      545F5343 
 1095      4200
 1096              	.LASF46:
 1097 03c2 55534246 		.ascii	"USBFS_1_DEVICE0_CONFIGURATION0_INTERFACE0_ALTERNATE"
 1097      535F315F 
 1097      44455649 
 1097      4345305F 
 1097      434F4E46 
 1098 03f5 305F4849 		.ascii	"0_HID_OUT_RPT_TABLE\000"
 1098      445F4F55 
 1098      545F5250 
 1098      545F5441 
 1098      424C4500 
 1099              	.LASF14:
 1100 0409 73697A65 		.ascii	"sizetype\000"
 1100      74797065 
 1100      00
 1101              	.LASF44:
 1102 0412 55534246 		.ascii	"USBFS_1_HIDREPORT_DESCRIPTOR1\000"
 1102      535F315F 
 1102      48494452 
 1102      45504F52 
 1102      545F4445 
 1103              	.LASF6:
 1104 0430 6C6F6E67 		.ascii	"long long int\000"
 1104      206C6F6E 
 1104      6720696E 
 1104      7400
 1105              	.LASF33:
 1106 043e 55534246 		.ascii	"USBFS_1_DEVICE0_CONFIGURATION0_INTERFACE0_TABLE\000"
 1106      535F315F 
 1106      44455649 
 1106      4345305F 
ARM GAS  C:\Users\Greg\AppData\Local\Temp\ccbuAf7F.s 			page 23


 1106      434F4E46 
 1107              	.LASF19:
 1108 046e 62756666 		.ascii	"bufferSize\000"
 1108      65725369 
 1108      7A6500
 1109              	.LASF2:
 1110 0479 73686F72 		.ascii	"short int\000"
 1110      7420696E 
 1110      7400
 1111              	.LASF9:
 1112 0483 75696E74 		.ascii	"uint8\000"
 1112      3800
 1113              	.LASF15:
 1114 0489 696E7465 		.ascii	"interface\000"
 1114      72666163 
 1114      6500
 1115              	.LASF39:
 1116 0493 55534246 		.ascii	"USBFS_1_STRING_DESCRIPTORS\000"
 1116      535F315F 
 1116      53545249 
 1116      4E475F44 
 1116      45534352 
 1117              	.LASF35:
 1118 04ae 55534246 		.ascii	"USBFS_1_DEVICE0_CONFIGURATION0_INTERFACE_CLASS\000"
 1118      535F315F 
 1118      44455649 
 1118      4345305F 
 1118      434F4E46 
 1119              	.LASF13:
 1120 04dd 63686172 		.ascii	"char\000"
 1120      00
 1121              	.LASF28:
 1122 04e2 545F5553 		.ascii	"T_USBFS_1_TD\000"
 1122      4246535F 
 1122      315F5444 
 1122      00
 1123              	.LASF49:
 1124 04ef 2E5C4765 		.ascii	".\\Generated_Source\\PSoC5\\USBFS_1_descr.c\000"
 1124      6E657261 
 1124      7465645F 
 1124      536F7572 
 1124      63655C50 
 1125              	.LASF41:
 1126 0518 55534246 		.ascii	"USBFS_1_DEVICE0_CONFIGURATION0_INTERFACE0_ALTERNATE"
 1126      535F315F 
 1126      44455649 
 1126      4345305F 
 1126      434F4E46 
 1127 054b 305F4849 		.ascii	"0_HID_IN_BUF\000"
 1127      445F494E 
 1127      5F425546 
 1127      00
 1128              	.LASF23:
 1129 0558 6C656E67 		.ascii	"length\000"
 1129      746800
 1130              	.LASF36:
 1131 055f 55534246 		.ascii	"USBFS_1_DEVICE0_CONFIGURATION0_TABLE\000"
ARM GAS  C:\Users\Greg\AppData\Local\Temp\ccbuAf7F.s 			page 24


 1131      535F315F 
 1131      44455649 
 1131      4345305F 
 1131      434F4E46 
 1132              	.LASF20:
 1133 0584 624D6973 		.ascii	"bMisc\000"
 1133      6300
 1134              		.ident	"GCC: (GNU Tools for ARM Embedded Processors) 4.9.3 20150303 (release) [ARM/embedded-4_9-br
