ARM GAS  C:\Users\Alex\AppData\Local\Temp\cc3iMNvV.s 			page 1


   1              		.syntax unified
   2              		.cpu cortex-m3
   3              		.fpu softvfp
   4              		.eabi_attribute 20, 1
   5              		.eabi_attribute 21, 1
   6              		.eabi_attribute 23, 3
   7              		.eabi_attribute 24, 1
   8              		.eabi_attribute 25, 1
   9              		.eabi_attribute 26, 1
  10              		.eabi_attribute 30, 1
  11              		.eabi_attribute 34, 1
  12              		.eabi_attribute 18, 4
  13              		.thumb
  14              		.syntax unified
  15              		.file	"cymetadata.c"
  16              		.text
  17              	.Ltext0:
  18              		.cfi_sections	.debug_frame
  19              		.global	cy_metadata
  20              		.global	cy_meta_flashprotect
  21              		.global	cy_meta_wonvl
  22              		.global	cy_meta_custnvl
  23              		.global	cy_meta_configecc
  24              		.section	.cyconfigecc,"a",%progbits
  25              		.align	2
  26              		.type	cy_meta_configecc, %object
  27              		.size	cy_meta_configecc, 1948
  28              	cy_meta_configecc:
  29 0000 01       		.byte	1
  30 0001 45       		.byte	69
  31 0002 00       		.byte	0
  32 0003 40       		.byte	64
  33 0004 02       		.byte	2
  34 0005 52       		.byte	82
  35 0006 00       		.byte	0
  36 0007 40       		.byte	64
  37 0008 01       		.byte	1
  38 0009 5B       		.byte	91
  39 000a 00       		.byte	0
  40 000b 40       		.byte	64
  41 000c 02       		.byte	2
  42 000d 64       		.byte	100
  43 000e 00       		.byte	0
  44 000f 40       		.byte	64
  45 0010 02       		.byte	2
  46 0011 65       		.byte	101
  47 0012 00       		.byte	0
  48 0013 40       		.byte	64
  49 0014 01       		.byte	1
  50 0015 03       		.byte	3
  51 0016 01       		.byte	1
  52 0017 40       		.byte	64
  53 0018 42       		.byte	66
  54 0019 04       		.byte	4
  55 001a 01       		.byte	1
  56 001b 40       		.byte	64
  57 001c 37       		.byte	55
ARM GAS  C:\Users\Alex\AppData\Local\Temp\cc3iMNvV.s 			page 2


  58 001d 05       		.byte	5
  59 001e 01       		.byte	1
  60 001f 40       		.byte	64
  61 0020 30       		.byte	48
  62 0021 06       		.byte	6
  63 0022 01       		.byte	1
  64 0023 40       		.byte	64
  65 0024 37       		.byte	55
  66 0025 07       		.byte	7
  67 0026 01       		.byte	1
  68 0027 40       		.byte	64
  69 0028 38       		.byte	56
  70 0029 08       		.byte	8
  71 002a 01       		.byte	1
  72 002b 40       		.byte	64
  73 002c 39       		.byte	57
  74 002d 09       		.byte	9
  75 002e 01       		.byte	1
  76 002f 40       		.byte	64
  77 0030 12       		.byte	18
  78 0031 0A       		.byte	10
  79 0032 01       		.byte	1
  80 0033 40       		.byte	64
  81 0034 2E       		.byte	46
  82 0035 0B       		.byte	11
  83 0036 01       		.byte	1
  84 0037 40       		.byte	64
  85 0038 02       		.byte	2
  86 0039 0D       		.byte	13
  87 003a 01       		.byte	1
  88 003b 40       		.byte	64
  89 003c 18       		.byte	24
  90 003d 14       		.byte	20
  91 003e 01       		.byte	1
  92 003f 40       		.byte	64
  93 0040 38       		.byte	56
  94 0041 15       		.byte	21
  95 0042 01       		.byte	1
  96 0043 40       		.byte	64
  97 0044 1D       		.byte	29
  98 0045 16       		.byte	22
  99 0046 01       		.byte	1
 100 0047 40       		.byte	64
 101 0048 42       		.byte	66
 102 0049 17       		.byte	23
 103 004a 01       		.byte	1
 104 004b 40       		.byte	64
 105 004c 24       		.byte	36
 106 004d 18       		.byte	24
 107 004e 01       		.byte	1
 108 004f 40       		.byte	64
 109 0050 41       		.byte	65
 110 0051 19       		.byte	25
 111 0052 01       		.byte	1
 112 0053 40       		.byte	64
 113 0054 29       		.byte	41
 114 0055 1A       		.byte	26
ARM GAS  C:\Users\Alex\AppData\Local\Temp\cc3iMNvV.s 			page 3


 115 0056 01       		.byte	1
 116 0057 40       		.byte	64
 117 0058 46       		.byte	70
 118 0059 1B       		.byte	27
 119 005a 01       		.byte	1
 120 005b 40       		.byte	64
 121 005c 09       		.byte	9
 122 005d 40       		.byte	64
 123 005e 01       		.byte	1
 124 005f 40       		.byte	64
 125 0060 08       		.byte	8
 126 0061 41       		.byte	65
 127 0062 01       		.byte	1
 128 0063 40       		.byte	64
 129 0064 0A       		.byte	10
 130 0065 42       		.byte	66
 131 0066 01       		.byte	1
 132 0067 40       		.byte	64
 133 0068 01       		.byte	1
 134 0069 43       		.byte	67
 135 006a 01       		.byte	1
 136 006b 40       		.byte	64
 137 006c 06       		.byte	6
 138 006d 46       		.byte	70
 139 006e 01       		.byte	1
 140 006f 40       		.byte	64
 141 0070 08       		.byte	8
 142 0071 47       		.byte	71
 143 0072 01       		.byte	1
 144 0073 40       		.byte	64
 145 0074 04       		.byte	4
 146 0075 48       		.byte	72
 147 0076 01       		.byte	1
 148 0077 40       		.byte	64
 149 0078 01       		.byte	1
 150 0079 49       		.byte	73
 151 007a 01       		.byte	1
 152 007b 40       		.byte	64
 153 007c 03       		.byte	3
 154 007d 4C       		.byte	76
 155 007e 01       		.byte	1
 156 007f 40       		.byte	64
 157 0080 09       		.byte	9
 158 0081 4D       		.byte	77
 159 0082 01       		.byte	1
 160 0083 40       		.byte	64
 161 0084 09       		.byte	9
 162 0085 50       		.byte	80
 163 0086 01       		.byte	1
 164 0087 40       		.byte	64
 165 0088 02       		.byte	2
 166 0089 51       		.byte	81
 167 008a 01       		.byte	1
 168 008b 40       		.byte	64
 169 008c 7E       		.byte	126
 170 008d 02       		.byte	2
 171 008e 01       		.byte	1
ARM GAS  C:\Users\Alex\AppData\Local\Temp\cc3iMNvV.s 			page 4


 172 008f 02       		.byte	2
 173 0090 7C       		.byte	124
 174 0091 40       		.byte	64
 175 0092 27       		.byte	39
 176 0093 84       		.byte	-124
 177 0094 84       		.byte	-124
 178 0095 0F       		.byte	15
 179 0096 8B       		.byte	-117
 180 0097 38       		.byte	56
 181 0098 87       		.byte	-121
 182 0099 01       		.byte	1
 183 009a 8B       		.byte	-117
 184 009b 72       		.byte	114
 185 009c E8       		.byte	-24
 186 009d 02       		.byte	2
 187 009e 04       		.byte	4
 188 009f 2A       		.byte	42
 189 00a0 05       		.byte	5
 190 00a1 0C       		.byte	12
 191 00a2 06       		.byte	6
 192 00a3 54       		.byte	84
 193 00a4 07       		.byte	7
 194 00a5 03       		.byte	3
 195 00a6 09       		.byte	9
 196 00a7 01       		.byte	1
 197 00a8 0B       		.byte	11
 198 00a9 0E       		.byte	14
 199 00aa 0F       		.byte	15
 200 00ab 03       		.byte	3
 201 00ac 12       		.byte	18
 202 00ad 55       		.byte	85
 203 00ae 14       		.byte	20
 204 00af 43       		.byte	67
 205 00b0 16       		.byte	22
 206 00b1 34       		.byte	52
 207 00b2 17       		.byte	23
 208 00b3 08       		.byte	8
 209 00b4 18       		.byte	24
 210 00b5 43       		.byte	67
 211 00b6 1A       		.byte	26
 212 00b7 1C       		.byte	28
 213 00b8 23       		.byte	35
 214 00b9 0C       		.byte	12
 215 00ba 24       		.byte	36
 216 00bb 03       		.byte	3
 217 00bc 25       		.byte	37
 218 00bd 01       		.byte	1
 219 00be 26       		.byte	38
 220 00bf 44       		.byte	68
 221 00c0 27       		.byte	39
 222 00c1 06       		.byte	6
 223 00c2 2A       		.byte	42
 224 00c3 20       		.byte	32
 225 00c4 2D       		.byte	45
 226 00c5 10       		.byte	16
 227 00c6 2E       		.byte	46
 228 00c7 28       		.byte	40
ARM GAS  C:\Users\Alex\AppData\Local\Temp\cc3iMNvV.s 			page 5


 229 00c8 30       		.byte	48
 230 00c9 40       		.byte	64
 231 00ca 32       		.byte	50
 232 00cb 38       		.byte	56
 233 00cc 33       		.byte	51
 234 00cd 10       		.byte	16
 235 00ce 34       		.byte	52
 236 00cf 0F       		.byte	15
 237 00d0 35       		.byte	53
 238 00d1 0F       		.byte	15
 239 00d2 3A       		.byte	58
 240 00d3 28       		.byte	40
 241 00d4 3B       		.byte	59
 242 00d5 20       		.byte	32
 243 00d6 3E       		.byte	62
 244 00d7 01       		.byte	1
 245 00d8 3F       		.byte	63
 246 00d9 04       		.byte	4
 247 00da 40       		.byte	64
 248 00db 25       		.byte	37
 249 00dc 41       		.byte	65
 250 00dd 03       		.byte	3
 251 00de 45       		.byte	69
 252 00df 0C       		.byte	12
 253 00e0 46       		.byte	70
 254 00e1 0E       		.byte	14
 255 00e2 47       		.byte	71
 256 00e3 0B       		.byte	11
 257 00e4 48       		.byte	72
 258 00e5 15       		.byte	21
 259 00e6 49       		.byte	73
 260 00e7 FF       		.byte	-1
 261 00e8 4A       		.byte	74
 262 00e9 FF       		.byte	-1
 263 00ea 4B       		.byte	75
 264 00eb FF       		.byte	-1
 265 00ec 4E       		.byte	78
 266 00ed F0       		.byte	-16
 267 00ee 4F       		.byte	79
 268 00ef 44       		.byte	68
 269 00f0 50       		.byte	80
 270 00f1 0C       		.byte	12
 271 00f2 54       		.byte	84
 272 00f3 01       		.byte	1
 273 00f4 58       		.byte	88
 274 00f5 04       		.byte	4
 275 00f6 59       		.byte	89
 276 00f7 04       		.byte	4
 277 00f8 5A       		.byte	90
 278 00f9 04       		.byte	4
 279 00fa 5B       		.byte	91
 280 00fb 04       		.byte	4
 281 00fc 5C       		.byte	92
 282 00fd 11       		.byte	17
 283 00fe 5D       		.byte	93
 284 00ff 11       		.byte	17
 285 0100 5F       		.byte	95
ARM GAS  C:\Users\Alex\AppData\Local\Temp\cc3iMNvV.s 			page 6


 286 0101 01       		.byte	1
 287 0102 66       		.byte	102
 288 0103 C0       		.byte	-64
 289 0104 6A       		.byte	106
 290 0105 40       		.byte	64
 291 0106 6B       		.byte	107
 292 0107 02       		.byte	2
 293 0108 85       		.byte	-123
 294 0109 03       		.byte	3
 295 010a 8D       		.byte	-115
 296 010b 02       		.byte	2
 297 010c 8F       		.byte	-113
 298 010d 01       		.byte	1
 299 010e 93       		.byte	-109
 300 010f 03       		.byte	3
 301 0110 95       		.byte	-107
 302 0111 03       		.byte	3
 303 0112 9D       		.byte	-99
 304 0113 03       		.byte	3
 305 0114 A1       		.byte	-95
 306 0115 03       		.byte	3
 307 0116 A9       		.byte	-87
 308 0117 03       		.byte	3
 309 0118 B3       		.byte	-77
 310 0119 02       		.byte	2
 311 011a B5       		.byte	-75
 312 011b 01       		.byte	1
 313 011c D8       		.byte	-40
 314 011d 04       		.byte	4
 315 011e D9       		.byte	-39
 316 011f 04       		.byte	4
 317 0120 DF       		.byte	-33
 318 0121 01       		.byte	1
 319 0122 00       		.byte	0
 320 0123 04       		.byte	4
 321 0124 04       		.byte	4
 322 0125 40       		.byte	64
 323 0126 05       		.byte	5
 324 0127 04       		.byte	4
 325 0128 0A       		.byte	10
 326 0129 14       		.byte	20
 327 012a 0B       		.byte	11
 328 012b 80       		.byte	-128
 329 012c 0C       		.byte	12
 330 012d 04       		.byte	4
 331 012e 0E       		.byte	14
 332 012f 02       		.byte	2
 333 0130 0F       		.byte	15
 334 0131 08       		.byte	8
 335 0132 10       		.byte	16
 336 0133 30       		.byte	48
 337 0134 12       		.byte	18
 338 0135 09       		.byte	9
 339 0136 14       		.byte	20
 340 0137 80       		.byte	-128
 341 0138 16       		.byte	22
 342 0139 02       		.byte	2
ARM GAS  C:\Users\Alex\AppData\Local\Temp\cc3iMNvV.s 			page 7


 343 013a 18       		.byte	24
 344 013b 20       		.byte	32
 345 013c 1A       		.byte	26
 346 013d 54       		.byte	84
 347 013e 1B       		.byte	27
 348 013f 10       		.byte	16
 349 0140 20       		.byte	32
 350 0141 04       		.byte	4
 351 0142 22       		.byte	34
 352 0143 04       		.byte	4
 353 0144 24       		.byte	36
 354 0145 08       		.byte	8
 355 0146 27       		.byte	39
 356 0147 10       		.byte	16
 357 0148 28       		.byte	40
 358 0149 01       		.byte	1
 359 014a 2A       		.byte	42
 360 014b 41       		.byte	65
 361 014c 2B       		.byte	43
 362 014d 50       		.byte	80
 363 014e 2C       		.byte	44
 364 014f 04       		.byte	4
 365 0150 2E       		.byte	46
 366 0151 02       		.byte	2
 367 0152 2F       		.byte	47
 368 0153 80       		.byte	-128
 369 0154 32       		.byte	50
 370 0155 08       		.byte	8
 371 0156 34       		.byte	52
 372 0157 80       		.byte	-128
 373 0158 35       		.byte	53
 374 0159 04       		.byte	4
 375 015a 36       		.byte	54
 376 015b 03       		.byte	3
 377 015c 38       		.byte	56
 378 015d 24       		.byte	36
 379 015e 3B       		.byte	59
 380 015f 80       		.byte	-128
 381 0160 3C       		.byte	60
 382 0161 40       		.byte	64
 383 0162 3F       		.byte	63
 384 0163 08       		.byte	8
 385 0164 42       		.byte	66
 386 0165 14       		.byte	20
 387 0166 48       		.byte	72
 388 0167 20       		.byte	32
 389 0168 4B       		.byte	75
 390 0169 80       		.byte	-128
 391 016a 50       		.byte	80
 392 016b 08       		.byte	8
 393 016c 52       		.byte	82
 394 016d 40       		.byte	64
 395 016e 58       		.byte	88
 396 016f 11       		.byte	17
 397 0170 5A       		.byte	90
 398 0171 48       		.byte	72
 399 0172 83       		.byte	-125
ARM GAS  C:\Users\Alex\AppData\Local\Temp\cc3iMNvV.s 			page 8


 400 0173 10       		.byte	16
 401 0174 94       		.byte	-108
 402 0175 08       		.byte	8
 403 0176 B4       		.byte	-76
 404 0177 04       		.byte	4
 405 0178 C0       		.byte	-64
 406 0179 A4       		.byte	-92
 407 017a C2       		.byte	-62
 408 017b EE       		.byte	-18
 409 017c C4       		.byte	-60
 410 017d 97       		.byte	-105
 411 017e CA       		.byte	-54
 412 017f AB       		.byte	-85
 413 0180 CC       		.byte	-52
 414 0181 D2       		.byte	-46
 415 0182 CE       		.byte	-50
 416 0183 5E       		.byte	94
 417 0184 D0       		.byte	-48
 418 0185 06       		.byte	6
 419 0186 D2       		.byte	-46
 420 0187 08       		.byte	8
 421 0188 D6       		.byte	-42
 422 0189 0F       		.byte	15
 423 018a E6       		.byte	-26
 424 018b 01       		.byte	1
 425 018c EA       		.byte	-22
 426 018d 10       		.byte	16
 427 018e EE       		.byte	-18
 428 018f 01       		.byte	1
 429 0190 58       		.byte	88
 430 0191 04       		.byte	4
 431 0192 59       		.byte	89
 432 0193 04       		.byte	4
 433 0194 5F       		.byte	95
 434 0195 01       		.byte	1
 435 0196 80       		.byte	-128
 436 0197 40       		.byte	64
 437 0198 84       		.byte	-124
 438 0199 1C       		.byte	28
 439 019a 85       		.byte	-123
 440 019b 04       		.byte	4
 441 019c 86       		.byte	-122
 442 019d 22       		.byte	34
 443 019e 88       		.byte	-120
 444 019f 10       		.byte	16
 445 01a0 89       		.byte	-119
 446 01a1 06       		.byte	6
 447 01a2 92       		.byte	-110
 448 01a3 03       		.byte	3
 449 01a4 93       		.byte	-109
 450 01a5 01       		.byte	1
 451 01a6 94       		.byte	-108
 452 01a7 2C       		.byte	44
 453 01a8 96       		.byte	-106
 454 01a9 11       		.byte	17
 455 01aa 98       		.byte	-104
 456 01ab 30       		.byte	48
ARM GAS  C:\Users\Alex\AppData\Local\Temp\cc3iMNvV.s 			page 9


 457 01ac 9A       		.byte	-102
 458 01ad 0C       		.byte	12
 459 01ae 9C       		.byte	-100
 460 01af 09       		.byte	9
 461 01b0 9E       		.byte	-98
 462 01b1 10       		.byte	16
 463 01b2 A5       		.byte	-91
 464 01b3 06       		.byte	6
 465 01b4 A8       		.byte	-88
 466 01b5 14       		.byte	20
 467 01b6 AF       		.byte	-81
 468 01b7 02       		.byte	2
 469 01b8 B0       		.byte	-80
 470 01b9 1F       		.byte	31
 471 01ba B1       		.byte	-79
 472 01bb 01       		.byte	1
 473 01bc B3       		.byte	-77
 474 01bd 06       		.byte	6
 475 01be B6       		.byte	-74
 476 01bf 60       		.byte	96
 477 01c0 B8       		.byte	-72
 478 01c1 80       		.byte	-128
 479 01c2 B9       		.byte	-71
 480 01c3 08       		.byte	8
 481 01c4 BA       		.byte	-70
 482 01c5 20       		.byte	32
 483 01c6 BF       		.byte	-65
 484 01c7 04       		.byte	4
 485 01c8 C0       		.byte	-64
 486 01c9 03       		.byte	3
 487 01ca C7       		.byte	-57
 488 01cb 04       		.byte	4
 489 01cc C9       		.byte	-55
 490 01cd FF       		.byte	-1
 491 01ce CA       		.byte	-54
 492 01cf 07       		.byte	7
 493 01d0 CB       		.byte	-53
 494 01d1 FF       		.byte	-1
 495 01d2 CC       		.byte	-52
 496 01d3 40       		.byte	64
 497 01d4 CD       		.byte	-51
 498 01d5 20       		.byte	32
 499 01d6 CE       		.byte	-50
 500 01d7 F0       		.byte	-16
 501 01d8 CF       		.byte	-49
 502 01d9 05       		.byte	5
 503 01da D0       		.byte	-48
 504 01db 08       		.byte	8
 505 01dc D8       		.byte	-40
 506 01dd 04       		.byte	4
 507 01de D9       		.byte	-39
 508 01df 04       		.byte	4
 509 01e0 DA       		.byte	-38
 510 01e1 04       		.byte	4
 511 01e2 DC       		.byte	-36
 512 01e3 01       		.byte	1
 513 01e4 DD       		.byte	-35
ARM GAS  C:\Users\Alex\AppData\Local\Temp\cc3iMNvV.s 			page 10


 514 01e5 01       		.byte	1
 515 01e6 DF       		.byte	-33
 516 01e7 01       		.byte	1
 517 01e8 E0       		.byte	-32
 518 01e9 40       		.byte	64
 519 01ea E1       		.byte	-31
 520 01eb A8       		.byte	-88
 521 01ec E2       		.byte	-30
 522 01ed 40       		.byte	64
 523 01ee E3       		.byte	-29
 524 01ef 20       		.byte	32
 525 01f0 00       		.byte	0
 526 01f1 04       		.byte	4
 527 01f2 02       		.byte	2
 528 01f3 48       		.byte	72
 529 01f4 04       		.byte	4
 530 01f5 40       		.byte	64
 531 01f6 05       		.byte	5
 532 01f7 14       		.byte	20
 533 01f8 0A       		.byte	10
 534 01f9 56       		.byte	86
 535 01fa 0E       		.byte	14
 536 01fb 01       		.byte	1
 537 01fc 0F       		.byte	15
 538 01fd 08       		.byte	8
 539 01fe 10       		.byte	16
 540 01ff 08       		.byte	8
 541 0200 14       		.byte	20
 542 0201 80       		.byte	-128
 543 0202 16       		.byte	22
 544 0203 01       		.byte	1
 545 0204 18       		.byte	24
 546 0205 08       		.byte	8
 547 0206 1A       		.byte	26
 548 0207 42       		.byte	66
 549 0208 1B       		.byte	27
 550 0209 40       		.byte	64
 551 020a 20       		.byte	32
 552 020b 40       		.byte	64
 553 020c 21       		.byte	33
 554 020d 04       		.byte	4
 555 020e 28       		.byte	40
 556 020f 80       		.byte	-128
 557 0210 2A       		.byte	42
 558 0211 40       		.byte	64
 559 0212 2B       		.byte	43
 560 0213 14       		.byte	20
 561 0214 2C       		.byte	44
 562 0215 04       		.byte	4
 563 0216 2E       		.byte	46
 564 0217 01       		.byte	1
 565 0218 2F       		.byte	47
 566 0219 80       		.byte	-128
 567 021a 31       		.byte	49
 568 021b 14       		.byte	20
 569 021c 33       		.byte	51
 570 021d 81       		.byte	-127
ARM GAS  C:\Users\Alex\AppData\Local\Temp\cc3iMNvV.s 			page 11


 571 021e 34       		.byte	52
 572 021f 80       		.byte	-128
 573 0220 35       		.byte	53
 574 0221 04       		.byte	4
 575 0222 36       		.byte	54
 576 0223 02       		.byte	2
 577 0224 38       		.byte	56
 578 0225 64       		.byte	100
 579 0226 3A       		.byte	58
 580 0227 01       		.byte	1
 581 0228 3C       		.byte	60
 582 0229 40       		.byte	64
 583 022a 3F       		.byte	63
 584 022b 08       		.byte	8
 585 022c 41       		.byte	65
 586 022d 04       		.byte	4
 587 022e 52       		.byte	82
 588 022f 48       		.byte	72
 589 0230 53       		.byte	83
 590 0231 40       		.byte	64
 591 0232 62       		.byte	98
 592 0233 03       		.byte	3
 593 0234 8C       		.byte	-116
 594 0235 40       		.byte	64
 595 0236 90       		.byte	-112
 596 0237 24       		.byte	36
 597 0238 92       		.byte	-110
 598 0239 14       		.byte	20
 599 023a 94       		.byte	-108
 600 023b 40       		.byte	64
 601 023c 97       		.byte	-105
 602 023d 80       		.byte	-128
 603 023e 98       		.byte	-104
 604 023f 80       		.byte	-128
 605 0240 9C       		.byte	-100
 606 0241 04       		.byte	4
 607 0242 9D       		.byte	-99
 608 0243 04       		.byte	4
 609 0244 A0       		.byte	-96
 610 0245 08       		.byte	8
 611 0246 A3       		.byte	-93
 612 0247 10       		.byte	16
 613 0248 A6       		.byte	-90
 614 0249 0A       		.byte	10
 615 024a A7       		.byte	-89
 616 024b C4       		.byte	-60
 617 024c A8       		.byte	-88
 618 024d 80       		.byte	-128
 619 024e C0       		.byte	-64
 620 024f EE       		.byte	-18
 621 0250 C2       		.byte	-62
 622 0251 CF       		.byte	-49
 623 0252 C4       		.byte	-60
 624 0253 92       		.byte	-110
 625 0254 CA       		.byte	-54
 626 0255 AF       		.byte	-81
 627 0256 CC       		.byte	-52
ARM GAS  C:\Users\Alex\AppData\Local\Temp\cc3iMNvV.s 			page 12


 628 0257 DF       		.byte	-33
 629 0258 CE       		.byte	-50
 630 0259 5F       		.byte	95
 631 025a D0       		.byte	-48
 632 025b 02       		.byte	2
 633 025c EE       		.byte	-18
 634 025d 01       		.byte	1
 635 025e 02       		.byte	2
 636 025f 20       		.byte	32
 637 0260 06       		.byte	6
 638 0261 08       		.byte	8
 639 0262 0A       		.byte	10
 640 0263 08       		.byte	8
 641 0264 12       		.byte	18
 642 0265 01       		.byte	1
 643 0266 15       		.byte	21
 644 0267 04       		.byte	4
 645 0268 16       		.byte	22
 646 0269 04       		.byte	4
 647 026a 19       		.byte	25
 648 026b 01       		.byte	1
 649 026c 1A       		.byte	26
 650 026d 20       		.byte	32
 651 026e 1E       		.byte	30
 652 026f 02       		.byte	2
 653 0270 20       		.byte	32
 654 0271 01       		.byte	1
 655 0272 24       		.byte	36
 656 0273 10       		.byte	16
 657 0274 28       		.byte	40
 658 0275 10       		.byte	16
 659 0276 2F       		.byte	47
 660 0277 03       		.byte	3
 661 0278 30       		.byte	48
 662 0279 03       		.byte	3
 663 027a 32       		.byte	50
 664 027b 20       		.byte	32
 665 027c 33       		.byte	51
 666 027d 02       		.byte	2
 667 027e 34       		.byte	52
 668 027f 10       		.byte	16
 669 0280 35       		.byte	53
 670 0281 04       		.byte	4
 671 0282 36       		.byte	54
 672 0283 0C       		.byte	12
 673 0284 37       		.byte	55
 674 0285 01       		.byte	1
 675 0286 38       		.byte	56
 676 0287 20       		.byte	32
 677 0288 3E       		.byte	62
 678 0289 54       		.byte	84
 679 028a 3F       		.byte	63
 680 028b 10       		.byte	16
 681 028c 40       		.byte	64
 682 028d 25       		.byte	37
 683 028e 41       		.byte	65
 684 028f 06       		.byte	6
ARM GAS  C:\Users\Alex\AppData\Local\Temp\cc3iMNvV.s 			page 13


 685 0290 42       		.byte	66
 686 0291 04       		.byte	4
 687 0292 44       		.byte	68
 688 0293 01       		.byte	1
 689 0294 45       		.byte	69
 690 0295 CE       		.byte	-50
 691 0296 48       		.byte	72
 692 0297 03       		.byte	3
 693 0298 49       		.byte	73
 694 0299 FF       		.byte	-1
 695 029a 4A       		.byte	74
 696 029b FF       		.byte	-1
 697 029c 4B       		.byte	75
 698 029d FF       		.byte	-1
 699 029e 4C       		.byte	76
 700 029f 62       		.byte	98
 701 02a0 4D       		.byte	77
 702 02a1 A0       		.byte	-96
 703 02a2 4E       		.byte	78
 704 02a3 F0       		.byte	-16
 705 02a4 4F       		.byte	79
 706 02a5 41       		.byte	65
 707 02a6 50       		.byte	80
 708 02a7 0C       		.byte	12
 709 02a8 54       		.byte	84
 710 02a9 01       		.byte	1
 711 02aa 58       		.byte	88
 712 02ab 04       		.byte	4
 713 02ac 59       		.byte	89
 714 02ad 0C       		.byte	12
 715 02ae 5A       		.byte	90
 716 02af 04       		.byte	4
 717 02b0 5B       		.byte	91
 718 02b1 0C       		.byte	12
 719 02b2 5C       		.byte	92
 720 02b3 09       		.byte	9
 721 02b4 5D       		.byte	93
 722 02b5 01       		.byte	1
 723 02b6 5F       		.byte	95
 724 02b7 01       		.byte	1
 725 02b8 66       		.byte	102
 726 02b9 40       		.byte	64
 727 02ba 67       		.byte	103
 728 02bb 02       		.byte	2
 729 02bc 69       		.byte	105
 730 02bd 10       		.byte	16
 731 02be 6A       		.byte	106
 732 02bf 30       		.byte	48
 733 02c0 6B       		.byte	107
 734 02c1 10       		.byte	16
 735 02c2 6D       		.byte	109
 736 02c3 10       		.byte	16
 737 02c4 6E       		.byte	110
 738 02c5 10       		.byte	16
 739 02c6 6F       		.byte	111
 740 02c7 12       		.byte	18
 741 02c8 D8       		.byte	-40
ARM GAS  C:\Users\Alex\AppData\Local\Temp\cc3iMNvV.s 			page 14


 742 02c9 04       		.byte	4
 743 02ca D9       		.byte	-39
 744 02cb 04       		.byte	4
 745 02cc DF       		.byte	-33
 746 02cd 01       		.byte	1
 747 02ce 01       		.byte	1
 748 02cf 40       		.byte	64
 749 02d0 03       		.byte	3
 750 02d1 08       		.byte	8
 751 02d2 05       		.byte	5
 752 02d3 18       		.byte	24
 753 02d4 07       		.byte	7
 754 02d5 40       		.byte	64
 755 02d6 08       		.byte	8
 756 02d7 28       		.byte	40
 757 02d8 09       		.byte	9
 758 02d9 01       		.byte	1
 759 02da 0E       		.byte	14
 760 02db A0       		.byte	-96
 761 02dc 0F       		.byte	15
 762 02dd 0A       		.byte	10
 763 02de 13       		.byte	19
 764 02df 14       		.byte	20
 765 02e0 14       		.byte	20
 766 02e1 80       		.byte	-128
 767 02e2 15       		.byte	21
 768 02e3 10       		.byte	16
 769 02e4 16       		.byte	22
 770 02e5 20       		.byte	32
 771 02e6 17       		.byte	23
 772 02e7 01       		.byte	1
 773 02e8 1D       		.byte	29
 774 02e9 80       		.byte	-128
 775 02ea 1E       		.byte	30
 776 02eb 84       		.byte	-124
 777 02ec 1F       		.byte	31
 778 02ed 05       		.byte	5
 779 02ee 27       		.byte	39
 780 02ef 15       		.byte	21
 781 02f0 28       		.byte	40
 782 02f1 28       		.byte	40
 783 02f2 2F       		.byte	47
 784 02f3 01       		.byte	1
 785 02f4 30       		.byte	48
 786 02f5 01       		.byte	1
 787 02f6 33       		.byte	51
 788 02f7 08       		.byte	8
 789 02f8 37       		.byte	55
 790 02f9 18       		.byte	24
 791 02fa 38       		.byte	56
 792 02fb 10       		.byte	16
 793 02fc 39       		.byte	57
 794 02fd 40       		.byte	64
 795 02fe 3B       		.byte	59
 796 02ff 14       		.byte	20
 797 0300 45       		.byte	69
 798 0301 A2       		.byte	-94
ARM GAS  C:\Users\Alex\AppData\Local\Temp\cc3iMNvV.s 			page 15


 799 0302 4D       		.byte	77
 800 0303 02       		.byte	2
 801 0304 4E       		.byte	78
 802 0305 04       		.byte	4
 803 0306 4F       		.byte	79
 804 0307 88       		.byte	-120
 805 0308 59       		.byte	89
 806 0309 04       		.byte	4
 807 030a 5A       		.byte	90
 808 030b 08       		.byte	8
 809 030c 5C       		.byte	92
 810 030d 80       		.byte	-128
 811 030e 7D       		.byte	125
 812 030f 80       		.byte	-128
 813 0310 83       		.byte	-125
 814 0311 04       		.byte	4
 815 0312 8D       		.byte	-115
 816 0313 40       		.byte	64
 817 0314 8E       		.byte	-114
 818 0315 20       		.byte	32
 819 0316 94       		.byte	-108
 820 0317 10       		.byte	16
 821 0318 95       		.byte	-107
 822 0319 40       		.byte	64
 823 031a 96       		.byte	-106
 824 031b 41       		.byte	65
 825 031c 97       		.byte	-105
 826 031d 0C       		.byte	12
 827 031e 9C       		.byte	-100
 828 031f A8       		.byte	-88
 829 0320 9D       		.byte	-99
 830 0321 02       		.byte	2
 831 0322 9E       		.byte	-98
 832 0323 10       		.byte	16
 833 0324 A3       		.byte	-93
 834 0325 09       		.byte	9
 835 0326 A5       		.byte	-91
 836 0327 01       		.byte	1
 837 0328 AB       		.byte	-85
 838 0329 08       		.byte	8
 839 032a C0       		.byte	-64
 840 032b 73       		.byte	115
 841 032c C2       		.byte	-62
 842 032d FE       		.byte	-2
 843 032e C4       		.byte	-60
 844 032f 76       		.byte	118
 845 0330 CA       		.byte	-54
 846 0331 16       		.byte	22
 847 0332 CC       		.byte	-52
 848 0333 63       		.byte	99
 849 0334 CE       		.byte	-50
 850 0335 0E       		.byte	14
 851 0336 D0       		.byte	-48
 852 0337 B0       		.byte	-80
 853 0338 D2       		.byte	-46
 854 0339 30       		.byte	48
 855 033a D6       		.byte	-42
ARM GAS  C:\Users\Alex\AppData\Local\Temp\cc3iMNvV.s 			page 16


 856 033b 10       		.byte	16
 857 033c DE       		.byte	-34
 858 033d 10       		.byte	16
 859 033e E0       		.byte	-32
 860 033f 41       		.byte	65
 861 0340 56       		.byte	86
 862 0341 08       		.byte	8
 863 0342 58       		.byte	88
 864 0343 04       		.byte	4
 865 0344 59       		.byte	89
 866 0345 04       		.byte	4
 867 0346 5B       		.byte	91
 868 0347 04       		.byte	4
 869 0348 5D       		.byte	93
 870 0349 90       		.byte	-112
 871 034a 5F       		.byte	95
 872 034b 01       		.byte	1
 873 034c 93       		.byte	-109
 874 034d 01       		.byte	1
 875 034e A6       		.byte	-90
 876 034f 01       		.byte	1
 877 0350 AF       		.byte	-81
 878 0351 01       		.byte	1
 879 0352 B2       		.byte	-78
 880 0353 01       		.byte	1
 881 0354 B7       		.byte	-73
 882 0355 01       		.byte	1
 883 0356 BF       		.byte	-65
 884 0357 40       		.byte	64
 885 0358 D4       		.byte	-44
 886 0359 18       		.byte	24
 887 035a D8       		.byte	-40
 888 035b 04       		.byte	4
 889 035c D9       		.byte	-39
 890 035d 04       		.byte	4
 891 035e DB       		.byte	-37
 892 035f 04       		.byte	4
 893 0360 DD       		.byte	-35
 894 0361 10       		.byte	16
 895 0362 DF       		.byte	-33
 896 0363 01       		.byte	1
 897 0364 01       		.byte	1
 898 0365 40       		.byte	64
 899 0366 03       		.byte	3
 900 0367 08       		.byte	8
 901 0368 05       		.byte	5
 902 0369 08       		.byte	8
 903 036a 06       		.byte	6
 904 036b 08       		.byte	8
 905 036c 08       		.byte	8
 906 036d 28       		.byte	40
 907 036e 09       		.byte	9
 908 036f 01       		.byte	1
 909 0370 0E       		.byte	14
 910 0371 10       		.byte	16
 911 0372 0F       		.byte	15
 912 0373 04       		.byte	4
ARM GAS  C:\Users\Alex\AppData\Local\Temp\cc3iMNvV.s 			page 17


 913 0374 11       		.byte	17
 914 0375 10       		.byte	16
 915 0376 13       		.byte	19
 916 0377 04       		.byte	4
 917 0378 15       		.byte	21
 918 0379 51       		.byte	81
 919 037a 16       		.byte	22
 920 037b 10       		.byte	16
 921 037c 1E       		.byte	30
 922 037d 10       		.byte	16
 923 037e 1F       		.byte	31
 924 037f 08       		.byte	8
 925 0380 27       		.byte	39
 926 0381 01       		.byte	1
 927 0382 28       		.byte	40
 928 0383 28       		.byte	40
 929 0384 2A       		.byte	42
 930 0385 08       		.byte	8
 931 0386 2E       		.byte	46
 932 0387 40       		.byte	64
 933 0388 2F       		.byte	47
 934 0389 08       		.byte	8
 935 038a 33       		.byte	51
 936 038b 08       		.byte	8
 937 038c 34       		.byte	52
 938 038d 28       		.byte	40
 939 038e 35       		.byte	53
 940 038f 0A       		.byte	10
 941 0390 38       		.byte	56
 942 0391 10       		.byte	16
 943 0392 39       		.byte	57
 944 0393 41       		.byte	65
 945 0394 3B       		.byte	59
 946 0395 04       		.byte	4
 947 0396 3C       		.byte	60
 948 0397 10       		.byte	16
 949 0398 3D       		.byte	61
 950 0399 53       		.byte	83
 951 039a 3F       		.byte	63
 952 039b 04       		.byte	4
 953 039c 42       		.byte	66
 954 039d 80       		.byte	-128
 955 039e 43       		.byte	67
 956 039f 01       		.byte	1
 957 03a0 5B       		.byte	91
 958 03a1 80       		.byte	-128
 959 03a2 5E       		.byte	94
 960 03a3 01       		.byte	1
 961 03a4 63       		.byte	99
 962 03a5 02       		.byte	2
 963 03a6 66       		.byte	102
 964 03a7 80       		.byte	-128
 965 03a8 67       		.byte	103
 966 03a9 08       		.byte	8
 967 03aa 80       		.byte	-128
 968 03ab 80       		.byte	-128
 969 03ac 9B       		.byte	-101
ARM GAS  C:\Users\Alex\AppData\Local\Temp\cc3iMNvV.s 			page 18


 970 03ad 80       		.byte	-128
 971 03ae C0       		.byte	-64
 972 03af 63       		.byte	99
 973 03b0 C2       		.byte	-62
 974 03b1 6E       		.byte	110
 975 03b2 C4       		.byte	-60
 976 03b3 F6       		.byte	-10
 977 03b4 CA       		.byte	-54
 978 03b5 36       		.byte	54
 979 03b6 CC       		.byte	-52
 980 03b7 E2       		.byte	-30
 981 03b8 CE       		.byte	-50
 982 03b9 FF       		.byte	-1
 983 03ba D6       		.byte	-42
 984 03bb 88       		.byte	-120
 985 03bc D8       		.byte	-40
 986 03bd 38       		.byte	56
 987 03be EE       		.byte	-18
 988 03bf 01       		.byte	1
 989 03c0 9B       		.byte	-101
 990 03c1 80       		.byte	-128
 991 03c2 AF       		.byte	-81
 992 03c3 80       		.byte	-128
 993 03c4 03       		.byte	3
 994 03c5 04       		.byte	4
 995 03c6 07       		.byte	7
 996 03c7 08       		.byte	8
 997 03c8 0B       		.byte	11
 998 03c9 01       		.byte	1
 999 03ca 12       		.byte	18
 1000 03cb 02       		.byte	2
 1001 03cc 13       		.byte	19
 1002 03cd 10       		.byte	16
 1003 03ce 15       		.byte	21
 1004 03cf 01       		.byte	1
 1005 03d0 19       		.byte	25
 1006 03d1 08       		.byte	8
 1007 03d2 1D       		.byte	29
 1008 03d3 02       		.byte	2
 1009 03d4 22       		.byte	34
 1010 03d5 01       		.byte	1
 1011 03d6 26       		.byte	38
 1012 03d7 04       		.byte	4
 1013 03d8 29       		.byte	41
 1014 03d9 04       		.byte	4
 1015 03da 2F       		.byte	47
 1016 03db 02       		.byte	2
 1017 03dc 30       		.byte	48
 1018 03dd 02       		.byte	2
 1019 03de 31       		.byte	49
 1020 03df 1F       		.byte	31
 1021 03e0 32       		.byte	50
 1022 03e1 01       		.byte	1
 1023 03e2 34       		.byte	52
 1024 03e3 04       		.byte	4
 1025 03e4 39       		.byte	57
 1026 03e5 02       		.byte	2
ARM GAS  C:\Users\Alex\AppData\Local\Temp\cc3iMNvV.s 			page 19


 1027 03e6 3F       		.byte	63
 1028 03e7 01       		.byte	1
 1029 03e8 58       		.byte	88
 1030 03e9 04       		.byte	4
 1031 03ea 59       		.byte	89
 1032 03eb 04       		.byte	4
 1033 03ec 5F       		.byte	95
 1034 03ed 01       		.byte	1
 1035 03ee D8       		.byte	-40
 1036 03ef 04       		.byte	4
 1037 03f0 D9       		.byte	-39
 1038 03f1 04       		.byte	4
 1039 03f2 DF       		.byte	-33
 1040 03f3 01       		.byte	1
 1041 03f4 02       		.byte	2
 1042 03f5 40       		.byte	64
 1043 03f6 03       		.byte	3
 1044 03f7 02       		.byte	2
 1045 03f8 05       		.byte	5
 1046 03f9 14       		.byte	20
 1047 03fa 06       		.byte	6
 1048 03fb 40       		.byte	64
 1049 03fc 08       		.byte	8
 1050 03fd 82       		.byte	-126
 1051 03fe 0A       		.byte	10
 1052 03ff 24       		.byte	36
 1053 0400 0C       		.byte	12
 1054 0401 08       		.byte	8
 1055 0402 0E       		.byte	14
 1056 0403 40       		.byte	64
 1057 0404 0F       		.byte	15
 1058 0405 08       		.byte	8
 1059 0406 10       		.byte	16
 1060 0407 04       		.byte	4
 1061 0408 11       		.byte	17
 1062 0409 05       		.byte	5
 1063 040a 12       		.byte	18
 1064 040b 02       		.byte	2
 1065 040c 14       		.byte	20
 1066 040d 80       		.byte	-128
 1067 040e 19       		.byte	25
 1068 040f 11       		.byte	17
 1069 0410 1A       		.byte	26
 1070 0411 E4       		.byte	-28
 1071 0412 1B       		.byte	27
 1072 0413 06       		.byte	6
 1073 0414 20       		.byte	32
 1074 0415 80       		.byte	-128
 1075 0416 22       		.byte	34
 1076 0417 02       		.byte	2
 1077 0418 28       		.byte	40
 1078 0419 82       		.byte	-126
 1079 041a 29       		.byte	41
 1080 041b 40       		.byte	64
 1081 041c 2B       		.byte	43
 1082 041d 14       		.byte	20
 1083 041e 2C       		.byte	44
ARM GAS  C:\Users\Alex\AppData\Local\Temp\cc3iMNvV.s 			page 20


 1084 041f 08       		.byte	8
 1085 0420 30       		.byte	48
 1086 0421 04       		.byte	4
 1087 0422 31       		.byte	49
 1088 0423 16       		.byte	22
 1089 0424 32       		.byte	50
 1090 0425 40       		.byte	64
 1091 0426 34       		.byte	52
 1092 0427 80       		.byte	-128
 1093 0428 35       		.byte	53
 1094 0429 15       		.byte	21
 1095 042a 38       		.byte	56
 1096 042b 20       		.byte	32
 1097 042c 39       		.byte	57
 1098 042d 05       		.byte	5
 1099 042e 3A       		.byte	58
 1100 042f 40       		.byte	64
 1101 0430 3C       		.byte	60
 1102 0431 40       		.byte	64
 1103 0432 3F       		.byte	63
 1104 0433 08       		.byte	8
 1105 0434 4C       		.byte	76
 1106 0435 08       		.byte	8
 1107 0436 4F       		.byte	79
 1108 0437 20       		.byte	32
 1109 0438 84       		.byte	-124
 1110 0439 48       		.byte	72
 1111 043a 8D       		.byte	-115
 1112 043b 10       		.byte	16
 1113 043c 90       		.byte	-112
 1114 043d 60       		.byte	96
 1115 043e 91       		.byte	-111
 1116 043f 05       		.byte	5
 1117 0440 96       		.byte	-106
 1118 0441 A0       		.byte	-96
 1119 0442 98       		.byte	-104
 1120 0443 80       		.byte	-128
 1121 0444 99       		.byte	-103
 1122 0445 44       		.byte	68
 1123 0446 9A       		.byte	-102
 1124 0447 40       		.byte	64
 1125 0448 9D       		.byte	-99
 1126 0449 10       		.byte	16
 1127 044a A1       		.byte	-95
 1128 044b 02       		.byte	2
 1129 044c A6       		.byte	-90
 1130 044d 02       		.byte	2
 1131 044e A7       		.byte	-89
 1132 044f 04       		.byte	4
 1133 0450 AC       		.byte	-84
 1134 0451 20       		.byte	32
 1135 0452 C0       		.byte	-64
 1136 0453 79       		.byte	121
 1137 0454 C2       		.byte	-62
 1138 0455 7F       		.byte	127
 1139 0456 C4       		.byte	-60
 1140 0457 1F       		.byte	31
ARM GAS  C:\Users\Alex\AppData\Local\Temp\cc3iMNvV.s 			page 21


 1141 0458 CA       		.byte	-54
 1142 0459 2F       		.byte	47
 1143 045a CC       		.byte	-52
 1144 045b FF       		.byte	-1
 1145 045c CE       		.byte	-50
 1146 045d 5F       		.byte	95
 1147 045e E0       		.byte	-32
 1148 045f 02       		.byte	2
 1149 0460 E8       		.byte	-24
 1150 0461 10       		.byte	16
 1151 0462 EE       		.byte	-18
 1152 0463 08       		.byte	8
 1153 0464 58       		.byte	88
 1154 0465 04       		.byte	4
 1155 0466 59       		.byte	89
 1156 0467 04       		.byte	4
 1157 0468 5F       		.byte	95
 1158 0469 01       		.byte	1
 1159 046a 81       		.byte	-127
 1160 046b 04       		.byte	4
 1161 046c 85       		.byte	-123
 1162 046d 08       		.byte	8
 1163 046e 89       		.byte	-119
 1164 046f 01       		.byte	1
 1165 0470 8D       		.byte	-115
 1166 0471 40       		.byte	64
 1167 0472 8F       		.byte	-113
 1168 0473 80       		.byte	-128
 1169 0474 91       		.byte	-111
 1170 0475 80       		.byte	-128
 1171 0476 93       		.byte	-109
 1172 0477 40       		.byte	64
 1173 0478 95       		.byte	-107
 1174 0479 20       		.byte	32
 1175 047a 97       		.byte	-105
 1176 047b 10       		.byte	16
 1177 047c 9A       		.byte	-102
 1178 047d 01       		.byte	1
 1179 047e 9B       		.byte	-101
 1180 047f 04       		.byte	4
 1181 0480 9F       		.byte	-97
 1182 0481 02       		.byte	2
 1183 0482 A1       		.byte	-95
 1184 0483 10       		.byte	16
 1185 0484 A3       		.byte	-93
 1186 0485 20       		.byte	32
 1187 0486 A7       		.byte	-89
 1188 0487 01       		.byte	1
 1189 0488 AB       		.byte	-85
 1190 0489 08       		.byte	8
 1191 048a AD       		.byte	-83
 1192 048b 02       		.byte	2
 1193 048c B1       		.byte	-79
 1194 048d FF       		.byte	-1
 1195 048e B2       		.byte	-78
 1196 048f 01       		.byte	1
 1197 0490 BF       		.byte	-65
ARM GAS  C:\Users\Alex\AppData\Local\Temp\cc3iMNvV.s 			page 22


 1198 0491 01       		.byte	1
 1199 0492 D6       		.byte	-42
 1200 0493 02       		.byte	2
 1201 0494 D7       		.byte	-41
 1202 0495 39       		.byte	57
 1203 0496 D8       		.byte	-40
 1204 0497 04       		.byte	4
 1205 0498 D9       		.byte	-39
 1206 0499 04       		.byte	4
 1207 049a DB       		.byte	-37
 1208 049b 0E       		.byte	14
 1209 049c DF       		.byte	-33
 1210 049d 01       		.byte	1
 1211 049e 00       		.byte	0
 1212 049f 50       		.byte	80
 1213 04a0 04       		.byte	4
 1214 04a1 40       		.byte	64
 1215 04a2 05       		.byte	5
 1216 04a3 14       		.byte	20
 1217 04a4 08       		.byte	8
 1218 04a5 80       		.byte	-128
 1219 04a6 09       		.byte	9
 1220 04a7 20       		.byte	32
 1221 04a8 0A       		.byte	10
 1222 04a9 A0       		.byte	-96
 1223 04aa 0B       		.byte	11
 1224 04ab 40       		.byte	64
 1225 04ac 0E       		.byte	14
 1226 04ad 02       		.byte	2
 1227 04ae 0F       		.byte	15
 1228 04af 48       		.byte	72
 1229 04b0 10       		.byte	16
 1230 04b1 04       		.byte	4
 1231 04b2 12       		.byte	18
 1232 04b3 02       		.byte	2
 1233 04b4 14       		.byte	20
 1234 04b5 80       		.byte	-128
 1235 04b6 18       		.byte	24
 1236 04b7 10       		.byte	16
 1237 04b8 19       		.byte	25
 1238 04b9 04       		.byte	4
 1239 04ba 21       		.byte	33
 1240 04bb 02       		.byte	2
 1241 04bc 28       		.byte	40
 1242 04bd 84       		.byte	-124
 1243 04be 29       		.byte	41
 1244 04bf 54       		.byte	84
 1245 04c0 2F       		.byte	47
 1246 04c1 80       		.byte	-128
 1247 04c2 30       		.byte	48
 1248 04c3 0A       		.byte	10
 1249 04c4 32       		.byte	50
 1250 04c5 50       		.byte	80
 1251 04c6 33       		.byte	51
 1252 04c7 80       		.byte	-128
 1253 04c8 34       		.byte	52
 1254 04c9 80       		.byte	-128
ARM GAS  C:\Users\Alex\AppData\Local\Temp\cc3iMNvV.s 			page 23


 1255 04ca 35       		.byte	53
 1256 04cb 14       		.byte	20
 1257 04cc 36       		.byte	54
 1258 04cd 03       		.byte	3
 1259 04ce 38       		.byte	56
 1260 04cf 60       		.byte	96
 1261 04d0 39       		.byte	57
 1262 04d1 05       		.byte	5
 1263 04d2 3A       		.byte	58
 1264 04d3 40       		.byte	64
 1265 04d4 3C       		.byte	60
 1266 04d5 40       		.byte	64
 1267 04d6 3F       		.byte	63
 1268 04d7 08       		.byte	8
 1269 04d8 58       		.byte	88
 1270 04d9 20       		.byte	32
 1271 04da 61       		.byte	97
 1272 04db 08       		.byte	8
 1273 04dc 68       		.byte	104
 1274 04dd 0A       		.byte	10
 1275 04de 69       		.byte	105
 1276 04df 05       		.byte	5
 1277 04e0 6B       		.byte	107
 1278 04e1 01       		.byte	1
 1279 04e2 70       		.byte	112
 1280 04e3 10       		.byte	16
 1281 04e4 71       		.byte	113
 1282 04e5 60       		.byte	96
 1283 04e6 78       		.byte	120
 1284 04e7 08       		.byte	8
 1285 04e8 80       		.byte	-128
 1286 04e9 08       		.byte	8
 1287 04ea 81       		.byte	-127
 1288 04eb 04       		.byte	4
 1289 04ec 88       		.byte	-120
 1290 04ed 08       		.byte	8
 1291 04ee 8E       		.byte	-114
 1292 04ef 50       		.byte	80
 1293 04f0 90       		.byte	-112
 1294 04f1 40       		.byte	64
 1295 04f2 98       		.byte	-104
 1296 04f3 80       		.byte	-128
 1297 04f4 9C       		.byte	-100
 1298 04f5 04       		.byte	4
 1299 04f6 9D       		.byte	-99
 1300 04f7 14       		.byte	20
 1301 04f8 9F       		.byte	-97
 1302 04f9 01       		.byte	1
 1303 04fa A1       		.byte	-95
 1304 04fb 08       		.byte	8
 1305 04fc A6       		.byte	-90
 1306 04fd 02       		.byte	2
 1307 04fe A7       		.byte	-89
 1308 04ff 84       		.byte	-124
 1309 0500 AA       		.byte	-86
 1310 0501 40       		.byte	64
 1311 0502 AD       		.byte	-83
ARM GAS  C:\Users\Alex\AppData\Local\Temp\cc3iMNvV.s 			page 24


 1312 0503 08       		.byte	8
 1313 0504 B4       		.byte	-76
 1314 0505 04       		.byte	4
 1315 0506 C0       		.byte	-64
 1316 0507 E3       		.byte	-29
 1317 0508 C2       		.byte	-62
 1318 0509 DF       		.byte	-33
 1319 050a C4       		.byte	-60
 1320 050b 13       		.byte	19
 1321 050c CA       		.byte	-54
 1322 050d 8F       		.byte	-113
 1323 050e CC       		.byte	-52
 1324 050f FF       		.byte	-1
 1325 0510 CE       		.byte	-50
 1326 0511 5F       		.byte	95
 1327 0512 D6       		.byte	-42
 1328 0513 04       		.byte	4
 1329 0514 D8       		.byte	-40
 1330 0515 02       		.byte	2
 1331 0516 DE       		.byte	-34
 1332 0517 02       		.byte	2
 1333 0518 E4       		.byte	-28
 1334 0519 01       		.byte	1
 1335 051a E6       		.byte	-26
 1336 051b 04       		.byte	4
 1337 051c E8       		.byte	-24
 1338 051d 04       		.byte	4
 1339 051e EA       		.byte	-22
 1340 051f 02       		.byte	2
 1341 0520 EE       		.byte	-18
 1342 0521 02       		.byte	2
 1343 0522 00       		.byte	0
 1344 0523 E3       		.byte	-29
 1345 0524 02       		.byte	2
 1346 0525 0C       		.byte	12
 1347 0526 04       		.byte	4
 1348 0527 0C       		.byte	12
 1349 0528 05       		.byte	5
 1350 0529 01       		.byte	1
 1351 052a 08       		.byte	8
 1352 052b 82       		.byte	-126
 1353 052c 12       		.byte	18
 1354 052d E3       		.byte	-29
 1355 052e 14       		.byte	20
 1356 052f C3       		.byte	-61
 1357 0530 15       		.byte	21
 1358 0531 01       		.byte	1
 1359 0532 18       		.byte	24
 1360 0533 04       		.byte	4
 1361 0534 19       		.byte	25
 1362 0535 01       		.byte	1
 1363 0536 1C       		.byte	28
 1364 0537 0F       		.byte	15
 1365 0538 1E       		.byte	30
 1366 0539 E0       		.byte	-32
 1367 053a 20       		.byte	32
 1368 053b 08       		.byte	8
ARM GAS  C:\Users\Alex\AppData\Local\Temp\cc3iMNvV.s 			page 25


 1369 053c 24       		.byte	36
 1370 053d EF       		.byte	-17
 1371 053e 25       		.byte	37
 1372 053f 01       		.byte	1
 1373 0540 28       		.byte	40
 1374 0541 2C       		.byte	44
 1375 0542 2A       		.byte	42
 1376 0543 C3       		.byte	-61
 1377 0544 2C       		.byte	44
 1378 0545 41       		.byte	65
 1379 0546 2E       		.byte	46
 1380 0547 10       		.byte	16
 1381 0548 30       		.byte	48
 1382 0549 2C       		.byte	44
 1383 054a 32       		.byte	50
 1384 054b 10       		.byte	16
 1385 054c 34       		.byte	52
 1386 054d 0F       		.byte	15
 1387 054e 35       		.byte	53
 1388 054f 01       		.byte	1
 1389 0550 36       		.byte	54
 1390 0551 C0       		.byte	-64
 1391 0552 3A       		.byte	58
 1392 0553 20       		.byte	32
 1393 0554 3F       		.byte	63
 1394 0555 10       		.byte	16
 1395 0556 52       		.byte	82
 1396 0557 03       		.byte	3
 1397 0558 53       		.byte	83
 1398 0559 02       		.byte	2
 1399 055a 58       		.byte	88
 1400 055b 04       		.byte	4
 1401 055c 59       		.byte	89
 1402 055d 04       		.byte	4
 1403 055e 5B       		.byte	91
 1404 055f 04       		.byte	4
 1405 0560 5C       		.byte	92
 1406 0561 01       		.byte	1
 1407 0562 5F       		.byte	95
 1408 0563 01       		.byte	1
 1409 0564 D8       		.byte	-40
 1410 0565 04       		.byte	4
 1411 0566 D9       		.byte	-39
 1412 0567 04       		.byte	4
 1413 0568 DF       		.byte	-33
 1414 0569 01       		.byte	1
 1415 056a 01       		.byte	1
 1416 056b 40       		.byte	64
 1417 056c 02       		.byte	2
 1418 056d 20       		.byte	32
 1419 056e 03       		.byte	3
 1420 056f 08       		.byte	8
 1421 0570 05       		.byte	5
 1422 0571 10       		.byte	16
 1423 0572 06       		.byte	6
 1424 0573 60       		.byte	96
 1425 0574 08       		.byte	8
ARM GAS  C:\Users\Alex\AppData\Local\Temp\cc3iMNvV.s 			page 26


 1426 0575 29       		.byte	41
 1427 0576 09       		.byte	9
 1428 0577 01       		.byte	1
 1429 0578 0C       		.byte	12
 1430 0579 A0       		.byte	-96
 1431 057a 0E       		.byte	14
 1432 057b 20       		.byte	32
 1433 057c 0F       		.byte	15
 1434 057d 80       		.byte	-128
 1435 057e 13       		.byte	19
 1436 057f 04       		.byte	4
 1437 0580 16       		.byte	22
 1438 0581 02       		.byte	2
 1439 0582 17       		.byte	23
 1440 0583 15       		.byte	21
 1441 0584 1C       		.byte	28
 1442 0585 20       		.byte	32
 1443 0586 1D       		.byte	29
 1444 0587 22       		.byte	34
 1445 0588 1E       		.byte	30
 1446 0589 41       		.byte	65
 1447 058a 1F       		.byte	31
 1448 058b 10       		.byte	16
 1449 058c 27       		.byte	39
 1450 058d 08       		.byte	8
 1451 058e 28       		.byte	40
 1452 058f 28       		.byte	40
 1453 0590 2F       		.byte	47
 1454 0591 98       		.byte	-104
 1455 0592 30       		.byte	48
 1456 0593 01       		.byte	1
 1457 0594 33       		.byte	51
 1458 0595 08       		.byte	8
 1459 0596 35       		.byte	53
 1460 0597 06       		.byte	6
 1461 0598 37       		.byte	55
 1462 0599 94       		.byte	-108
 1463 059a 38       		.byte	56
 1464 059b 10       		.byte	16
 1465 059c 39       		.byte	57
 1466 059d 40       		.byte	64
 1467 059e 3B       		.byte	59
 1468 059f 04       		.byte	4
 1469 05a0 3C       		.byte	60
 1470 05a1 14       		.byte	20
 1471 05a2 3D       		.byte	61
 1472 05a3 42       		.byte	66
 1473 05a4 6C       		.byte	108
 1474 05a5 01       		.byte	1
 1475 05a6 6D       		.byte	109
 1476 05a7 90       		.byte	-112
 1477 05a8 80       		.byte	-128
 1478 05a9 01       		.byte	1
 1479 05aa 81       		.byte	-127
 1480 05ab 01       		.byte	1
 1481 05ac 89       		.byte	-119
 1482 05ad 20       		.byte	32
ARM GAS  C:\Users\Alex\AppData\Local\Temp\cc3iMNvV.s 			page 27


 1483 05ae 8A       		.byte	-118
 1484 05af 50       		.byte	80
 1485 05b0 8C       		.byte	-116
 1486 05b1 9C       		.byte	-100
 1487 05b2 8D       		.byte	-115
 1488 05b3 02       		.byte	2
 1489 05b4 8E       		.byte	-114
 1490 05b5 20       		.byte	32
 1491 05b6 91       		.byte	-111
 1492 05b7 40       		.byte	64
 1493 05b8 94       		.byte	-108
 1494 05b9 10       		.byte	16
 1495 05ba 95       		.byte	-107
 1496 05bb 10       		.byte	16
 1497 05bc 96       		.byte	-106
 1498 05bd 41       		.byte	65
 1499 05be 97       		.byte	-105
 1500 05bf 04       		.byte	4
 1501 05c0 99       		.byte	-103
 1502 05c1 04       		.byte	4
 1503 05c2 9C       		.byte	-100
 1504 05c3 29       		.byte	41
 1505 05c4 9D       		.byte	-99
 1506 05c5 18       		.byte	24
 1507 05c6 9E       		.byte	-98
 1508 05c7 10       		.byte	16
 1509 05c8 9F       		.byte	-97
 1510 05c9 40       		.byte	64
 1511 05ca A3       		.byte	-93
 1512 05cb 08       		.byte	8
 1513 05cc A5       		.byte	-91
 1514 05cd 63       		.byte	99
 1515 05ce A6       		.byte	-90
 1516 05cf 10       		.byte	16
 1517 05d0 A7       		.byte	-89
 1518 05d1 40       		.byte	64
 1519 05d2 AB       		.byte	-85
 1520 05d3 08       		.byte	8
 1521 05d4 AE       		.byte	-82
 1522 05d5 04       		.byte	4
 1523 05d6 B5       		.byte	-75
 1524 05d7 04       		.byte	4
 1525 05d8 C0       		.byte	-64
 1526 05d9 77       		.byte	119
 1527 05da C2       		.byte	-62
 1528 05db FE       		.byte	-2
 1529 05dc C4       		.byte	-60
 1530 05dd F4       		.byte	-12
 1531 05de CA       		.byte	-54
 1532 05df E6       		.byte	-26
 1533 05e0 CC       		.byte	-52
 1534 05e1 F3       		.byte	-13
 1535 05e2 CE       		.byte	-50
 1536 05e3 FE       		.byte	-2
 1537 05e4 E0       		.byte	-32
 1538 05e5 50       		.byte	80
 1539 05e6 E4       		.byte	-28
ARM GAS  C:\Users\Alex\AppData\Local\Temp\cc3iMNvV.s 			page 28


 1540 05e7 20       		.byte	32
 1541 05e8 E8       		.byte	-24
 1542 05e9 10       		.byte	16
 1543 05ea EE       		.byte	-18
 1544 05eb 02       		.byte	2
 1545 05ec 58       		.byte	88
 1546 05ed 04       		.byte	4
 1547 05ee 59       		.byte	89
 1548 05ef 04       		.byte	4
 1549 05f0 5F       		.byte	95
 1550 05f1 01       		.byte	1
 1551 05f2 80       		.byte	-128
 1552 05f3 01       		.byte	1
 1553 05f4 85       		.byte	-123
 1554 05f5 1C       		.byte	28
 1555 05f6 87       		.byte	-121
 1556 05f7 61       		.byte	97
 1557 05f8 88       		.byte	-120
 1558 05f9 24       		.byte	36
 1559 05fa 8A       		.byte	-118
 1560 05fb 0A       		.byte	10
 1561 05fc 8B       		.byte	-117
 1562 05fd 04       		.byte	4
 1563 05fe 8C       		.byte	-116
 1564 05ff 12       		.byte	18
 1565 0600 8E       		.byte	-114
 1566 0601 0C       		.byte	12
 1567 0602 8F       		.byte	-113
 1568 0603 43       		.byte	67
 1569 0604 91       		.byte	-111
 1570 0605 10       		.byte	16
 1571 0606 94       		.byte	-108
 1572 0607 08       		.byte	8
 1573 0608 95       		.byte	-107
 1574 0609 7F       		.byte	127
 1575 060a 96       		.byte	-106
 1576 060b 30       		.byte	48
 1577 060c 98       		.byte	-104
 1578 060d 3F       		.byte	63
 1579 060e 99       		.byte	-103
 1580 060f 1C       		.byte	28
 1581 0610 9B       		.byte	-101
 1582 0611 62       		.byte	98
 1583 0612 9D       		.byte	-99
 1584 0613 67       		.byte	103
 1585 0614 9F       		.byte	-97
 1586 0615 18       		.byte	24
 1587 0616 A1       		.byte	-95
 1588 0617 04       		.byte	4
 1589 0618 A4       		.byte	-92
 1590 0619 3F       		.byte	63
 1591 061a A5       		.byte	-91
 1592 061b 08       		.byte	8
 1593 061c A9       		.byte	-87
 1594 061d 18       		.byte	24
 1595 061e B0       		.byte	-80
 1596 061f 01       		.byte	1
ARM GAS  C:\Users\Alex\AppData\Local\Temp\cc3iMNvV.s 			page 29


 1597 0620 B1       		.byte	-79
 1598 0621 20       		.byte	32
 1599 0622 B2       		.byte	-78
 1600 0623 38       		.byte	56
 1601 0624 B3       		.byte	-77
 1602 0625 1F       		.byte	31
 1603 0626 B4       		.byte	-76
 1604 0627 06       		.byte	6
 1605 0628 B5       		.byte	-75
 1606 0629 58       		.byte	88
 1607 062a B9       		.byte	-71
 1608 062b 02       		.byte	2
 1609 062c BB       		.byte	-69
 1610 062d 28       		.byte	40
 1611 062e D6       		.byte	-42
 1612 062f 02       		.byte	2
 1613 0630 D7       		.byte	-41
 1614 0631 12       		.byte	18
 1615 0632 D8       		.byte	-40
 1616 0633 04       		.byte	4
 1617 0634 D9       		.byte	-39
 1618 0635 04       		.byte	4
 1619 0636 DB       		.byte	-37
 1620 0637 04       		.byte	4
 1621 0638 DC       		.byte	-36
 1622 0639 11       		.byte	17
 1623 063a DD       		.byte	-35
 1624 063b 10       		.byte	16
 1625 063c DF       		.byte	-33
 1626 063d 01       		.byte	1
 1627 063e 01       		.byte	1
 1628 063f 40       		.byte	64
 1629 0640 02       		.byte	2
 1630 0641 10       		.byte	16
 1631 0642 03       		.byte	3
 1632 0643 08       		.byte	8
 1633 0644 04       		.byte	4
 1634 0645 02       		.byte	2
 1635 0646 05       		.byte	5
 1636 0647 10       		.byte	16
 1637 0648 06       		.byte	6
 1638 0649 02       		.byte	2
 1639 064a 08       		.byte	8
 1640 064b 29       		.byte	41
 1641 064c 0E       		.byte	14
 1642 064d 28       		.byte	40
 1643 064e 13       		.byte	19
 1644 064f 04       		.byte	4
 1645 0650 17       		.byte	23
 1646 0651 04       		.byte	4
 1647 0652 1C       		.byte	28
 1648 0653 80       		.byte	-128
 1649 0654 1D       		.byte	29
 1650 0655 10       		.byte	16
 1651 0656 1E       		.byte	30
 1652 0657 20       		.byte	32
 1653 0658 24       		.byte	36
ARM GAS  C:\Users\Alex\AppData\Local\Temp\cc3iMNvV.s 			page 30


 1654 0659 04       		.byte	4
 1655 065a 27       		.byte	39
 1656 065b 50       		.byte	80
 1657 065c 28       		.byte	40
 1658 065d 28       		.byte	40
 1659 065e 2C       		.byte	44
 1660 065f 20       		.byte	32
 1661 0660 2E       		.byte	46
 1662 0661 22       		.byte	34
 1663 0662 30       		.byte	48
 1664 0663 01       		.byte	1
 1665 0664 33       		.byte	51
 1666 0665 08       		.byte	8
 1667 0666 34       		.byte	52
 1668 0667 80       		.byte	-128
 1669 0668 35       		.byte	53
 1670 0669 04       		.byte	4
 1671 066a 37       		.byte	55
 1672 066b 11       		.byte	17
 1673 066c 38       		.byte	56
 1674 066d 10       		.byte	16
 1675 066e 39       		.byte	57
 1676 066f 40       		.byte	64
 1677 0670 3A       		.byte	58
 1678 0671 10       		.byte	16
 1679 0672 3B       		.byte	59
 1680 0673 04       		.byte	4
 1681 0674 3C       		.byte	60
 1682 0675 A4       		.byte	-92
 1683 0676 3F       		.byte	63
 1684 0677 80       		.byte	-128
 1685 0678 5F       		.byte	95
 1686 0679 08       		.byte	8
 1687 067a 6C       		.byte	108
 1688 067b 01       		.byte	1
 1689 067c 6E       		.byte	110
 1690 067d 08       		.byte	8
 1691 067e 6F       		.byte	111
 1692 067f 04       		.byte	4
 1693 0680 74       		.byte	116
 1694 0681 20       		.byte	32
 1695 0682 76       		.byte	118
 1696 0683 20       		.byte	32
 1697 0684 77       		.byte	119
 1698 0685 01       		.byte	1
 1699 0686 87       		.byte	-121
 1700 0687 04       		.byte	4
 1701 0688 89       		.byte	-119
 1702 0689 08       		.byte	8
 1703 068a 8A       		.byte	-118
 1704 068b 02       		.byte	2
 1705 068c 8C       		.byte	-116
 1706 068d 20       		.byte	32
 1707 068e 8F       		.byte	-113
 1708 068f 80       		.byte	-128
 1709 0690 90       		.byte	-112
 1710 0691 10       		.byte	16
ARM GAS  C:\Users\Alex\AppData\Local\Temp\cc3iMNvV.s 			page 31


 1711 0692 91       		.byte	-111
 1712 0693 40       		.byte	64
 1713 0694 94       		.byte	-108
 1714 0695 04       		.byte	4
 1715 0696 97       		.byte	-105
 1716 0697 04       		.byte	4
 1717 0698 98       		.byte	-104
 1718 0699 89       		.byte	-119
 1719 069a 99       		.byte	-103
 1720 069b 04       		.byte	4
 1721 069c 9B       		.byte	-101
 1722 069d 08       		.byte	8
 1723 069e 9C       		.byte	-100
 1724 069f 20       		.byte	32
 1725 06a0 9D       		.byte	-99
 1726 06a1 18       		.byte	24
 1727 06a2 9E       		.byte	-98
 1728 06a3 22       		.byte	34
 1729 06a4 9F       		.byte	-97
 1730 06a5 51       		.byte	81
 1731 06a6 A0       		.byte	-96
 1732 06a7 10       		.byte	16
 1733 06a8 A3       		.byte	-93
 1734 06a9 08       		.byte	8
 1735 06aa A4       		.byte	-92
 1736 06ab 20       		.byte	32
 1737 06ac A6       		.byte	-90
 1738 06ad 10       		.byte	16
 1739 06ae A7       		.byte	-89
 1740 06af C0       		.byte	-64
 1741 06b0 AD       		.byte	-83
 1742 06b1 10       		.byte	16
 1743 06b2 AF       		.byte	-81
 1744 06b3 84       		.byte	-124
 1745 06b4 B0       		.byte	-80
 1746 06b5 80       		.byte	-128
 1747 06b6 B3       		.byte	-77
 1748 06b7 10       		.byte	16
 1749 06b8 C0       		.byte	-64
 1750 06b9 D7       		.byte	-41
 1751 06ba C2       		.byte	-62
 1752 06bb 6E       		.byte	110
 1753 06bc C4       		.byte	-60
 1754 06bd 24       		.byte	36
 1755 06be CA       		.byte	-54
 1756 06bf E6       		.byte	-26
 1757 06c0 CC       		.byte	-52
 1758 06c1 F3       		.byte	-13
 1759 06c2 CE       		.byte	-50
 1760 06c3 7E       		.byte	126
 1761 06c4 D6       		.byte	-42
 1762 06c5 40       		.byte	64
 1763 06c6 E0       		.byte	-32
 1764 06c7 40       		.byte	64
 1765 06c8 E8       		.byte	-24
 1766 06c9 10       		.byte	16
 1767 06ca 13       		.byte	19
ARM GAS  C:\Users\Alex\AppData\Local\Temp\cc3iMNvV.s 			page 32


 1768 06cb 04       		.byte	4
 1769 06cc 16       		.byte	22
 1770 06cd 80       		.byte	-128
 1771 06ce 32       		.byte	50
 1772 06cf 40       		.byte	64
 1773 06d0 36       		.byte	54
 1774 06d1 40       		.byte	64
 1775 06d2 38       		.byte	56
 1776 06d3 08       		.byte	8
 1777 06d4 3E       		.byte	62
 1778 06d5 80       		.byte	-128
 1779 06d6 C4       		.byte	-60
 1780 06d7 30       		.byte	48
 1781 06d8 CC       		.byte	-52
 1782 06d9 30       		.byte	48
 1783 06da CE       		.byte	-50
 1784 06db 60       		.byte	96
 1785 06dc 50       		.byte	80
 1786 06dd 10       		.byte	16
 1787 06de 5B       		.byte	91
 1788 06df 40       		.byte	64
 1789 06e0 94       		.byte	-108
 1790 06e1 08       		.byte	8
 1791 06e2 96       		.byte	-106
 1792 06e3 80       		.byte	-128
 1793 06e4 A6       		.byte	-90
 1794 06e5 40       		.byte	64
 1795 06e6 AF       		.byte	-81
 1796 06e7 04       		.byte	4
 1797 06e8 D4       		.byte	-44
 1798 06e9 A0       		.byte	-96
 1799 06ea E8       		.byte	-24
 1800 06eb 40       		.byte	64
 1801 06ec 80       		.byte	-128
 1802 06ed 10       		.byte	16
 1803 06ee 82       		.byte	-126
 1804 06ef 40       		.byte	64
 1805 06f0 94       		.byte	-108
 1806 06f1 20       		.byte	32
 1807 06f2 96       		.byte	-106
 1808 06f3 80       		.byte	-128
 1809 06f4 A6       		.byte	-90
 1810 06f5 40       		.byte	64
 1811 06f6 A8       		.byte	-88
 1812 06f7 04       		.byte	4
 1813 06f8 B7       		.byte	-73
 1814 06f9 40       		.byte	64
 1815 06fa E2       		.byte	-30
 1816 06fb 20       		.byte	32
 1817 06fc E6       		.byte	-26
 1818 06fd 80       		.byte	-128
 1819 06fe EE       		.byte	-18
 1820 06ff 80       		.byte	-128
 1821 0700 A6       		.byte	-90
 1822 0701 40       		.byte	64
 1823 0702 18       		.byte	24
 1824 0703 10       		.byte	16
ARM GAS  C:\Users\Alex\AppData\Local\Temp\cc3iMNvV.s 			page 33


 1825 0704 27       		.byte	39
 1826 0705 10       		.byte	16
 1827 0706 94       		.byte	-108
 1828 0707 10       		.byte	16
 1829 0708 A8       		.byte	-88
 1830 0709 10       		.byte	16
 1831 070a C6       		.byte	-58
 1832 070b 08       		.byte	8
 1833 070c C8       		.byte	-56
 1834 070d 01       		.byte	1
 1835 070e 0B       		.byte	11
 1836 070f 40       		.byte	64
 1837 0710 44       		.byte	68
 1838 0711 02       		.byte	2
 1839 0712 83       		.byte	-125
 1840 0713 20       		.byte	32
 1841 0714 8F       		.byte	-113
 1842 0715 10       		.byte	16
 1843 0716 9B       		.byte	-101
 1844 0717 10       		.byte	16
 1845 0718 C2       		.byte	-62
 1846 0719 08       		.byte	8
 1847 071a D0       		.byte	-48
 1848 071b 04       		.byte	4
 1849 071c E6       		.byte	-26
 1850 071d 02       		.byte	2
 1851 071e 24       		.byte	36
 1852 071f 08       		.byte	8
 1853 0720 AE       		.byte	-82
 1854 0721 40       		.byte	64
 1855 0722 C8       		.byte	-56
 1856 0723 20       		.byte	32
 1857 0724 EE       		.byte	-18
 1858 0725 40       		.byte	64
 1859 0726 B4       		.byte	-76
 1860 0727 04       		.byte	4
 1861 0728 9B       		.byte	-101
 1862 0729 20       		.byte	32
 1863 072a 9C       		.byte	-100
 1864 072b 02       		.byte	2
 1865 072c AF       		.byte	-81
 1866 072d 40       		.byte	64
 1867 072e 10       		.byte	16
 1868 072f 40       		.byte	64
 1869 0730 77       		.byte	119
 1870 0731 20       		.byte	32
 1871 0732 88       		.byte	-120
 1872 0733 40       		.byte	64
 1873 0734 9B       		.byte	-101
 1874 0735 20       		.byte	32
 1875 0736 B4       		.byte	-76
 1876 0737 02       		.byte	2
 1877 0738 C4       		.byte	-60
 1878 0739 08       		.byte	8
 1879 073a DE       		.byte	-34
 1880 073b 04       		.byte	4
 1881 073c E2       		.byte	-30
ARM GAS  C:\Users\Alex\AppData\Local\Temp\cc3iMNvV.s 			page 34


 1882 073d 01       		.byte	1
 1883 073e E8       		.byte	-24
 1884 073f 08       		.byte	8
 1885 0740 00       		.byte	0
 1886 0741 03       		.byte	3
 1887 0742 01       		.byte	1
 1888 0743 01       		.byte	1
 1889 0744 0A       		.byte	10
 1890 0745 03       		.byte	3
 1891 0746 0B       		.byte	11
 1892 0747 01       		.byte	1
 1893 0748 0C       		.byte	12
 1894 0749 03       		.byte	3
 1895 074a 0D       		.byte	13
 1896 074b 01       		.byte	1
 1897 074c 10       		.byte	16
 1898 074d 03       		.byte	3
 1899 074e 1A       		.byte	26
 1900 074f 01       		.byte	1
 1901 0750 1C       		.byte	28
 1902 0751 03       		.byte	3
 1903 0752 00       		.byte	0
 1904 0753 0B       		.byte	11
 1905 0754 10       		.byte	16
 1906 0755 0A       		.byte	10
 1907 0756 00       		.byte	0
 1908 0757 00       		.byte	0
 1909 0758 80       		.byte	-128
 1910 0759 80       		.byte	-128
 1911 075a 00       		.byte	0
 1912 075b 00       		.byte	0
 1913 075c 40       		.byte	64
 1914 075d 00       		.byte	0
 1915 075e 00       		.byte	0
 1916 075f 00       		.byte	0
 1917 0760 AC       		.byte	-84
 1918 0761 00       		.byte	0
 1919 0762 00       		.byte	0
 1920 0763 00       		.byte	0
 1921 0764 00       		.byte	0
 1922 0765 03       		.byte	3
 1923 0766 13       		.byte	19
 1924 0767 00       		.byte	0
 1925 0768 80       		.byte	-128
 1926 0769 00       		.byte	0
 1927 076a 40       		.byte	64
 1928 076b 80       		.byte	-128
 1929 076c 80       		.byte	-128
 1930 076d 00       		.byte	0
 1931 076e 80       		.byte	-128
 1932 076f 00       		.byte	0
 1933 0770 00       		.byte	0
 1934 0771 00       		.byte	0
 1935 0772 00       		.byte	0
 1936 0773 00       		.byte	0
 1937 0774 40       		.byte	64
 1938 0775 00       		.byte	0
ARM GAS  C:\Users\Alex\AppData\Local\Temp\cc3iMNvV.s 			page 35


 1939 0776 00       		.byte	0
 1940 0777 00       		.byte	0
 1941 0778 00       		.byte	0
 1942 0779 00       		.byte	0
 1943 077a 00       		.byte	0
 1944 077b 00       		.byte	0
 1945 077c C0       		.byte	-64
 1946 077d 00       		.byte	0
 1947 077e 00       		.byte	0
 1948 077f 00       		.byte	0
 1949 0780 00       		.byte	0
 1950 0781 0B       		.byte	11
 1951 0782 0B       		.byte	11
 1952 0783 00       		.byte	0
 1953 0784 00       		.byte	0
 1954 0785 00       		.byte	0
 1955 0786 00       		.byte	0
 1956 0787 00       		.byte	0
 1957 0788 00       		.byte	0
 1958 0789 02       		.byte	2
 1959 078a 02       		.byte	2
 1960 078b 00       		.byte	0
 1961 078c 00       		.byte	0
 1962 078d 00       		.byte	0
 1963 078e 00       		.byte	0
 1964 078f 00       		.byte	0
 1965 0790 F0       		.byte	-16
 1966 0791 00       		.byte	0
 1967 0792 00       		.byte	0
 1968 0793 00       		.byte	0
 1969 0794 00       		.byte	0
 1970 0795 00       		.byte	0
 1971 0796 00       		.byte	0
 1972 0797 00       		.byte	0
 1973 0798 00       		.byte	0
 1974 0799 01       		.byte	1
 1975 079a 00       		.byte	0
 1976 079b 00       		.byte	0
 1977              		.section	.cywolatch,"a",%progbits
 1978              		.align	2
 1979              		.type	cy_meta_wonvl, %object
 1980              		.size	cy_meta_wonvl, 4
 1981              	cy_meta_wonvl:
 1982 0000 BC       		.byte	-68
 1983 0001 90       		.byte	-112
 1984 0002 AC       		.byte	-84
 1985 0003 AF       		.byte	-81
 1986              		.section	.cycustnvl,"a",%progbits
 1987              		.align	2
 1988              		.type	cy_meta_custnvl, %object
 1989              		.size	cy_meta_custnvl, 4
 1990              	cy_meta_custnvl:
 1991 0000 00       		.byte	0
 1992 0001 00       		.byte	0
 1993 0002 40       		.byte	64
 1994 0003 05       		.byte	5
 1995              		.section	.cymeta,"a",%progbits
ARM GAS  C:\Users\Alex\AppData\Local\Temp\cc3iMNvV.s 			page 36


 1996              		.align	2
 1997              		.type	cy_metadata, %object
 1998              		.size	cy_metadata, 12
 1999              	cy_metadata:
 2000 0000 00       		.byte	0
 2001 0001 01       		.byte	1
 2002 0002 2E       		.byte	46
 2003 0003 16       		.byte	22
 2004 0004 10       		.byte	16
 2005 0005 69       		.byte	105
 2006 0006 00       		.byte	0
 2007 0007 01       		.byte	1
 2008 0008 00       		.byte	0
 2009 0009 00       		.byte	0
 2010 000a 00       		.byte	0
 2011 000b 00       		.byte	0
 2012              		.section	.cyflashprotect,"a",%progbits
 2013              		.align	2
 2014              		.type	cy_meta_flashprotect, %object
 2015              		.size	cy_meta_flashprotect, 256
 2016              	cy_meta_flashprotect:
 2017 0000 00000000 		.space	256
 2017      00000000 
 2017      00000000 
 2017      00000000 
 2017      00000000 
 2018              		.text
 2019              	.Letext0:
 2020              		.file 1 "c:\\program files (x86)\\cypress\\psoc creator\\4.1\\psoc creator\\import\\gnu\\arm\\5.4.
 2021              		.file 2 "c:\\program files (x86)\\cypress\\psoc creator\\4.1\\psoc creator\\import\\gnu\\arm\\5.4.
 2022              		.file 3 "Generated_Source\\PSoC5\\cymetadata.c"
 2023              		.section	.debug_info,"",%progbits
 2024              	.Ldebug_info0:
 2025 0000 35010000 		.4byte	0x135
 2026 0004 0400     		.2byte	0x4
 2027 0006 00000000 		.4byte	.Ldebug_abbrev0
 2028 000a 04       		.byte	0x4
 2029 000b 01       		.uleb128 0x1
 2030 000c 24000000 		.4byte	.LASF17
 2031 0010 0C       		.byte	0xc
 2032 0011 FD010000 		.4byte	.LASF18
 2033 0015 7E010000 		.4byte	.LASF19
 2034 0019 00000000 		.4byte	.Ldebug_line0
 2035 001d 02       		.uleb128 0x2
 2036 001e 01       		.byte	0x1
 2037 001f 06       		.byte	0x6
 2038 0020 72010000 		.4byte	.LASF0
 2039 0024 03       		.uleb128 0x3
 2040 0025 00000000 		.4byte	.LASF9
 2041 0029 01       		.byte	0x1
 2042 002a 1D       		.byte	0x1d
 2043 002b 2F000000 		.4byte	0x2f
 2044 002f 02       		.uleb128 0x2
 2045 0030 01       		.byte	0x1
 2046 0031 08       		.byte	0x8
 2047 0032 16000000 		.4byte	.LASF1
 2048 0036 02       		.uleb128 0x2
ARM GAS  C:\Users\Alex\AppData\Local\Temp\cc3iMNvV.s 			page 37


 2049 0037 02       		.byte	0x2
 2050 0038 05       		.byte	0x5
 2051 0039 5F010000 		.4byte	.LASF2
 2052 003d 02       		.uleb128 0x2
 2053 003e 02       		.byte	0x2
 2054 003f 07       		.byte	0x7
 2055 0040 C4000000 		.4byte	.LASF3
 2056 0044 02       		.uleb128 0x2
 2057 0045 04       		.byte	0x4
 2058 0046 05       		.byte	0x5
 2059 0047 69010000 		.4byte	.LASF4
 2060 004b 02       		.uleb128 0x2
 2061 004c 04       		.byte	0x4
 2062 004d 07       		.byte	0x7
 2063 004e B2000000 		.4byte	.LASF5
 2064 0052 02       		.uleb128 0x2
 2065 0053 08       		.byte	0x8
 2066 0054 05       		.byte	0x5
 2067 0055 51010000 		.4byte	.LASF6
 2068 0059 02       		.uleb128 0x2
 2069 005a 08       		.byte	0x8
 2070 005b 07       		.byte	0x7
 2071 005c 06010000 		.4byte	.LASF7
 2072 0060 04       		.uleb128 0x4
 2073 0061 04       		.byte	0x4
 2074 0062 05       		.byte	0x5
 2075 0063 696E7400 		.ascii	"int\000"
 2076 0067 02       		.uleb128 0x2
 2077 0068 04       		.byte	0x4
 2078 0069 07       		.byte	0x7
 2079 006a F9000000 		.4byte	.LASF8
 2080 006e 03       		.uleb128 0x3
 2081 006f 1D010000 		.4byte	.LASF10
 2082 0073 02       		.byte	0x2
 2083 0074 18       		.byte	0x18
 2084 0075 24000000 		.4byte	0x24
 2085 0079 05       		.uleb128 0x5
 2086 007a 91000000 		.4byte	0x91
 2087 007e 8A000000 		.4byte	0x8a
 2088 0082 06       		.uleb128 0x6
 2089 0083 8A000000 		.4byte	0x8a
 2090 0087 9B07     		.2byte	0x79b
 2091 0089 00       		.byte	0
 2092 008a 02       		.uleb128 0x2
 2093 008b 04       		.byte	0x4
 2094 008c 07       		.byte	0x7
 2095 008d 48010000 		.4byte	.LASF11
 2096 0091 07       		.uleb128 0x7
 2097 0092 6E000000 		.4byte	0x6e
 2098 0096 08       		.uleb128 0x8
 2099 0097 E7000000 		.4byte	.LASF12
 2100 009b 03       		.byte	0x3
 2101 009c 1F       		.byte	0x1f
 2102 009d A7000000 		.4byte	0xa7
 2103 00a1 05       		.uleb128 0x5
 2104 00a2 03       		.byte	0x3
 2105 00a3 00000000 		.4byte	cy_meta_configecc
ARM GAS  C:\Users\Alex\AppData\Local\Temp\cc3iMNvV.s 			page 38


 2106 00a7 07       		.uleb128 0x7
 2107 00a8 79000000 		.4byte	0x79
 2108 00ac 05       		.uleb128 0x5
 2109 00ad 91000000 		.4byte	0x91
 2110 00b1 BC000000 		.4byte	0xbc
 2111 00b5 09       		.uleb128 0x9
 2112 00b6 8A000000 		.4byte	0x8a
 2113 00ba 03       		.byte	0x3
 2114 00bb 00       		.byte	0
 2115 00bc 0A       		.uleb128 0xa
 2116 00bd D7000000 		.4byte	.LASF13
 2117 00c1 03       		.byte	0x3
 2118 00c2 2001     		.2byte	0x120
 2119 00c4 CE000000 		.4byte	0xce
 2120 00c8 05       		.uleb128 0x5
 2121 00c9 03       		.byte	0x3
 2122 00ca 00000000 		.4byte	cy_meta_custnvl
 2123 00ce 07       		.uleb128 0x7
 2124 00cf AC000000 		.4byte	0xac
 2125 00d3 0A       		.uleb128 0xa
 2126 00d4 3A010000 		.4byte	.LASF14
 2127 00d8 03       		.byte	0x3
 2128 00d9 2E01     		.2byte	0x12e
 2129 00db E5000000 		.4byte	0xe5
 2130 00df 05       		.uleb128 0x5
 2131 00e0 03       		.byte	0x3
 2132 00e1 00000000 		.4byte	cy_meta_wonvl
 2133 00e5 07       		.uleb128 0x7
 2134 00e6 AC000000 		.4byte	0xac
 2135 00ea 05       		.uleb128 0x5
 2136 00eb 91000000 		.4byte	0x91
 2137 00ef FA000000 		.4byte	0xfa
 2138 00f3 09       		.uleb128 0x9
 2139 00f4 8A000000 		.4byte	0x8a
 2140 00f8 FF       		.byte	0xff
 2141 00f9 00       		.byte	0
 2142 00fa 0A       		.uleb128 0xa
 2143 00fb 25010000 		.4byte	.LASF15
 2144 00ff 03       		.byte	0x3
 2145 0100 3C01     		.2byte	0x13c
 2146 0102 0C010000 		.4byte	0x10c
 2147 0106 05       		.uleb128 0x5
 2148 0107 03       		.byte	0x3
 2149 0108 00000000 		.4byte	cy_meta_flashprotect
 2150 010c 07       		.uleb128 0x7
 2151 010d EA000000 		.4byte	0xea
 2152 0111 05       		.uleb128 0x5
 2153 0112 91000000 		.4byte	0x91
 2154 0116 21010000 		.4byte	0x121
 2155 011a 09       		.uleb128 0x9
 2156 011b 8A000000 		.4byte	0x8a
 2157 011f 0B       		.byte	0xb
 2158 0120 00       		.byte	0
 2159 0121 0A       		.uleb128 0xa
 2160 0122 0A000000 		.4byte	.LASF16
 2161 0126 03       		.byte	0x3
 2162 0127 6901     		.2byte	0x169
ARM GAS  C:\Users\Alex\AppData\Local\Temp\cc3iMNvV.s 			page 39


 2163 0129 33010000 		.4byte	0x133
 2164 012d 05       		.uleb128 0x5
 2165 012e 03       		.byte	0x3
 2166 012f 00000000 		.4byte	cy_metadata
 2167 0133 07       		.uleb128 0x7
 2168 0134 11010000 		.4byte	0x111
 2169 0138 00       		.byte	0
 2170              		.section	.debug_abbrev,"",%progbits
 2171              	.Ldebug_abbrev0:
 2172 0000 01       		.uleb128 0x1
 2173 0001 11       		.uleb128 0x11
 2174 0002 01       		.byte	0x1
 2175 0003 25       		.uleb128 0x25
 2176 0004 0E       		.uleb128 0xe
 2177 0005 13       		.uleb128 0x13
 2178 0006 0B       		.uleb128 0xb
 2179 0007 03       		.uleb128 0x3
 2180 0008 0E       		.uleb128 0xe
 2181 0009 1B       		.uleb128 0x1b
 2182 000a 0E       		.uleb128 0xe
 2183 000b 10       		.uleb128 0x10
 2184 000c 17       		.uleb128 0x17
 2185 000d 00       		.byte	0
 2186 000e 00       		.byte	0
 2187 000f 02       		.uleb128 0x2
 2188 0010 24       		.uleb128 0x24
 2189 0011 00       		.byte	0
 2190 0012 0B       		.uleb128 0xb
 2191 0013 0B       		.uleb128 0xb
 2192 0014 3E       		.uleb128 0x3e
 2193 0015 0B       		.uleb128 0xb
 2194 0016 03       		.uleb128 0x3
 2195 0017 0E       		.uleb128 0xe
 2196 0018 00       		.byte	0
 2197 0019 00       		.byte	0
 2198 001a 03       		.uleb128 0x3
 2199 001b 16       		.uleb128 0x16
 2200 001c 00       		.byte	0
 2201 001d 03       		.uleb128 0x3
 2202 001e 0E       		.uleb128 0xe
 2203 001f 3A       		.uleb128 0x3a
 2204 0020 0B       		.uleb128 0xb
 2205 0021 3B       		.uleb128 0x3b
 2206 0022 0B       		.uleb128 0xb
 2207 0023 49       		.uleb128 0x49
 2208 0024 13       		.uleb128 0x13
 2209 0025 00       		.byte	0
 2210 0026 00       		.byte	0
 2211 0027 04       		.uleb128 0x4
 2212 0028 24       		.uleb128 0x24
 2213 0029 00       		.byte	0
 2214 002a 0B       		.uleb128 0xb
 2215 002b 0B       		.uleb128 0xb
 2216 002c 3E       		.uleb128 0x3e
 2217 002d 0B       		.uleb128 0xb
 2218 002e 03       		.uleb128 0x3
 2219 002f 08       		.uleb128 0x8
ARM GAS  C:\Users\Alex\AppData\Local\Temp\cc3iMNvV.s 			page 40


 2220 0030 00       		.byte	0
 2221 0031 00       		.byte	0
 2222 0032 05       		.uleb128 0x5
 2223 0033 01       		.uleb128 0x1
 2224 0034 01       		.byte	0x1
 2225 0035 49       		.uleb128 0x49
 2226 0036 13       		.uleb128 0x13
 2227 0037 01       		.uleb128 0x1
 2228 0038 13       		.uleb128 0x13
 2229 0039 00       		.byte	0
 2230 003a 00       		.byte	0
 2231 003b 06       		.uleb128 0x6
 2232 003c 21       		.uleb128 0x21
 2233 003d 00       		.byte	0
 2234 003e 49       		.uleb128 0x49
 2235 003f 13       		.uleb128 0x13
 2236 0040 2F       		.uleb128 0x2f
 2237 0041 05       		.uleb128 0x5
 2238 0042 00       		.byte	0
 2239 0043 00       		.byte	0
 2240 0044 07       		.uleb128 0x7
 2241 0045 26       		.uleb128 0x26
 2242 0046 00       		.byte	0
 2243 0047 49       		.uleb128 0x49
 2244 0048 13       		.uleb128 0x13
 2245 0049 00       		.byte	0
 2246 004a 00       		.byte	0
 2247 004b 08       		.uleb128 0x8
 2248 004c 34       		.uleb128 0x34
 2249 004d 00       		.byte	0
 2250 004e 03       		.uleb128 0x3
 2251 004f 0E       		.uleb128 0xe
 2252 0050 3A       		.uleb128 0x3a
 2253 0051 0B       		.uleb128 0xb
 2254 0052 3B       		.uleb128 0x3b
 2255 0053 0B       		.uleb128 0xb
 2256 0054 49       		.uleb128 0x49
 2257 0055 13       		.uleb128 0x13
 2258 0056 3F       		.uleb128 0x3f
 2259 0057 19       		.uleb128 0x19
 2260 0058 02       		.uleb128 0x2
 2261 0059 18       		.uleb128 0x18
 2262 005a 00       		.byte	0
 2263 005b 00       		.byte	0
 2264 005c 09       		.uleb128 0x9
 2265 005d 21       		.uleb128 0x21
 2266 005e 00       		.byte	0
 2267 005f 49       		.uleb128 0x49
 2268 0060 13       		.uleb128 0x13
 2269 0061 2F       		.uleb128 0x2f
 2270 0062 0B       		.uleb128 0xb
 2271 0063 00       		.byte	0
 2272 0064 00       		.byte	0
 2273 0065 0A       		.uleb128 0xa
 2274 0066 34       		.uleb128 0x34
 2275 0067 00       		.byte	0
 2276 0068 03       		.uleb128 0x3
ARM GAS  C:\Users\Alex\AppData\Local\Temp\cc3iMNvV.s 			page 41


 2277 0069 0E       		.uleb128 0xe
 2278 006a 3A       		.uleb128 0x3a
 2279 006b 0B       		.uleb128 0xb
 2280 006c 3B       		.uleb128 0x3b
 2281 006d 05       		.uleb128 0x5
 2282 006e 49       		.uleb128 0x49
 2283 006f 13       		.uleb128 0x13
 2284 0070 3F       		.uleb128 0x3f
 2285 0071 19       		.uleb128 0x19
 2286 0072 02       		.uleb128 0x2
 2287 0073 18       		.uleb128 0x18
 2288 0074 00       		.byte	0
 2289 0075 00       		.byte	0
 2290 0076 00       		.byte	0
 2291              		.section	.debug_aranges,"",%progbits
 2292 0000 14000000 		.4byte	0x14
 2293 0004 0200     		.2byte	0x2
 2294 0006 00000000 		.4byte	.Ldebug_info0
 2295 000a 04       		.byte	0x4
 2296 000b 00       		.byte	0
 2297 000c 0000     		.2byte	0
 2298 000e 0000     		.2byte	0
 2299 0010 00000000 		.4byte	0
 2300 0014 00000000 		.4byte	0
 2301              		.section	.debug_line,"",%progbits
 2302              	.Ldebug_line0:
 2303 0000 3D010000 		.section	.debug_str,"MS",%progbits,1
 2303      02003701 
 2303      00000201 
 2303      FB0E0D00 
 2303      01010101 
 2304              	.LASF9:
 2305 0000 5F5F7569 		.ascii	"__uint8_t\000"
 2305      6E74385F 
 2305      7400
 2306              	.LASF16:
 2307 000a 63795F6D 		.ascii	"cy_metadata\000"
 2307      65746164 
 2307      61746100 
 2308              	.LASF1:
 2309 0016 756E7369 		.ascii	"unsigned char\000"
 2309      676E6564 
 2309      20636861 
 2309      7200
 2310              	.LASF17:
 2311 0024 474E5520 		.ascii	"GNU C11 5.4.1 20160609 (release) [ARM/embedded-5-br"
 2311      43313120 
 2311      352E342E 
 2311      31203230 
 2311      31363036 
 2312 0057 616E6368 		.ascii	"anch revision 237715] -mcpu=cortex-m3 -mthumb -g -O"
 2312      20726576 
 2312      6973696F 
 2312      6E203233 
 2312      37373135 
 2313 008a 67202D66 		.ascii	"g -ffunction-sections -ffat-lto-objects\000"
 2313      66756E63 
ARM GAS  C:\Users\Alex\AppData\Local\Temp\cc3iMNvV.s 			page 42


 2313      74696F6E 
 2313      2D736563 
 2313      74696F6E 
 2314              	.LASF5:
 2315 00b2 6C6F6E67 		.ascii	"long unsigned int\000"
 2315      20756E73 
 2315      69676E65 
 2315      6420696E 
 2315      7400
 2316              	.LASF3:
 2317 00c4 73686F72 		.ascii	"short unsigned int\000"
 2317      7420756E 
 2317      7369676E 
 2317      65642069 
 2317      6E7400
 2318              	.LASF13:
 2319 00d7 63795F6D 		.ascii	"cy_meta_custnvl\000"
 2319      6574615F 
 2319      63757374 
 2319      6E766C00 
 2320              	.LASF12:
 2321 00e7 63795F6D 		.ascii	"cy_meta_configecc\000"
 2321      6574615F 
 2321      636F6E66 
 2321      69676563 
 2321      6300
 2322              	.LASF8:
 2323 00f9 756E7369 		.ascii	"unsigned int\000"
 2323      676E6564 
 2323      20696E74 
 2323      00
 2324              	.LASF7:
 2325 0106 6C6F6E67 		.ascii	"long long unsigned int\000"
 2325      206C6F6E 
 2325      6720756E 
 2325      7369676E 
 2325      65642069 
 2326              	.LASF10:
 2327 011d 75696E74 		.ascii	"uint8_t\000"
 2327      385F7400 
 2328              	.LASF15:
 2329 0125 63795F6D 		.ascii	"cy_meta_flashprotect\000"
 2329      6574615F 
 2329      666C6173 
 2329      6870726F 
 2329      74656374 
 2330              	.LASF14:
 2331 013a 63795F6D 		.ascii	"cy_meta_wonvl\000"
 2331      6574615F 
 2331      776F6E76 
 2331      6C00
 2332              	.LASF11:
 2333 0148 73697A65 		.ascii	"sizetype\000"
 2333      74797065 
 2333      00
 2334              	.LASF6:
 2335 0151 6C6F6E67 		.ascii	"long long int\000"
ARM GAS  C:\Users\Alex\AppData\Local\Temp\cc3iMNvV.s 			page 43


 2335      206C6F6E 
 2335      6720696E 
 2335      7400
 2336              	.LASF2:
 2337 015f 73686F72 		.ascii	"short int\000"
 2337      7420696E 
 2337      7400
 2338              	.LASF4:
 2339 0169 6C6F6E67 		.ascii	"long int\000"
 2339      20696E74 
 2339      00
 2340              	.LASF0:
 2341 0172 7369676E 		.ascii	"signed char\000"
 2341      65642063 
 2341      68617200 
 2342              	.LASF19:
 2343 017e 503A5C43 		.ascii	"P:\\Cypress_Tutorials_Working_Directory\\Homemade_J"
 2343      79707265 
 2343      73735F54 
 2343      75746F72 
 2343      69616C73 
 2344 01af 6F797374 		.ascii	"oystick\\Homemade_Joystick\\Homemade_Joystick_Works"
 2344      69636B5C 
 2344      486F6D65 
 2344      6D616465 
 2344      5F4A6F79 
 2345 01e0 70616365 		.ascii	"pace\\Joystick_Groundup.cydsn\000"
 2345      5C4A6F79 
 2345      73746963 
 2345      6B5F4772 
 2345      6F756E64 
 2346              	.LASF18:
 2347 01fd 47656E65 		.ascii	"Generated_Source\\PSoC5\\cymetadata.c\000"
 2347      72617465 
 2347      645F536F 
 2347      75726365 
 2347      5C50536F 
 2348              		.ident	"GCC: (GNU Tools for ARM Embedded Processors) 5.4.1 20160609 (release) [ARM/embedded-5-bran
