ARM GAS  C:\Users\Alex\AppData\Local\Temp\ccGFNGHh.s 			page 1


   1              		.syntax unified
   2              		.cpu cortex-m3
   3              		.fpu softvfp
   4              		.eabi_attribute 20, 1
   5              		.eabi_attribute 21, 1
   6              		.eabi_attribute 23, 3
   7              		.eabi_attribute 24, 1
   8              		.eabi_attribute 25, 1
   9              		.eabi_attribute 26, 1
  10              		.eabi_attribute 30, 1
  11              		.eabi_attribute 34, 1
  12              		.eabi_attribute 18, 4
  13              		.thumb
  14              		.syntax unified
  15              		.file	"Button_17_22.c"
  16              		.text
  17              	.Ltext0:
  18              		.cfi_sections	.debug_frame
  19              		.section	.text.Button_17_22_Write,"ax",%progbits
  20              		.align	2
  21              		.global	Button_17_22_Write
  22              		.thumb
  23              		.thumb_func
  24              		.type	Button_17_22_Write, %function
  25              	Button_17_22_Write:
  26              	.LFB0:
  27              		.file 1 "Generated_Source\\PSoC5\\Button_17_22.c"
   1:Generated_Source\PSoC5/Button_17_22.c **** /*******************************************************************************
   2:Generated_Source\PSoC5/Button_17_22.c **** * File Name: Button_17_22.c  
   3:Generated_Source\PSoC5/Button_17_22.c **** * Version 2.20
   4:Generated_Source\PSoC5/Button_17_22.c **** *
   5:Generated_Source\PSoC5/Button_17_22.c **** * Description:
   6:Generated_Source\PSoC5/Button_17_22.c **** *  This file contains API to enable firmware control of a Pins component.
   7:Generated_Source\PSoC5/Button_17_22.c **** *
   8:Generated_Source\PSoC5/Button_17_22.c **** * Note:
   9:Generated_Source\PSoC5/Button_17_22.c **** *
  10:Generated_Source\PSoC5/Button_17_22.c **** ********************************************************************************
  11:Generated_Source\PSoC5/Button_17_22.c **** * Copyright 2008-2015, Cypress Semiconductor Corporation.  All rights reserved.
  12:Generated_Source\PSoC5/Button_17_22.c **** * You may use this file only in accordance with the license, terms, conditions, 
  13:Generated_Source\PSoC5/Button_17_22.c **** * disclaimers, and limitations in the end user license agreement accompanying 
  14:Generated_Source\PSoC5/Button_17_22.c **** * the software package with which this file was provided.
  15:Generated_Source\PSoC5/Button_17_22.c **** *******************************************************************************/
  16:Generated_Source\PSoC5/Button_17_22.c **** 
  17:Generated_Source\PSoC5/Button_17_22.c **** #include "cytypes.h"
  18:Generated_Source\PSoC5/Button_17_22.c **** #include "Button_17_22.h"
  19:Generated_Source\PSoC5/Button_17_22.c **** 
  20:Generated_Source\PSoC5/Button_17_22.c **** /* APIs are not generated for P15[7:6] on PSoC 5 */
  21:Generated_Source\PSoC5/Button_17_22.c **** #if !(CY_PSOC5A &&\
  22:Generated_Source\PSoC5/Button_17_22.c **** 	 Button_17_22__PORT == 15 && ((Button_17_22__MASK & 0xC0) != 0))
  23:Generated_Source\PSoC5/Button_17_22.c **** 
  24:Generated_Source\PSoC5/Button_17_22.c **** 
  25:Generated_Source\PSoC5/Button_17_22.c **** /*******************************************************************************
  26:Generated_Source\PSoC5/Button_17_22.c **** * Function Name: Button_17_22_Write
  27:Generated_Source\PSoC5/Button_17_22.c **** ****************************************************************************//**
  28:Generated_Source\PSoC5/Button_17_22.c **** *
  29:Generated_Source\PSoC5/Button_17_22.c **** * \brief Writes the value to the physical port (data output register), masking
  30:Generated_Source\PSoC5/Button_17_22.c **** *  and shifting the bits appropriately. 
ARM GAS  C:\Users\Alex\AppData\Local\Temp\ccGFNGHh.s 			page 2


  31:Generated_Source\PSoC5/Button_17_22.c **** *
  32:Generated_Source\PSoC5/Button_17_22.c **** * The data output register controls the signal applied to the physical pin in 
  33:Generated_Source\PSoC5/Button_17_22.c **** * conjunction with the drive mode parameter. This function avoids changing 
  34:Generated_Source\PSoC5/Button_17_22.c **** * other bits in the port by using the appropriate method (read-modify-write or
  35:Generated_Source\PSoC5/Button_17_22.c **** * bit banding).
  36:Generated_Source\PSoC5/Button_17_22.c **** *
  37:Generated_Source\PSoC5/Button_17_22.c **** * <b>Note</b> This function should not be used on a hardware digital output pin 
  38:Generated_Source\PSoC5/Button_17_22.c **** * as it is driven by the hardware signal attached to it.
  39:Generated_Source\PSoC5/Button_17_22.c **** *
  40:Generated_Source\PSoC5/Button_17_22.c **** * \param value
  41:Generated_Source\PSoC5/Button_17_22.c **** *  Value to write to the component instance.
  42:Generated_Source\PSoC5/Button_17_22.c **** *
  43:Generated_Source\PSoC5/Button_17_22.c **** * \return 
  44:Generated_Source\PSoC5/Button_17_22.c **** *  None 
  45:Generated_Source\PSoC5/Button_17_22.c **** *
  46:Generated_Source\PSoC5/Button_17_22.c **** * \sideeffect
  47:Generated_Source\PSoC5/Button_17_22.c **** *  If you use read-modify-write operations that are not atomic; the Interrupt 
  48:Generated_Source\PSoC5/Button_17_22.c **** *  Service Routines (ISR) can cause corruption of this function. An ISR that 
  49:Generated_Source\PSoC5/Button_17_22.c **** *  interrupts this function and performs writes to the Pins component data 
  50:Generated_Source\PSoC5/Button_17_22.c **** *  register can cause corrupted port data. To avoid this issue, you should 
  51:Generated_Source\PSoC5/Button_17_22.c **** *  either use the Per-Pin APIs (primary method) or disable interrupts around 
  52:Generated_Source\PSoC5/Button_17_22.c **** *  this function.
  53:Generated_Source\PSoC5/Button_17_22.c **** *
  54:Generated_Source\PSoC5/Button_17_22.c **** * \funcusage
  55:Generated_Source\PSoC5/Button_17_22.c **** *  \snippet Button_17_22_SUT.c usage_Button_17_22_Write
  56:Generated_Source\PSoC5/Button_17_22.c **** *******************************************************************************/
  57:Generated_Source\PSoC5/Button_17_22.c **** void Button_17_22_Write(uint8 value)
  58:Generated_Source\PSoC5/Button_17_22.c **** {
  28              		.loc 1 58 0
  29              		.cfi_startproc
  30              		@ args = 0, pretend = 0, frame = 0
  31              		@ frame_needed = 0, uses_anonymous_args = 0
  32              		@ link register save eliminated.
  33              	.LVL0:
  59:Generated_Source\PSoC5/Button_17_22.c ****     uint8 staticBits = (Button_17_22_DR & (uint8)(~Button_17_22_MASK));
  34              		.loc 1 59 0
  35 0000 044A     		ldr	r2, .L2
  36 0002 1378     		ldrb	r3, [r2]	@ zero_extendqisi2
  37 0004 03F00303 		and	r3, r3, #3
  38              	.LVL1:
  60:Generated_Source\PSoC5/Button_17_22.c ****     Button_17_22_DR = staticBits | ((uint8)(value << Button_17_22_SHIFT) & Button_17_22_MASK);
  39              		.loc 1 60 0
  40 0008 8000     		lsls	r0, r0, #2
  41              	.LVL2:
  42 000a C0B2     		uxtb	r0, r0
  43 000c 1843     		orrs	r0, r0, r3
  44 000e 1070     		strb	r0, [r2]
  45 0010 7047     		bx	lr
  46              	.L3:
  47 0012 00BF     		.align	2
  48              	.L2:
  49 0014 10510040 		.word	1073762576
  50              		.cfi_endproc
  51              	.LFE0:
  52              		.size	Button_17_22_Write, .-Button_17_22_Write
  53              		.section	.text.Button_17_22_SetDriveMode,"ax",%progbits
  54              		.align	2
ARM GAS  C:\Users\Alex\AppData\Local\Temp\ccGFNGHh.s 			page 3


  55              		.global	Button_17_22_SetDriveMode
  56              		.thumb
  57              		.thumb_func
  58              		.type	Button_17_22_SetDriveMode, %function
  59              	Button_17_22_SetDriveMode:
  60              	.LFB1:
  61:Generated_Source\PSoC5/Button_17_22.c **** }
  62:Generated_Source\PSoC5/Button_17_22.c **** 
  63:Generated_Source\PSoC5/Button_17_22.c **** 
  64:Generated_Source\PSoC5/Button_17_22.c **** /*******************************************************************************
  65:Generated_Source\PSoC5/Button_17_22.c **** * Function Name: Button_17_22_SetDriveMode
  66:Generated_Source\PSoC5/Button_17_22.c **** ****************************************************************************//**
  67:Generated_Source\PSoC5/Button_17_22.c **** *
  68:Generated_Source\PSoC5/Button_17_22.c **** * \brief Sets the drive mode for each of the Pins component's pins.
  69:Generated_Source\PSoC5/Button_17_22.c **** * 
  70:Generated_Source\PSoC5/Button_17_22.c **** * <b>Note</b> This affects all pins in the Pins component instance. Use the
  71:Generated_Source\PSoC5/Button_17_22.c **** * Per-Pin APIs if you wish to control individual pin's drive modes.
  72:Generated_Source\PSoC5/Button_17_22.c **** *
  73:Generated_Source\PSoC5/Button_17_22.c **** * \param mode
  74:Generated_Source\PSoC5/Button_17_22.c **** *  Mode for the selected signals. Valid options are documented in 
  75:Generated_Source\PSoC5/Button_17_22.c **** *  \ref driveMode.
  76:Generated_Source\PSoC5/Button_17_22.c **** *
  77:Generated_Source\PSoC5/Button_17_22.c **** * \return
  78:Generated_Source\PSoC5/Button_17_22.c **** *  None
  79:Generated_Source\PSoC5/Button_17_22.c **** *
  80:Generated_Source\PSoC5/Button_17_22.c **** * \sideeffect
  81:Generated_Source\PSoC5/Button_17_22.c **** *  If you use read-modify-write operations that are not atomic, the ISR can
  82:Generated_Source\PSoC5/Button_17_22.c **** *  cause corruption of this function. An ISR that interrupts this function 
  83:Generated_Source\PSoC5/Button_17_22.c **** *  and performs writes to the Pins component Drive Mode registers can cause 
  84:Generated_Source\PSoC5/Button_17_22.c **** *  corrupted port data. To avoid this issue, you should either use the Per-Pin
  85:Generated_Source\PSoC5/Button_17_22.c **** *  APIs (primary method) or disable interrupts around this function.
  86:Generated_Source\PSoC5/Button_17_22.c **** *
  87:Generated_Source\PSoC5/Button_17_22.c **** * \funcusage
  88:Generated_Source\PSoC5/Button_17_22.c **** *  \snippet Button_17_22_SUT.c usage_Button_17_22_SetDriveMode
  89:Generated_Source\PSoC5/Button_17_22.c **** *******************************************************************************/
  90:Generated_Source\PSoC5/Button_17_22.c **** void Button_17_22_SetDriveMode(uint8 mode)
  91:Generated_Source\PSoC5/Button_17_22.c **** {
  61              		.loc 1 91 0
  62              		.cfi_startproc
  63              		@ args = 0, pretend = 0, frame = 0
  64              		@ frame_needed = 0, uses_anonymous_args = 0
  65              		@ link register save eliminated.
  66              	.LVL3:
  92:Generated_Source\PSoC5/Button_17_22.c **** 	CyPins_SetPinDriveMode(Button_17_22_0, mode);
  67              		.loc 1 92 0
  68 0000 134A     		ldr	r2, .L5
  69 0002 1378     		ldrb	r3, [r2]	@ zero_extendqisi2
  70 0004 00F00E00 		and	r0, r0, #14
  71              	.LVL4:
  72 0008 03F0F103 		and	r3, r3, #241
  73 000c 0343     		orrs	r3, r3, r0
  74 000e 1370     		strb	r3, [r2]
  93:Generated_Source\PSoC5/Button_17_22.c **** 	CyPins_SetPinDriveMode(Button_17_22_1, mode);
  75              		.loc 1 93 0
  76 0010 0132     		adds	r2, r2, #1
  77 0012 1378     		ldrb	r3, [r2]	@ zero_extendqisi2
  78 0014 03F0F103 		and	r3, r3, #241
ARM GAS  C:\Users\Alex\AppData\Local\Temp\ccGFNGHh.s 			page 4


  79 0018 0343     		orrs	r3, r3, r0
  80 001a 1370     		strb	r3, [r2]
  94:Generated_Source\PSoC5/Button_17_22.c **** 	CyPins_SetPinDriveMode(Button_17_22_2, mode);
  81              		.loc 1 94 0
  82 001c 0132     		adds	r2, r2, #1
  83 001e 1378     		ldrb	r3, [r2]	@ zero_extendqisi2
  84 0020 03F0F103 		and	r3, r3, #241
  85 0024 0343     		orrs	r3, r3, r0
  86 0026 1370     		strb	r3, [r2]
  95:Generated_Source\PSoC5/Button_17_22.c **** 	CyPins_SetPinDriveMode(Button_17_22_3, mode);
  87              		.loc 1 95 0
  88 0028 0132     		adds	r2, r2, #1
  89 002a 1378     		ldrb	r3, [r2]	@ zero_extendqisi2
  90 002c 03F0F103 		and	r3, r3, #241
  91 0030 0343     		orrs	r3, r3, r0
  92 0032 1370     		strb	r3, [r2]
  96:Generated_Source\PSoC5/Button_17_22.c **** 	CyPins_SetPinDriveMode(Button_17_22_4, mode);
  93              		.loc 1 96 0
  94 0034 0132     		adds	r2, r2, #1
  95 0036 1378     		ldrb	r3, [r2]	@ zero_extendqisi2
  96 0038 03F0F103 		and	r3, r3, #241
  97 003c 0343     		orrs	r3, r3, r0
  98 003e 1370     		strb	r3, [r2]
  97:Generated_Source\PSoC5/Button_17_22.c **** 	CyPins_SetPinDriveMode(Button_17_22_5, mode);
  99              		.loc 1 97 0
 100 0040 0132     		adds	r2, r2, #1
 101 0042 1378     		ldrb	r3, [r2]	@ zero_extendqisi2
 102 0044 03F0F103 		and	r3, r3, #241
 103 0048 1843     		orrs	r0, r0, r3
 104 004a 1070     		strb	r0, [r2]
 105 004c 7047     		bx	lr
 106              	.L6:
 107 004e 00BF     		.align	2
 108              	.L5:
 109 0050 0A500040 		.word	1073762314
 110              		.cfi_endproc
 111              	.LFE1:
 112              		.size	Button_17_22_SetDriveMode, .-Button_17_22_SetDriveMode
 113              		.section	.text.Button_17_22_Read,"ax",%progbits
 114              		.align	2
 115              		.global	Button_17_22_Read
 116              		.thumb
 117              		.thumb_func
 118              		.type	Button_17_22_Read, %function
 119              	Button_17_22_Read:
 120              	.LFB2:
  98:Generated_Source\PSoC5/Button_17_22.c **** }
  99:Generated_Source\PSoC5/Button_17_22.c **** 
 100:Generated_Source\PSoC5/Button_17_22.c **** 
 101:Generated_Source\PSoC5/Button_17_22.c **** /*******************************************************************************
 102:Generated_Source\PSoC5/Button_17_22.c **** * Function Name: Button_17_22_Read
 103:Generated_Source\PSoC5/Button_17_22.c **** ****************************************************************************//**
 104:Generated_Source\PSoC5/Button_17_22.c **** *
 105:Generated_Source\PSoC5/Button_17_22.c **** * \brief Reads the associated physical port (pin status register) and masks 
 106:Generated_Source\PSoC5/Button_17_22.c **** *  the required bits according to the width and bit position of the component
 107:Generated_Source\PSoC5/Button_17_22.c **** *  instance. 
 108:Generated_Source\PSoC5/Button_17_22.c **** *
ARM GAS  C:\Users\Alex\AppData\Local\Temp\ccGFNGHh.s 			page 5


 109:Generated_Source\PSoC5/Button_17_22.c **** * The pin's status register returns the current logic level present on the 
 110:Generated_Source\PSoC5/Button_17_22.c **** * physical pin.
 111:Generated_Source\PSoC5/Button_17_22.c **** *
 112:Generated_Source\PSoC5/Button_17_22.c **** * \return 
 113:Generated_Source\PSoC5/Button_17_22.c **** *  The current value for the pins in the component as a right justified number.
 114:Generated_Source\PSoC5/Button_17_22.c **** *
 115:Generated_Source\PSoC5/Button_17_22.c **** * \funcusage
 116:Generated_Source\PSoC5/Button_17_22.c **** *  \snippet Button_17_22_SUT.c usage_Button_17_22_Read  
 117:Generated_Source\PSoC5/Button_17_22.c **** *******************************************************************************/
 118:Generated_Source\PSoC5/Button_17_22.c **** uint8 Button_17_22_Read(void)
 119:Generated_Source\PSoC5/Button_17_22.c **** {
 121              		.loc 1 119 0
 122              		.cfi_startproc
 123              		@ args = 0, pretend = 0, frame = 0
 124              		@ frame_needed = 0, uses_anonymous_args = 0
 125              		@ link register save eliminated.
 120:Generated_Source\PSoC5/Button_17_22.c ****     return (Button_17_22_PS & Button_17_22_MASK) >> Button_17_22_SHIFT;
 126              		.loc 1 120 0
 127 0000 014B     		ldr	r3, .L8
 128 0002 1878     		ldrb	r0, [r3]	@ zero_extendqisi2
 121:Generated_Source\PSoC5/Button_17_22.c **** }
 129              		.loc 1 121 0
 130 0004 8008     		lsrs	r0, r0, #2
 131 0006 7047     		bx	lr
 132              	.L9:
 133              		.align	2
 134              	.L8:
 135 0008 11510040 		.word	1073762577
 136              		.cfi_endproc
 137              	.LFE2:
 138              		.size	Button_17_22_Read, .-Button_17_22_Read
 139              		.section	.text.Button_17_22_ReadDataReg,"ax",%progbits
 140              		.align	2
 141              		.global	Button_17_22_ReadDataReg
 142              		.thumb
 143              		.thumb_func
 144              		.type	Button_17_22_ReadDataReg, %function
 145              	Button_17_22_ReadDataReg:
 146              	.LFB3:
 122:Generated_Source\PSoC5/Button_17_22.c **** 
 123:Generated_Source\PSoC5/Button_17_22.c **** 
 124:Generated_Source\PSoC5/Button_17_22.c **** /*******************************************************************************
 125:Generated_Source\PSoC5/Button_17_22.c **** * Function Name: Button_17_22_ReadDataReg
 126:Generated_Source\PSoC5/Button_17_22.c **** ****************************************************************************//**
 127:Generated_Source\PSoC5/Button_17_22.c **** *
 128:Generated_Source\PSoC5/Button_17_22.c **** * \brief Reads the associated physical port's data output register and masks 
 129:Generated_Source\PSoC5/Button_17_22.c **** *  the correct bits according to the width and bit position of the component 
 130:Generated_Source\PSoC5/Button_17_22.c **** *  instance. 
 131:Generated_Source\PSoC5/Button_17_22.c **** *
 132:Generated_Source\PSoC5/Button_17_22.c **** * The data output register controls the signal applied to the physical pin in 
 133:Generated_Source\PSoC5/Button_17_22.c **** * conjunction with the drive mode parameter. This is not the same as the 
 134:Generated_Source\PSoC5/Button_17_22.c **** * preferred Button_17_22_Read() API because the 
 135:Generated_Source\PSoC5/Button_17_22.c **** * Button_17_22_ReadDataReg() reads the data register instead of the status 
 136:Generated_Source\PSoC5/Button_17_22.c **** * register. For output pins this is a useful function to determine the value 
 137:Generated_Source\PSoC5/Button_17_22.c **** * just written to the pin.
 138:Generated_Source\PSoC5/Button_17_22.c **** *
 139:Generated_Source\PSoC5/Button_17_22.c **** * \return 
ARM GAS  C:\Users\Alex\AppData\Local\Temp\ccGFNGHh.s 			page 6


 140:Generated_Source\PSoC5/Button_17_22.c **** *  The current value of the data register masked and shifted into a right 
 141:Generated_Source\PSoC5/Button_17_22.c **** *  justified number for the component instance.
 142:Generated_Source\PSoC5/Button_17_22.c **** *
 143:Generated_Source\PSoC5/Button_17_22.c **** * \funcusage
 144:Generated_Source\PSoC5/Button_17_22.c **** *  \snippet Button_17_22_SUT.c usage_Button_17_22_ReadDataReg 
 145:Generated_Source\PSoC5/Button_17_22.c **** *******************************************************************************/
 146:Generated_Source\PSoC5/Button_17_22.c **** uint8 Button_17_22_ReadDataReg(void)
 147:Generated_Source\PSoC5/Button_17_22.c **** {
 147              		.loc 1 147 0
 148              		.cfi_startproc
 149              		@ args = 0, pretend = 0, frame = 0
 150              		@ frame_needed = 0, uses_anonymous_args = 0
 151              		@ link register save eliminated.
 148:Generated_Source\PSoC5/Button_17_22.c ****     return (Button_17_22_DR & Button_17_22_MASK) >> Button_17_22_SHIFT;
 152              		.loc 1 148 0
 153 0000 014B     		ldr	r3, .L11
 154 0002 1878     		ldrb	r0, [r3]	@ zero_extendqisi2
 149:Generated_Source\PSoC5/Button_17_22.c **** }
 155              		.loc 1 149 0
 156 0004 8008     		lsrs	r0, r0, #2
 157 0006 7047     		bx	lr
 158              	.L12:
 159              		.align	2
 160              	.L11:
 161 0008 10510040 		.word	1073762576
 162              		.cfi_endproc
 163              	.LFE3:
 164              		.size	Button_17_22_ReadDataReg, .-Button_17_22_ReadDataReg
 165              		.text
 166              	.Letext0:
 167              		.file 2 "Generated_Source\\PSoC5\\cytypes.h"
 168              		.section	.debug_info,"",%progbits
 169              	.Ldebug_info0:
 170 0000 1B010000 		.4byte	0x11b
 171 0004 0400     		.2byte	0x4
 172 0006 00000000 		.4byte	.Ldebug_abbrev0
 173 000a 04       		.byte	0x4
 174 000b 01       		.uleb128 0x1
 175 000c 58000000 		.4byte	.LASF20
 176 0010 0C       		.byte	0xc
 177 0011 EB000000 		.4byte	.LASF21
 178 0015 9E010000 		.4byte	.LASF22
 179 0019 00000000 		.4byte	.Ldebug_ranges0+0
 180 001d 00000000 		.4byte	0
 181 0021 00000000 		.4byte	.Ldebug_line0
 182 0025 02       		.uleb128 0x2
 183 0026 01       		.byte	0x1
 184 0027 06       		.byte	0x6
 185 0028 39020000 		.4byte	.LASF0
 186 002c 02       		.uleb128 0x2
 187 002d 01       		.byte	0x1
 188 002e 08       		.byte	0x8
 189 002f 4A000000 		.4byte	.LASF1
 190 0033 02       		.uleb128 0x2
 191 0034 02       		.byte	0x2
 192 0035 05       		.byte	0x5
 193 0036 85010000 		.4byte	.LASF2
ARM GAS  C:\Users\Alex\AppData\Local\Temp\ccGFNGHh.s 			page 7


 194 003a 02       		.uleb128 0x2
 195 003b 02       		.byte	0x2
 196 003c 07       		.byte	0x7
 197 003d 11010000 		.4byte	.LASF3
 198 0041 02       		.uleb128 0x2
 199 0042 04       		.byte	0x4
 200 0043 05       		.byte	0x5
 201 0044 95010000 		.4byte	.LASF4
 202 0048 02       		.uleb128 0x2
 203 0049 04       		.byte	0x4
 204 004a 07       		.byte	0x7
 205 004b 24010000 		.4byte	.LASF5
 206 004f 02       		.uleb128 0x2
 207 0050 08       		.byte	0x8
 208 0051 05       		.byte	0x5
 209 0052 72010000 		.4byte	.LASF6
 210 0056 02       		.uleb128 0x2
 211 0057 08       		.byte	0x8
 212 0058 07       		.byte	0x7
 213 0059 56010000 		.4byte	.LASF7
 214 005d 03       		.uleb128 0x3
 215 005e 04       		.byte	0x4
 216 005f 05       		.byte	0x5
 217 0060 696E7400 		.ascii	"int\000"
 218 0064 02       		.uleb128 0x2
 219 0065 04       		.byte	0x4
 220 0066 07       		.byte	0x7
 221 0067 49010000 		.4byte	.LASF8
 222 006b 04       		.uleb128 0x4
 223 006c 8F010000 		.4byte	.LASF12
 224 0070 02       		.byte	0x2
 225 0071 9201     		.2byte	0x192
 226 0073 2C000000 		.4byte	0x2c
 227 0077 02       		.uleb128 0x2
 228 0078 04       		.byte	0x4
 229 0079 04       		.byte	0x4
 230 007a 2A000000 		.4byte	.LASF9
 231 007e 02       		.uleb128 0x2
 232 007f 08       		.byte	0x8
 233 0080 04       		.byte	0x4
 234 0081 11000000 		.4byte	.LASF10
 235 0085 02       		.uleb128 0x2
 236 0086 01       		.byte	0x1
 237 0087 08       		.byte	0x8
 238 0088 80010000 		.4byte	.LASF11
 239 008c 04       		.uleb128 0x4
 240 008d E6000000 		.4byte	.LASF13
 241 0091 02       		.byte	0x2
 242 0092 3C02     		.2byte	0x23c
 243 0094 98000000 		.4byte	0x98
 244 0098 05       		.uleb128 0x5
 245 0099 6B000000 		.4byte	0x6b
 246 009d 06       		.uleb128 0x6
 247 009e 36010000 		.4byte	.LASF14
 248 00a2 01       		.byte	0x1
 249 00a3 39       		.byte	0x39
 250 00a4 00000000 		.4byte	.LFB0
ARM GAS  C:\Users\Alex\AppData\Local\Temp\ccGFNGHh.s 			page 8


 251 00a8 18000000 		.4byte	.LFE0-.LFB0
 252 00ac 01       		.uleb128 0x1
 253 00ad 9C       		.byte	0x9c
 254 00ae CF000000 		.4byte	0xcf
 255 00b2 07       		.uleb128 0x7
 256 00b3 00000000 		.4byte	.LASF16
 257 00b7 01       		.byte	0x1
 258 00b8 39       		.byte	0x39
 259 00b9 6B000000 		.4byte	0x6b
 260 00bd 00000000 		.4byte	.LLST0
 261 00c1 08       		.uleb128 0x8
 262 00c2 06000000 		.4byte	.LASF23
 263 00c6 01       		.byte	0x1
 264 00c7 3B       		.byte	0x3b
 265 00c8 6B000000 		.4byte	0x6b
 266 00cc 01       		.uleb128 0x1
 267 00cd 53       		.byte	0x53
 268 00ce 00       		.byte	0
 269 00cf 06       		.uleb128 0x6
 270 00d0 30000000 		.4byte	.LASF15
 271 00d4 01       		.byte	0x1
 272 00d5 5A       		.byte	0x5a
 273 00d6 00000000 		.4byte	.LFB1
 274 00da 54000000 		.4byte	.LFE1-.LFB1
 275 00de 01       		.uleb128 0x1
 276 00df 9C       		.byte	0x9c
 277 00e0 F4000000 		.4byte	0xf4
 278 00e4 07       		.uleb128 0x7
 279 00e5 6D010000 		.4byte	.LASF17
 280 00e9 01       		.byte	0x1
 281 00ea 5A       		.byte	0x5a
 282 00eb 6B000000 		.4byte	0x6b
 283 00ef 21000000 		.4byte	.LLST1
 284 00f3 00       		.byte	0
 285 00f4 09       		.uleb128 0x9
 286 00f5 18000000 		.4byte	.LASF18
 287 00f9 01       		.byte	0x1
 288 00fa 76       		.byte	0x76
 289 00fb 6B000000 		.4byte	0x6b
 290 00ff 00000000 		.4byte	.LFB2
 291 0103 0C000000 		.4byte	.LFE2-.LFB2
 292 0107 01       		.uleb128 0x1
 293 0108 9C       		.byte	0x9c
 294 0109 09       		.uleb128 0x9
 295 010a 45020000 		.4byte	.LASF19
 296 010e 01       		.byte	0x1
 297 010f 92       		.byte	0x92
 298 0110 6B000000 		.4byte	0x6b
 299 0114 00000000 		.4byte	.LFB3
 300 0118 0C000000 		.4byte	.LFE3-.LFB3
 301 011c 01       		.uleb128 0x1
 302 011d 9C       		.byte	0x9c
 303 011e 00       		.byte	0
 304              		.section	.debug_abbrev,"",%progbits
 305              	.Ldebug_abbrev0:
 306 0000 01       		.uleb128 0x1
 307 0001 11       		.uleb128 0x11
ARM GAS  C:\Users\Alex\AppData\Local\Temp\ccGFNGHh.s 			page 9


 308 0002 01       		.byte	0x1
 309 0003 25       		.uleb128 0x25
 310 0004 0E       		.uleb128 0xe
 311 0005 13       		.uleb128 0x13
 312 0006 0B       		.uleb128 0xb
 313 0007 03       		.uleb128 0x3
 314 0008 0E       		.uleb128 0xe
 315 0009 1B       		.uleb128 0x1b
 316 000a 0E       		.uleb128 0xe
 317 000b 55       		.uleb128 0x55
 318 000c 17       		.uleb128 0x17
 319 000d 11       		.uleb128 0x11
 320 000e 01       		.uleb128 0x1
 321 000f 10       		.uleb128 0x10
 322 0010 17       		.uleb128 0x17
 323 0011 00       		.byte	0
 324 0012 00       		.byte	0
 325 0013 02       		.uleb128 0x2
 326 0014 24       		.uleb128 0x24
 327 0015 00       		.byte	0
 328 0016 0B       		.uleb128 0xb
 329 0017 0B       		.uleb128 0xb
 330 0018 3E       		.uleb128 0x3e
 331 0019 0B       		.uleb128 0xb
 332 001a 03       		.uleb128 0x3
 333 001b 0E       		.uleb128 0xe
 334 001c 00       		.byte	0
 335 001d 00       		.byte	0
 336 001e 03       		.uleb128 0x3
 337 001f 24       		.uleb128 0x24
 338 0020 00       		.byte	0
 339 0021 0B       		.uleb128 0xb
 340 0022 0B       		.uleb128 0xb
 341 0023 3E       		.uleb128 0x3e
 342 0024 0B       		.uleb128 0xb
 343 0025 03       		.uleb128 0x3
 344 0026 08       		.uleb128 0x8
 345 0027 00       		.byte	0
 346 0028 00       		.byte	0
 347 0029 04       		.uleb128 0x4
 348 002a 16       		.uleb128 0x16
 349 002b 00       		.byte	0
 350 002c 03       		.uleb128 0x3
 351 002d 0E       		.uleb128 0xe
 352 002e 3A       		.uleb128 0x3a
 353 002f 0B       		.uleb128 0xb
 354 0030 3B       		.uleb128 0x3b
 355 0031 05       		.uleb128 0x5
 356 0032 49       		.uleb128 0x49
 357 0033 13       		.uleb128 0x13
 358 0034 00       		.byte	0
 359 0035 00       		.byte	0
 360 0036 05       		.uleb128 0x5
 361 0037 35       		.uleb128 0x35
 362 0038 00       		.byte	0
 363 0039 49       		.uleb128 0x49
 364 003a 13       		.uleb128 0x13
ARM GAS  C:\Users\Alex\AppData\Local\Temp\ccGFNGHh.s 			page 10


 365 003b 00       		.byte	0
 366 003c 00       		.byte	0
 367 003d 06       		.uleb128 0x6
 368 003e 2E       		.uleb128 0x2e
 369 003f 01       		.byte	0x1
 370 0040 3F       		.uleb128 0x3f
 371 0041 19       		.uleb128 0x19
 372 0042 03       		.uleb128 0x3
 373 0043 0E       		.uleb128 0xe
 374 0044 3A       		.uleb128 0x3a
 375 0045 0B       		.uleb128 0xb
 376 0046 3B       		.uleb128 0x3b
 377 0047 0B       		.uleb128 0xb
 378 0048 27       		.uleb128 0x27
 379 0049 19       		.uleb128 0x19
 380 004a 11       		.uleb128 0x11
 381 004b 01       		.uleb128 0x1
 382 004c 12       		.uleb128 0x12
 383 004d 06       		.uleb128 0x6
 384 004e 40       		.uleb128 0x40
 385 004f 18       		.uleb128 0x18
 386 0050 9742     		.uleb128 0x2117
 387 0052 19       		.uleb128 0x19
 388 0053 01       		.uleb128 0x1
 389 0054 13       		.uleb128 0x13
 390 0055 00       		.byte	0
 391 0056 00       		.byte	0
 392 0057 07       		.uleb128 0x7
 393 0058 05       		.uleb128 0x5
 394 0059 00       		.byte	0
 395 005a 03       		.uleb128 0x3
 396 005b 0E       		.uleb128 0xe
 397 005c 3A       		.uleb128 0x3a
 398 005d 0B       		.uleb128 0xb
 399 005e 3B       		.uleb128 0x3b
 400 005f 0B       		.uleb128 0xb
 401 0060 49       		.uleb128 0x49
 402 0061 13       		.uleb128 0x13
 403 0062 02       		.uleb128 0x2
 404 0063 17       		.uleb128 0x17
 405 0064 00       		.byte	0
 406 0065 00       		.byte	0
 407 0066 08       		.uleb128 0x8
 408 0067 34       		.uleb128 0x34
 409 0068 00       		.byte	0
 410 0069 03       		.uleb128 0x3
 411 006a 0E       		.uleb128 0xe
 412 006b 3A       		.uleb128 0x3a
 413 006c 0B       		.uleb128 0xb
 414 006d 3B       		.uleb128 0x3b
 415 006e 0B       		.uleb128 0xb
 416 006f 49       		.uleb128 0x49
 417 0070 13       		.uleb128 0x13
 418 0071 02       		.uleb128 0x2
 419 0072 18       		.uleb128 0x18
 420 0073 00       		.byte	0
 421 0074 00       		.byte	0
ARM GAS  C:\Users\Alex\AppData\Local\Temp\ccGFNGHh.s 			page 11


 422 0075 09       		.uleb128 0x9
 423 0076 2E       		.uleb128 0x2e
 424 0077 00       		.byte	0
 425 0078 3F       		.uleb128 0x3f
 426 0079 19       		.uleb128 0x19
 427 007a 03       		.uleb128 0x3
 428 007b 0E       		.uleb128 0xe
 429 007c 3A       		.uleb128 0x3a
 430 007d 0B       		.uleb128 0xb
 431 007e 3B       		.uleb128 0x3b
 432 007f 0B       		.uleb128 0xb
 433 0080 27       		.uleb128 0x27
 434 0081 19       		.uleb128 0x19
 435 0082 49       		.uleb128 0x49
 436 0083 13       		.uleb128 0x13
 437 0084 11       		.uleb128 0x11
 438 0085 01       		.uleb128 0x1
 439 0086 12       		.uleb128 0x12
 440 0087 06       		.uleb128 0x6
 441 0088 40       		.uleb128 0x40
 442 0089 18       		.uleb128 0x18
 443 008a 9742     		.uleb128 0x2117
 444 008c 19       		.uleb128 0x19
 445 008d 00       		.byte	0
 446 008e 00       		.byte	0
 447 008f 00       		.byte	0
 448              		.section	.debug_loc,"",%progbits
 449              	.Ldebug_loc0:
 450              	.LLST0:
 451 0000 00000000 		.4byte	.LVL0
 452 0004 0A000000 		.4byte	.LVL2
 453 0008 0100     		.2byte	0x1
 454 000a 50       		.byte	0x50
 455 000b 0A000000 		.4byte	.LVL2
 456 000f 18000000 		.4byte	.LFE0
 457 0013 0400     		.2byte	0x4
 458 0015 F3       		.byte	0xf3
 459 0016 01       		.uleb128 0x1
 460 0017 50       		.byte	0x50
 461 0018 9F       		.byte	0x9f
 462 0019 00000000 		.4byte	0
 463 001d 00000000 		.4byte	0
 464              	.LLST1:
 465 0021 00000000 		.4byte	.LVL3
 466 0025 08000000 		.4byte	.LVL4
 467 0029 0100     		.2byte	0x1
 468 002b 50       		.byte	0x50
 469 002c 08000000 		.4byte	.LVL4
 470 0030 54000000 		.4byte	.LFE1
 471 0034 0400     		.2byte	0x4
 472 0036 F3       		.byte	0xf3
 473 0037 01       		.uleb128 0x1
 474 0038 50       		.byte	0x50
 475 0039 9F       		.byte	0x9f
 476 003a 00000000 		.4byte	0
 477 003e 00000000 		.4byte	0
 478              		.section	.debug_aranges,"",%progbits
ARM GAS  C:\Users\Alex\AppData\Local\Temp\ccGFNGHh.s 			page 12


 479 0000 34000000 		.4byte	0x34
 480 0004 0200     		.2byte	0x2
 481 0006 00000000 		.4byte	.Ldebug_info0
 482 000a 04       		.byte	0x4
 483 000b 00       		.byte	0
 484 000c 0000     		.2byte	0
 485 000e 0000     		.2byte	0
 486 0010 00000000 		.4byte	.LFB0
 487 0014 18000000 		.4byte	.LFE0-.LFB0
 488 0018 00000000 		.4byte	.LFB1
 489 001c 54000000 		.4byte	.LFE1-.LFB1
 490 0020 00000000 		.4byte	.LFB2
 491 0024 0C000000 		.4byte	.LFE2-.LFB2
 492 0028 00000000 		.4byte	.LFB3
 493 002c 0C000000 		.4byte	.LFE3-.LFB3
 494 0030 00000000 		.4byte	0
 495 0034 00000000 		.4byte	0
 496              		.section	.debug_ranges,"",%progbits
 497              	.Ldebug_ranges0:
 498 0000 00000000 		.4byte	.LFB0
 499 0004 18000000 		.4byte	.LFE0
 500 0008 00000000 		.4byte	.LFB1
 501 000c 54000000 		.4byte	.LFE1
 502 0010 00000000 		.4byte	.LFB2
 503 0014 0C000000 		.4byte	.LFE2
 504 0018 00000000 		.4byte	.LFB3
 505 001c 0C000000 		.4byte	.LFE3
 506 0020 00000000 		.4byte	0
 507 0024 00000000 		.4byte	0
 508              		.section	.debug_line,"",%progbits
 509              	.Ldebug_line0:
 510 0000 9A000000 		.section	.debug_str,"MS",%progbits,1
 510      02004900 
 510      00000201 
 510      FB0E0D00 
 510      01010101 
 511              	.LASF16:
 512 0000 76616C75 		.ascii	"value\000"
 512      6500
 513              	.LASF23:
 514 0006 73746174 		.ascii	"staticBits\000"
 514      69634269 
 514      747300
 515              	.LASF10:
 516 0011 646F7562 		.ascii	"double\000"
 516      6C6500
 517              	.LASF18:
 518 0018 42757474 		.ascii	"Button_17_22_Read\000"
 518      6F6E5F31 
 518      375F3232 
 518      5F526561 
 518      6400
 519              	.LASF9:
 520 002a 666C6F61 		.ascii	"float\000"
 520      7400
 521              	.LASF15:
 522 0030 42757474 		.ascii	"Button_17_22_SetDriveMode\000"
ARM GAS  C:\Users\Alex\AppData\Local\Temp\ccGFNGHh.s 			page 13


 522      6F6E5F31 
 522      375F3232 
 522      5F536574 
 522      44726976 
 523              	.LASF1:
 524 004a 756E7369 		.ascii	"unsigned char\000"
 524      676E6564 
 524      20636861 
 524      7200
 525              	.LASF20:
 526 0058 474E5520 		.ascii	"GNU C11 5.4.1 20160609 (release) [ARM/embedded-5-br"
 526      43313120 
 526      352E342E 
 526      31203230 
 526      31363036 
 527 008b 616E6368 		.ascii	"anch revision 237715] -mcpu=cortex-m3 -mthumb -g -O"
 527      20726576 
 527      6973696F 
 527      6E203233 
 527      37373135 
 528 00be 67202D66 		.ascii	"g -ffunction-sections -ffat-lto-objects\000"
 528      66756E63 
 528      74696F6E 
 528      2D736563 
 528      74696F6E 
 529              	.LASF13:
 530 00e6 72656738 		.ascii	"reg8\000"
 530      00
 531              	.LASF21:
 532 00eb 47656E65 		.ascii	"Generated_Source\\PSoC5\\Button_17_22.c\000"
 532      72617465 
 532      645F536F 
 532      75726365 
 532      5C50536F 
 533              	.LASF3:
 534 0111 73686F72 		.ascii	"short unsigned int\000"
 534      7420756E 
 534      7369676E 
 534      65642069 
 534      6E7400
 535              	.LASF5:
 536 0124 6C6F6E67 		.ascii	"long unsigned int\000"
 536      20756E73 
 536      69676E65 
 536      6420696E 
 536      7400
 537              	.LASF14:
 538 0136 42757474 		.ascii	"Button_17_22_Write\000"
 538      6F6E5F31 
 538      375F3232 
 538      5F577269 
 538      746500
 539              	.LASF8:
 540 0149 756E7369 		.ascii	"unsigned int\000"
 540      676E6564 
 540      20696E74 
 540      00
ARM GAS  C:\Users\Alex\AppData\Local\Temp\ccGFNGHh.s 			page 14


 541              	.LASF7:
 542 0156 6C6F6E67 		.ascii	"long long unsigned int\000"
 542      206C6F6E 
 542      6720756E 
 542      7369676E 
 542      65642069 
 543              	.LASF17:
 544 016d 6D6F6465 		.ascii	"mode\000"
 544      00
 545              	.LASF6:
 546 0172 6C6F6E67 		.ascii	"long long int\000"
 546      206C6F6E 
 546      6720696E 
 546      7400
 547              	.LASF11:
 548 0180 63686172 		.ascii	"char\000"
 548      00
 549              	.LASF2:
 550 0185 73686F72 		.ascii	"short int\000"
 550      7420696E 
 550      7400
 551              	.LASF12:
 552 018f 75696E74 		.ascii	"uint8\000"
 552      3800
 553              	.LASF4:
 554 0195 6C6F6E67 		.ascii	"long int\000"
 554      20696E74 
 554      00
 555              	.LASF22:
 556 019e 503A5C4D 		.ascii	"P:\\My_Documents\\business\\Prometheus_EducationLLC"
 556      795F446F 
 556      63756D65 
 556      6E74735C 
 556      62757369 
 557 01ce 5C547574 		.ascii	"\\Tutorials\\MCU101_Cypresss\\SW_Working_Directory\\"
 557      6F726961 
 557      6C735C4D 
 557      43553130 
 557      315F4379 
 558 01fe 4D435531 		.ascii	"MCU101_Cypress_PSOC5_Labs\\CyController\\CyControll"
 558      30315F43 
 558      79707265 
 558      73735F50 
 558      534F4335 
 559 022f 6572312E 		.ascii	"er1.cydsn\000"
 559      63796473 
 559      6E00
 560              	.LASF0:
 561 0239 7369676E 		.ascii	"signed char\000"
 561      65642063 
 561      68617200 
 562              	.LASF19:
 563 0245 42757474 		.ascii	"Button_17_22_ReadDataReg\000"
 563      6F6E5F31 
 563      375F3232 
 563      5F526561 
 563      64446174 
ARM GAS  C:\Users\Alex\AppData\Local\Temp\ccGFNGHh.s 			page 15


 564              		.ident	"GCC: (GNU Tools for ARM Embedded Processors) 5.4.1 20160609 (release) [ARM/embedded-5-bran
