ARM GAS  C:\Users\Alex\AppData\Local\Temp\cc3hVjUv.s 			page 1


   1              		.syntax unified
   2              		.cpu cortex-m3
   3              		.fpu softvfp
   4              		.eabi_attribute 20, 1
   5              		.eabi_attribute 21, 1
   6              		.eabi_attribute 23, 3
   7              		.eabi_attribute 24, 1
   8              		.eabi_attribute 25, 1
   9              		.eabi_attribute 26, 1
  10              		.eabi_attribute 30, 1
  11              		.eabi_attribute 34, 1
  12              		.eabi_attribute 18, 4
  13              		.thumb
  14              		.syntax unified
  15              		.file	"ButtonReg2.c"
  16              		.text
  17              	.Ltext0:
  18              		.cfi_sections	.debug_frame
  19              		.section	.text.ButtonReg2_Read,"ax",%progbits
  20              		.align	2
  21              		.global	ButtonReg2_Read
  22              		.thumb
  23              		.thumb_func
  24              		.type	ButtonReg2_Read, %function
  25              	ButtonReg2_Read:
  26              	.LFB0:
  27              		.file 1 "Generated_Source\\PSoC5\\ButtonReg2.c"
   1:Generated_Source\PSoC5/ButtonReg2.c **** /*******************************************************************************
   2:Generated_Source\PSoC5/ButtonReg2.c **** * File Name: ButtonReg2.c  
   3:Generated_Source\PSoC5/ButtonReg2.c **** * Version 1.90
   4:Generated_Source\PSoC5/ButtonReg2.c **** *
   5:Generated_Source\PSoC5/ButtonReg2.c **** * Description:
   6:Generated_Source\PSoC5/ButtonReg2.c **** *  This file contains API to enable firmware to read the value of a Status 
   7:Generated_Source\PSoC5/ButtonReg2.c **** *  Register.
   8:Generated_Source\PSoC5/ButtonReg2.c **** *
   9:Generated_Source\PSoC5/ButtonReg2.c **** * Note:
  10:Generated_Source\PSoC5/ButtonReg2.c **** *
  11:Generated_Source\PSoC5/ButtonReg2.c **** ********************************************************************************
  12:Generated_Source\PSoC5/ButtonReg2.c **** * Copyright 2008-2015, Cypress Semiconductor Corporation.  All rights reserved.
  13:Generated_Source\PSoC5/ButtonReg2.c **** * You may use this file only in accordance with the license, terms, conditions, 
  14:Generated_Source\PSoC5/ButtonReg2.c **** * disclaimers, and limitations in the end user license agreement accompanying 
  15:Generated_Source\PSoC5/ButtonReg2.c **** * the software package with which this file was provided.
  16:Generated_Source\PSoC5/ButtonReg2.c **** *******************************************************************************/
  17:Generated_Source\PSoC5/ButtonReg2.c **** 
  18:Generated_Source\PSoC5/ButtonReg2.c **** #include "ButtonReg2.h"
  19:Generated_Source\PSoC5/ButtonReg2.c **** 
  20:Generated_Source\PSoC5/ButtonReg2.c **** #if !defined(ButtonReg2_sts_sts_reg__REMOVED) /* Check for removal by optimization */
  21:Generated_Source\PSoC5/ButtonReg2.c **** 
  22:Generated_Source\PSoC5/ButtonReg2.c **** 
  23:Generated_Source\PSoC5/ButtonReg2.c **** /*******************************************************************************
  24:Generated_Source\PSoC5/ButtonReg2.c **** * Function Name: ButtonReg2_Read
  25:Generated_Source\PSoC5/ButtonReg2.c **** ********************************************************************************
  26:Generated_Source\PSoC5/ButtonReg2.c **** *
  27:Generated_Source\PSoC5/ButtonReg2.c **** * Summary:
  28:Generated_Source\PSoC5/ButtonReg2.c **** *  Reads the current value assigned to the Status Register.
  29:Generated_Source\PSoC5/ButtonReg2.c **** *
  30:Generated_Source\PSoC5/ButtonReg2.c **** * Parameters:
ARM GAS  C:\Users\Alex\AppData\Local\Temp\cc3hVjUv.s 			page 2


  31:Generated_Source\PSoC5/ButtonReg2.c **** *  None.
  32:Generated_Source\PSoC5/ButtonReg2.c **** *
  33:Generated_Source\PSoC5/ButtonReg2.c **** * Return:
  34:Generated_Source\PSoC5/ButtonReg2.c **** *  The current value in the Status Register.
  35:Generated_Source\PSoC5/ButtonReg2.c **** *
  36:Generated_Source\PSoC5/ButtonReg2.c **** *******************************************************************************/
  37:Generated_Source\PSoC5/ButtonReg2.c **** uint8 ButtonReg2_Read(void) 
  38:Generated_Source\PSoC5/ButtonReg2.c **** { 
  28              		.loc 1 38 0
  29              		.cfi_startproc
  30              		@ args = 0, pretend = 0, frame = 0
  31              		@ frame_needed = 0, uses_anonymous_args = 0
  32              		@ link register save eliminated.
  39:Generated_Source\PSoC5/ButtonReg2.c ****     return ButtonReg2_Status;
  33              		.loc 1 39 0
  34 0000 014B     		ldr	r3, .L2
  35 0002 1878     		ldrb	r0, [r3]	@ zero_extendqisi2
  40:Generated_Source\PSoC5/ButtonReg2.c **** }
  36              		.loc 1 40 0
  37 0004 7047     		bx	lr
  38              	.L3:
  39 0006 00BF     		.align	2
  40              	.L2:
  41 0008 6A640040 		.word	1073767530
  42              		.cfi_endproc
  43              	.LFE0:
  44              		.size	ButtonReg2_Read, .-ButtonReg2_Read
  45              		.section	.text.ButtonReg2_InterruptEnable,"ax",%progbits
  46              		.align	2
  47              		.global	ButtonReg2_InterruptEnable
  48              		.thumb
  49              		.thumb_func
  50              		.type	ButtonReg2_InterruptEnable, %function
  51              	ButtonReg2_InterruptEnable:
  52              	.LFB1:
  41:Generated_Source\PSoC5/ButtonReg2.c **** 
  42:Generated_Source\PSoC5/ButtonReg2.c **** 
  43:Generated_Source\PSoC5/ButtonReg2.c **** /*******************************************************************************
  44:Generated_Source\PSoC5/ButtonReg2.c **** * Function Name: ButtonReg2_InterruptEnable
  45:Generated_Source\PSoC5/ButtonReg2.c **** ********************************************************************************
  46:Generated_Source\PSoC5/ButtonReg2.c **** *
  47:Generated_Source\PSoC5/ButtonReg2.c **** * Summary:
  48:Generated_Source\PSoC5/ButtonReg2.c **** *  Enables the Status Register interrupt.
  49:Generated_Source\PSoC5/ButtonReg2.c **** *
  50:Generated_Source\PSoC5/ButtonReg2.c **** * Parameters:
  51:Generated_Source\PSoC5/ButtonReg2.c **** *  None.
  52:Generated_Source\PSoC5/ButtonReg2.c **** *
  53:Generated_Source\PSoC5/ButtonReg2.c **** * Return:
  54:Generated_Source\PSoC5/ButtonReg2.c **** *  None.
  55:Generated_Source\PSoC5/ButtonReg2.c **** *
  56:Generated_Source\PSoC5/ButtonReg2.c **** *******************************************************************************/
  57:Generated_Source\PSoC5/ButtonReg2.c **** void ButtonReg2_InterruptEnable(void) 
  58:Generated_Source\PSoC5/ButtonReg2.c **** {
  53              		.loc 1 58 0
  54              		.cfi_startproc
  55              		@ args = 0, pretend = 0, frame = 0
  56              		@ frame_needed = 0, uses_anonymous_args = 0
ARM GAS  C:\Users\Alex\AppData\Local\Temp\cc3hVjUv.s 			page 3


  57 0000 08B5     		push	{r3, lr}
  58              		.cfi_def_cfa_offset 8
  59              		.cfi_offset 3, -8
  60              		.cfi_offset 14, -4
  59:Generated_Source\PSoC5/ButtonReg2.c ****     uint8 interruptState;
  60:Generated_Source\PSoC5/ButtonReg2.c ****     interruptState = CyEnterCriticalSection();
  61              		.loc 1 60 0
  62 0002 FFF7FEFF 		bl	CyEnterCriticalSection
  63              	.LVL0:
  61:Generated_Source\PSoC5/ButtonReg2.c ****     ButtonReg2_Status_Aux_Ctrl |= ButtonReg2_STATUS_INTR_ENBL;
  64              		.loc 1 61 0
  65 0006 044A     		ldr	r2, .L6
  66 0008 1378     		ldrb	r3, [r2]	@ zero_extendqisi2
  67 000a 43F01003 		orr	r3, r3, #16
  68 000e 1370     		strb	r3, [r2]
  62:Generated_Source\PSoC5/ButtonReg2.c ****     CyExitCriticalSection(interruptState);
  69              		.loc 1 62 0
  70 0010 FFF7FEFF 		bl	CyExitCriticalSection
  71              	.LVL1:
  72 0014 08BD     		pop	{r3, pc}
  73              	.L7:
  74 0016 00BF     		.align	2
  75              	.L6:
  76 0018 9A640040 		.word	1073767578
  77              		.cfi_endproc
  78              	.LFE1:
  79              		.size	ButtonReg2_InterruptEnable, .-ButtonReg2_InterruptEnable
  80              		.section	.text.ButtonReg2_InterruptDisable,"ax",%progbits
  81              		.align	2
  82              		.global	ButtonReg2_InterruptDisable
  83              		.thumb
  84              		.thumb_func
  85              		.type	ButtonReg2_InterruptDisable, %function
  86              	ButtonReg2_InterruptDisable:
  87              	.LFB2:
  63:Generated_Source\PSoC5/ButtonReg2.c **** }
  64:Generated_Source\PSoC5/ButtonReg2.c **** 
  65:Generated_Source\PSoC5/ButtonReg2.c **** 
  66:Generated_Source\PSoC5/ButtonReg2.c **** /*******************************************************************************
  67:Generated_Source\PSoC5/ButtonReg2.c **** * Function Name: ButtonReg2_InterruptDisable
  68:Generated_Source\PSoC5/ButtonReg2.c **** ********************************************************************************
  69:Generated_Source\PSoC5/ButtonReg2.c **** *
  70:Generated_Source\PSoC5/ButtonReg2.c **** * Summary:
  71:Generated_Source\PSoC5/ButtonReg2.c **** *  Disables the Status Register interrupt.
  72:Generated_Source\PSoC5/ButtonReg2.c **** *
  73:Generated_Source\PSoC5/ButtonReg2.c **** * Parameters:
  74:Generated_Source\PSoC5/ButtonReg2.c **** *  None.
  75:Generated_Source\PSoC5/ButtonReg2.c **** *
  76:Generated_Source\PSoC5/ButtonReg2.c **** * Return:
  77:Generated_Source\PSoC5/ButtonReg2.c **** *  None.
  78:Generated_Source\PSoC5/ButtonReg2.c **** *
  79:Generated_Source\PSoC5/ButtonReg2.c **** *******************************************************************************/
  80:Generated_Source\PSoC5/ButtonReg2.c **** void ButtonReg2_InterruptDisable(void) 
  81:Generated_Source\PSoC5/ButtonReg2.c **** {
  88              		.loc 1 81 0
  89              		.cfi_startproc
  90              		@ args = 0, pretend = 0, frame = 0
ARM GAS  C:\Users\Alex\AppData\Local\Temp\cc3hVjUv.s 			page 4


  91              		@ frame_needed = 0, uses_anonymous_args = 0
  92 0000 08B5     		push	{r3, lr}
  93              		.cfi_def_cfa_offset 8
  94              		.cfi_offset 3, -8
  95              		.cfi_offset 14, -4
  82:Generated_Source\PSoC5/ButtonReg2.c ****     uint8 interruptState;
  83:Generated_Source\PSoC5/ButtonReg2.c ****     interruptState = CyEnterCriticalSection();
  96              		.loc 1 83 0
  97 0002 FFF7FEFF 		bl	CyEnterCriticalSection
  98              	.LVL2:
  84:Generated_Source\PSoC5/ButtonReg2.c ****     ButtonReg2_Status_Aux_Ctrl &= (uint8)(~ButtonReg2_STATUS_INTR_ENBL);
  99              		.loc 1 84 0
 100 0006 044A     		ldr	r2, .L10
 101 0008 1378     		ldrb	r3, [r2]	@ zero_extendqisi2
 102 000a 03F0EF03 		and	r3, r3, #239
 103 000e 1370     		strb	r3, [r2]
  85:Generated_Source\PSoC5/ButtonReg2.c ****     CyExitCriticalSection(interruptState);
 104              		.loc 1 85 0
 105 0010 FFF7FEFF 		bl	CyExitCriticalSection
 106              	.LVL3:
 107 0014 08BD     		pop	{r3, pc}
 108              	.L11:
 109 0016 00BF     		.align	2
 110              	.L10:
 111 0018 9A640040 		.word	1073767578
 112              		.cfi_endproc
 113              	.LFE2:
 114              		.size	ButtonReg2_InterruptDisable, .-ButtonReg2_InterruptDisable
 115              		.section	.text.ButtonReg2_WriteMask,"ax",%progbits
 116              		.align	2
 117              		.global	ButtonReg2_WriteMask
 118              		.thumb
 119              		.thumb_func
 120              		.type	ButtonReg2_WriteMask, %function
 121              	ButtonReg2_WriteMask:
 122              	.LFB3:
  86:Generated_Source\PSoC5/ButtonReg2.c **** }
  87:Generated_Source\PSoC5/ButtonReg2.c **** 
  88:Generated_Source\PSoC5/ButtonReg2.c **** 
  89:Generated_Source\PSoC5/ButtonReg2.c **** /*******************************************************************************
  90:Generated_Source\PSoC5/ButtonReg2.c **** * Function Name: ButtonReg2_WriteMask
  91:Generated_Source\PSoC5/ButtonReg2.c **** ********************************************************************************
  92:Generated_Source\PSoC5/ButtonReg2.c **** *
  93:Generated_Source\PSoC5/ButtonReg2.c **** * Summary:
  94:Generated_Source\PSoC5/ButtonReg2.c **** *  Writes the current mask value assigned to the Status Register.
  95:Generated_Source\PSoC5/ButtonReg2.c **** *
  96:Generated_Source\PSoC5/ButtonReg2.c **** * Parameters:
  97:Generated_Source\PSoC5/ButtonReg2.c **** *  mask:  Value to write into the mask register.
  98:Generated_Source\PSoC5/ButtonReg2.c **** *
  99:Generated_Source\PSoC5/ButtonReg2.c **** * Return:
 100:Generated_Source\PSoC5/ButtonReg2.c **** *  None.
 101:Generated_Source\PSoC5/ButtonReg2.c **** *
 102:Generated_Source\PSoC5/ButtonReg2.c **** *******************************************************************************/
 103:Generated_Source\PSoC5/ButtonReg2.c **** void ButtonReg2_WriteMask(uint8 mask) 
 104:Generated_Source\PSoC5/ButtonReg2.c **** {
 123              		.loc 1 104 0
 124              		.cfi_startproc
ARM GAS  C:\Users\Alex\AppData\Local\Temp\cc3hVjUv.s 			page 5


 125              		@ args = 0, pretend = 0, frame = 0
 126              		@ frame_needed = 0, uses_anonymous_args = 0
 127              		@ link register save eliminated.
 128              	.LVL4:
 105:Generated_Source\PSoC5/ButtonReg2.c ****     #if(ButtonReg2_INPUTS < 8u)
 106:Generated_Source\PSoC5/ButtonReg2.c ****     	mask &= ((uint8)(1u << ButtonReg2_INPUTS) - 1u);
 107:Generated_Source\PSoC5/ButtonReg2.c **** 	#endif /* End ButtonReg2_INPUTS < 8u */
 108:Generated_Source\PSoC5/ButtonReg2.c ****     ButtonReg2_Status_Mask = mask;
 129              		.loc 1 108 0
 130 0000 014B     		ldr	r3, .L13
 131 0002 1870     		strb	r0, [r3]
 132 0004 7047     		bx	lr
 133              	.L14:
 134 0006 00BF     		.align	2
 135              	.L13:
 136 0008 8A640040 		.word	1073767562
 137              		.cfi_endproc
 138              	.LFE3:
 139              		.size	ButtonReg2_WriteMask, .-ButtonReg2_WriteMask
 140              		.section	.text.ButtonReg2_ReadMask,"ax",%progbits
 141              		.align	2
 142              		.global	ButtonReg2_ReadMask
 143              		.thumb
 144              		.thumb_func
 145              		.type	ButtonReg2_ReadMask, %function
 146              	ButtonReg2_ReadMask:
 147              	.LFB4:
 109:Generated_Source\PSoC5/ButtonReg2.c **** }
 110:Generated_Source\PSoC5/ButtonReg2.c **** 
 111:Generated_Source\PSoC5/ButtonReg2.c **** 
 112:Generated_Source\PSoC5/ButtonReg2.c **** /*******************************************************************************
 113:Generated_Source\PSoC5/ButtonReg2.c **** * Function Name: ButtonReg2_ReadMask
 114:Generated_Source\PSoC5/ButtonReg2.c **** ********************************************************************************
 115:Generated_Source\PSoC5/ButtonReg2.c **** *
 116:Generated_Source\PSoC5/ButtonReg2.c **** * Summary:
 117:Generated_Source\PSoC5/ButtonReg2.c **** *  Reads the current interrupt mask assigned to the Status Register.
 118:Generated_Source\PSoC5/ButtonReg2.c **** *
 119:Generated_Source\PSoC5/ButtonReg2.c **** * Parameters:
 120:Generated_Source\PSoC5/ButtonReg2.c **** *  None.
 121:Generated_Source\PSoC5/ButtonReg2.c **** *
 122:Generated_Source\PSoC5/ButtonReg2.c **** * Return:
 123:Generated_Source\PSoC5/ButtonReg2.c **** *  The value of the interrupt mask of the Status Register.
 124:Generated_Source\PSoC5/ButtonReg2.c **** *
 125:Generated_Source\PSoC5/ButtonReg2.c **** *******************************************************************************/
 126:Generated_Source\PSoC5/ButtonReg2.c **** uint8 ButtonReg2_ReadMask(void) 
 127:Generated_Source\PSoC5/ButtonReg2.c **** {
 148              		.loc 1 127 0
 149              		.cfi_startproc
 150              		@ args = 0, pretend = 0, frame = 0
 151              		@ frame_needed = 0, uses_anonymous_args = 0
 152              		@ link register save eliminated.
 128:Generated_Source\PSoC5/ButtonReg2.c ****     return ButtonReg2_Status_Mask;
 153              		.loc 1 128 0
 154 0000 014B     		ldr	r3, .L16
 155 0002 1878     		ldrb	r0, [r3]	@ zero_extendqisi2
 129:Generated_Source\PSoC5/ButtonReg2.c **** }
 156              		.loc 1 129 0
ARM GAS  C:\Users\Alex\AppData\Local\Temp\cc3hVjUv.s 			page 6


 157 0004 7047     		bx	lr
 158              	.L17:
 159 0006 00BF     		.align	2
 160              	.L16:
 161 0008 8A640040 		.word	1073767562
 162              		.cfi_endproc
 163              	.LFE4:
 164              		.size	ButtonReg2_ReadMask, .-ButtonReg2_ReadMask
 165              		.text
 166              	.Letext0:
 167              		.file 2 "Generated_Source\\PSoC5\\cytypes.h"
 168              		.file 3 "Generated_Source\\PSoC5\\CyLib.h"
 169              		.section	.debug_info,"",%progbits
 170              	.Ldebug_info0:
 171 0000 79010000 		.4byte	0x179
 172 0004 0400     		.2byte	0x4
 173 0006 00000000 		.4byte	.Ldebug_abbrev0
 174 000a 04       		.byte	0x4
 175 000b 01       		.uleb128 0x1
 176 000c F2000000 		.4byte	.LASF24
 177 0010 0C       		.byte	0xc
 178 0011 05020000 		.4byte	.LASF25
 179 0015 30000000 		.4byte	.LASF26
 180 0019 00000000 		.4byte	.Ldebug_ranges0+0
 181 001d 00000000 		.4byte	0
 182 0021 00000000 		.4byte	.Ldebug_line0
 183 0025 02       		.uleb128 0x2
 184 0026 01       		.byte	0x1
 185 0027 06       		.byte	0x6
 186 0028 5F020000 		.4byte	.LASF0
 187 002c 02       		.uleb128 0x2
 188 002d 01       		.byte	0x1
 189 002e 08       		.byte	0x8
 190 002f CE010000 		.4byte	.LASF1
 191 0033 02       		.uleb128 0x2
 192 0034 02       		.byte	0x2
 193 0035 05       		.byte	0x5
 194 0036 8D020000 		.4byte	.LASF2
 195 003a 02       		.uleb128 0x2
 196 003b 02       		.byte	0x2
 197 003c 07       		.byte	0x7
 198 003d 4C020000 		.4byte	.LASF3
 199 0041 02       		.uleb128 0x2
 200 0042 04       		.byte	0x4
 201 0043 05       		.byte	0x5
 202 0044 E1010000 		.4byte	.LASF4
 203 0048 02       		.uleb128 0x2
 204 0049 04       		.byte	0x4
 205 004a 07       		.byte	0x7
 206 004b 86010000 		.4byte	.LASF5
 207 004f 02       		.uleb128 0x2
 208 0050 08       		.byte	0x8
 209 0051 05       		.byte	0x5
 210 0052 00000000 		.4byte	.LASF6
 211 0056 02       		.uleb128 0x2
 212 0057 08       		.byte	0x8
 213 0058 07       		.byte	0x7
ARM GAS  C:\Users\Alex\AppData\Local\Temp\cc3hVjUv.s 			page 7


 214 0059 98010000 		.4byte	.LASF7
 215 005d 03       		.uleb128 0x3
 216 005e 04       		.byte	0x4
 217 005f 05       		.byte	0x5
 218 0060 696E7400 		.ascii	"int\000"
 219 0064 02       		.uleb128 0x2
 220 0065 04       		.byte	0x4
 221 0066 07       		.byte	0x7
 222 0067 23000000 		.4byte	.LASF8
 223 006b 04       		.uleb128 0x4
 224 006c 80010000 		.4byte	.LASF12
 225 0070 02       		.byte	0x2
 226 0071 9201     		.2byte	0x192
 227 0073 2C000000 		.4byte	0x2c
 228 0077 02       		.uleb128 0x2
 229 0078 04       		.byte	0x4
 230 0079 04       		.byte	0x4
 231 007a AF010000 		.4byte	.LASF9
 232 007e 02       		.uleb128 0x2
 233 007f 08       		.byte	0x8
 234 0080 04       		.byte	0x4
 235 0081 45020000 		.4byte	.LASF10
 236 0085 02       		.uleb128 0x2
 237 0086 01       		.byte	0x1
 238 0087 08       		.byte	0x8
 239 0088 DC010000 		.4byte	.LASF11
 240 008c 04       		.uleb128 0x4
 241 008d 97020000 		.4byte	.LASF13
 242 0091 02       		.byte	0x2
 243 0092 3C02     		.2byte	0x23c
 244 0094 98000000 		.4byte	0x98
 245 0098 05       		.uleb128 0x5
 246 0099 6B000000 		.4byte	0x6b
 247 009d 02       		.uleb128 0x2
 248 009e 08       		.byte	0x8
 249 009f 04       		.byte	0x4
 250 00a0 81020000 		.4byte	.LASF14
 251 00a4 02       		.uleb128 0x2
 252 00a5 04       		.byte	0x4
 253 00a6 07       		.byte	0x7
 254 00a7 9C020000 		.4byte	.LASF15
 255 00ab 06       		.uleb128 0x6
 256 00ac E2000000 		.4byte	.LASF20
 257 00b0 01       		.byte	0x1
 258 00b1 25       		.byte	0x25
 259 00b2 6B000000 		.4byte	0x6b
 260 00b6 00000000 		.4byte	.LFB0
 261 00ba 0C000000 		.4byte	.LFE0-.LFB0
 262 00be 01       		.uleb128 0x1
 263 00bf 9C       		.byte	0x9c
 264 00c0 07       		.uleb128 0x7
 265 00c1 EA010000 		.4byte	.LASF16
 266 00c5 01       		.byte	0x1
 267 00c6 39       		.byte	0x39
 268 00c7 00000000 		.4byte	.LFB1
 269 00cb 1C000000 		.4byte	.LFE1-.LFB1
 270 00cf 01       		.uleb128 0x1
ARM GAS  C:\Users\Alex\AppData\Local\Temp\cc3hVjUv.s 			page 8


 271 00d0 9C       		.byte	0x9c
 272 00d1 F7000000 		.4byte	0xf7
 273 00d5 08       		.uleb128 0x8
 274 00d6 A5020000 		.4byte	.LASF18
 275 00da 01       		.byte	0x1
 276 00db 3B       		.byte	0x3b
 277 00dc 6B000000 		.4byte	0x6b
 278 00e0 00000000 		.4byte	.LLST0
 279 00e4 09       		.uleb128 0x9
 280 00e5 06000000 		.4byte	.LVL0
 281 00e9 66010000 		.4byte	0x166
 282 00ed 09       		.uleb128 0x9
 283 00ee 14000000 		.4byte	.LVL1
 284 00f2 71010000 		.4byte	0x171
 285 00f6 00       		.byte	0
 286 00f7 07       		.uleb128 0x7
 287 00f8 29020000 		.4byte	.LASF17
 288 00fc 01       		.byte	0x1
 289 00fd 50       		.byte	0x50
 290 00fe 00000000 		.4byte	.LFB2
 291 0102 1C000000 		.4byte	.LFE2-.LFB2
 292 0106 01       		.uleb128 0x1
 293 0107 9C       		.byte	0x9c
 294 0108 2E010000 		.4byte	0x12e
 295 010c 08       		.uleb128 0x8
 296 010d A5020000 		.4byte	.LASF18
 297 0111 01       		.byte	0x1
 298 0112 52       		.byte	0x52
 299 0113 6B000000 		.4byte	0x6b
 300 0117 13000000 		.4byte	.LLST1
 301 011b 09       		.uleb128 0x9
 302 011c 06000000 		.4byte	.LVL2
 303 0120 66010000 		.4byte	0x166
 304 0124 09       		.uleb128 0x9
 305 0125 14000000 		.4byte	.LVL3
 306 0129 71010000 		.4byte	0x171
 307 012d 00       		.byte	0
 308 012e 07       		.uleb128 0x7
 309 012f 0E000000 		.4byte	.LASF19
 310 0133 01       		.byte	0x1
 311 0134 67       		.byte	0x67
 312 0135 00000000 		.4byte	.LFB3
 313 0139 0C000000 		.4byte	.LFE3-.LFB3
 314 013d 01       		.uleb128 0x1
 315 013e 9C       		.byte	0x9c
 316 013f 51010000 		.4byte	0x151
 317 0143 0A       		.uleb128 0xa
 318 0144 C9010000 		.4byte	.LASF27
 319 0148 01       		.byte	0x1
 320 0149 67       		.byte	0x67
 321 014a 6B000000 		.4byte	0x6b
 322 014e 01       		.uleb128 0x1
 323 014f 50       		.byte	0x50
 324 0150 00       		.byte	0
 325 0151 06       		.uleb128 0x6
 326 0152 B5010000 		.4byte	.LASF21
 327 0156 01       		.byte	0x1
ARM GAS  C:\Users\Alex\AppData\Local\Temp\cc3hVjUv.s 			page 9


 328 0157 7E       		.byte	0x7e
 329 0158 6B000000 		.4byte	0x6b
 330 015c 00000000 		.4byte	.LFB4
 331 0160 0C000000 		.4byte	.LFE4-.LFB4
 332 0164 01       		.uleb128 0x1
 333 0165 9C       		.byte	0x9c
 334 0166 0B       		.uleb128 0xb
 335 0167 CB000000 		.4byte	.LASF22
 336 016b CB000000 		.4byte	.LASF22
 337 016f 03       		.byte	0x3
 338 0170 7D       		.byte	0x7d
 339 0171 0B       		.uleb128 0xb
 340 0172 6B020000 		.4byte	.LASF23
 341 0176 6B020000 		.4byte	.LASF23
 342 017a 03       		.byte	0x3
 343 017b 7E       		.byte	0x7e
 344 017c 00       		.byte	0
 345              		.section	.debug_abbrev,"",%progbits
 346              	.Ldebug_abbrev0:
 347 0000 01       		.uleb128 0x1
 348 0001 11       		.uleb128 0x11
 349 0002 01       		.byte	0x1
 350 0003 25       		.uleb128 0x25
 351 0004 0E       		.uleb128 0xe
 352 0005 13       		.uleb128 0x13
 353 0006 0B       		.uleb128 0xb
 354 0007 03       		.uleb128 0x3
 355 0008 0E       		.uleb128 0xe
 356 0009 1B       		.uleb128 0x1b
 357 000a 0E       		.uleb128 0xe
 358 000b 55       		.uleb128 0x55
 359 000c 17       		.uleb128 0x17
 360 000d 11       		.uleb128 0x11
 361 000e 01       		.uleb128 0x1
 362 000f 10       		.uleb128 0x10
 363 0010 17       		.uleb128 0x17
 364 0011 00       		.byte	0
 365 0012 00       		.byte	0
 366 0013 02       		.uleb128 0x2
 367 0014 24       		.uleb128 0x24
 368 0015 00       		.byte	0
 369 0016 0B       		.uleb128 0xb
 370 0017 0B       		.uleb128 0xb
 371 0018 3E       		.uleb128 0x3e
 372 0019 0B       		.uleb128 0xb
 373 001a 03       		.uleb128 0x3
 374 001b 0E       		.uleb128 0xe
 375 001c 00       		.byte	0
 376 001d 00       		.byte	0
 377 001e 03       		.uleb128 0x3
 378 001f 24       		.uleb128 0x24
 379 0020 00       		.byte	0
 380 0021 0B       		.uleb128 0xb
 381 0022 0B       		.uleb128 0xb
 382 0023 3E       		.uleb128 0x3e
 383 0024 0B       		.uleb128 0xb
 384 0025 03       		.uleb128 0x3
ARM GAS  C:\Users\Alex\AppData\Local\Temp\cc3hVjUv.s 			page 10


 385 0026 08       		.uleb128 0x8
 386 0027 00       		.byte	0
 387 0028 00       		.byte	0
 388 0029 04       		.uleb128 0x4
 389 002a 16       		.uleb128 0x16
 390 002b 00       		.byte	0
 391 002c 03       		.uleb128 0x3
 392 002d 0E       		.uleb128 0xe
 393 002e 3A       		.uleb128 0x3a
 394 002f 0B       		.uleb128 0xb
 395 0030 3B       		.uleb128 0x3b
 396 0031 05       		.uleb128 0x5
 397 0032 49       		.uleb128 0x49
 398 0033 13       		.uleb128 0x13
 399 0034 00       		.byte	0
 400 0035 00       		.byte	0
 401 0036 05       		.uleb128 0x5
 402 0037 35       		.uleb128 0x35
 403 0038 00       		.byte	0
 404 0039 49       		.uleb128 0x49
 405 003a 13       		.uleb128 0x13
 406 003b 00       		.byte	0
 407 003c 00       		.byte	0
 408 003d 06       		.uleb128 0x6
 409 003e 2E       		.uleb128 0x2e
 410 003f 00       		.byte	0
 411 0040 3F       		.uleb128 0x3f
 412 0041 19       		.uleb128 0x19
 413 0042 03       		.uleb128 0x3
 414 0043 0E       		.uleb128 0xe
 415 0044 3A       		.uleb128 0x3a
 416 0045 0B       		.uleb128 0xb
 417 0046 3B       		.uleb128 0x3b
 418 0047 0B       		.uleb128 0xb
 419 0048 27       		.uleb128 0x27
 420 0049 19       		.uleb128 0x19
 421 004a 49       		.uleb128 0x49
 422 004b 13       		.uleb128 0x13
 423 004c 11       		.uleb128 0x11
 424 004d 01       		.uleb128 0x1
 425 004e 12       		.uleb128 0x12
 426 004f 06       		.uleb128 0x6
 427 0050 40       		.uleb128 0x40
 428 0051 18       		.uleb128 0x18
 429 0052 9742     		.uleb128 0x2117
 430 0054 19       		.uleb128 0x19
 431 0055 00       		.byte	0
 432 0056 00       		.byte	0
 433 0057 07       		.uleb128 0x7
 434 0058 2E       		.uleb128 0x2e
 435 0059 01       		.byte	0x1
 436 005a 3F       		.uleb128 0x3f
 437 005b 19       		.uleb128 0x19
 438 005c 03       		.uleb128 0x3
 439 005d 0E       		.uleb128 0xe
 440 005e 3A       		.uleb128 0x3a
 441 005f 0B       		.uleb128 0xb
ARM GAS  C:\Users\Alex\AppData\Local\Temp\cc3hVjUv.s 			page 11


 442 0060 3B       		.uleb128 0x3b
 443 0061 0B       		.uleb128 0xb
 444 0062 27       		.uleb128 0x27
 445 0063 19       		.uleb128 0x19
 446 0064 11       		.uleb128 0x11
 447 0065 01       		.uleb128 0x1
 448 0066 12       		.uleb128 0x12
 449 0067 06       		.uleb128 0x6
 450 0068 40       		.uleb128 0x40
 451 0069 18       		.uleb128 0x18
 452 006a 9742     		.uleb128 0x2117
 453 006c 19       		.uleb128 0x19
 454 006d 01       		.uleb128 0x1
 455 006e 13       		.uleb128 0x13
 456 006f 00       		.byte	0
 457 0070 00       		.byte	0
 458 0071 08       		.uleb128 0x8
 459 0072 34       		.uleb128 0x34
 460 0073 00       		.byte	0
 461 0074 03       		.uleb128 0x3
 462 0075 0E       		.uleb128 0xe
 463 0076 3A       		.uleb128 0x3a
 464 0077 0B       		.uleb128 0xb
 465 0078 3B       		.uleb128 0x3b
 466 0079 0B       		.uleb128 0xb
 467 007a 49       		.uleb128 0x49
 468 007b 13       		.uleb128 0x13
 469 007c 02       		.uleb128 0x2
 470 007d 17       		.uleb128 0x17
 471 007e 00       		.byte	0
 472 007f 00       		.byte	0
 473 0080 09       		.uleb128 0x9
 474 0081 898201   		.uleb128 0x4109
 475 0084 00       		.byte	0
 476 0085 11       		.uleb128 0x11
 477 0086 01       		.uleb128 0x1
 478 0087 31       		.uleb128 0x31
 479 0088 13       		.uleb128 0x13
 480 0089 00       		.byte	0
 481 008a 00       		.byte	0
 482 008b 0A       		.uleb128 0xa
 483 008c 05       		.uleb128 0x5
 484 008d 00       		.byte	0
 485 008e 03       		.uleb128 0x3
 486 008f 0E       		.uleb128 0xe
 487 0090 3A       		.uleb128 0x3a
 488 0091 0B       		.uleb128 0xb
 489 0092 3B       		.uleb128 0x3b
 490 0093 0B       		.uleb128 0xb
 491 0094 49       		.uleb128 0x49
 492 0095 13       		.uleb128 0x13
 493 0096 02       		.uleb128 0x2
 494 0097 18       		.uleb128 0x18
 495 0098 00       		.byte	0
 496 0099 00       		.byte	0
 497 009a 0B       		.uleb128 0xb
 498 009b 2E       		.uleb128 0x2e
ARM GAS  C:\Users\Alex\AppData\Local\Temp\cc3hVjUv.s 			page 12


 499 009c 00       		.byte	0
 500 009d 3F       		.uleb128 0x3f
 501 009e 19       		.uleb128 0x19
 502 009f 3C       		.uleb128 0x3c
 503 00a0 19       		.uleb128 0x19
 504 00a1 6E       		.uleb128 0x6e
 505 00a2 0E       		.uleb128 0xe
 506 00a3 03       		.uleb128 0x3
 507 00a4 0E       		.uleb128 0xe
 508 00a5 3A       		.uleb128 0x3a
 509 00a6 0B       		.uleb128 0xb
 510 00a7 3B       		.uleb128 0x3b
 511 00a8 0B       		.uleb128 0xb
 512 00a9 00       		.byte	0
 513 00aa 00       		.byte	0
 514 00ab 00       		.byte	0
 515              		.section	.debug_loc,"",%progbits
 516              	.Ldebug_loc0:
 517              	.LLST0:
 518 0000 06000000 		.4byte	.LVL0
 519 0004 13000000 		.4byte	.LVL1-1
 520 0008 0100     		.2byte	0x1
 521 000a 50       		.byte	0x50
 522 000b 00000000 		.4byte	0
 523 000f 00000000 		.4byte	0
 524              	.LLST1:
 525 0013 06000000 		.4byte	.LVL2
 526 0017 13000000 		.4byte	.LVL3-1
 527 001b 0100     		.2byte	0x1
 528 001d 50       		.byte	0x50
 529 001e 00000000 		.4byte	0
 530 0022 00000000 		.4byte	0
 531              		.section	.debug_aranges,"",%progbits
 532 0000 3C000000 		.4byte	0x3c
 533 0004 0200     		.2byte	0x2
 534 0006 00000000 		.4byte	.Ldebug_info0
 535 000a 04       		.byte	0x4
 536 000b 00       		.byte	0
 537 000c 0000     		.2byte	0
 538 000e 0000     		.2byte	0
 539 0010 00000000 		.4byte	.LFB0
 540 0014 0C000000 		.4byte	.LFE0-.LFB0
 541 0018 00000000 		.4byte	.LFB1
 542 001c 1C000000 		.4byte	.LFE1-.LFB1
 543 0020 00000000 		.4byte	.LFB2
 544 0024 1C000000 		.4byte	.LFE2-.LFB2
 545 0028 00000000 		.4byte	.LFB3
 546 002c 0C000000 		.4byte	.LFE3-.LFB3
 547 0030 00000000 		.4byte	.LFB4
 548 0034 0C000000 		.4byte	.LFE4-.LFB4
 549 0038 00000000 		.4byte	0
 550 003c 00000000 		.4byte	0
 551              		.section	.debug_ranges,"",%progbits
 552              	.Ldebug_ranges0:
 553 0000 00000000 		.4byte	.LFB0
 554 0004 0C000000 		.4byte	.LFE0
 555 0008 00000000 		.4byte	.LFB1
ARM GAS  C:\Users\Alex\AppData\Local\Temp\cc3hVjUv.s 			page 13


 556 000c 1C000000 		.4byte	.LFE1
 557 0010 00000000 		.4byte	.LFB2
 558 0014 1C000000 		.4byte	.LFE2
 559 0018 00000000 		.4byte	.LFB3
 560 001c 0C000000 		.4byte	.LFE3
 561 0020 00000000 		.4byte	.LFB4
 562 0024 0C000000 		.4byte	.LFE4
 563 0028 00000000 		.4byte	0
 564 002c 00000000 		.4byte	0
 565              		.section	.debug_line,"",%progbits
 566              	.Ldebug_line0:
 567 0000 B1000000 		.section	.debug_str,"MS",%progbits,1
 567      02005200 
 567      00000201 
 567      FB0E0D00 
 567      01010101 
 568              	.LASF6:
 569 0000 6C6F6E67 		.ascii	"long long int\000"
 569      206C6F6E 
 569      6720696E 
 569      7400
 570              	.LASF19:
 571 000e 42757474 		.ascii	"ButtonReg2_WriteMask\000"
 571      6F6E5265 
 571      67325F57 
 571      72697465 
 571      4D61736B 
 572              	.LASF8:
 573 0023 756E7369 		.ascii	"unsigned int\000"
 573      676E6564 
 573      20696E74 
 573      00
 574              	.LASF26:
 575 0030 503A5C4D 		.ascii	"P:\\My_Documents\\business\\Prometheus_EducationLLC"
 575      795F446F 
 575      63756D65 
 575      6E74735C 
 575      62757369 
 576 0060 5C547574 		.ascii	"\\Tutorials\\MCU101_Cypresss\\SW_Working_Directory\\"
 576      6F726961 
 576      6C735C4D 
 576      43553130 
 576      315F4379 
 577 0090 4D435531 		.ascii	"MCU101_Cypress_PSOC5_Labs\\CyController\\CyControll"
 577      30315F43 
 577      79707265 
 577      73735F50 
 577      534F4335 
 578 00c1 6572312E 		.ascii	"er1.cydsn\000"
 578      63796473 
 578      6E00
 579              	.LASF22:
 580 00cb 4379456E 		.ascii	"CyEnterCriticalSection\000"
 580      74657243 
 580      72697469 
 580      63616C53 
 580      65637469 
ARM GAS  C:\Users\Alex\AppData\Local\Temp\cc3hVjUv.s 			page 14


 581              	.LASF20:
 582 00e2 42757474 		.ascii	"ButtonReg2_Read\000"
 582      6F6E5265 
 582      67325F52 
 582      65616400 
 583              	.LASF24:
 584 00f2 474E5520 		.ascii	"GNU C11 5.4.1 20160609 (release) [ARM/embedded-5-br"
 584      43313120 
 584      352E342E 
 584      31203230 
 584      31363036 
 585 0125 616E6368 		.ascii	"anch revision 237715] -mcpu=cortex-m3 -mthumb -g -O"
 585      20726576 
 585      6973696F 
 585      6E203233 
 585      37373135 
 586 0158 67202D66 		.ascii	"g -ffunction-sections -ffat-lto-objects\000"
 586      66756E63 
 586      74696F6E 
 586      2D736563 
 586      74696F6E 
 587              	.LASF12:
 588 0180 75696E74 		.ascii	"uint8\000"
 588      3800
 589              	.LASF5:
 590 0186 6C6F6E67 		.ascii	"long unsigned int\000"
 590      20756E73 
 590      69676E65 
 590      6420696E 
 590      7400
 591              	.LASF7:
 592 0198 6C6F6E67 		.ascii	"long long unsigned int\000"
 592      206C6F6E 
 592      6720756E 
 592      7369676E 
 592      65642069 
 593              	.LASF9:
 594 01af 666C6F61 		.ascii	"float\000"
 594      7400
 595              	.LASF21:
 596 01b5 42757474 		.ascii	"ButtonReg2_ReadMask\000"
 596      6F6E5265 
 596      67325F52 
 596      6561644D 
 596      61736B00 
 597              	.LASF27:
 598 01c9 6D61736B 		.ascii	"mask\000"
 598      00
 599              	.LASF1:
 600 01ce 756E7369 		.ascii	"unsigned char\000"
 600      676E6564 
 600      20636861 
 600      7200
 601              	.LASF11:
 602 01dc 63686172 		.ascii	"char\000"
 602      00
 603              	.LASF4:
ARM GAS  C:\Users\Alex\AppData\Local\Temp\cc3hVjUv.s 			page 15


 604 01e1 6C6F6E67 		.ascii	"long int\000"
 604      20696E74 
 604      00
 605              	.LASF16:
 606 01ea 42757474 		.ascii	"ButtonReg2_InterruptEnable\000"
 606      6F6E5265 
 606      67325F49 
 606      6E746572 
 606      72757074 
 607              	.LASF25:
 608 0205 47656E65 		.ascii	"Generated_Source\\PSoC5\\ButtonReg2.c\000"
 608      72617465 
 608      645F536F 
 608      75726365 
 608      5C50536F 
 609              	.LASF17:
 610 0229 42757474 		.ascii	"ButtonReg2_InterruptDisable\000"
 610      6F6E5265 
 610      67325F49 
 610      6E746572 
 610      72757074 
 611              	.LASF10:
 612 0245 646F7562 		.ascii	"double\000"
 612      6C6500
 613              	.LASF3:
 614 024c 73686F72 		.ascii	"short unsigned int\000"
 614      7420756E 
 614      7369676E 
 614      65642069 
 614      6E7400
 615              	.LASF0:
 616 025f 7369676E 		.ascii	"signed char\000"
 616      65642063 
 616      68617200 
 617              	.LASF23:
 618 026b 43794578 		.ascii	"CyExitCriticalSection\000"
 618      69744372 
 618      69746963 
 618      616C5365 
 618      6374696F 
 619              	.LASF14:
 620 0281 6C6F6E67 		.ascii	"long double\000"
 620      20646F75 
 620      626C6500 
 621              	.LASF2:
 622 028d 73686F72 		.ascii	"short int\000"
 622      7420696E 
 622      7400
 623              	.LASF13:
 624 0297 72656738 		.ascii	"reg8\000"
 624      00
 625              	.LASF15:
 626 029c 73697A65 		.ascii	"sizetype\000"
 626      74797065 
 626      00
 627              	.LASF18:
 628 02a5 696E7465 		.ascii	"interruptState\000"
ARM GAS  C:\Users\Alex\AppData\Local\Temp\cc3hVjUv.s 			page 16


 628      72727570 
 628      74537461 
 628      746500
 629              		.ident	"GCC: (GNU Tools for ARM Embedded Processors) 5.4.1 20160609 (release) [ARM/embedded-5-bran
