ARM GAS  C:\Users\Alex\AppData\Local\Temp\cco8n8w3.s 			page 1


   1              		.syntax unified
   2              		.cpu cortex-m3
   3              		.fpu softvfp
   4              		.eabi_attribute 20, 1
   5              		.eabi_attribute 21, 1
   6              		.eabi_attribute 23, 3
   7              		.eabi_attribute 24, 1
   8              		.eabi_attribute 25, 1
   9              		.eabi_attribute 26, 1
  10              		.eabi_attribute 30, 1
  11              		.eabi_attribute 34, 1
  12              		.eabi_attribute 18, 4
  13              		.thumb
  14              		.syntax unified
  15              		.file	"main.c"
  16              		.text
  17              	.Ltext0:
  18              		.cfi_sections	.debug_frame
  19              		.section	.text.StartUp,"ax",%progbits
  20              		.align	2
  21              		.global	StartUp
  22              		.thumb
  23              		.thumb_func
  24              		.type	StartUp, %function
  25              	StartUp:
  26              	.LFB65:
  27              		.file 1 "main.c"
   1:main.c        **** /******************************************************************************
   2:main.c        **** This program is free software; you can redistribute it and/or
   3:main.c        **** modify it under the terms of the GNU General Public License as
   4:main.c        **** published by the Free Software Foundation; either version 3 of
   5:main.c        **** the License, or (at your option) any later verison.
   6:main.c        **** 
   7:main.c        **** This program is distributed in the hope that it will be useful, but
   8:main.c        **** WITHOUT ANY WARRANTY; without even the implied warranty of
   9:main.c        **** MECHANTABILITY or FITNESS FOR A PARTICULAR PURPOSE.  See
  10:main.c        **** the GNU General Public License for more details.
  11:main.c        **** 
  12:main.c        **** You should have received a copy of the GNU General Public License
  13:main.c        **** along with this program; if not, write to the Free Software
  14:main.c        **** Foundation, Inc., 51 Franklin St, Fifth Floor, Boston, MA 02110-1301
  15:main.c        **** USA
  16:main.c        **** ***************************************************************************** */
  17:main.c        **** 
  18:main.c        **** /*****************************************************************************
  19:main.c        **** *  Project Name: CyController1
  20:main.c        **** *  Project Revision: 1.00
  21:main.c        **** *  Software Version: PSoC Creator 3.2 SP1
  22:main.c        **** *  Device Tested: CY8C5888LTI-LP097
  23:main.c        **** *  Compilers Tested: ARM GCC
  24:main.c        **** *  Related Hardware: CY8CKIT-059
  25:main.c        **** ***************************************************************************** */
  26:main.c        **** /* Project Description:
  27:main.c        ****  * This project will create a simple USB HID joystick for FRC. It has
  28:main.c        ****  * 8 analog inputs
  29:main.c        ****  * 22 digital inputs for buttons
  30:main.c        ****  * 12 digital indicator outputs
ARM GAS  C:\Users\Alex\AppData\Local\Temp\cco8n8w3.s 			page 2


  31:main.c        **** ***************************************************************************** */
  32:main.c        **** 
  33:main.c        **** #ifndef TRUE
  34:main.c        ****     #define TRUE 1u
  35:main.c        **** #endif
  36:main.c        **** #ifndef FALSE
  37:main.c        ****     #define FALSE 0u
  38:main.c        **** #endif
  39:main.c        **** 
  40:main.c        **** #define DEBUG_ENABLE TRUE
  41:main.c        **** 
  42:main.c        **** #include <project.h>
  43:main.c        **** #include <stdio.h>
  44:main.c        **** #include "uart_handler.h"
  45:main.c        **** 
  46:main.c        **** /* 8 bytes for analog axis data */
  47:main.c        **** #define ANALOG_SIZE 8
  48:main.c        **** /* 3 bytes for 22 button inputs */
  49:main.c        **** #define BUTTON_SIZE 3
  50:main.c        **** /* 2 bytes for 12 output indicators such as LEDs */
  51:main.c        **** #define OUTPUT_SIZE 2
  52:main.c        **** 
  53:main.c        **** /* Endpoint 1 is IN (analog and buttons) */
  54:main.c        **** #define IN_EP  1
  55:main.c        **** /* Endpiont 2 is OUT (indicators) */
  56:main.c        **** #define OUT_EP 2
  57:main.c        **** 
  58:main.c        **** void StartUp (void); 		/* Function prototype for component startup API */
  59:main.c        **** void ReadAnalog (void);     /* Function prototype for reading and altering data for joystick inform
  60:main.c        **** void ReadButtons (void);    /* Function prototype for reading and altering data for digital button 
  61:main.c        **** void SetOutputs (void);     /* Prototype for driving digital outputs */
  62:main.c        **** 
  63:main.c        **** static uint16 AnalogRaw[ANALOG_SIZE];   /* Raw ADC measurements */
  64:main.c        **** static int16  AnalogData[ANALOG_SIZE];   /* Scaled ADC measurements */
  65:main.c        **** static int8 USB_Input_Data[ANALOG_SIZE + BUTTON_SIZE]; /* USB data to send to the PC */
  66:main.c        **** static uint8 USB_Output_Data[OUTPUT_SIZE]; /* USB data received from the PC */
  67:main.c        **** 
  68:main.c        **** int main()
  69:main.c        **** {    
  70:main.c        ****     uint16 outCount;
  71:main.c        ****     
  72:main.c        ****     StartUp(); 	/* Calls the proper start API for all the components */
  73:main.c        ****     DEBUG_UART_Start();    
  74:main.c        ****     //TEMPORARY:  Test UART Channel
  75:main.c        **** //    uart_put_hex_8bit('a');
  76:main.c        ****     DEBUG_UART_PutChar('a');
  77:main.c        **** 	
  78:main.c        **** 	for(;;)
  79:main.c        ****     {
  80:main.c        ****         DEBUG_UART_PutChar('a');
  81:main.c        ****         CyDelay(1000);
  82:main.c        ****         
  83:main.c        **** //    	while(!USBFS_1_bGetEPAckState(IN_EP)); 	/* Wait for ACK before loading data */
  84:main.c        **** //        
  85:main.c        **** //		ReadAnalog();	/* Calls function to read analog inputs */
  86:main.c        **** //        ReadButtons();	/* Calls function to monitor button presses */
  87:main.c        **** //        
ARM GAS  C:\Users\Alex\AppData\Local\Temp\cco8n8w3.s 			page 3


  88:main.c        **** //        /*Check to see if the IN Endpoint is empty. If so, load it with Input data to be tranfere
  89:main.c        **** //        if(USBFS_1_GetEPState(IN_EP) == USBFS_1_IN_BUFFER_EMPTY)
  90:main.c        **** //        {
  91:main.c        **** //            #if(DEBUG_ENABLE == TRUE)
  92:main.c        **** //            //Transmit USB_Input_Data over debug
  93:main.c        **** //                
  94:main.c        **** //            #endif
  95:main.c        **** //		    /* Load latest analog and button data into the IN EP and send */
  96:main.c        **** //            USBFS_1_LoadInEP(IN_EP, (uint8 *)USB_Input_Data, sizeof(USB_Input_Data));   
  97:main.c        **** //        }
  98:main.c        **** //        
  99:main.c        **** //        /* Check to see if the OUT Endpoint is full from a recieved transaction. */
 100:main.c        **** //        if(USBFS_1_GetEPState(OUT_EP) == USBFS_1_OUT_BUFFER_FULL)
 101:main.c        **** //        {
 102:main.c        **** //            /* Get the number of bytes recieved */
 103:main.c        **** //            outCount = USBFS_1_GetEPCount(OUT_EP);
 104:main.c        **** //            /* Read the OUT endpoint and store data in OUT_Data_Buffer */
 105:main.c        **** //            USBFS_1_ReadOutEP(OUT_EP, USB_Output_Data, outCount);
 106:main.c        **** //            /* Re-enable OUT endpoint */
 107:main.c        **** //            USBFS_1_EnableOutEP(OUT_EP);
 108:main.c        **** //        }
 109:main.c        **** //        
 110:main.c        **** //        SetOutputs();   /* Set output values based on the data received from the out EP */
 111:main.c        ****     }
 112:main.c        **** }
 113:main.c        **** 
 114:main.c        **** void StartUp (void)
 115:main.c        **** {
  28              		.loc 1 115 0
  29              		.cfi_startproc
  30              		@ args = 0, pretend = 0, frame = 0
  31              		@ frame_needed = 0, uses_anonymous_args = 0
  32 0000 08B5     		push	{r3, lr}
  33              		.cfi_def_cfa_offset 8
  34              		.cfi_offset 3, -8
  35              		.cfi_offset 14, -4
  36              	.LVL0:
 116:main.c        **** 	uint8 i;
 117:main.c        ****     
 118:main.c        ****     /* Intialize USB Input EP data array */
 119:main.c        ****     for (i=0; i < sizeof(USB_Input_Data); i++)
  37              		.loc 1 119 0
  38 0002 0023     		movs	r3, #0
  39 0004 04E0     		b	.L2
  40              	.LVL1:
  41              	.L3:
 120:main.c        ****     {
 121:main.c        ****         USB_Input_Data[i] = 0;
  42              		.loc 1 121 0 discriminator 3
  43 0006 0021     		movs	r1, #0
  44 0008 124A     		ldr	r2, .L8
  45 000a D154     		strb	r1, [r2, r3]
 119:main.c        ****     {
  46              		.loc 1 119 0 discriminator 3
  47 000c 0133     		adds	r3, r3, #1
  48              	.LVL2:
  49 000e DBB2     		uxtb	r3, r3
ARM GAS  C:\Users\Alex\AppData\Local\Temp\cco8n8w3.s 			page 4


  50              	.LVL3:
  51              	.L2:
 119:main.c        ****     {
  52              		.loc 1 119 0 is_stmt 0 discriminator 1
  53 0010 0A2B     		cmp	r3, #10
  54 0012 F8D9     		bls	.L3
  55 0014 0023     		movs	r3, #0
  56              	.LVL4:
  57 0016 05E0     		b	.L4
  58              	.LVL5:
  59              	.L5:
 122:main.c        ****     }
 123:main.c        ****     /* Intialize USB Output EP data array */
 124:main.c        ****     for (i=0; i < sizeof(USB_Output_Data); i++)
 125:main.c        ****     {
 126:main.c        ****         USB_Output_Data[i] = 0;
  60              		.loc 1 126 0 is_stmt 1 discriminator 3
  61 0018 0E4A     		ldr	r2, .L8
  62 001a 1A44     		add	r2, r2, r3
  63 001c 0021     		movs	r1, #0
  64 001e 1173     		strb	r1, [r2, #12]
 124:main.c        ****     {
  65              		.loc 1 124 0 discriminator 3
  66 0020 0133     		adds	r3, r3, #1
  67              	.LVL6:
  68 0022 DBB2     		uxtb	r3, r3
  69              	.LVL7:
  70              	.L4:
 124:main.c        ****     {
  71              		.loc 1 124 0 is_stmt 0 discriminator 1
  72 0024 012B     		cmp	r3, #1
  73 0026 F7D9     		bls	.L5
 127:main.c        ****     }
 128:main.c        ****     
 129:main.c        ****     CYGlobalIntEnable;           					/* Enable Global interrupts */
  74              		.loc 1 129 0 is_stmt 1
  75              		.syntax unified
  76              	@ 129 "main.c" 1
  77 0028 62B6     		CPSIE   i
  78              	@ 0 "" 2
 130:main.c        ****     ADC_Start();        					        /* Initialize ADC */
  79              		.loc 1 130 0
  80              		.thumb
  81              		.syntax unified
  82 002a FFF7FEFF 		bl	ADC_Start
  83              	.LVL8:
 131:main.c        **** 	ADC_StartConvert();								/* End ADC conversion */  
  84              		.loc 1 131 0
  85 002e FFF7FEFF 		bl	ADC_StartConvert
  86              	.LVL9:
 132:main.c        **** 
 133:main.c        **** 	USBFS_1_Start(0, USBFS_1_DWR_VDDD_OPERATION);	/* Start USBFS operation/device 0 and with 5V operat
  87              		.loc 1 133 0
  88 0032 0221     		movs	r1, #2
  89 0034 0020     		movs	r0, #0
  90 0036 FFF7FEFF 		bl	USBFS_1_Start
  91              	.LVL10:
ARM GAS  C:\Users\Alex\AppData\Local\Temp\cco8n8w3.s 			page 5


  92              	.L6:
 134:main.c        **** 	while(!USBFS_1_bGetConfiguration())
  93              		.loc 1 134 0 discriminator 1
  94 003a FFF7FEFF 		bl	USBFS_1_GetConfiguration
  95              	.LVL11:
  96 003e 0028     		cmp	r0, #0
  97 0040 FBD0     		beq	.L6
 135:main.c        ****     {
 136:main.c        ****         /* Wait for Device to enumerate */
 137:main.c        ****     }			
 138:main.c        ****     
 139:main.c        ****     USBFS_1_LoadInEP(IN_EP, (uint8 *)USB_Input_Data, sizeof(USB_Input_Data)); /* Loads an inital va
  98              		.loc 1 139 0
  99 0042 0B22     		movs	r2, #11
 100 0044 0349     		ldr	r1, .L8
 101 0046 0120     		movs	r0, #1
 102 0048 FFF7FEFF 		bl	USBFS_1_LoadInEP
 103              	.LVL12:
 140:main.c        ****     USBFS_1_EnableOutEP(OUT_EP); /* Enable the output endpoint */
 104              		.loc 1 140 0
 105 004c 0220     		movs	r0, #2
 106 004e FFF7FEFF 		bl	USBFS_1_EnableOutEP
 107              	.LVL13:
 108 0052 08BD     		pop	{r3, pc}
 109              	.L9:
 110              		.align	2
 111              	.L8:
 112 0054 00000000 		.word	.LANCHOR0
 113              		.cfi_endproc
 114              	.LFE65:
 115              		.size	StartUp, .-StartUp
 116              		.section	.text.main,"ax",%progbits
 117              		.align	2
 118              		.global	main
 119              		.thumb
 120              		.thumb_func
 121              		.type	main, %function
 122              	main:
 123              	.LFB64:
  69:main.c        ****     uint16 outCount;
 124              		.loc 1 69 0
 125              		.cfi_startproc
 126              		@ Volatile: function does not return.
 127              		@ args = 0, pretend = 0, frame = 0
 128              		@ frame_needed = 0, uses_anonymous_args = 0
 129 0000 08B5     		push	{r3, lr}
 130              		.cfi_def_cfa_offset 8
 131              		.cfi_offset 3, -8
 132              		.cfi_offset 14, -4
  72:main.c        ****     DEBUG_UART_Start();    
 133              		.loc 1 72 0
 134 0002 FFF7FEFF 		bl	StartUp
 135              	.LVL14:
  73:main.c        ****     //TEMPORARY:  Test UART Channel
 136              		.loc 1 73 0
 137 0006 FFF7FEFF 		bl	DEBUG_UART_Start
 138              	.LVL15:
ARM GAS  C:\Users\Alex\AppData\Local\Temp\cco8n8w3.s 			page 6


  76:main.c        **** 	
 139              		.loc 1 76 0
 140 000a 6120     		movs	r0, #97
 141 000c FFF7FEFF 		bl	DEBUG_UART_PutChar
 142              	.LVL16:
 143              	.L11:
  80:main.c        ****         CyDelay(1000);
 144              		.loc 1 80 0 discriminator 1
 145 0010 6120     		movs	r0, #97
 146 0012 FFF7FEFF 		bl	DEBUG_UART_PutChar
 147              	.LVL17:
  81:main.c        ****         
 148              		.loc 1 81 0 discriminator 1
 149 0016 4FF47A70 		mov	r0, #1000
 150 001a FFF7FEFF 		bl	CyDelay
 151              	.LVL18:
 152 001e F7E7     		b	.L11
 153              		.cfi_endproc
 154              	.LFE64:
 155              		.size	main, .-main
 156              		.section	.text.ReadAnalog,"ax",%progbits
 157              		.align	2
 158              		.global	ReadAnalog
 159              		.thumb
 160              		.thumb_func
 161              		.type	ReadAnalog, %function
 162              	ReadAnalog:
 163              	.LFB66:
 141:main.c        **** }
 142:main.c        **** 
 143:main.c        **** void ReadAnalog (void)
 144:main.c        **** {
 164              		.loc 1 144 0
 165              		.cfi_startproc
 166              		@ args = 0, pretend = 0, frame = 0
 167              		@ frame_needed = 0, uses_anonymous_args = 0
 168 0000 38B5     		push	{r3, r4, r5, lr}
 169              		.cfi_def_cfa_offset 16
 170              		.cfi_offset 3, -16
 171              		.cfi_offset 4, -12
 172              		.cfi_offset 5, -8
 173              		.cfi_offset 14, -4
 174              	.LVL19:
 145:main.c        **** 	uint8 i;
 146:main.c        ****     
 147:main.c        ****     for(i=0; i<ANALOG_SIZE; i++)
 175              		.loc 1 147 0
 176 0002 0024     		movs	r4, #0
 177 0004 28E0     		b	.L14
 178              	.LVL20:
 179              	.L17:
 148:main.c        ****     {
 149:main.c        ****         AnalogRaw[i] = ADC_GetResult16(i) >> 4;     /* Get ADC reading and keep just the 8 upper bi
 180              		.loc 1 149 0
 181 0006 2546     		mov	r5, r4
 182 0008 2046     		mov	r0, r4
 183 000a FFF7FEFF 		bl	ADC_GetResult16
ARM GAS  C:\Users\Alex\AppData\Local\Temp\cco8n8w3.s 			page 7


 184              	.LVL21:
 185 000e C0F30F10 		ubfx	r0, r0, #4, #16
 150:main.c        ****         AnalogData[i] = AnalogRaw[i] - 127;         /* Adjust axis to center the reading */
 186              		.loc 1 150 0
 187 0012 7F38     		subs	r0, r0, #127
 188 0014 00B2     		sxth	r0, r0
 189 0016 124B     		ldr	r3, .L19
 190 0018 03EB4403 		add	r3, r3, r4, lsl #1
 191 001c 1882     		strh	r0, [r3, #16]	@ movhi
 151:main.c        ****         if(AnalogData[i] > 127)
 192              		.loc 1 151 0
 193 001e 7F28     		cmp	r0, #127
 194 0020 04DD     		ble	.L15
 152:main.c        ****         {
 153:main.c        ****             AnalogData[i] = 127;
 195              		.loc 1 153 0
 196 0022 0F4B     		ldr	r3, .L19
 197 0024 03EB4403 		add	r3, r3, r4, lsl #1
 198 0028 7F22     		movs	r2, #127
 199 002a 1A82     		strh	r2, [r3, #16]	@ movhi
 200              	.L15:
 154:main.c        ****         }
 155:main.c        ****         if(AnalogData[i] < -127)
 201              		.loc 1 155 0
 202 002c 0C4B     		ldr	r3, .L19
 203 002e 03EB4503 		add	r3, r3, r5, lsl #1
 204 0032 B3F91030 		ldrsh	r3, [r3, #16]
 205 0036 13F17F0F 		cmn	r3, #127
 206 003a 05DA     		bge	.L16
 156:main.c        ****         {
 157:main.c        ****             AnalogData[i] = -127;
 207              		.loc 1 157 0
 208 003c 084B     		ldr	r3, .L19
 209 003e 03EB4503 		add	r3, r3, r5, lsl #1
 210 0042 4FF68172 		movw	r2, #65409
 211 0046 1A82     		strh	r2, [r3, #16]	@ movhi
 212              	.L16:
 158:main.c        ****         }
 159:main.c        ****         
 160:main.c        ****         /* Move analog data to USB array to prepare for sending */
 161:main.c        ****         USB_Input_Data[i] = AnalogData[i];
 213              		.loc 1 161 0 discriminator 2
 214 0048 054B     		ldr	r3, .L19
 215 004a 03EB4502 		add	r2, r3, r5, lsl #1
 216 004e B2F91020 		ldrsh	r2, [r2, #16]
 217 0052 5A55     		strb	r2, [r3, r5]
 147:main.c        ****     {
 218              		.loc 1 147 0 discriminator 2
 219 0054 0134     		adds	r4, r4, #1
 220              	.LVL22:
 221 0056 E4B2     		uxtb	r4, r4
 222              	.LVL23:
 223              	.L14:
 147:main.c        ****     {
 224              		.loc 1 147 0 is_stmt 0 discriminator 1
 225 0058 072C     		cmp	r4, #7
 226 005a D4D9     		bls	.L17
ARM GAS  C:\Users\Alex\AppData\Local\Temp\cco8n8w3.s 			page 8


 162:main.c        ****     }
 163:main.c        **** }
 227              		.loc 1 163 0 is_stmt 1
 228 005c 38BD     		pop	{r3, r4, r5, pc}
 229              	.LVL24:
 230              	.L20:
 231 005e 00BF     		.align	2
 232              	.L19:
 233 0060 00000000 		.word	.LANCHOR0
 234              		.cfi_endproc
 235              	.LFE66:
 236              		.size	ReadAnalog, .-ReadAnalog
 237              		.section	.text.ReadButtons,"ax",%progbits
 238              		.align	2
 239              		.global	ReadButtons
 240              		.thumb
 241              		.thumb_func
 242              		.type	ReadButtons, %function
 243              	ReadButtons:
 244              	.LFB67:
 164:main.c        **** 
 165:main.c        **** void ReadButtons (void)
 166:main.c        **** {
 245              		.loc 1 166 0
 246              		.cfi_startproc
 247              		@ args = 0, pretend = 0, frame = 0
 248              		@ frame_needed = 0, uses_anonymous_args = 0
 249 0000 10B5     		push	{r4, lr}
 250              		.cfi_def_cfa_offset 8
 251              		.cfi_offset 4, -8
 252              		.cfi_offset 14, -4
 167:main.c        **** 	/* Read button values from status registers into USB array to prepare for sending */
 168:main.c        ****     USB_Input_Data[ANALOG_SIZE]   = ButtonReg1_Read(); /* First button byte is after the last analo
 253              		.loc 1 168 0
 254 0002 FFF7FEFF 		bl	ButtonReg1_Read
 255              	.LVL25:
 256 0006 044C     		ldr	r4, .L23
 257 0008 2072     		strb	r0, [r4, #8]
 169:main.c        ****     USB_Input_Data[ANALOG_SIZE+1] = ButtonReg2_Read();
 258              		.loc 1 169 0
 259 000a FFF7FEFF 		bl	ButtonReg2_Read
 260              	.LVL26:
 261 000e 6072     		strb	r0, [r4, #9]
 170:main.c        ****     USB_Input_Data[ANALOG_SIZE+2] = ButtonReg3_Read();
 262              		.loc 1 170 0
 263 0010 FFF7FEFF 		bl	ButtonReg3_Read
 264              	.LVL27:
 265 0014 A072     		strb	r0, [r4, #10]
 266 0016 10BD     		pop	{r4, pc}
 267              	.L24:
 268              		.align	2
 269              	.L23:
 270 0018 00000000 		.word	.LANCHOR0
 271              		.cfi_endproc
 272              	.LFE67:
 273              		.size	ReadButtons, .-ReadButtons
 274              		.section	.text.SetOutputs,"ax",%progbits
ARM GAS  C:\Users\Alex\AppData\Local\Temp\cco8n8w3.s 			page 9


 275              		.align	2
 276              		.global	SetOutputs
 277              		.thumb
 278              		.thumb_func
 279              		.type	SetOutputs, %function
 280              	SetOutputs:
 281              	.LFB68:
 171:main.c        **** }
 172:main.c        **** 
 173:main.c        **** void SetOutputs (void)
 174:main.c        **** {
 282              		.loc 1 174 0
 283              		.cfi_startproc
 284              		@ args = 0, pretend = 0, frame = 0
 285              		@ frame_needed = 0, uses_anonymous_args = 0
 286 0000 10B5     		push	{r4, lr}
 287              		.cfi_def_cfa_offset 8
 288              		.cfi_offset 4, -8
 289              		.cfi_offset 14, -4
 175:main.c        ****     /* Write data received from USB to the output control registers */   
 176:main.c        ****     OutputReg1_Write(USB_Output_Data[0]);
 290              		.loc 1 176 0
 291 0002 044C     		ldr	r4, .L27
 292 0004 207B     		ldrb	r0, [r4, #12]	@ zero_extendqisi2
 293 0006 FFF7FEFF 		bl	OutputReg1_Write
 294              	.LVL28:
 177:main.c        ****     OutputReg2_Write(USB_Output_Data[1]);
 295              		.loc 1 177 0
 296 000a 607B     		ldrb	r0, [r4, #13]	@ zero_extendqisi2
 297 000c FFF7FEFF 		bl	OutputReg2_Write
 298              	.LVL29:
 299 0010 10BD     		pop	{r4, pc}
 300              	.L28:
 301 0012 00BF     		.align	2
 302              	.L27:
 303 0014 00000000 		.word	.LANCHOR0
 304              		.cfi_endproc
 305              	.LFE68:
 306              		.size	SetOutputs, .-SetOutputs
 307              		.bss
 308              		.align	2
 309              		.set	.LANCHOR0,. + 0
 310              		.type	USB_Input_Data, %object
 311              		.size	USB_Input_Data, 11
 312              	USB_Input_Data:
 313 0000 00000000 		.space	11
 313      00000000 
 313      000000
 314 000b 00       		.space	1
 315              		.type	USB_Output_Data, %object
 316              		.size	USB_Output_Data, 2
 317              	USB_Output_Data:
 318 000c 0000     		.space	2
 319 000e 0000     		.space	2
 320              		.type	AnalogData, %object
 321              		.size	AnalogData, 16
 322              	AnalogData:
ARM GAS  C:\Users\Alex\AppData\Local\Temp\cco8n8w3.s 			page 10


 323 0010 00000000 		.space	16
 323      00000000 
 323      00000000 
 323      00000000 
 324              		.text
 325              	.Letext0:
 326              		.file 2 "c:\\program files (x86)\\cypress\\psoc creator\\4.1\\psoc creator\\import\\gnu\\arm\\5.4.
 327              		.file 3 "c:\\program files (x86)\\cypress\\psoc creator\\4.1\\psoc creator\\import\\gnu\\arm\\5.4.
 328              		.file 4 "Generated_Source\\PSoC5/cytypes.h"
 329              		.file 5 "Generated_Source\\PSoC5/ADC.h"
 330              		.file 6 "Generated_Source\\PSoC5/USBFS_1.h"
 331              		.file 7 "Generated_Source\\PSoC5/DEBUG_UART.h"
 332              		.file 8 "Generated_Source\\PSoC5/CyLib.h"
 333              		.file 9 "Generated_Source\\PSoC5/ButtonReg1.h"
 334              		.file 10 "Generated_Source\\PSoC5/ButtonReg2.h"
 335              		.file 11 "Generated_Source\\PSoC5/ButtonReg3.h"
 336              		.file 12 "Generated_Source\\PSoC5/OutputReg1.h"
 337              		.file 13 "Generated_Source\\PSoC5/OutputReg2.h"
 338              		.file 14 "Generated_Source\\PSoC5/core_cm3.h"
 339              		.section	.debug_info,"",%progbits
 340              	.Ldebug_info0:
 341 0000 8B030000 		.4byte	0x38b
 342 0004 0400     		.2byte	0x4
 343 0006 00000000 		.4byte	.Ldebug_abbrev0
 344 000a 04       		.byte	0x4
 345 000b 01       		.uleb128 0x1
 346 000c 97000000 		.4byte	.LASF44
 347 0010 0C       		.byte	0xc
 348 0011 3C020000 		.4byte	.LASF45
 349 0015 9D020000 		.4byte	.LASF46
 350 0019 00000000 		.4byte	.Ldebug_ranges0+0
 351 001d 00000000 		.4byte	0
 352 0021 00000000 		.4byte	.Ldebug_line0
 353 0025 02       		.uleb128 0x2
 354 0026 01       		.byte	0x1
 355 0027 06       		.byte	0x6
 356 0028 FD010000 		.4byte	.LASF0
 357 002c 02       		.uleb128 0x2
 358 002d 01       		.byte	0x1
 359 002e 08       		.byte	0x8
 360 002f 89000000 		.4byte	.LASF1
 361 0033 02       		.uleb128 0x2
 362 0034 02       		.byte	0x2
 363 0035 05       		.byte	0x5
 364 0036 5F020000 		.4byte	.LASF2
 365 003a 02       		.uleb128 0x2
 366 003b 02       		.byte	0x2
 367 003c 07       		.byte	0x7
 368 003d 5E010000 		.4byte	.LASF3
 369 0041 03       		.uleb128 0x3
 370 0042 1E000000 		.4byte	.LASF9
 371 0046 02       		.byte	0x2
 372 0047 3F       		.byte	0x3f
 373 0048 4C000000 		.4byte	0x4c
 374 004c 02       		.uleb128 0x2
 375 004d 04       		.byte	0x4
 376 004e 05       		.byte	0x5
ARM GAS  C:\Users\Alex\AppData\Local\Temp\cco8n8w3.s 			page 11


 377 004f 6F020000 		.4byte	.LASF4
 378 0053 02       		.uleb128 0x2
 379 0054 04       		.byte	0x4
 380 0055 07       		.byte	0x7
 381 0056 4C010000 		.4byte	.LASF5
 382 005a 02       		.uleb128 0x2
 383 005b 08       		.byte	0x8
 384 005c 05       		.byte	0x5
 385 005d 2E020000 		.4byte	.LASF6
 386 0061 02       		.uleb128 0x2
 387 0062 08       		.byte	0x8
 388 0063 07       		.byte	0x7
 389 0064 DC010000 		.4byte	.LASF7
 390 0068 04       		.uleb128 0x4
 391 0069 04       		.byte	0x4
 392 006a 05       		.byte	0x5
 393 006b 696E7400 		.ascii	"int\000"
 394 006f 02       		.uleb128 0x2
 395 0070 04       		.byte	0x4
 396 0071 07       		.byte	0x7
 397 0072 CF010000 		.4byte	.LASF8
 398 0076 03       		.uleb128 0x3
 399 0077 6A000000 		.4byte	.LASF10
 400 007b 03       		.byte	0x3
 401 007c 2C       		.byte	0x2c
 402 007d 41000000 		.4byte	0x41
 403 0081 05       		.uleb128 0x5
 404 0082 69020000 		.4byte	.LASF11
 405 0086 04       		.byte	0x4
 406 0087 9201     		.2byte	0x192
 407 0089 2C000000 		.4byte	0x2c
 408 008d 05       		.uleb128 0x5
 409 008e B8010000 		.4byte	.LASF12
 410 0092 04       		.byte	0x4
 411 0093 9301     		.2byte	0x193
 412 0095 3A000000 		.4byte	0x3a
 413 0099 05       		.uleb128 0x5
 414 009a BF010000 		.4byte	.LASF13
 415 009e 04       		.byte	0x4
 416 009f 9501     		.2byte	0x195
 417 00a1 25000000 		.4byte	0x25
 418 00a5 05       		.uleb128 0x5
 419 00a6 46010000 		.4byte	.LASF14
 420 00aa 04       		.byte	0x4
 421 00ab 9601     		.2byte	0x196
 422 00ad 33000000 		.4byte	0x33
 423 00b1 02       		.uleb128 0x2
 424 00b2 04       		.byte	0x4
 425 00b3 04       		.byte	0x4
 426 00b4 83000000 		.4byte	.LASF15
 427 00b8 02       		.uleb128 0x2
 428 00b9 08       		.byte	0x8
 429 00ba 04       		.byte	0x4
 430 00bb AC010000 		.4byte	.LASF16
 431 00bf 02       		.uleb128 0x2
 432 00c0 01       		.byte	0x1
 433 00c1 08       		.byte	0x8
ARM GAS  C:\Users\Alex\AppData\Local\Temp\cco8n8w3.s 			page 12


 434 00c2 43020000 		.4byte	.LASF17
 435 00c6 02       		.uleb128 0x2
 436 00c7 08       		.byte	0x8
 437 00c8 04       		.byte	0x4
 438 00c9 19020000 		.4byte	.LASF18
 439 00cd 02       		.uleb128 0x2
 440 00ce 04       		.byte	0x4
 441 00cf 07       		.byte	0x7
 442 00d0 25020000 		.4byte	.LASF19
 443 00d4 06       		.uleb128 0x6
 444 00d5 49030000 		.4byte	.LASF20
 445 00d9 01       		.byte	0x1
 446 00da 72       		.byte	0x72
 447 00db 00000000 		.4byte	.LFB65
 448 00df 58000000 		.4byte	.LFE65-.LFB65
 449 00e3 01       		.uleb128 0x1
 450 00e4 9C       		.byte	0x9c
 451 00e5 5A010000 		.4byte	0x15a
 452 00e9 07       		.uleb128 0x7
 453 00ea 6900     		.ascii	"i\000"
 454 00ec 01       		.byte	0x1
 455 00ed 74       		.byte	0x74
 456 00ee 81000000 		.4byte	0x81
 457 00f2 00000000 		.4byte	.LLST0
 458 00f6 08       		.uleb128 0x8
 459 00f7 2E000000 		.4byte	.LVL8
 460 00fb E5020000 		.4byte	0x2e5
 461 00ff 08       		.uleb128 0x8
 462 0100 32000000 		.4byte	.LVL9
 463 0104 F0020000 		.4byte	0x2f0
 464 0108 09       		.uleb128 0x9
 465 0109 3A000000 		.4byte	.LVL10
 466 010d FB020000 		.4byte	0x2fb
 467 0111 20010000 		.4byte	0x120
 468 0115 0A       		.uleb128 0xa
 469 0116 01       		.uleb128 0x1
 470 0117 50       		.byte	0x50
 471 0118 01       		.uleb128 0x1
 472 0119 30       		.byte	0x30
 473 011a 0A       		.uleb128 0xa
 474 011b 01       		.uleb128 0x1
 475 011c 51       		.byte	0x51
 476 011d 01       		.uleb128 0x1
 477 011e 32       		.byte	0x32
 478 011f 00       		.byte	0
 479 0120 08       		.uleb128 0x8
 480 0121 3E000000 		.4byte	.LVL11
 481 0125 07030000 		.4byte	0x307
 482 0129 09       		.uleb128 0x9
 483 012a 4C000000 		.4byte	.LVL12
 484 012e 13030000 		.4byte	0x313
 485 0132 4A010000 		.4byte	0x14a
 486 0136 0A       		.uleb128 0xa
 487 0137 01       		.uleb128 0x1
 488 0138 50       		.byte	0x50
 489 0139 01       		.uleb128 0x1
 490 013a 31       		.byte	0x31
ARM GAS  C:\Users\Alex\AppData\Local\Temp\cco8n8w3.s 			page 13


 491 013b 0A       		.uleb128 0xa
 492 013c 01       		.uleb128 0x1
 493 013d 51       		.byte	0x51
 494 013e 05       		.uleb128 0x5
 495 013f 03       		.byte	0x3
 496 0140 00000000 		.4byte	.LANCHOR0
 497 0144 0A       		.uleb128 0xa
 498 0145 01       		.uleb128 0x1
 499 0146 52       		.byte	0x52
 500 0147 01       		.uleb128 0x1
 501 0148 3B       		.byte	0x3b
 502 0149 00       		.byte	0
 503 014a 0B       		.uleb128 0xb
 504 014b 52000000 		.4byte	.LVL13
 505 014f 1F030000 		.4byte	0x31f
 506 0153 0A       		.uleb128 0xa
 507 0154 01       		.uleb128 0x1
 508 0155 50       		.byte	0x50
 509 0156 01       		.uleb128 0x1
 510 0157 32       		.byte	0x32
 511 0158 00       		.byte	0
 512 0159 00       		.byte	0
 513 015a 0C       		.uleb128 0xc
 514 015b B3010000 		.4byte	.LASF47
 515 015f 01       		.byte	0x1
 516 0160 44       		.byte	0x44
 517 0161 68000000 		.4byte	0x68
 518 0165 00000000 		.4byte	.LFB64
 519 0169 20000000 		.4byte	.LFE64-.LFB64
 520 016d 01       		.uleb128 0x1
 521 016e 9C       		.byte	0x9c
 522 016f CA010000 		.4byte	0x1ca
 523 0173 0D       		.uleb128 0xd
 524 0174 62030000 		.4byte	.LASF24
 525 0178 01       		.byte	0x1
 526 0179 46       		.byte	0x46
 527 017a 8D000000 		.4byte	0x8d
 528 017e 08       		.uleb128 0x8
 529 017f 06000000 		.4byte	.LVL14
 530 0183 D4000000 		.4byte	0xd4
 531 0187 08       		.uleb128 0x8
 532 0188 0A000000 		.4byte	.LVL15
 533 018c 2B030000 		.4byte	0x32b
 534 0190 09       		.uleb128 0x9
 535 0191 10000000 		.4byte	.LVL16
 536 0195 36030000 		.4byte	0x336
 537 0199 A4010000 		.4byte	0x1a4
 538 019d 0A       		.uleb128 0xa
 539 019e 01       		.uleb128 0x1
 540 019f 50       		.byte	0x50
 541 01a0 02       		.uleb128 0x2
 542 01a1 08       		.byte	0x8
 543 01a2 61       		.byte	0x61
 544 01a3 00       		.byte	0
 545 01a4 09       		.uleb128 0x9
 546 01a5 16000000 		.4byte	.LVL17
 547 01a9 36030000 		.4byte	0x336
ARM GAS  C:\Users\Alex\AppData\Local\Temp\cco8n8w3.s 			page 14


 548 01ad B8010000 		.4byte	0x1b8
 549 01b1 0A       		.uleb128 0xa
 550 01b2 01       		.uleb128 0x1
 551 01b3 50       		.byte	0x50
 552 01b4 02       		.uleb128 0x2
 553 01b5 08       		.byte	0x8
 554 01b6 61       		.byte	0x61
 555 01b7 00       		.byte	0
 556 01b8 0B       		.uleb128 0xb
 557 01b9 1E000000 		.4byte	.LVL18
 558 01bd 41030000 		.4byte	0x341
 559 01c1 0A       		.uleb128 0xa
 560 01c2 01       		.uleb128 0x1
 561 01c3 50       		.byte	0x50
 562 01c4 03       		.uleb128 0x3
 563 01c5 0A       		.byte	0xa
 564 01c6 E803     		.2byte	0x3e8
 565 01c8 00       		.byte	0
 566 01c9 00       		.byte	0
 567 01ca 06       		.uleb128 0x6
 568 01cb C4010000 		.4byte	.LASF21
 569 01cf 01       		.byte	0x1
 570 01d0 8F       		.byte	0x8f
 571 01d1 00000000 		.4byte	.LFB66
 572 01d5 64000000 		.4byte	.LFE66-.LFB66
 573 01d9 01       		.uleb128 0x1
 574 01da 9C       		.byte	0x9c
 575 01db FD010000 		.4byte	0x1fd
 576 01df 07       		.uleb128 0x7
 577 01e0 6900     		.ascii	"i\000"
 578 01e2 01       		.byte	0x1
 579 01e3 91       		.byte	0x91
 580 01e4 81000000 		.4byte	0x81
 581 01e8 40000000 		.4byte	.LLST1
 582 01ec 0B       		.uleb128 0xb
 583 01ed 0E000000 		.4byte	.LVL21
 584 01f1 4C030000 		.4byte	0x34c
 585 01f5 0A       		.uleb128 0xa
 586 01f6 01       		.uleb128 0x1
 587 01f7 50       		.byte	0x50
 588 01f8 02       		.uleb128 0x2
 589 01f9 75       		.byte	0x75
 590 01fa 00       		.sleb128 0
 591 01fb 00       		.byte	0
 592 01fc 00       		.byte	0
 593 01fd 06       		.uleb128 0x6
 594 01fe 48020000 		.4byte	.LASF22
 595 0202 01       		.byte	0x1
 596 0203 A5       		.byte	0xa5
 597 0204 00000000 		.4byte	.LFB67
 598 0208 1C000000 		.4byte	.LFE67-.LFB67
 599 020c 01       		.uleb128 0x1
 600 020d 9C       		.byte	0x9c
 601 020e 2E020000 		.4byte	0x22e
 602 0212 08       		.uleb128 0x8
 603 0213 06000000 		.4byte	.LVL25
 604 0217 57030000 		.4byte	0x357
ARM GAS  C:\Users\Alex\AppData\Local\Temp\cco8n8w3.s 			page 15


 605 021b 08       		.uleb128 0x8
 606 021c 0E000000 		.4byte	.LVL26
 607 0220 62030000 		.4byte	0x362
 608 0224 08       		.uleb128 0x8
 609 0225 14000000 		.4byte	.LVL27
 610 0229 6D030000 		.4byte	0x36d
 611 022d 00       		.byte	0
 612 022e 06       		.uleb128 0x6
 613 022f 54020000 		.4byte	.LASF23
 614 0233 01       		.byte	0x1
 615 0234 AD       		.byte	0xad
 616 0235 00000000 		.4byte	.LFB68
 617 0239 18000000 		.4byte	.LFE68-.LFB68
 618 023d 01       		.uleb128 0x1
 619 023e 9C       		.byte	0x9c
 620 023f 56020000 		.4byte	0x256
 621 0243 08       		.uleb128 0x8
 622 0244 0A000000 		.4byte	.LVL28
 623 0248 78030000 		.4byte	0x378
 624 024c 08       		.uleb128 0x8
 625 024d 10000000 		.4byte	.LVL29
 626 0251 83030000 		.4byte	0x383
 627 0255 00       		.byte	0
 628 0256 0E       		.uleb128 0xe
 629 0257 8D000000 		.4byte	0x8d
 630 025b 66020000 		.4byte	0x266
 631 025f 0F       		.uleb128 0xf
 632 0260 CD000000 		.4byte	0xcd
 633 0264 07       		.byte	0x7
 634 0265 00       		.byte	0
 635 0266 0D       		.uleb128 0xd
 636 0267 28000000 		.4byte	.LASF25
 637 026b 01       		.byte	0x1
 638 026c 3F       		.byte	0x3f
 639 026d 56020000 		.4byte	0x256
 640 0271 0E       		.uleb128 0xe
 641 0272 A5000000 		.4byte	0xa5
 642 0276 81020000 		.4byte	0x281
 643 027a 0F       		.uleb128 0xf
 644 027b CD000000 		.4byte	0xcd
 645 027f 07       		.byte	0x7
 646 0280 00       		.byte	0
 647 0281 10       		.uleb128 0x10
 648 0282 71010000 		.4byte	.LASF26
 649 0286 01       		.byte	0x1
 650 0287 40       		.byte	0x40
 651 0288 71020000 		.4byte	0x271
 652 028c 05       		.uleb128 0x5
 653 028d 03       		.byte	0x3
 654 028e 10000000 		.4byte	AnalogData
 655 0292 0E       		.uleb128 0xe
 656 0293 99000000 		.4byte	0x99
 657 0297 A2020000 		.4byte	0x2a2
 658 029b 0F       		.uleb128 0xf
 659 029c CD000000 		.4byte	0xcd
 660 02a0 0A       		.byte	0xa
 661 02a1 00       		.byte	0
ARM GAS  C:\Users\Alex\AppData\Local\Temp\cco8n8w3.s 			page 16


 662 02a2 10       		.uleb128 0x10
 663 02a3 32000000 		.4byte	.LASF27
 664 02a7 01       		.byte	0x1
 665 02a8 41       		.byte	0x41
 666 02a9 92020000 		.4byte	0x292
 667 02ad 05       		.uleb128 0x5
 668 02ae 03       		.byte	0x3
 669 02af 00000000 		.4byte	USB_Input_Data
 670 02b3 0E       		.uleb128 0xe
 671 02b4 81000000 		.4byte	0x81
 672 02b8 C3020000 		.4byte	0x2c3
 673 02bc 0F       		.uleb128 0xf
 674 02bd CD000000 		.4byte	0xcd
 675 02c1 01       		.byte	0x1
 676 02c2 00       		.byte	0
 677 02c3 10       		.uleb128 0x10
 678 02c4 89010000 		.4byte	.LASF28
 679 02c8 01       		.byte	0x1
 680 02c9 42       		.byte	0x42
 681 02ca B3020000 		.4byte	0x2b3
 682 02ce 05       		.uleb128 0x5
 683 02cf 03       		.byte	0x3
 684 02d0 0C000000 		.4byte	USB_Output_Data
 685 02d4 11       		.uleb128 0x11
 686 02d5 7C010000 		.4byte	.LASF48
 687 02d9 0E       		.byte	0xe
 688 02da 1207     		.2byte	0x712
 689 02dc E0020000 		.4byte	0x2e0
 690 02e0 12       		.uleb128 0x12
 691 02e1 76000000 		.4byte	0x76
 692 02e5 13       		.uleb128 0x13
 693 02e6 F3010000 		.4byte	.LASF29
 694 02ea F3010000 		.4byte	.LASF29
 695 02ee 05       		.byte	0x5
 696 02ef 31       		.byte	0x31
 697 02f0 13       		.uleb128 0x13
 698 02f1 51030000 		.4byte	.LASF30
 699 02f5 51030000 		.4byte	.LASF30
 700 02f9 05       		.byte	0x5
 701 02fa A1       		.byte	0xa1
 702 02fb 14       		.uleb128 0x14
 703 02fc 00000000 		.4byte	.LASF31
 704 0300 00000000 		.4byte	.LASF31
 705 0304 06       		.byte	0x6
 706 0305 2F01     		.2byte	0x12f
 707 0307 14       		.uleb128 0x14
 708 0308 41000000 		.4byte	.LASF32
 709 030c 41000000 		.4byte	.LASF32
 710 0310 06       		.byte	0x6
 711 0311 3201     		.2byte	0x132
 712 0313 14       		.uleb128 0x14
 713 0314 72000000 		.4byte	.LASF33
 714 0318 72000000 		.4byte	.LASF33
 715 031c 06       		.byte	0x6
 716 031d 3701     		.2byte	0x137
 717 031f 14       		.uleb128 0x14
 718 0320 89020000 		.4byte	.LASF34
ARM GAS  C:\Users\Alex\AppData\Local\Temp\cco8n8w3.s 			page 17


 719 0324 89020000 		.4byte	.LASF34
 720 0328 06       		.byte	0x6
 721 0329 3B01     		.2byte	0x13b
 722 032b 13       		.uleb128 0x13
 723 032c 35010000 		.4byte	.LASF35
 724 0330 35010000 		.4byte	.LASF35
 725 0334 07       		.byte	0x7
 726 0335 54       		.byte	0x54
 727 0336 13       		.uleb128 0x13
 728 0337 99010000 		.4byte	.LASF36
 729 033b 99010000 		.4byte	.LASF36
 730 033f 07       		.byte	0x7
 731 0340 8A       		.byte	0x8a
 732 0341 13       		.uleb128 0x13
 733 0342 6B030000 		.4byte	.LASF37
 734 0346 6B030000 		.4byte	.LASF37
 735 034a 08       		.byte	0x8
 736 034b 76       		.byte	0x76
 737 034c 13       		.uleb128 0x13
 738 034d 5A000000 		.4byte	.LASF38
 739 0351 5A000000 		.4byte	.LASF38
 740 0355 05       		.byte	0x5
 741 0356 35       		.byte	0x35
 742 0357 13       		.uleb128 0x13
 743 0358 0E000000 		.4byte	.LASF39
 744 035c 0E000000 		.4byte	.LASF39
 745 0360 09       		.byte	0x9
 746 0361 30       		.byte	0x30
 747 0362 13       		.uleb128 0x13
 748 0363 25010000 		.4byte	.LASF40
 749 0367 25010000 		.4byte	.LASF40
 750 036b 0A       		.byte	0xa
 751 036c 30       		.byte	0x30
 752 036d 13       		.uleb128 0x13
 753 036e 09020000 		.4byte	.LASF41
 754 0372 09020000 		.4byte	.LASF41
 755 0376 0B       		.byte	0xb
 756 0377 30       		.byte	0x30
 757 0378 13       		.uleb128 0x13
 758 0379 38030000 		.4byte	.LASF42
 759 037d 38030000 		.4byte	.LASF42
 760 0381 0C       		.byte	0xc
 761 0382 2F       		.byte	0x2f
 762 0383 13       		.uleb128 0x13
 763 0384 78020000 		.4byte	.LASF43
 764 0388 78020000 		.4byte	.LASF43
 765 038c 0D       		.byte	0xd
 766 038d 2F       		.byte	0x2f
 767 038e 00       		.byte	0
 768              		.section	.debug_abbrev,"",%progbits
 769              	.Ldebug_abbrev0:
 770 0000 01       		.uleb128 0x1
 771 0001 11       		.uleb128 0x11
 772 0002 01       		.byte	0x1
 773 0003 25       		.uleb128 0x25
 774 0004 0E       		.uleb128 0xe
 775 0005 13       		.uleb128 0x13
ARM GAS  C:\Users\Alex\AppData\Local\Temp\cco8n8w3.s 			page 18


 776 0006 0B       		.uleb128 0xb
 777 0007 03       		.uleb128 0x3
 778 0008 0E       		.uleb128 0xe
 779 0009 1B       		.uleb128 0x1b
 780 000a 0E       		.uleb128 0xe
 781 000b 55       		.uleb128 0x55
 782 000c 17       		.uleb128 0x17
 783 000d 11       		.uleb128 0x11
 784 000e 01       		.uleb128 0x1
 785 000f 10       		.uleb128 0x10
 786 0010 17       		.uleb128 0x17
 787 0011 00       		.byte	0
 788 0012 00       		.byte	0
 789 0013 02       		.uleb128 0x2
 790 0014 24       		.uleb128 0x24
 791 0015 00       		.byte	0
 792 0016 0B       		.uleb128 0xb
 793 0017 0B       		.uleb128 0xb
 794 0018 3E       		.uleb128 0x3e
 795 0019 0B       		.uleb128 0xb
 796 001a 03       		.uleb128 0x3
 797 001b 0E       		.uleb128 0xe
 798 001c 00       		.byte	0
 799 001d 00       		.byte	0
 800 001e 03       		.uleb128 0x3
 801 001f 16       		.uleb128 0x16
 802 0020 00       		.byte	0
 803 0021 03       		.uleb128 0x3
 804 0022 0E       		.uleb128 0xe
 805 0023 3A       		.uleb128 0x3a
 806 0024 0B       		.uleb128 0xb
 807 0025 3B       		.uleb128 0x3b
 808 0026 0B       		.uleb128 0xb
 809 0027 49       		.uleb128 0x49
 810 0028 13       		.uleb128 0x13
 811 0029 00       		.byte	0
 812 002a 00       		.byte	0
 813 002b 04       		.uleb128 0x4
 814 002c 24       		.uleb128 0x24
 815 002d 00       		.byte	0
 816 002e 0B       		.uleb128 0xb
 817 002f 0B       		.uleb128 0xb
 818 0030 3E       		.uleb128 0x3e
 819 0031 0B       		.uleb128 0xb
 820 0032 03       		.uleb128 0x3
 821 0033 08       		.uleb128 0x8
 822 0034 00       		.byte	0
 823 0035 00       		.byte	0
 824 0036 05       		.uleb128 0x5
 825 0037 16       		.uleb128 0x16
 826 0038 00       		.byte	0
 827 0039 03       		.uleb128 0x3
 828 003a 0E       		.uleb128 0xe
 829 003b 3A       		.uleb128 0x3a
 830 003c 0B       		.uleb128 0xb
 831 003d 3B       		.uleb128 0x3b
 832 003e 05       		.uleb128 0x5
ARM GAS  C:\Users\Alex\AppData\Local\Temp\cco8n8w3.s 			page 19


 833 003f 49       		.uleb128 0x49
 834 0040 13       		.uleb128 0x13
 835 0041 00       		.byte	0
 836 0042 00       		.byte	0
 837 0043 06       		.uleb128 0x6
 838 0044 2E       		.uleb128 0x2e
 839 0045 01       		.byte	0x1
 840 0046 3F       		.uleb128 0x3f
 841 0047 19       		.uleb128 0x19
 842 0048 03       		.uleb128 0x3
 843 0049 0E       		.uleb128 0xe
 844 004a 3A       		.uleb128 0x3a
 845 004b 0B       		.uleb128 0xb
 846 004c 3B       		.uleb128 0x3b
 847 004d 0B       		.uleb128 0xb
 848 004e 27       		.uleb128 0x27
 849 004f 19       		.uleb128 0x19
 850 0050 11       		.uleb128 0x11
 851 0051 01       		.uleb128 0x1
 852 0052 12       		.uleb128 0x12
 853 0053 06       		.uleb128 0x6
 854 0054 40       		.uleb128 0x40
 855 0055 18       		.uleb128 0x18
 856 0056 9742     		.uleb128 0x2117
 857 0058 19       		.uleb128 0x19
 858 0059 01       		.uleb128 0x1
 859 005a 13       		.uleb128 0x13
 860 005b 00       		.byte	0
 861 005c 00       		.byte	0
 862 005d 07       		.uleb128 0x7
 863 005e 34       		.uleb128 0x34
 864 005f 00       		.byte	0
 865 0060 03       		.uleb128 0x3
 866 0061 08       		.uleb128 0x8
 867 0062 3A       		.uleb128 0x3a
 868 0063 0B       		.uleb128 0xb
 869 0064 3B       		.uleb128 0x3b
 870 0065 0B       		.uleb128 0xb
 871 0066 49       		.uleb128 0x49
 872 0067 13       		.uleb128 0x13
 873 0068 02       		.uleb128 0x2
 874 0069 17       		.uleb128 0x17
 875 006a 00       		.byte	0
 876 006b 00       		.byte	0
 877 006c 08       		.uleb128 0x8
 878 006d 898201   		.uleb128 0x4109
 879 0070 00       		.byte	0
 880 0071 11       		.uleb128 0x11
 881 0072 01       		.uleb128 0x1
 882 0073 31       		.uleb128 0x31
 883 0074 13       		.uleb128 0x13
 884 0075 00       		.byte	0
 885 0076 00       		.byte	0
 886 0077 09       		.uleb128 0x9
 887 0078 898201   		.uleb128 0x4109
 888 007b 01       		.byte	0x1
 889 007c 11       		.uleb128 0x11
ARM GAS  C:\Users\Alex\AppData\Local\Temp\cco8n8w3.s 			page 20


 890 007d 01       		.uleb128 0x1
 891 007e 31       		.uleb128 0x31
 892 007f 13       		.uleb128 0x13
 893 0080 01       		.uleb128 0x1
 894 0081 13       		.uleb128 0x13
 895 0082 00       		.byte	0
 896 0083 00       		.byte	0
 897 0084 0A       		.uleb128 0xa
 898 0085 8A8201   		.uleb128 0x410a
 899 0088 00       		.byte	0
 900 0089 02       		.uleb128 0x2
 901 008a 18       		.uleb128 0x18
 902 008b 9142     		.uleb128 0x2111
 903 008d 18       		.uleb128 0x18
 904 008e 00       		.byte	0
 905 008f 00       		.byte	0
 906 0090 0B       		.uleb128 0xb
 907 0091 898201   		.uleb128 0x4109
 908 0094 01       		.byte	0x1
 909 0095 11       		.uleb128 0x11
 910 0096 01       		.uleb128 0x1
 911 0097 31       		.uleb128 0x31
 912 0098 13       		.uleb128 0x13
 913 0099 00       		.byte	0
 914 009a 00       		.byte	0
 915 009b 0C       		.uleb128 0xc
 916 009c 2E       		.uleb128 0x2e
 917 009d 01       		.byte	0x1
 918 009e 3F       		.uleb128 0x3f
 919 009f 19       		.uleb128 0x19
 920 00a0 03       		.uleb128 0x3
 921 00a1 0E       		.uleb128 0xe
 922 00a2 3A       		.uleb128 0x3a
 923 00a3 0B       		.uleb128 0xb
 924 00a4 3B       		.uleb128 0x3b
 925 00a5 0B       		.uleb128 0xb
 926 00a6 49       		.uleb128 0x49
 927 00a7 13       		.uleb128 0x13
 928 00a8 8701     		.uleb128 0x87
 929 00aa 19       		.uleb128 0x19
 930 00ab 11       		.uleb128 0x11
 931 00ac 01       		.uleb128 0x1
 932 00ad 12       		.uleb128 0x12
 933 00ae 06       		.uleb128 0x6
 934 00af 40       		.uleb128 0x40
 935 00b0 18       		.uleb128 0x18
 936 00b1 9742     		.uleb128 0x2117
 937 00b3 19       		.uleb128 0x19
 938 00b4 01       		.uleb128 0x1
 939 00b5 13       		.uleb128 0x13
 940 00b6 00       		.byte	0
 941 00b7 00       		.byte	0
 942 00b8 0D       		.uleb128 0xd
 943 00b9 34       		.uleb128 0x34
 944 00ba 00       		.byte	0
 945 00bb 03       		.uleb128 0x3
 946 00bc 0E       		.uleb128 0xe
ARM GAS  C:\Users\Alex\AppData\Local\Temp\cco8n8w3.s 			page 21


 947 00bd 3A       		.uleb128 0x3a
 948 00be 0B       		.uleb128 0xb
 949 00bf 3B       		.uleb128 0x3b
 950 00c0 0B       		.uleb128 0xb
 951 00c1 49       		.uleb128 0x49
 952 00c2 13       		.uleb128 0x13
 953 00c3 00       		.byte	0
 954 00c4 00       		.byte	0
 955 00c5 0E       		.uleb128 0xe
 956 00c6 01       		.uleb128 0x1
 957 00c7 01       		.byte	0x1
 958 00c8 49       		.uleb128 0x49
 959 00c9 13       		.uleb128 0x13
 960 00ca 01       		.uleb128 0x1
 961 00cb 13       		.uleb128 0x13
 962 00cc 00       		.byte	0
 963 00cd 00       		.byte	0
 964 00ce 0F       		.uleb128 0xf
 965 00cf 21       		.uleb128 0x21
 966 00d0 00       		.byte	0
 967 00d1 49       		.uleb128 0x49
 968 00d2 13       		.uleb128 0x13
 969 00d3 2F       		.uleb128 0x2f
 970 00d4 0B       		.uleb128 0xb
 971 00d5 00       		.byte	0
 972 00d6 00       		.byte	0
 973 00d7 10       		.uleb128 0x10
 974 00d8 34       		.uleb128 0x34
 975 00d9 00       		.byte	0
 976 00da 03       		.uleb128 0x3
 977 00db 0E       		.uleb128 0xe
 978 00dc 3A       		.uleb128 0x3a
 979 00dd 0B       		.uleb128 0xb
 980 00de 3B       		.uleb128 0x3b
 981 00df 0B       		.uleb128 0xb
 982 00e0 49       		.uleb128 0x49
 983 00e1 13       		.uleb128 0x13
 984 00e2 02       		.uleb128 0x2
 985 00e3 18       		.uleb128 0x18
 986 00e4 00       		.byte	0
 987 00e5 00       		.byte	0
 988 00e6 11       		.uleb128 0x11
 989 00e7 34       		.uleb128 0x34
 990 00e8 00       		.byte	0
 991 00e9 03       		.uleb128 0x3
 992 00ea 0E       		.uleb128 0xe
 993 00eb 3A       		.uleb128 0x3a
 994 00ec 0B       		.uleb128 0xb
 995 00ed 3B       		.uleb128 0x3b
 996 00ee 05       		.uleb128 0x5
 997 00ef 49       		.uleb128 0x49
 998 00f0 13       		.uleb128 0x13
 999 00f1 3F       		.uleb128 0x3f
 1000 00f2 19       		.uleb128 0x19
 1001 00f3 3C       		.uleb128 0x3c
 1002 00f4 19       		.uleb128 0x19
 1003 00f5 00       		.byte	0
ARM GAS  C:\Users\Alex\AppData\Local\Temp\cco8n8w3.s 			page 22


 1004 00f6 00       		.byte	0
 1005 00f7 12       		.uleb128 0x12
 1006 00f8 35       		.uleb128 0x35
 1007 00f9 00       		.byte	0
 1008 00fa 49       		.uleb128 0x49
 1009 00fb 13       		.uleb128 0x13
 1010 00fc 00       		.byte	0
 1011 00fd 00       		.byte	0
 1012 00fe 13       		.uleb128 0x13
 1013 00ff 2E       		.uleb128 0x2e
 1014 0100 00       		.byte	0
 1015 0101 3F       		.uleb128 0x3f
 1016 0102 19       		.uleb128 0x19
 1017 0103 3C       		.uleb128 0x3c
 1018 0104 19       		.uleb128 0x19
 1019 0105 6E       		.uleb128 0x6e
 1020 0106 0E       		.uleb128 0xe
 1021 0107 03       		.uleb128 0x3
 1022 0108 0E       		.uleb128 0xe
 1023 0109 3A       		.uleb128 0x3a
 1024 010a 0B       		.uleb128 0xb
 1025 010b 3B       		.uleb128 0x3b
 1026 010c 0B       		.uleb128 0xb
 1027 010d 00       		.byte	0
 1028 010e 00       		.byte	0
 1029 010f 14       		.uleb128 0x14
 1030 0110 2E       		.uleb128 0x2e
 1031 0111 00       		.byte	0
 1032 0112 3F       		.uleb128 0x3f
 1033 0113 19       		.uleb128 0x19
 1034 0114 3C       		.uleb128 0x3c
 1035 0115 19       		.uleb128 0x19
 1036 0116 6E       		.uleb128 0x6e
 1037 0117 0E       		.uleb128 0xe
 1038 0118 03       		.uleb128 0x3
 1039 0119 0E       		.uleb128 0xe
 1040 011a 3A       		.uleb128 0x3a
 1041 011b 0B       		.uleb128 0xb
 1042 011c 3B       		.uleb128 0x3b
 1043 011d 05       		.uleb128 0x5
 1044 011e 00       		.byte	0
 1045 011f 00       		.byte	0
 1046 0120 00       		.byte	0
 1047              		.section	.debug_loc,"",%progbits
 1048              	.Ldebug_loc0:
 1049              	.LLST0:
 1050 0000 02000000 		.4byte	.LVL0
 1051 0004 06000000 		.4byte	.LVL1
 1052 0008 0200     		.2byte	0x2
 1053 000a 30       		.byte	0x30
 1054 000b 9F       		.byte	0x9f
 1055 000c 06000000 		.4byte	.LVL1
 1056 0010 0E000000 		.4byte	.LVL2
 1057 0014 0100     		.2byte	0x1
 1058 0016 53       		.byte	0x53
 1059 0017 10000000 		.4byte	.LVL3
 1060 001b 16000000 		.4byte	.LVL4
ARM GAS  C:\Users\Alex\AppData\Local\Temp\cco8n8w3.s 			page 23


 1061 001f 0100     		.2byte	0x1
 1062 0021 53       		.byte	0x53
 1063 0022 18000000 		.4byte	.LVL5
 1064 0026 22000000 		.4byte	.LVL6
 1065 002a 0100     		.2byte	0x1
 1066 002c 53       		.byte	0x53
 1067 002d 24000000 		.4byte	.LVL7
 1068 0031 2D000000 		.4byte	.LVL8-1
 1069 0035 0100     		.2byte	0x1
 1070 0037 53       		.byte	0x53
 1071 0038 00000000 		.4byte	0
 1072 003c 00000000 		.4byte	0
 1073              	.LLST1:
 1074 0040 02000000 		.4byte	.LVL19
 1075 0044 06000000 		.4byte	.LVL20
 1076 0048 0200     		.2byte	0x2
 1077 004a 30       		.byte	0x30
 1078 004b 9F       		.byte	0x9f
 1079 004c 06000000 		.4byte	.LVL20
 1080 0050 56000000 		.4byte	.LVL22
 1081 0054 0100     		.2byte	0x1
 1082 0056 54       		.byte	0x54
 1083 0057 58000000 		.4byte	.LVL23
 1084 005b 5E000000 		.4byte	.LVL24
 1085 005f 0100     		.2byte	0x1
 1086 0061 54       		.byte	0x54
 1087 0062 00000000 		.4byte	0
 1088 0066 00000000 		.4byte	0
 1089              		.section	.debug_aranges,"",%progbits
 1090 0000 3C000000 		.4byte	0x3c
 1091 0004 0200     		.2byte	0x2
 1092 0006 00000000 		.4byte	.Ldebug_info0
 1093 000a 04       		.byte	0x4
 1094 000b 00       		.byte	0
 1095 000c 0000     		.2byte	0
 1096 000e 0000     		.2byte	0
 1097 0010 00000000 		.4byte	.LFB65
 1098 0014 58000000 		.4byte	.LFE65-.LFB65
 1099 0018 00000000 		.4byte	.LFB64
 1100 001c 20000000 		.4byte	.LFE64-.LFB64
 1101 0020 00000000 		.4byte	.LFB66
 1102 0024 64000000 		.4byte	.LFE66-.LFB66
 1103 0028 00000000 		.4byte	.LFB67
 1104 002c 1C000000 		.4byte	.LFE67-.LFB67
 1105 0030 00000000 		.4byte	.LFB68
 1106 0034 18000000 		.4byte	.LFE68-.LFB68
 1107 0038 00000000 		.4byte	0
 1108 003c 00000000 		.4byte	0
 1109              		.section	.debug_ranges,"",%progbits
 1110              	.Ldebug_ranges0:
 1111 0000 00000000 		.4byte	.LFB65
 1112 0004 58000000 		.4byte	.LFE65
 1113 0008 00000000 		.4byte	.LFB64
 1114 000c 20000000 		.4byte	.LFE64
 1115 0010 00000000 		.4byte	.LFB66
 1116 0014 64000000 		.4byte	.LFE66
 1117 0018 00000000 		.4byte	.LFB67
ARM GAS  C:\Users\Alex\AppData\Local\Temp\cco8n8w3.s 			page 24


 1118 001c 1C000000 		.4byte	.LFE67
 1119 0020 00000000 		.4byte	.LFB68
 1120 0024 18000000 		.4byte	.LFE68
 1121 0028 00000000 		.4byte	0
 1122 002c 00000000 		.4byte	0
 1123              		.section	.debug_line,"",%progbits
 1124              	.Ldebug_line0:
 1125 0000 80020000 		.section	.debug_str,"MS",%progbits,1
 1125      0200CD01 
 1125      00000201 
 1125      FB0E0D00 
 1125      01010101 
 1126              	.LASF31:
 1127 0000 55534246 		.ascii	"USBFS_1_Start\000"
 1127      535F315F 
 1127      53746172 
 1127      7400
 1128              	.LASF39:
 1129 000e 42757474 		.ascii	"ButtonReg1_Read\000"
 1129      6F6E5265 
 1129      67315F52 
 1129      65616400 
 1130              	.LASF9:
 1131 001e 5F5F696E 		.ascii	"__int32_t\000"
 1131      7433325F 
 1131      7400
 1132              	.LASF25:
 1133 0028 416E616C 		.ascii	"AnalogRaw\000"
 1133      6F675261 
 1133      7700
 1134              	.LASF27:
 1135 0032 5553425F 		.ascii	"USB_Input_Data\000"
 1135      496E7075 
 1135      745F4461 
 1135      746100
 1136              	.LASF32:
 1137 0041 55534246 		.ascii	"USBFS_1_GetConfiguration\000"
 1137      535F315F 
 1137      47657443 
 1137      6F6E6669 
 1137      67757261 
 1138              	.LASF38:
 1139 005a 4144435F 		.ascii	"ADC_GetResult16\000"
 1139      47657452 
 1139      6573756C 
 1139      74313600 
 1140              	.LASF10:
 1141 006a 696E7433 		.ascii	"int32_t\000"
 1141      325F7400 
 1142              	.LASF33:
 1143 0072 55534246 		.ascii	"USBFS_1_LoadInEP\000"
 1143      535F315F 
 1143      4C6F6164 
 1143      496E4550 
 1143      00
 1144              	.LASF15:
 1145 0083 666C6F61 		.ascii	"float\000"
ARM GAS  C:\Users\Alex\AppData\Local\Temp\cco8n8w3.s 			page 25


 1145      7400
 1146              	.LASF1:
 1147 0089 756E7369 		.ascii	"unsigned char\000"
 1147      676E6564 
 1147      20636861 
 1147      7200
 1148              	.LASF44:
 1149 0097 474E5520 		.ascii	"GNU C11 5.4.1 20160609 (release) [ARM/embedded-5-br"
 1149      43313120 
 1149      352E342E 
 1149      31203230 
 1149      31363036 
 1150 00ca 616E6368 		.ascii	"anch revision 237715] -mcpu=cortex-m3 -mthumb -g -O"
 1150      20726576 
 1150      6973696F 
 1150      6E203233 
 1150      37373135 
 1151 00fd 67202D66 		.ascii	"g -ffunction-sections -ffat-lto-objects\000"
 1151      66756E63 
 1151      74696F6E 
 1151      2D736563 
 1151      74696F6E 
 1152              	.LASF40:
 1153 0125 42757474 		.ascii	"ButtonReg2_Read\000"
 1153      6F6E5265 
 1153      67325F52 
 1153      65616400 
 1154              	.LASF35:
 1155 0135 44454255 		.ascii	"DEBUG_UART_Start\000"
 1155      475F5541 
 1155      52545F53 
 1155      74617274 
 1155      00
 1156              	.LASF14:
 1157 0146 696E7431 		.ascii	"int16\000"
 1157      3600
 1158              	.LASF5:
 1159 014c 6C6F6E67 		.ascii	"long unsigned int\000"
 1159      20756E73 
 1159      69676E65 
 1159      6420696E 
 1159      7400
 1160              	.LASF3:
 1161 015e 73686F72 		.ascii	"short unsigned int\000"
 1161      7420756E 
 1161      7369676E 
 1161      65642069 
 1161      6E7400
 1162              	.LASF26:
 1163 0171 416E616C 		.ascii	"AnalogData\000"
 1163      6F674461 
 1163      746100
 1164              	.LASF48:
 1165 017c 49544D5F 		.ascii	"ITM_RxBuffer\000"
 1165      52784275 
 1165      66666572 
 1165      00
ARM GAS  C:\Users\Alex\AppData\Local\Temp\cco8n8w3.s 			page 26


 1166              	.LASF28:
 1167 0189 5553425F 		.ascii	"USB_Output_Data\000"
 1167      4F757470 
 1167      75745F44 
 1167      61746100 
 1168              	.LASF36:
 1169 0199 44454255 		.ascii	"DEBUG_UART_PutChar\000"
 1169      475F5541 
 1169      52545F50 
 1169      75744368 
 1169      617200
 1170              	.LASF16:
 1171 01ac 646F7562 		.ascii	"double\000"
 1171      6C6500
 1172              	.LASF47:
 1173 01b3 6D61696E 		.ascii	"main\000"
 1173      00
 1174              	.LASF12:
 1175 01b8 75696E74 		.ascii	"uint16\000"
 1175      313600
 1176              	.LASF13:
 1177 01bf 696E7438 		.ascii	"int8\000"
 1177      00
 1178              	.LASF21:
 1179 01c4 52656164 		.ascii	"ReadAnalog\000"
 1179      416E616C 
 1179      6F6700
 1180              	.LASF8:
 1181 01cf 756E7369 		.ascii	"unsigned int\000"
 1181      676E6564 
 1181      20696E74 
 1181      00
 1182              	.LASF7:
 1183 01dc 6C6F6E67 		.ascii	"long long unsigned int\000"
 1183      206C6F6E 
 1183      6720756E 
 1183      7369676E 
 1183      65642069 
 1184              	.LASF29:
 1185 01f3 4144435F 		.ascii	"ADC_Start\000"
 1185      53746172 
 1185      7400
 1186              	.LASF0:
 1187 01fd 7369676E 		.ascii	"signed char\000"
 1187      65642063 
 1187      68617200 
 1188              	.LASF41:
 1189 0209 42757474 		.ascii	"ButtonReg3_Read\000"
 1189      6F6E5265 
 1189      67335F52 
 1189      65616400 
 1190              	.LASF18:
 1191 0219 6C6F6E67 		.ascii	"long double\000"
 1191      20646F75 
 1191      626C6500 
 1192              	.LASF19:
 1193 0225 73697A65 		.ascii	"sizetype\000"
ARM GAS  C:\Users\Alex\AppData\Local\Temp\cco8n8w3.s 			page 27


 1193      74797065 
 1193      00
 1194              	.LASF6:
 1195 022e 6C6F6E67 		.ascii	"long long int\000"
 1195      206C6F6E 
 1195      6720696E 
 1195      7400
 1196              	.LASF45:
 1197 023c 6D61696E 		.ascii	"main.c\000"
 1197      2E6300
 1198              	.LASF17:
 1199 0243 63686172 		.ascii	"char\000"
 1199      00
 1200              	.LASF22:
 1201 0248 52656164 		.ascii	"ReadButtons\000"
 1201      42757474 
 1201      6F6E7300 
 1202              	.LASF23:
 1203 0254 5365744F 		.ascii	"SetOutputs\000"
 1203      75747075 
 1203      747300
 1204              	.LASF2:
 1205 025f 73686F72 		.ascii	"short int\000"
 1205      7420696E 
 1205      7400
 1206              	.LASF11:
 1207 0269 75696E74 		.ascii	"uint8\000"
 1207      3800
 1208              	.LASF4:
 1209 026f 6C6F6E67 		.ascii	"long int\000"
 1209      20696E74 
 1209      00
 1210              	.LASF43:
 1211 0278 4F757470 		.ascii	"OutputReg2_Write\000"
 1211      75745265 
 1211      67325F57 
 1211      72697465 
 1211      00
 1212              	.LASF34:
 1213 0289 55534246 		.ascii	"USBFS_1_EnableOutEP\000"
 1213      535F315F 
 1213      456E6162 
 1213      6C654F75 
 1213      74455000 
 1214              	.LASF46:
 1215 029d 503A5C4D 		.ascii	"P:\\My_Documents\\business\\Prometheus_EducationLLC"
 1215      795F446F 
 1215      63756D65 
 1215      6E74735C 
 1215      62757369 
 1216 02cd 5C547574 		.ascii	"\\Tutorials\\MCU101_Cypresss\\SW_Working_Directory\\"
 1216      6F726961 
 1216      6C735C4D 
 1216      43553130 
 1216      315F4379 
 1217 02fd 4D435531 		.ascii	"MCU101_Cypress_PSOC5_Labs\\CyController\\CyControll"
 1217      30315F43 
ARM GAS  C:\Users\Alex\AppData\Local\Temp\cco8n8w3.s 			page 28


 1217      79707265 
 1217      73735F50 
 1217      534F4335 
 1218 032e 6572312E 		.ascii	"er1.cydsn\000"
 1218      63796473 
 1218      6E00
 1219              	.LASF42:
 1220 0338 4F757470 		.ascii	"OutputReg1_Write\000"
 1220      75745265 
 1220      67315F57 
 1220      72697465 
 1220      00
 1221              	.LASF20:
 1222 0349 53746172 		.ascii	"StartUp\000"
 1222      74557000 
 1223              	.LASF30:
 1224 0351 4144435F 		.ascii	"ADC_StartConvert\000"
 1224      53746172 
 1224      74436F6E 
 1224      76657274 
 1224      00
 1225              	.LASF24:
 1226 0362 6F757443 		.ascii	"outCount\000"
 1226      6F756E74 
 1226      00
 1227              	.LASF37:
 1228 036b 43794465 		.ascii	"CyDelay\000"
 1228      6C617900 
 1229              		.ident	"GCC: (GNU Tools for ARM Embedded Processors) 5.4.1 20160609 (release) [ARM/embedded-5-bran
