ARM GAS  C:\Users\Alex\AppData\Local\Temp\ccMSJP0Z.s 			page 1


   1              		.syntax unified
   2              		.cpu cortex-m3
   3              		.fpu softvfp
   4              		.eabi_attribute 20, 1
   5              		.eabi_attribute 21, 1
   6              		.eabi_attribute 23, 3
   7              		.eabi_attribute 24, 1
   8              		.eabi_attribute 25, 1
   9              		.eabi_attribute 26, 1
  10              		.eabi_attribute 30, 1
  11              		.eabi_attribute 34, 1
  12              		.eabi_attribute 18, 4
  13              		.thumb
  14              		.syntax unified
  15              		.file	"uart_handler.c"
  16              		.text
  17              	.Ltext0:
  18              		.cfi_sections	.debug_frame
  19              		.section	.text.uart_put_hex_32bit,"ax",%progbits
  20              		.align	2
  21              		.global	uart_put_hex_32bit
  22              		.thumb
  23              		.thumb_func
  24              		.type	uart_put_hex_32bit, %function
  25              	uart_put_hex_32bit:
  26              	.LFB63:
  27              		.file 1 "uart_handler.c"
   1:uart_handler.c **** /* ========================================
   2:uart_handler.c ****  *
   3:uart_handler.c ****  * Copyright YOUR COMPANY, THE YEAR
   4:uart_handler.c ****  * All Rights Reserved
   5:uart_handler.c ****  * UNPUBLISHED, LICENSED SOFTWARE.
   6:uart_handler.c ****  *
   7:uart_handler.c ****  * CONFIDENTIAL AND PROPRIETARY INFORMATION
   8:uart_handler.c ****  * WHICH IS THE PROPERTY OF your company.
   9:uart_handler.c ****  *
  10:uart_handler.c ****  * ========================================
  11:uart_handler.c **** */
  12:uart_handler.c **** 
  13:uart_handler.c **** #include <project.h>
  14:uart_handler.c **** #include "uart_handler.h"
  15:uart_handler.c **** 
  16:uart_handler.c **** void uart_put_hex_32bit(uint32_t data)
  17:uart_handler.c **** {
  28              		.loc 1 17 0
  29              		.cfi_startproc
  30              		@ args = 0, pretend = 0, frame = 0
  31              		@ frame_needed = 0, uses_anonymous_args = 0
  32              	.LVL0:
  33 0000 2DE9F047 		push	{r4, r5, r6, r7, r8, r9, r10, lr}
  34              		.cfi_def_cfa_offset 32
  35              		.cfi_offset 4, -32
  36              		.cfi_offset 5, -28
  37              		.cfi_offset 6, -24
  38              		.cfi_offset 7, -20
  39              		.cfi_offset 8, -16
  40              		.cfi_offset 9, -12
ARM GAS  C:\Users\Alex\AppData\Local\Temp\ccMSJP0Z.s 			page 2


  41              		.cfi_offset 10, -8
  42              		.cfi_offset 14, -4
  43 0004 0346     		mov	r3, r0
  44              	.LVL1:
  18:uart_handler.c ****     uint8_t num_0 = 0;
  19:uart_handler.c ****     uint8_t num_1 = 0;
  20:uart_handler.c ****     uint8_t num_2 = 0;
  21:uart_handler.c ****     uint8_t num_3 = 0;
  22:uart_handler.c ****     uint8_t num_4 = 0;
  23:uart_handler.c ****     uint8_t num_5 = 0;
  24:uart_handler.c ****     uint8_t num_6 = 0;
  25:uart_handler.c ****     uint8_t num_7 = 0;
  26:uart_handler.c ****     
  27:uart_handler.c ****     num_7 = (uint8_t)((data >> 28)) & 0x0f;
  45              		.loc 1 27 0
  46 0006 000F     		lsrs	r0, r0, #28
  47              	.LVL2:
  28:uart_handler.c ****     
  29:uart_handler.c ****     if( num_7 <= 9)
  48              		.loc 1 29 0
  49 0008 0928     		cmp	r0, #9
  50 000a 01D8     		bhi	.L2
  30:uart_handler.c ****     {
  31:uart_handler.c ****         num_7 = (uint8_t)(num_7 + 48);
  51              		.loc 1 31 0
  52 000c 3030     		adds	r0, r0, #48
  53              	.LVL3:
  54 000e 00E0     		b	.L3
  55              	.L2:
  32:uart_handler.c ****     }
  33:uart_handler.c ****     else
  34:uart_handler.c ****     {
  35:uart_handler.c ****         num_7 = (uint8_t)(num_7 + 55);
  56              		.loc 1 35 0
  57 0010 3730     		adds	r0, r0, #55
  58              	.LVL4:
  59              	.L3:
  36:uart_handler.c ****     }
  37:uart_handler.c ****     
  38:uart_handler.c ****     num_6 = (uint8_t)((data >> 24)) & 0x0f;
  60              		.loc 1 38 0
  61 0012 C3F30369 		ubfx	r9, r3, #24, #4
  62              	.LVL5:
  39:uart_handler.c ****     
  40:uart_handler.c ****     if( num_6 <= 9)
  63              		.loc 1 40 0
  64 0016 B9F1090F 		cmp	r9, #9
  65 001a 02D8     		bhi	.L4
  41:uart_handler.c ****     {
  42:uart_handler.c ****         num_6 = (uint8_t)(num_6 + 48);
  66              		.loc 1 42 0
  67 001c 09F13009 		add	r9, r9, #48
  68              	.LVL6:
  69 0020 01E0     		b	.L5
  70              	.L4:
  43:uart_handler.c ****     }
  44:uart_handler.c ****     else
ARM GAS  C:\Users\Alex\AppData\Local\Temp\ccMSJP0Z.s 			page 3


  45:uart_handler.c ****     {
  46:uart_handler.c ****         num_6 = (uint8_t)(num_6 + 55);
  71              		.loc 1 46 0
  72 0022 09F13709 		add	r9, r9, #55
  73              	.LVL7:
  74              	.L5:
  47:uart_handler.c ****     }
  48:uart_handler.c ****     
  49:uart_handler.c ****     num_5 = (uint8_t)((data >> 20)) & 0x0f;
  75              		.loc 1 49 0
  76 0026 C3F30358 		ubfx	r8, r3, #20, #4
  77              	.LVL8:
  50:uart_handler.c ****     
  51:uart_handler.c ****     if( num_5 <=9)
  78              		.loc 1 51 0
  79 002a B8F1090F 		cmp	r8, #9
  80 002e 02D8     		bhi	.L6
  52:uart_handler.c ****     {
  53:uart_handler.c ****         num_5 = (uint8_t)(num_5 + 48);
  81              		.loc 1 53 0
  82 0030 08F13008 		add	r8, r8, #48
  83              	.LVL9:
  84 0034 01E0     		b	.L7
  85              	.L6:
  54:uart_handler.c ****     }
  55:uart_handler.c ****     else
  56:uart_handler.c ****     {
  57:uart_handler.c ****         num_5 = (uint8_t)(num_5 + 55);
  86              		.loc 1 57 0
  87 0036 08F13708 		add	r8, r8, #55
  88              	.LVL10:
  89              	.L7:
  58:uart_handler.c ****     }
  59:uart_handler.c ****     
  60:uart_handler.c ****     num_4 = (uint8_t)((data >> 16)) & 0x0f;
  90              		.loc 1 60 0
  91 003a C3F30347 		ubfx	r7, r3, #16, #4
  92              	.LVL11:
  61:uart_handler.c ****     
  62:uart_handler.c ****     if( num_4 <=9)
  93              		.loc 1 62 0
  94 003e 092F     		cmp	r7, #9
  95 0040 01D8     		bhi	.L8
  63:uart_handler.c ****     {
  64:uart_handler.c ****         num_4 = (uint8_t)(num_4 + 48);
  96              		.loc 1 64 0
  97 0042 3037     		adds	r7, r7, #48
  98              	.LVL12:
  99 0044 00E0     		b	.L9
 100              	.L8:
  65:uart_handler.c ****     }
  66:uart_handler.c ****     else
  67:uart_handler.c ****     {
  68:uart_handler.c ****         num_4 = (uint8_t)(num_4 + 55);
 101              		.loc 1 68 0
 102 0046 3737     		adds	r7, r7, #55
 103              	.LVL13:
ARM GAS  C:\Users\Alex\AppData\Local\Temp\ccMSJP0Z.s 			page 4


 104              	.L9:
  69:uart_handler.c ****     }
  70:uart_handler.c ****     
  71:uart_handler.c ****     num_3 = (uint8_t)((data >> 12)) & 0x0f;
 105              		.loc 1 71 0
 106 0048 C3F30336 		ubfx	r6, r3, #12, #4
 107              	.LVL14:
  72:uart_handler.c ****     
  73:uart_handler.c ****     if( num_3 <=9)
 108              		.loc 1 73 0
 109 004c 092E     		cmp	r6, #9
 110 004e 01D8     		bhi	.L10
  74:uart_handler.c ****     {
  75:uart_handler.c ****         num_3 = (uint8_t)(num_3 + 48);
 111              		.loc 1 75 0
 112 0050 3036     		adds	r6, r6, #48
 113              	.LVL15:
 114 0052 00E0     		b	.L11
 115              	.L10:
  76:uart_handler.c ****     }
  77:uart_handler.c ****     else
  78:uart_handler.c ****     {
  79:uart_handler.c ****         num_3 = (uint8_t)(num_3 + 55);
 116              		.loc 1 79 0
 117 0054 3736     		adds	r6, r6, #55
 118              	.LVL16:
 119              	.L11:
  80:uart_handler.c ****     }
  81:uart_handler.c ****     
  82:uart_handler.c ****     num_2 = (uint8_t)((data >> 8)) & 0x0f;
 120              		.loc 1 82 0
 121 0056 C3F30325 		ubfx	r5, r3, #8, #4
 122              	.LVL17:
  83:uart_handler.c ****     
  84:uart_handler.c ****     if( num_2 <=9)
 123              		.loc 1 84 0
 124 005a 092D     		cmp	r5, #9
 125 005c 01D8     		bhi	.L12
  85:uart_handler.c ****     {
  86:uart_handler.c ****         num_2 = (uint8_t)(num_2 + 48);
 126              		.loc 1 86 0
 127 005e 3035     		adds	r5, r5, #48
 128              	.LVL18:
 129 0060 00E0     		b	.L13
 130              	.L12:
  87:uart_handler.c ****     }
  88:uart_handler.c ****     else
  89:uart_handler.c ****     {
  90:uart_handler.c ****         num_2 = (uint8_t)(num_2 + 55);
 131              		.loc 1 90 0
 132 0062 3735     		adds	r5, r5, #55
 133              	.LVL19:
 134              	.L13:
  91:uart_handler.c ****     }
  92:uart_handler.c ****     
  93:uart_handler.c ****     num_1 = (uint8_t)((data >> 4) & 0x0f);
 135              		.loc 1 93 0
ARM GAS  C:\Users\Alex\AppData\Local\Temp\ccMSJP0Z.s 			page 5


 136 0064 C3F30314 		ubfx	r4, r3, #4, #4
 137              	.LVL20:
  94:uart_handler.c ****     
  95:uart_handler.c ****     if( num_1 <=9)
 138              		.loc 1 95 0
 139 0068 092C     		cmp	r4, #9
 140 006a 01D8     		bhi	.L14
  96:uart_handler.c ****     {
  97:uart_handler.c ****         num_1 = (uint8_t)(num_1 + 48);
 141              		.loc 1 97 0
 142 006c 3034     		adds	r4, r4, #48
 143              	.LVL21:
 144 006e 00E0     		b	.L15
 145              	.L14:
  98:uart_handler.c ****     }
  99:uart_handler.c ****     else
 100:uart_handler.c ****     {
 101:uart_handler.c ****         num_1 = (uint8_t)(num_1 + 55);
 146              		.loc 1 101 0
 147 0070 3734     		adds	r4, r4, #55
 148              	.LVL22:
 149              	.L15:
 102:uart_handler.c ****     }
 103:uart_handler.c ****     
 104:uart_handler.c ****     num_0 = (uint8_t)(data & 0x0f);
 150              		.loc 1 104 0
 151 0072 03F00F03 		and	r3, r3, #15
 152              	.LVL23:
 105:uart_handler.c ****     
 106:uart_handler.c ****     if( num_0 <= 9)
 153              		.loc 1 106 0
 154 0076 092B     		cmp	r3, #9
 155 0078 02D8     		bhi	.L16
 107:uart_handler.c ****     {
 108:uart_handler.c ****         num_0 = (uint8_t)(num_0 + 48);
 156              		.loc 1 108 0
 157 007a 03F1300A 		add	r10, r3, #48
 158              	.LVL24:
 159 007e 01E0     		b	.L17
 160              	.LVL25:
 161              	.L16:
 109:uart_handler.c ****     }
 110:uart_handler.c ****     else
 111:uart_handler.c ****     {
 112:uart_handler.c ****         num_0 = (uint8_t)(num_0 + 55);
 162              		.loc 1 112 0
 163 0080 03F1370A 		add	r10, r3, #55
 164              	.LVL26:
 165              	.L17:
 113:uart_handler.c ****     }
 114:uart_handler.c ****     
 115:uart_handler.c ****     debug_putc(num_7);
 166              		.loc 1 115 0
 167 0084 FFF7FEFF 		bl	DEBUG_UART_PutChar
 168              	.LVL27:
 116:uart_handler.c ****     debug_putc(num_6);
 169              		.loc 1 116 0
ARM GAS  C:\Users\Alex\AppData\Local\Temp\ccMSJP0Z.s 			page 6


 170 0088 4846     		mov	r0, r9
 171 008a FFF7FEFF 		bl	DEBUG_UART_PutChar
 172              	.LVL28:
 117:uart_handler.c ****     debug_putc(num_5);
 173              		.loc 1 117 0
 174 008e 4046     		mov	r0, r8
 175 0090 FFF7FEFF 		bl	DEBUG_UART_PutChar
 176              	.LVL29:
 118:uart_handler.c ****     debug_putc(num_4);
 177              		.loc 1 118 0
 178 0094 3846     		mov	r0, r7
 179 0096 FFF7FEFF 		bl	DEBUG_UART_PutChar
 180              	.LVL30:
 119:uart_handler.c ****     debug_putc(num_3);
 181              		.loc 1 119 0
 182 009a 3046     		mov	r0, r6
 183 009c FFF7FEFF 		bl	DEBUG_UART_PutChar
 184              	.LVL31:
 120:uart_handler.c ****     debug_putc(num_2);
 185              		.loc 1 120 0
 186 00a0 2846     		mov	r0, r5
 187 00a2 FFF7FEFF 		bl	DEBUG_UART_PutChar
 188              	.LVL32:
 121:uart_handler.c ****     debug_putc(num_1);
 189              		.loc 1 121 0
 190 00a6 2046     		mov	r0, r4
 191 00a8 FFF7FEFF 		bl	DEBUG_UART_PutChar
 192              	.LVL33:
 122:uart_handler.c ****     debug_putc(num_0);
 193              		.loc 1 122 0
 194 00ac 5046     		mov	r0, r10
 195 00ae FFF7FEFF 		bl	DEBUG_UART_PutChar
 196              	.LVL34:
 197 00b2 BDE8F087 		pop	{r4, r5, r6, r7, r8, r9, r10, pc}
 198              		.cfi_endproc
 199              	.LFE63:
 200              		.size	uart_put_hex_32bit, .-uart_put_hex_32bit
 201 00b6 00BF     		.section	.text.uart_put_hex_16bit,"ax",%progbits
 202              		.align	2
 203              		.global	uart_put_hex_16bit
 204              		.thumb
 205              		.thumb_func
 206              		.type	uart_put_hex_16bit, %function
 207              	uart_put_hex_16bit:
 208              	.LFB64:
 123:uart_handler.c ****    
 124:uart_handler.c **** }
 125:uart_handler.c **** 
 126:uart_handler.c **** void uart_put_hex_16bit(uint16_t data)
 127:uart_handler.c **** {
 209              		.loc 1 127 0
 210              		.cfi_startproc
 211              		@ args = 0, pretend = 0, frame = 0
 212              		@ frame_needed = 0, uses_anonymous_args = 0
 213              	.LVL35:
 214 0000 70B5     		push	{r4, r5, r6, lr}
 215              		.cfi_def_cfa_offset 16
ARM GAS  C:\Users\Alex\AppData\Local\Temp\ccMSJP0Z.s 			page 7


 216              		.cfi_offset 4, -16
 217              		.cfi_offset 5, -12
 218              		.cfi_offset 6, -8
 219              		.cfi_offset 14, -4
 220 0002 0346     		mov	r3, r0
 221              	.LVL36:
 128:uart_handler.c ****     uint8_t num_0 = 0;
 129:uart_handler.c ****     uint8_t num_1 = 0;
 130:uart_handler.c ****     uint8_t num_2 = 0;
 131:uart_handler.c ****     uint8_t num_3 = 0;
 132:uart_handler.c **** 
 133:uart_handler.c **** 
 134:uart_handler.c ****     num_3 = (uint8_t)((data >> 12)) & 0x0f;
 222              		.loc 1 134 0
 223 0004 000B     		lsrs	r0, r0, #12
 224              	.LVL37:
 135:uart_handler.c ****     
 136:uart_handler.c ****     if( num_3 <=9)
 225              		.loc 1 136 0
 226 0006 0928     		cmp	r0, #9
 227 0008 01D8     		bhi	.L20
 137:uart_handler.c ****     {
 138:uart_handler.c ****         num_3 = (uint8_t)(num_3 + 48);
 228              		.loc 1 138 0
 229 000a 3030     		adds	r0, r0, #48
 230              	.LVL38:
 231 000c 00E0     		b	.L21
 232              	.L20:
 139:uart_handler.c ****     }
 140:uart_handler.c ****     else
 141:uart_handler.c ****     {
 142:uart_handler.c ****         num_3 = (uint8_t)(num_3 + 55);
 233              		.loc 1 142 0
 234 000e 3730     		adds	r0, r0, #55
 235              	.LVL39:
 236              	.L21:
 143:uart_handler.c ****     }
 144:uart_handler.c ****     
 145:uart_handler.c ****     num_2 = (uint8_t)((data >> 8)) & 0x0f;
 237              		.loc 1 145 0
 238 0010 C3F30322 		ubfx	r2, r3, #8, #4
 239              	.LVL40:
 146:uart_handler.c ****     
 147:uart_handler.c ****     if( num_2 <=9)
 240              		.loc 1 147 0
 241 0014 092A     		cmp	r2, #9
 242 0016 02D8     		bhi	.L22
 148:uart_handler.c ****     {
 149:uart_handler.c ****         num_2 = (uint8_t)(num_2 + 48);
 243              		.loc 1 149 0
 244 0018 02F13006 		add	r6, r2, #48
 245              	.LVL41:
 246 001c 01E0     		b	.L23
 247              	.LVL42:
 248              	.L22:
 150:uart_handler.c ****     }
 151:uart_handler.c ****     else
ARM GAS  C:\Users\Alex\AppData\Local\Temp\ccMSJP0Z.s 			page 8


 152:uart_handler.c ****     {
 153:uart_handler.c ****         num_2 = (uint8_t)(num_2 + 55);
 249              		.loc 1 153 0
 250 001e 02F13706 		add	r6, r2, #55
 251              	.LVL43:
 252              	.L23:
 154:uart_handler.c ****     }
 155:uart_handler.c ****     
 156:uart_handler.c ****     num_1 = (uint8_t)((data >> 4) & 0x0f);
 253              		.loc 1 156 0
 254 0022 C3F30312 		ubfx	r2, r3, #4, #4
 255              	.LVL44:
 157:uart_handler.c ****     
 158:uart_handler.c ****     if( num_1 <=9)
 256              		.loc 1 158 0
 257 0026 092A     		cmp	r2, #9
 258 0028 02D8     		bhi	.L24
 159:uart_handler.c ****     {
 160:uart_handler.c ****         num_1 = (uint8_t)(num_1 + 48);
 259              		.loc 1 160 0
 260 002a 02F13005 		add	r5, r2, #48
 261              	.LVL45:
 262 002e 01E0     		b	.L25
 263              	.LVL46:
 264              	.L24:
 161:uart_handler.c ****     }
 162:uart_handler.c ****     else
 163:uart_handler.c ****     {
 164:uart_handler.c ****         num_1 = (uint8_t)(num_1 + 55);
 265              		.loc 1 164 0
 266 0030 02F13705 		add	r5, r2, #55
 267              	.LVL47:
 268              	.L25:
 165:uart_handler.c ****     }
 166:uart_handler.c ****     
 167:uart_handler.c ****     num_0 = (uint8_t)(data & 0x0f);
 269              		.loc 1 167 0
 270 0034 03F00F03 		and	r3, r3, #15
 271              	.LVL48:
 168:uart_handler.c ****     
 169:uart_handler.c ****     if( num_0 <= 9)
 272              		.loc 1 169 0
 273 0038 092B     		cmp	r3, #9
 274 003a 02D8     		bhi	.L26
 170:uart_handler.c ****     {
 171:uart_handler.c ****         num_0 = (uint8_t)(num_0 + 48);
 275              		.loc 1 171 0
 276 003c 03F13004 		add	r4, r3, #48
 277              	.LVL49:
 278 0040 01E0     		b	.L27
 279              	.LVL50:
 280              	.L26:
 172:uart_handler.c ****     }
 173:uart_handler.c ****     else
 174:uart_handler.c ****     {
 175:uart_handler.c ****         num_0 = (uint8_t)(num_0 + 55);
 281              		.loc 1 175 0
ARM GAS  C:\Users\Alex\AppData\Local\Temp\ccMSJP0Z.s 			page 9


 282 0042 03F13704 		add	r4, r3, #55
 283              	.LVL51:
 284              	.L27:
 176:uart_handler.c ****     }
 177:uart_handler.c ****     
 178:uart_handler.c ****     debug_putc(num_3);
 285              		.loc 1 178 0
 286 0046 FFF7FEFF 		bl	DEBUG_UART_PutChar
 287              	.LVL52:
 179:uart_handler.c ****     debug_putc(num_2);
 288              		.loc 1 179 0
 289 004a 3046     		mov	r0, r6
 290 004c FFF7FEFF 		bl	DEBUG_UART_PutChar
 291              	.LVL53:
 180:uart_handler.c ****     debug_putc(num_1);
 292              		.loc 1 180 0
 293 0050 2846     		mov	r0, r5
 294 0052 FFF7FEFF 		bl	DEBUG_UART_PutChar
 295              	.LVL54:
 181:uart_handler.c ****     debug_putc(num_0);
 296              		.loc 1 181 0
 297 0056 2046     		mov	r0, r4
 298 0058 FFF7FEFF 		bl	DEBUG_UART_PutChar
 299              	.LVL55:
 300 005c 70BD     		pop	{r4, r5, r6, pc}
 301              		.cfi_endproc
 302              	.LFE64:
 303              		.size	uart_put_hex_16bit, .-uart_put_hex_16bit
 304 005e 00BF     		.section	.text.uart_put_hex_8bit,"ax",%progbits
 305              		.align	2
 306              		.global	uart_put_hex_8bit
 307              		.thumb
 308              		.thumb_func
 309              		.type	uart_put_hex_8bit, %function
 310              	uart_put_hex_8bit:
 311              	.LFB65:
 182:uart_handler.c ****    
 183:uart_handler.c **** }
 184:uart_handler.c **** 
 185:uart_handler.c **** void uart_put_hex_8bit(uint8_t data)
 186:uart_handler.c **** {
 312              		.loc 1 186 0
 313              		.cfi_startproc
 314              		@ args = 0, pretend = 0, frame = 0
 315              		@ frame_needed = 0, uses_anonymous_args = 0
 316              	.LVL56:
 317 0000 10B5     		push	{r4, lr}
 318              		.cfi_def_cfa_offset 8
 319              		.cfi_offset 4, -8
 320              		.cfi_offset 14, -4
 321 0002 0346     		mov	r3, r0
 322              	.LVL57:
 187:uart_handler.c ****     uint8_t num_0 = 0;
 188:uart_handler.c ****     uint8_t num_1 = 0;
 189:uart_handler.c **** 
 190:uart_handler.c ****     
 191:uart_handler.c ****     num_1 = (uint8_t)((data >> 4) & 0x0f);
ARM GAS  C:\Users\Alex\AppData\Local\Temp\ccMSJP0Z.s 			page 10


 323              		.loc 1 191 0
 324 0004 0009     		lsrs	r0, r0, #4
 325              	.LVL58:
 192:uart_handler.c ****     
 193:uart_handler.c ****     if( num_1 <=9)
 326              		.loc 1 193 0
 327 0006 0928     		cmp	r0, #9
 328 0008 01D8     		bhi	.L30
 194:uart_handler.c ****     {
 195:uart_handler.c ****         num_1 = (uint8_t)(num_1 + 48);
 329              		.loc 1 195 0
 330 000a 3030     		adds	r0, r0, #48
 331              	.LVL59:
 332 000c 00E0     		b	.L31
 333              	.L30:
 196:uart_handler.c ****     }
 197:uart_handler.c ****     else
 198:uart_handler.c ****     {
 199:uart_handler.c ****         num_1 = (uint8_t)(num_1 + 55);
 334              		.loc 1 199 0
 335 000e 3730     		adds	r0, r0, #55
 336              	.LVL60:
 337              	.L31:
 200:uart_handler.c ****     }
 201:uart_handler.c ****     
 202:uart_handler.c ****     num_0 = (uint8_t)(data & 0x0f);
 338              		.loc 1 202 0
 339 0010 03F00F03 		and	r3, r3, #15
 340              	.LVL61:
 203:uart_handler.c ****     
 204:uart_handler.c ****     if( num_0 <= 9)
 341              		.loc 1 204 0
 342 0014 092B     		cmp	r3, #9
 343 0016 02D8     		bhi	.L32
 205:uart_handler.c ****     {
 206:uart_handler.c ****         num_0 = (uint8_t)(num_0 + 48);
 344              		.loc 1 206 0
 345 0018 03F13004 		add	r4, r3, #48
 346              	.LVL62:
 347 001c 01E0     		b	.L33
 348              	.LVL63:
 349              	.L32:
 207:uart_handler.c ****     }
 208:uart_handler.c ****     else
 209:uart_handler.c ****     {
 210:uart_handler.c ****         num_0 = (uint8_t)(num_0 + 55);
 350              		.loc 1 210 0
 351 001e 03F13704 		add	r4, r3, #55
 352              	.LVL64:
 353              	.L33:
 211:uart_handler.c ****     }
 212:uart_handler.c ****     
 213:uart_handler.c ****     debug_putc(num_1);
 354              		.loc 1 213 0
 355 0022 FFF7FEFF 		bl	DEBUG_UART_PutChar
 356              	.LVL65:
 214:uart_handler.c ****     debug_putc(num_0);
ARM GAS  C:\Users\Alex\AppData\Local\Temp\ccMSJP0Z.s 			page 11


 357              		.loc 1 214 0
 358 0026 2046     		mov	r0, r4
 359 0028 FFF7FEFF 		bl	DEBUG_UART_PutChar
 360              	.LVL66:
 361 002c 10BD     		pop	{r4, pc}
 362              		.cfi_endproc
 363              	.LFE65:
 364              		.size	uart_put_hex_8bit, .-uart_put_hex_8bit
 365 002e 00BF     		.section	.text.uart_put_num16,"ax",%progbits
 366              		.align	2
 367              		.global	uart_put_num16
 368              		.thumb
 369              		.thumb_func
 370              		.type	uart_put_num16, %function
 371              	uart_put_num16:
 372              	.LFB66:
 215:uart_handler.c ****    
 216:uart_handler.c **** }
 217:uart_handler.c **** 
 218:uart_handler.c **** void uart_put_num16(uint16_t num2print) //todo make a function to put a decimal number
 219:uart_handler.c **** {
 373              		.loc 1 219 0
 374              		.cfi_startproc
 375              		@ args = 0, pretend = 0, frame = 0
 376              		@ frame_needed = 0, uses_anonymous_args = 0
 377              	.LVL67:
 378 0000 70B5     		push	{r4, r5, r6, lr}
 379              		.cfi_def_cfa_offset 16
 380              		.cfi_offset 4, -16
 381              		.cfi_offset 5, -12
 382              		.cfi_offset 6, -8
 383              		.cfi_offset 14, -4
 384 0002 0446     		mov	r4, r0
 385              	.LVL68:
 220:uart_handler.c **** 	uint16_t temporary_number;
 221:uart_handler.c **** 	temporary_number = num2print;
 222:uart_handler.c **** 	debug_putc(0x30 + temporary_number/10000);
 386              		.loc 1 222 0
 387 0004 1C4B     		ldr	r3, .L37
 388 0006 A3FB0023 		umull	r2, r3, r3, r0
 389 000a 5D0B     		lsrs	r5, r3, #13
 390 000c 05F13000 		add	r0, r5, #48
 391              	.LVL69:
 392 0010 FFF7FEFF 		bl	DEBUG_UART_PutChar
 393              	.LVL70:
 223:uart_handler.c **** 	temporary_number = temporary_number%10000;
 394              		.loc 1 223 0
 395 0014 42F21076 		movw	r6, #10000
 396 0018 06FB1544 		mls	r4, r6, r5, r4
 397 001c A4B2     		uxth	r4, r4
 398              	.LVL71:
 224:uart_handler.c **** 	debug_putc(0x30 + temporary_number/1000);
 399              		.loc 1 224 0
 400 001e 174B     		ldr	r3, .L37+4
 401 0020 A3FB0423 		umull	r2, r3, r3, r4
 402 0024 9E09     		lsrs	r6, r3, #6
 403 0026 06F13000 		add	r0, r6, #48
ARM GAS  C:\Users\Alex\AppData\Local\Temp\ccMSJP0Z.s 			page 12


 404 002a FFF7FEFF 		bl	DEBUG_UART_PutChar
 405              	.LVL72:
 225:uart_handler.c **** 	temporary_number = temporary_number%1000;
 406              		.loc 1 225 0
 407 002e 4FF47A75 		mov	r5, #1000
 408 0032 05FB1644 		mls	r4, r5, r6, r4
 409              	.LVL73:
 410 0036 A4B2     		uxth	r4, r4
 411              	.LVL74:
 226:uart_handler.c **** 	debug_putc(0x30 + temporary_number/100);
 412              		.loc 1 226 0
 413 0038 114B     		ldr	r3, .L37+8
 414 003a A3FB0423 		umull	r2, r3, r3, r4
 415 003e 5D09     		lsrs	r5, r3, #5
 416 0040 05F13000 		add	r0, r5, #48
 417 0044 C0B2     		uxtb	r0, r0
 418 0046 FFF7FEFF 		bl	DEBUG_UART_PutChar
 419              	.LVL75:
 227:uart_handler.c **** 	temporary_number = temporary_number%100;
 420              		.loc 1 227 0
 421 004a 6423     		movs	r3, #100
 422 004c 03FB1544 		mls	r4, r3, r5, r4
 423              	.LVL76:
 424 0050 A4B2     		uxth	r4, r4
 425              	.LVL77:
 228:uart_handler.c **** 	debug_putc(0x30 + temporary_number/10);
 426              		.loc 1 228 0
 427 0052 0C4D     		ldr	r5, .L37+12
 428 0054 A5FB0435 		umull	r3, r5, r5, r4
 429 0058 ED08     		lsrs	r5, r5, #3
 430 005a 05F13000 		add	r0, r5, #48
 431 005e C0B2     		uxtb	r0, r0
 432 0060 FFF7FEFF 		bl	DEBUG_UART_PutChar
 433              	.LVL78:
 229:uart_handler.c **** 	temporary_number = temporary_number%10;
 434              		.loc 1 229 0
 435 0064 05EB8505 		add	r5, r5, r5, lsl #2
 436 0068 6800     		lsls	r0, r5, #1
 437 006a 201A     		subs	r0, r4, r0
 438 006c 80B2     		uxth	r0, r0
 439              	.LVL79:
 230:uart_handler.c **** 	debug_putc(0x30 + temporary_number);
 440              		.loc 1 230 0
 441 006e 3030     		adds	r0, r0, #48
 442              	.LVL80:
 443 0070 C0B2     		uxtb	r0, r0
 444              	.LVL81:
 445 0072 FFF7FEFF 		bl	DEBUG_UART_PutChar
 446              	.LVL82:
 447 0076 70BD     		pop	{r4, r5, r6, pc}
 448              	.LVL83:
 449              	.L38:
 450              		.align	2
 451              	.L37:
 452 0078 5917B7D1 		.word	-776530087
 453 007c D34D6210 		.word	274877907
 454 0080 1F85EB51 		.word	1374389535
ARM GAS  C:\Users\Alex\AppData\Local\Temp\ccMSJP0Z.s 			page 13


 455 0084 CDCCCCCC 		.word	-858993459
 456              		.cfi_endproc
 457              	.LFE66:
 458              		.size	uart_put_num16, .-uart_put_num16
 459              		.section	.text.uart_put_signed_num16,"ax",%progbits
 460              		.align	2
 461              		.global	uart_put_signed_num16
 462              		.thumb
 463              		.thumb_func
 464              		.type	uart_put_signed_num16, %function
 465              	uart_put_signed_num16:
 466              	.LFB67:
 231:uart_handler.c **** }
 232:uart_handler.c **** 
 233:uart_handler.c **** //prints a twos complement number
 234:uart_handler.c **** void uart_put_signed_num16(int16_t num2print) //todo make a function to put a decimal number
 235:uart_handler.c **** {
 467              		.loc 1 235 0
 468              		.cfi_startproc
 469              		@ args = 0, pretend = 0, frame = 0
 470              		@ frame_needed = 0, uses_anonymous_args = 0
 471              	.LVL84:
 472 0000 70B5     		push	{r4, r5, r6, lr}
 473              		.cfi_def_cfa_offset 16
 474              		.cfi_offset 4, -16
 475              		.cfi_offset 5, -12
 476              		.cfi_offset 6, -8
 477              		.cfi_offset 14, -4
 236:uart_handler.c **** 	uint16_t temporary_number;
 237:uart_handler.c **** 	if( num2print & 0x8000) //if the number is negative
 478              		.loc 1 237 0
 479 0002 041E     		subs	r4, r0, #0
 480 0004 03DA     		bge	.L40
 238:uart_handler.c **** 	{
 239:uart_handler.c **** 		debug_putc(0x2D); //output a negative sign
 481              		.loc 1 239 0
 482 0006 2D20     		movs	r0, #45
 483              	.LVL85:
 484 0008 FFF7FEFF 		bl	DEBUG_UART_PutChar
 485              	.LVL86:
 240:uart_handler.c **** 
 241:uart_handler.c **** 		num2print = 65535 - num2print;
 486              		.loc 1 241 0
 487 000c E443     		mvns	r4, r4
 488              	.LVL87:
 489              	.L40:
 242:uart_handler.c **** 	}
 243:uart_handler.c **** 	temporary_number = num2print;
 490              		.loc 1 243 0
 491 000e A4B2     		uxth	r4, r4
 492              	.LVL88:
 244:uart_handler.c **** 	debug_putc(0x30 + temporary_number/10000);
 493              		.loc 1 244 0
 494 0010 1C4B     		ldr	r3, .L42
 495 0012 A3FB0423 		umull	r2, r3, r3, r4
 496 0016 5D0B     		lsrs	r5, r3, #13
 497 0018 05F13000 		add	r0, r5, #48
ARM GAS  C:\Users\Alex\AppData\Local\Temp\ccMSJP0Z.s 			page 14


 498 001c FFF7FEFF 		bl	DEBUG_UART_PutChar
 499              	.LVL89:
 245:uart_handler.c **** 	temporary_number = temporary_number%10000;
 500              		.loc 1 245 0
 501 0020 42F21076 		movw	r6, #10000
 502 0024 06FB1544 		mls	r4, r6, r5, r4
 503              	.LVL90:
 504 0028 A4B2     		uxth	r4, r4
 505              	.LVL91:
 246:uart_handler.c **** 	debug_putc(0x30 + temporary_number/1000);
 506              		.loc 1 246 0
 507 002a 174B     		ldr	r3, .L42+4
 508 002c A3FB0423 		umull	r2, r3, r3, r4
 509 0030 9E09     		lsrs	r6, r3, #6
 510 0032 06F13000 		add	r0, r6, #48
 511 0036 FFF7FEFF 		bl	DEBUG_UART_PutChar
 512              	.LVL92:
 247:uart_handler.c **** 	temporary_number = temporary_number%1000;
 513              		.loc 1 247 0
 514 003a 4FF47A75 		mov	r5, #1000
 515 003e 05FB1644 		mls	r4, r5, r6, r4
 516              	.LVL93:
 517 0042 A4B2     		uxth	r4, r4
 518              	.LVL94:
 248:uart_handler.c **** 	debug_putc(0x30 + temporary_number/100);
 519              		.loc 1 248 0
 520 0044 114B     		ldr	r3, .L42+8
 521 0046 A3FB0423 		umull	r2, r3, r3, r4
 522 004a 5D09     		lsrs	r5, r3, #5
 523 004c 05F13000 		add	r0, r5, #48
 524 0050 C0B2     		uxtb	r0, r0
 525 0052 FFF7FEFF 		bl	DEBUG_UART_PutChar
 526              	.LVL95:
 249:uart_handler.c **** 	temporary_number = temporary_number%100;
 527              		.loc 1 249 0
 528 0056 6423     		movs	r3, #100
 529 0058 03FB1544 		mls	r4, r3, r5, r4
 530              	.LVL96:
 531 005c A4B2     		uxth	r4, r4
 532              	.LVL97:
 250:uart_handler.c **** 	debug_putc(0x30 + temporary_number/10);
 533              		.loc 1 250 0
 534 005e 0C4D     		ldr	r5, .L42+12
 535 0060 A5FB0435 		umull	r3, r5, r5, r4
 536 0064 ED08     		lsrs	r5, r5, #3
 537 0066 05F13000 		add	r0, r5, #48
 538 006a C0B2     		uxtb	r0, r0
 539 006c FFF7FEFF 		bl	DEBUG_UART_PutChar
 540              	.LVL98:
 251:uart_handler.c **** 	temporary_number = temporary_number%10;
 541              		.loc 1 251 0
 542 0070 05EB8505 		add	r5, r5, r5, lsl #2
 543 0074 6800     		lsls	r0, r5, #1
 544 0076 201A     		subs	r0, r4, r0
 545 0078 80B2     		uxth	r0, r0
 546              	.LVL99:
 252:uart_handler.c **** 	debug_putc(0x30 + temporary_number);
ARM GAS  C:\Users\Alex\AppData\Local\Temp\ccMSJP0Z.s 			page 15


 547              		.loc 1 252 0
 548 007a 3030     		adds	r0, r0, #48
 549              	.LVL100:
 550 007c C0B2     		uxtb	r0, r0
 551              	.LVL101:
 552 007e FFF7FEFF 		bl	DEBUG_UART_PutChar
 553              	.LVL102:
 554 0082 70BD     		pop	{r4, r5, r6, pc}
 555              	.LVL103:
 556              	.L43:
 557              		.align	2
 558              	.L42:
 559 0084 5917B7D1 		.word	-776530087
 560 0088 D34D6210 		.word	274877907
 561 008c 1F85EB51 		.word	1374389535
 562 0090 CDCCCCCC 		.word	-858993459
 563              		.cfi_endproc
 564              	.LFE67:
 565              		.size	uart_put_signed_num16, .-uart_put_signed_num16
 566              		.text
 567              	.Letext0:
 568              		.file 2 "c:\\program files (x86)\\cypress\\psoc creator\\4.1\\psoc creator\\import\\gnu\\arm\\5.4.
 569              		.file 3 "c:\\program files (x86)\\cypress\\psoc creator\\4.1\\psoc creator\\import\\gnu\\arm\\5.4.
 570              		.file 4 "Generated_Source\\PSoC5/core_cm3.h"
 571              		.file 5 "Generated_Source\\PSoC5/DEBUG_UART.h"
 572              		.section	.debug_info,"",%progbits
 573              	.Ldebug_info0:
 574 0000 93040000 		.4byte	0x493
 575 0004 0400     		.2byte	0x4
 576 0006 00000000 		.4byte	.Ldebug_abbrev0
 577 000a 04       		.byte	0x4
 578 000b 01       		.uleb128 0x1
 579 000c 6D000000 		.4byte	.LASF40
 580 0010 0C       		.byte	0xc
 581 0011 B6010000 		.4byte	.LASF41
 582 0015 50020000 		.4byte	.LASF42
 583 0019 00000000 		.4byte	.Ldebug_ranges0+0
 584 001d 00000000 		.4byte	0
 585 0021 00000000 		.4byte	.Ldebug_line0
 586 0025 02       		.uleb128 0x2
 587 0026 01       		.byte	0x1
 588 0027 06       		.byte	0x6
 589 0028 F1020000 		.4byte	.LASF0
 590 002c 03       		.uleb128 0x3
 591 002d 06000000 		.4byte	.LASF2
 592 0031 02       		.byte	0x2
 593 0032 1D       		.byte	0x1d
 594 0033 37000000 		.4byte	0x37
 595 0037 02       		.uleb128 0x2
 596 0038 01       		.byte	0x1
 597 0039 08       		.byte	0x8
 598 003a 5F000000 		.4byte	.LASF1
 599 003e 03       		.uleb128 0x3
 600 003f 16000000 		.4byte	.LASF3
 601 0043 02       		.byte	0x2
 602 0044 29       		.byte	0x29
 603 0045 49000000 		.4byte	0x49
ARM GAS  C:\Users\Alex\AppData\Local\Temp\ccMSJP0Z.s 			page 16


 604 0049 02       		.uleb128 0x2
 605 004a 02       		.byte	0x2
 606 004b 05       		.byte	0x5
 607 004c 09020000 		.4byte	.LASF4
 608 0050 03       		.uleb128 0x3
 609 0051 5A010000 		.4byte	.LASF5
 610 0055 02       		.byte	0x2
 611 0056 2B       		.byte	0x2b
 612 0057 5B000000 		.4byte	0x5b
 613 005b 02       		.uleb128 0x2
 614 005c 02       		.byte	0x2
 615 005d 07       		.byte	0x7
 616 005e 0A010000 		.4byte	.LASF6
 617 0062 03       		.uleb128 0x3
 618 0063 20000000 		.4byte	.LASF7
 619 0067 02       		.byte	0x2
 620 0068 3F       		.byte	0x3f
 621 0069 6D000000 		.4byte	0x6d
 622 006d 02       		.uleb128 0x2
 623 006e 04       		.byte	0x4
 624 006f 05       		.byte	0x5
 625 0070 2A000000 		.4byte	.LASF8
 626 0074 03       		.uleb128 0x3
 627 0075 77010000 		.4byte	.LASF9
 628 0079 02       		.byte	0x2
 629 007a 41       		.byte	0x41
 630 007b 7F000000 		.4byte	0x7f
 631 007f 02       		.uleb128 0x2
 632 0080 04       		.byte	0x4
 633 0081 07       		.byte	0x7
 634 0082 65010000 		.4byte	.LASF10
 635 0086 02       		.uleb128 0x2
 636 0087 08       		.byte	0x8
 637 0088 05       		.byte	0x5
 638 0089 DA010000 		.4byte	.LASF11
 639 008d 02       		.uleb128 0x2
 640 008e 08       		.byte	0x8
 641 008f 07       		.byte	0x7
 642 0090 8F010000 		.4byte	.LASF12
 643 0094 04       		.uleb128 0x4
 644 0095 04       		.byte	0x4
 645 0096 05       		.byte	0x5
 646 0097 696E7400 		.ascii	"int\000"
 647 009b 02       		.uleb128 0x2
 648 009c 04       		.byte	0x4
 649 009d 07       		.byte	0x7
 650 009e 82010000 		.4byte	.LASF13
 651 00a2 03       		.uleb128 0x3
 652 00a3 A6010000 		.4byte	.LASF14
 653 00a7 03       		.byte	0x3
 654 00a8 18       		.byte	0x18
 655 00a9 2C000000 		.4byte	0x2c
 656 00ad 03       		.uleb128 0x3
 657 00ae AE010000 		.4byte	.LASF15
 658 00b2 03       		.byte	0x3
 659 00b3 20       		.byte	0x20
 660 00b4 3E000000 		.4byte	0x3e
ARM GAS  C:\Users\Alex\AppData\Local\Temp\ccMSJP0Z.s 			page 17


 661 00b8 03       		.uleb128 0x3
 662 00b9 00020000 		.4byte	.LASF16
 663 00bd 03       		.byte	0x3
 664 00be 24       		.byte	0x24
 665 00bf 50000000 		.4byte	0x50
 666 00c3 03       		.uleb128 0x3
 667 00c4 4C000000 		.4byte	.LASF17
 668 00c8 03       		.byte	0x3
 669 00c9 2C       		.byte	0x2c
 670 00ca 62000000 		.4byte	0x62
 671 00ce 03       		.uleb128 0x3
 672 00cf 35020000 		.4byte	.LASF18
 673 00d3 03       		.byte	0x3
 674 00d4 30       		.byte	0x30
 675 00d5 74000000 		.4byte	0x74
 676 00d9 02       		.uleb128 0x2
 677 00da 04       		.byte	0x4
 678 00db 04       		.byte	0x4
 679 00dc 54000000 		.4byte	.LASF19
 680 00e0 02       		.uleb128 0x2
 681 00e1 08       		.byte	0x8
 682 00e2 04       		.byte	0x4
 683 00e3 33000000 		.4byte	.LASF20
 684 00e7 02       		.uleb128 0x2
 685 00e8 01       		.byte	0x1
 686 00e9 08       		.byte	0x8
 687 00ea E8010000 		.4byte	.LASF21
 688 00ee 02       		.uleb128 0x2
 689 00ef 08       		.byte	0x8
 690 00f0 04       		.byte	0x4
 691 00f1 C5010000 		.4byte	.LASF22
 692 00f5 02       		.uleb128 0x2
 693 00f6 04       		.byte	0x4
 694 00f7 07       		.byte	0x7
 695 00f8 D1010000 		.4byte	.LASF23
 696 00fc 05       		.uleb128 0x5
 697 00fd ED010000 		.4byte	.LASF32
 698 0101 01       		.byte	0x1
 699 0102 10       		.byte	0x10
 700 0103 00000000 		.4byte	.LFB63
 701 0107 B6000000 		.4byte	.LFE63-.LFB63
 702 010b 01       		.uleb128 0x1
 703 010c 9C       		.byte	0x9c
 704 010d 2A020000 		.4byte	0x22a
 705 0111 06       		.uleb128 0x6
 706 0112 5A000000 		.4byte	.LASF34
 707 0116 01       		.byte	0x1
 708 0117 10       		.byte	0x10
 709 0118 CE000000 		.4byte	0xce
 710 011c 00000000 		.4byte	.LLST0
 711 0120 07       		.uleb128 0x7
 712 0121 29020000 		.4byte	.LASF24
 713 0125 01       		.byte	0x1
 714 0126 12       		.byte	0x12
 715 0127 A2000000 		.4byte	0xa2
 716 012b 2C000000 		.4byte	.LLST1
 717 012f 07       		.uleb128 0x7
ARM GAS  C:\Users\Alex\AppData\Local\Temp\ccMSJP0Z.s 			page 18


 718 0130 2F020000 		.4byte	.LASF25
 719 0134 01       		.byte	0x1
 720 0135 13       		.byte	0x13
 721 0136 A2000000 		.4byte	0xa2
 722 013a 6C000000 		.4byte	.LLST2
 723 013e 07       		.uleb128 0x7
 724 013f 10000000 		.4byte	.LASF26
 725 0143 01       		.byte	0x1
 726 0144 14       		.byte	0x14
 727 0145 A2000000 		.4byte	0xa2
 728 0149 8B000000 		.4byte	.LLST3
 729 014d 07       		.uleb128 0x7
 730 014e 3E020000 		.4byte	.LASF27
 731 0152 01       		.byte	0x1
 732 0153 15       		.byte	0x15
 733 0154 A2000000 		.4byte	0xa2
 734 0158 AA000000 		.4byte	.LLST4
 735 015c 07       		.uleb128 0x7
 736 015d 44020000 		.4byte	.LASF28
 737 0161 01       		.byte	0x1
 738 0162 16       		.byte	0x16
 739 0163 A2000000 		.4byte	0xa2
 740 0167 C9000000 		.4byte	.LLST5
 741 016b 07       		.uleb128 0x7
 742 016c 4A020000 		.4byte	.LASF29
 743 0170 01       		.byte	0x1
 744 0171 17       		.byte	0x17
 745 0172 A2000000 		.4byte	0xa2
 746 0176 E8000000 		.4byte	.LLST6
 747 017a 07       		.uleb128 0x7
 748 017b 00000000 		.4byte	.LASF30
 749 017f 01       		.byte	0x1
 750 0180 18       		.byte	0x18
 751 0181 A2000000 		.4byte	0xa2
 752 0185 07010000 		.4byte	.LLST7
 753 0189 07       		.uleb128 0x7
 754 018a EB020000 		.4byte	.LASF31
 755 018e 01       		.byte	0x1
 756 018f 19       		.byte	0x19
 757 0190 A2000000 		.4byte	0xa2
 758 0194 26010000 		.4byte	.LLST8
 759 0198 08       		.uleb128 0x8
 760 0199 88000000 		.4byte	.LVL27
 761 019d 8B040000 		.4byte	0x48b
 762 01a1 09       		.uleb128 0x9
 763 01a2 8E000000 		.4byte	.LVL28
 764 01a6 8B040000 		.4byte	0x48b
 765 01aa B5010000 		.4byte	0x1b5
 766 01ae 0A       		.uleb128 0xa
 767 01af 01       		.uleb128 0x1
 768 01b0 50       		.byte	0x50
 769 01b1 02       		.uleb128 0x2
 770 01b2 79       		.byte	0x79
 771 01b3 00       		.sleb128 0
 772 01b4 00       		.byte	0
 773 01b5 09       		.uleb128 0x9
 774 01b6 94000000 		.4byte	.LVL29
ARM GAS  C:\Users\Alex\AppData\Local\Temp\ccMSJP0Z.s 			page 19


 775 01ba 8B040000 		.4byte	0x48b
 776 01be C9010000 		.4byte	0x1c9
 777 01c2 0A       		.uleb128 0xa
 778 01c3 01       		.uleb128 0x1
 779 01c4 50       		.byte	0x50
 780 01c5 02       		.uleb128 0x2
 781 01c6 78       		.byte	0x78
 782 01c7 00       		.sleb128 0
 783 01c8 00       		.byte	0
 784 01c9 09       		.uleb128 0x9
 785 01ca 9A000000 		.4byte	.LVL30
 786 01ce 8B040000 		.4byte	0x48b
 787 01d2 DD010000 		.4byte	0x1dd
 788 01d6 0A       		.uleb128 0xa
 789 01d7 01       		.uleb128 0x1
 790 01d8 50       		.byte	0x50
 791 01d9 02       		.uleb128 0x2
 792 01da 77       		.byte	0x77
 793 01db 00       		.sleb128 0
 794 01dc 00       		.byte	0
 795 01dd 09       		.uleb128 0x9
 796 01de A0000000 		.4byte	.LVL31
 797 01e2 8B040000 		.4byte	0x48b
 798 01e6 F1010000 		.4byte	0x1f1
 799 01ea 0A       		.uleb128 0xa
 800 01eb 01       		.uleb128 0x1
 801 01ec 50       		.byte	0x50
 802 01ed 02       		.uleb128 0x2
 803 01ee 76       		.byte	0x76
 804 01ef 00       		.sleb128 0
 805 01f0 00       		.byte	0
 806 01f1 09       		.uleb128 0x9
 807 01f2 A6000000 		.4byte	.LVL32
 808 01f6 8B040000 		.4byte	0x48b
 809 01fa 05020000 		.4byte	0x205
 810 01fe 0A       		.uleb128 0xa
 811 01ff 01       		.uleb128 0x1
 812 0200 50       		.byte	0x50
 813 0201 02       		.uleb128 0x2
 814 0202 75       		.byte	0x75
 815 0203 00       		.sleb128 0
 816 0204 00       		.byte	0
 817 0205 09       		.uleb128 0x9
 818 0206 AC000000 		.4byte	.LVL33
 819 020a 8B040000 		.4byte	0x48b
 820 020e 19020000 		.4byte	0x219
 821 0212 0A       		.uleb128 0xa
 822 0213 01       		.uleb128 0x1
 823 0214 50       		.byte	0x50
 824 0215 02       		.uleb128 0x2
 825 0216 74       		.byte	0x74
 826 0217 00       		.sleb128 0
 827 0218 00       		.byte	0
 828 0219 0B       		.uleb128 0xb
 829 021a B2000000 		.4byte	.LVL34
 830 021e 8B040000 		.4byte	0x48b
 831 0222 0A       		.uleb128 0xa
ARM GAS  C:\Users\Alex\AppData\Local\Temp\ccMSJP0Z.s 			page 20


 832 0223 01       		.uleb128 0x1
 833 0224 50       		.byte	0x50
 834 0225 02       		.uleb128 0x2
 835 0226 7A       		.byte	0x7a
 836 0227 00       		.sleb128 0
 837 0228 00       		.byte	0
 838 0229 00       		.byte	0
 839 022a 05       		.uleb128 0x5
 840 022b 1D010000 		.4byte	.LASF33
 841 022f 01       		.byte	0x1
 842 0230 7E       		.byte	0x7e
 843 0231 00000000 		.4byte	.LFB64
 844 0235 5E000000 		.4byte	.LFE64-.LFB64
 845 0239 01       		.uleb128 0x1
 846 023a 9C       		.byte	0x9c
 847 023b CC020000 		.4byte	0x2cc
 848 023f 06       		.uleb128 0x6
 849 0240 5A000000 		.4byte	.LASF34
 850 0244 01       		.byte	0x1
 851 0245 7E       		.byte	0x7e
 852 0246 B8000000 		.4byte	0xb8
 853 024a 45010000 		.4byte	.LLST9
 854 024e 07       		.uleb128 0x7
 855 024f 29020000 		.4byte	.LASF24
 856 0253 01       		.byte	0x1
 857 0254 80       		.byte	0x80
 858 0255 A2000000 		.4byte	0xa2
 859 0259 66010000 		.4byte	.LLST10
 860 025d 07       		.uleb128 0x7
 861 025e 2F020000 		.4byte	.LASF25
 862 0262 01       		.byte	0x1
 863 0263 81       		.byte	0x81
 864 0264 A2000000 		.4byte	0xa2
 865 0268 A6010000 		.4byte	.LLST11
 866 026c 07       		.uleb128 0x7
 867 026d 10000000 		.4byte	.LASF26
 868 0271 01       		.byte	0x1
 869 0272 82       		.byte	0x82
 870 0273 A2000000 		.4byte	0xa2
 871 0277 E6010000 		.4byte	.LLST12
 872 027b 07       		.uleb128 0x7
 873 027c 3E020000 		.4byte	.LASF27
 874 0280 01       		.byte	0x1
 875 0281 83       		.byte	0x83
 876 0282 A2000000 		.4byte	0xa2
 877 0286 26020000 		.4byte	.LLST13
 878 028a 08       		.uleb128 0x8
 879 028b 4A000000 		.4byte	.LVL52
 880 028f 8B040000 		.4byte	0x48b
 881 0293 09       		.uleb128 0x9
 882 0294 50000000 		.4byte	.LVL53
 883 0298 8B040000 		.4byte	0x48b
 884 029c A7020000 		.4byte	0x2a7
 885 02a0 0A       		.uleb128 0xa
 886 02a1 01       		.uleb128 0x1
 887 02a2 50       		.byte	0x50
 888 02a3 02       		.uleb128 0x2
ARM GAS  C:\Users\Alex\AppData\Local\Temp\ccMSJP0Z.s 			page 21


 889 02a4 76       		.byte	0x76
 890 02a5 00       		.sleb128 0
 891 02a6 00       		.byte	0
 892 02a7 09       		.uleb128 0x9
 893 02a8 56000000 		.4byte	.LVL54
 894 02ac 8B040000 		.4byte	0x48b
 895 02b0 BB020000 		.4byte	0x2bb
 896 02b4 0A       		.uleb128 0xa
 897 02b5 01       		.uleb128 0x1
 898 02b6 50       		.byte	0x50
 899 02b7 02       		.uleb128 0x2
 900 02b8 75       		.byte	0x75
 901 02b9 00       		.sleb128 0
 902 02ba 00       		.byte	0
 903 02bb 0B       		.uleb128 0xb
 904 02bc 5C000000 		.4byte	.LVL55
 905 02c0 8B040000 		.4byte	0x48b
 906 02c4 0A       		.uleb128 0xa
 907 02c5 01       		.uleb128 0x1
 908 02c6 50       		.byte	0x50
 909 02c7 02       		.uleb128 0x2
 910 02c8 74       		.byte	0x74
 911 02c9 00       		.sleb128 0
 912 02ca 00       		.byte	0
 913 02cb 00       		.byte	0
 914 02cc 05       		.uleb128 0x5
 915 02cd 3A000000 		.4byte	.LASF35
 916 02d1 01       		.byte	0x1
 917 02d2 B9       		.byte	0xb9
 918 02d3 00000000 		.4byte	.LFB65
 919 02d7 2E000000 		.4byte	.LFE65-.LFB65
 920 02db 01       		.uleb128 0x1
 921 02dc 9C       		.byte	0x9c
 922 02dd 28030000 		.4byte	0x328
 923 02e1 06       		.uleb128 0x6
 924 02e2 5A000000 		.4byte	.LASF34
 925 02e6 01       		.byte	0x1
 926 02e7 B9       		.byte	0xb9
 927 02e8 A2000000 		.4byte	0xa2
 928 02ec 45020000 		.4byte	.LLST14
 929 02f0 07       		.uleb128 0x7
 930 02f1 29020000 		.4byte	.LASF24
 931 02f5 01       		.byte	0x1
 932 02f6 BB       		.byte	0xbb
 933 02f7 A2000000 		.4byte	0xa2
 934 02fb 66020000 		.4byte	.LLST15
 935 02ff 07       		.uleb128 0x7
 936 0300 2F020000 		.4byte	.LASF25
 937 0304 01       		.byte	0x1
 938 0305 BC       		.byte	0xbc
 939 0306 A2000000 		.4byte	0xa2
 940 030a A6020000 		.4byte	.LLST16
 941 030e 08       		.uleb128 0x8
 942 030f 26000000 		.4byte	.LVL65
 943 0313 8B040000 		.4byte	0x48b
 944 0317 0B       		.uleb128 0xb
 945 0318 2C000000 		.4byte	.LVL66
ARM GAS  C:\Users\Alex\AppData\Local\Temp\ccMSJP0Z.s 			page 22


 946 031c 8B040000 		.4byte	0x48b
 947 0320 0A       		.uleb128 0xa
 948 0321 01       		.uleb128 0x1
 949 0322 50       		.byte	0x50
 950 0323 02       		.uleb128 0x2
 951 0324 74       		.byte	0x74
 952 0325 00       		.sleb128 0
 953 0326 00       		.byte	0
 954 0327 00       		.byte	0
 955 0328 05       		.uleb128 0x5
 956 0329 FB000000 		.4byte	.LASF36
 957 032d 01       		.byte	0x1
 958 032e DA       		.byte	0xda
 959 032f 00000000 		.4byte	.LFB66
 960 0333 88000000 		.4byte	.LFE66-.LFB66
 961 0337 01       		.uleb128 0x1
 962 0338 9C       		.byte	0x9c
 963 0339 C7030000 		.4byte	0x3c7
 964 033d 06       		.uleb128 0x6
 965 033e 50010000 		.4byte	.LASF37
 966 0342 01       		.byte	0x1
 967 0343 DA       		.byte	0xda
 968 0344 B8000000 		.4byte	0xb8
 969 0348 C5020000 		.4byte	.LLST17
 970 034c 07       		.uleb128 0x7
 971 034d FD020000 		.4byte	.LASF38
 972 0351 01       		.byte	0x1
 973 0352 DC       		.byte	0xdc
 974 0353 B8000000 		.4byte	0xb8
 975 0357 E6020000 		.4byte	.LLST18
 976 035b 09       		.uleb128 0x9
 977 035c 14000000 		.4byte	.LVL70
 978 0360 8B040000 		.4byte	0x48b
 979 0364 6F030000 		.4byte	0x36f
 980 0368 0A       		.uleb128 0xa
 981 0369 01       		.uleb128 0x1
 982 036a 50       		.byte	0x50
 983 036b 02       		.uleb128 0x2
 984 036c 75       		.byte	0x75
 985 036d 30       		.sleb128 48
 986 036e 00       		.byte	0
 987 036f 09       		.uleb128 0x9
 988 0370 2E000000 		.4byte	.LVL72
 989 0374 8B040000 		.4byte	0x48b
 990 0378 83030000 		.4byte	0x383
 991 037c 0A       		.uleb128 0xa
 992 037d 01       		.uleb128 0x1
 993 037e 50       		.byte	0x50
 994 037f 02       		.uleb128 0x2
 995 0380 76       		.byte	0x76
 996 0381 30       		.sleb128 48
 997 0382 00       		.byte	0
 998 0383 09       		.uleb128 0x9
 999 0384 4A000000 		.4byte	.LVL75
 1000 0388 8B040000 		.4byte	0x48b
 1001 038c 97030000 		.4byte	0x397
 1002 0390 0A       		.uleb128 0xa
ARM GAS  C:\Users\Alex\AppData\Local\Temp\ccMSJP0Z.s 			page 23


 1003 0391 01       		.uleb128 0x1
 1004 0392 50       		.byte	0x50
 1005 0393 02       		.uleb128 0x2
 1006 0394 75       		.byte	0x75
 1007 0395 30       		.sleb128 48
 1008 0396 00       		.byte	0
 1009 0397 09       		.uleb128 0x9
 1010 0398 64000000 		.4byte	.LVL78
 1011 039c 8B040000 		.4byte	0x48b
 1012 03a0 AB030000 		.4byte	0x3ab
 1013 03a4 0A       		.uleb128 0xa
 1014 03a5 01       		.uleb128 0x1
 1015 03a6 50       		.byte	0x50
 1016 03a7 02       		.uleb128 0x2
 1017 03a8 75       		.byte	0x75
 1018 03a9 30       		.sleb128 48
 1019 03aa 00       		.byte	0
 1020 03ab 0B       		.uleb128 0xb
 1021 03ac 76000000 		.4byte	.LVL82
 1022 03b0 8B040000 		.4byte	0x48b
 1023 03b4 0A       		.uleb128 0xa
 1024 03b5 01       		.uleb128 0x1
 1025 03b6 50       		.byte	0x50
 1026 03b7 0D       		.uleb128 0xd
 1027 03b8 74       		.byte	0x74
 1028 03b9 00       		.sleb128 0
 1029 03ba 75       		.byte	0x75
 1030 03bb 00       		.sleb128 0
 1031 03bc 31       		.byte	0x31
 1032 03bd 24       		.byte	0x24
 1033 03be 1C       		.byte	0x1c
 1034 03bf 0A       		.byte	0xa
 1035 03c0 FFFF     		.2byte	0xffff
 1036 03c2 1A       		.byte	0x1a
 1037 03c3 23       		.byte	0x23
 1038 03c4 30       		.uleb128 0x30
 1039 03c5 00       		.byte	0
 1040 03c6 00       		.byte	0
 1041 03c7 05       		.uleb128 0x5
 1042 03c8 13020000 		.4byte	.LASF39
 1043 03cc 01       		.byte	0x1
 1044 03cd EA       		.byte	0xea
 1045 03ce 00000000 		.4byte	.LFB67
 1046 03d2 94000000 		.4byte	.LFE67-.LFB67
 1047 03d6 01       		.uleb128 0x1
 1048 03d7 9C       		.byte	0x9c
 1049 03d8 7A040000 		.4byte	0x47a
 1050 03dc 06       		.uleb128 0x6
 1051 03dd 50010000 		.4byte	.LASF37
 1052 03e1 01       		.byte	0x1
 1053 03e2 EA       		.byte	0xea
 1054 03e3 AD000000 		.4byte	0xad
 1055 03e7 52030000 		.4byte	.LLST19
 1056 03eb 07       		.uleb128 0x7
 1057 03ec FD020000 		.4byte	.LASF38
 1058 03f0 01       		.byte	0x1
 1059 03f1 EC       		.byte	0xec
ARM GAS  C:\Users\Alex\AppData\Local\Temp\ccMSJP0Z.s 			page 24


 1060 03f2 B8000000 		.4byte	0xb8
 1061 03f6 7E030000 		.4byte	.LLST20
 1062 03fa 09       		.uleb128 0x9
 1063 03fb 0C000000 		.4byte	.LVL86
 1064 03ff 8B040000 		.4byte	0x48b
 1065 0403 0E040000 		.4byte	0x40e
 1066 0407 0A       		.uleb128 0xa
 1067 0408 01       		.uleb128 0x1
 1068 0409 50       		.byte	0x50
 1069 040a 02       		.uleb128 0x2
 1070 040b 08       		.byte	0x8
 1071 040c 2D       		.byte	0x2d
 1072 040d 00       		.byte	0
 1073 040e 09       		.uleb128 0x9
 1074 040f 20000000 		.4byte	.LVL89
 1075 0413 8B040000 		.4byte	0x48b
 1076 0417 22040000 		.4byte	0x422
 1077 041b 0A       		.uleb128 0xa
 1078 041c 01       		.uleb128 0x1
 1079 041d 50       		.byte	0x50
 1080 041e 02       		.uleb128 0x2
 1081 041f 75       		.byte	0x75
 1082 0420 30       		.sleb128 48
 1083 0421 00       		.byte	0
 1084 0422 09       		.uleb128 0x9
 1085 0423 3A000000 		.4byte	.LVL92
 1086 0427 8B040000 		.4byte	0x48b
 1087 042b 36040000 		.4byte	0x436
 1088 042f 0A       		.uleb128 0xa
 1089 0430 01       		.uleb128 0x1
 1090 0431 50       		.byte	0x50
 1091 0432 02       		.uleb128 0x2
 1092 0433 76       		.byte	0x76
 1093 0434 30       		.sleb128 48
 1094 0435 00       		.byte	0
 1095 0436 09       		.uleb128 0x9
 1096 0437 56000000 		.4byte	.LVL95
 1097 043b 8B040000 		.4byte	0x48b
 1098 043f 4A040000 		.4byte	0x44a
 1099 0443 0A       		.uleb128 0xa
 1100 0444 01       		.uleb128 0x1
 1101 0445 50       		.byte	0x50
 1102 0446 02       		.uleb128 0x2
 1103 0447 75       		.byte	0x75
 1104 0448 30       		.sleb128 48
 1105 0449 00       		.byte	0
 1106 044a 09       		.uleb128 0x9
 1107 044b 70000000 		.4byte	.LVL98
 1108 044f 8B040000 		.4byte	0x48b
 1109 0453 5E040000 		.4byte	0x45e
 1110 0457 0A       		.uleb128 0xa
 1111 0458 01       		.uleb128 0x1
 1112 0459 50       		.byte	0x50
 1113 045a 02       		.uleb128 0x2
 1114 045b 75       		.byte	0x75
 1115 045c 30       		.sleb128 48
 1116 045d 00       		.byte	0
ARM GAS  C:\Users\Alex\AppData\Local\Temp\ccMSJP0Z.s 			page 25


 1117 045e 0B       		.uleb128 0xb
 1118 045f 82000000 		.4byte	.LVL102
 1119 0463 8B040000 		.4byte	0x48b
 1120 0467 0A       		.uleb128 0xa
 1121 0468 01       		.uleb128 0x1
 1122 0469 50       		.byte	0x50
 1123 046a 0D       		.uleb128 0xd
 1124 046b 74       		.byte	0x74
 1125 046c 00       		.sleb128 0
 1126 046d 75       		.byte	0x75
 1127 046e 00       		.sleb128 0
 1128 046f 31       		.byte	0x31
 1129 0470 24       		.byte	0x24
 1130 0471 1C       		.byte	0x1c
 1131 0472 0A       		.byte	0xa
 1132 0473 FFFF     		.2byte	0xffff
 1133 0475 1A       		.byte	0x1a
 1134 0476 23       		.byte	0x23
 1135 0477 30       		.uleb128 0x30
 1136 0478 00       		.byte	0
 1137 0479 00       		.byte	0
 1138 047a 0C       		.uleb128 0xc
 1139 047b 30010000 		.4byte	.LASF43
 1140 047f 04       		.byte	0x4
 1141 0480 1207     		.2byte	0x712
 1142 0482 86040000 		.4byte	0x486
 1143 0486 0D       		.uleb128 0xd
 1144 0487 C3000000 		.4byte	0xc3
 1145 048b 0E       		.uleb128 0xe
 1146 048c 3D010000 		.4byte	.LASF44
 1147 0490 3D010000 		.4byte	.LASF44
 1148 0494 05       		.byte	0x5
 1149 0495 8A       		.byte	0x8a
 1150 0496 00       		.byte	0
 1151              		.section	.debug_abbrev,"",%progbits
 1152              	.Ldebug_abbrev0:
 1153 0000 01       		.uleb128 0x1
 1154 0001 11       		.uleb128 0x11
 1155 0002 01       		.byte	0x1
 1156 0003 25       		.uleb128 0x25
 1157 0004 0E       		.uleb128 0xe
 1158 0005 13       		.uleb128 0x13
 1159 0006 0B       		.uleb128 0xb
 1160 0007 03       		.uleb128 0x3
 1161 0008 0E       		.uleb128 0xe
 1162 0009 1B       		.uleb128 0x1b
 1163 000a 0E       		.uleb128 0xe
 1164 000b 55       		.uleb128 0x55
 1165 000c 17       		.uleb128 0x17
 1166 000d 11       		.uleb128 0x11
 1167 000e 01       		.uleb128 0x1
 1168 000f 10       		.uleb128 0x10
 1169 0010 17       		.uleb128 0x17
 1170 0011 00       		.byte	0
 1171 0012 00       		.byte	0
 1172 0013 02       		.uleb128 0x2
 1173 0014 24       		.uleb128 0x24
ARM GAS  C:\Users\Alex\AppData\Local\Temp\ccMSJP0Z.s 			page 26


 1174 0015 00       		.byte	0
 1175 0016 0B       		.uleb128 0xb
 1176 0017 0B       		.uleb128 0xb
 1177 0018 3E       		.uleb128 0x3e
 1178 0019 0B       		.uleb128 0xb
 1179 001a 03       		.uleb128 0x3
 1180 001b 0E       		.uleb128 0xe
 1181 001c 00       		.byte	0
 1182 001d 00       		.byte	0
 1183 001e 03       		.uleb128 0x3
 1184 001f 16       		.uleb128 0x16
 1185 0020 00       		.byte	0
 1186 0021 03       		.uleb128 0x3
 1187 0022 0E       		.uleb128 0xe
 1188 0023 3A       		.uleb128 0x3a
 1189 0024 0B       		.uleb128 0xb
 1190 0025 3B       		.uleb128 0x3b
 1191 0026 0B       		.uleb128 0xb
 1192 0027 49       		.uleb128 0x49
 1193 0028 13       		.uleb128 0x13
 1194 0029 00       		.byte	0
 1195 002a 00       		.byte	0
 1196 002b 04       		.uleb128 0x4
 1197 002c 24       		.uleb128 0x24
 1198 002d 00       		.byte	0
 1199 002e 0B       		.uleb128 0xb
 1200 002f 0B       		.uleb128 0xb
 1201 0030 3E       		.uleb128 0x3e
 1202 0031 0B       		.uleb128 0xb
 1203 0032 03       		.uleb128 0x3
 1204 0033 08       		.uleb128 0x8
 1205 0034 00       		.byte	0
 1206 0035 00       		.byte	0
 1207 0036 05       		.uleb128 0x5
 1208 0037 2E       		.uleb128 0x2e
 1209 0038 01       		.byte	0x1
 1210 0039 3F       		.uleb128 0x3f
 1211 003a 19       		.uleb128 0x19
 1212 003b 03       		.uleb128 0x3
 1213 003c 0E       		.uleb128 0xe
 1214 003d 3A       		.uleb128 0x3a
 1215 003e 0B       		.uleb128 0xb
 1216 003f 3B       		.uleb128 0x3b
 1217 0040 0B       		.uleb128 0xb
 1218 0041 27       		.uleb128 0x27
 1219 0042 19       		.uleb128 0x19
 1220 0043 11       		.uleb128 0x11
 1221 0044 01       		.uleb128 0x1
 1222 0045 12       		.uleb128 0x12
 1223 0046 06       		.uleb128 0x6
 1224 0047 40       		.uleb128 0x40
 1225 0048 18       		.uleb128 0x18
 1226 0049 9742     		.uleb128 0x2117
 1227 004b 19       		.uleb128 0x19
 1228 004c 01       		.uleb128 0x1
 1229 004d 13       		.uleb128 0x13
 1230 004e 00       		.byte	0
ARM GAS  C:\Users\Alex\AppData\Local\Temp\ccMSJP0Z.s 			page 27


 1231 004f 00       		.byte	0
 1232 0050 06       		.uleb128 0x6
 1233 0051 05       		.uleb128 0x5
 1234 0052 00       		.byte	0
 1235 0053 03       		.uleb128 0x3
 1236 0054 0E       		.uleb128 0xe
 1237 0055 3A       		.uleb128 0x3a
 1238 0056 0B       		.uleb128 0xb
 1239 0057 3B       		.uleb128 0x3b
 1240 0058 0B       		.uleb128 0xb
 1241 0059 49       		.uleb128 0x49
 1242 005a 13       		.uleb128 0x13
 1243 005b 02       		.uleb128 0x2
 1244 005c 17       		.uleb128 0x17
 1245 005d 00       		.byte	0
 1246 005e 00       		.byte	0
 1247 005f 07       		.uleb128 0x7
 1248 0060 34       		.uleb128 0x34
 1249 0061 00       		.byte	0
 1250 0062 03       		.uleb128 0x3
 1251 0063 0E       		.uleb128 0xe
 1252 0064 3A       		.uleb128 0x3a
 1253 0065 0B       		.uleb128 0xb
 1254 0066 3B       		.uleb128 0x3b
 1255 0067 0B       		.uleb128 0xb
 1256 0068 49       		.uleb128 0x49
 1257 0069 13       		.uleb128 0x13
 1258 006a 02       		.uleb128 0x2
 1259 006b 17       		.uleb128 0x17
 1260 006c 00       		.byte	0
 1261 006d 00       		.byte	0
 1262 006e 08       		.uleb128 0x8
 1263 006f 898201   		.uleb128 0x4109
 1264 0072 00       		.byte	0
 1265 0073 11       		.uleb128 0x11
 1266 0074 01       		.uleb128 0x1
 1267 0075 31       		.uleb128 0x31
 1268 0076 13       		.uleb128 0x13
 1269 0077 00       		.byte	0
 1270 0078 00       		.byte	0
 1271 0079 09       		.uleb128 0x9
 1272 007a 898201   		.uleb128 0x4109
 1273 007d 01       		.byte	0x1
 1274 007e 11       		.uleb128 0x11
 1275 007f 01       		.uleb128 0x1
 1276 0080 31       		.uleb128 0x31
 1277 0081 13       		.uleb128 0x13
 1278 0082 01       		.uleb128 0x1
 1279 0083 13       		.uleb128 0x13
 1280 0084 00       		.byte	0
 1281 0085 00       		.byte	0
 1282 0086 0A       		.uleb128 0xa
 1283 0087 8A8201   		.uleb128 0x410a
 1284 008a 00       		.byte	0
 1285 008b 02       		.uleb128 0x2
 1286 008c 18       		.uleb128 0x18
 1287 008d 9142     		.uleb128 0x2111
ARM GAS  C:\Users\Alex\AppData\Local\Temp\ccMSJP0Z.s 			page 28


 1288 008f 18       		.uleb128 0x18
 1289 0090 00       		.byte	0
 1290 0091 00       		.byte	0
 1291 0092 0B       		.uleb128 0xb
 1292 0093 898201   		.uleb128 0x4109
 1293 0096 01       		.byte	0x1
 1294 0097 11       		.uleb128 0x11
 1295 0098 01       		.uleb128 0x1
 1296 0099 31       		.uleb128 0x31
 1297 009a 13       		.uleb128 0x13
 1298 009b 00       		.byte	0
 1299 009c 00       		.byte	0
 1300 009d 0C       		.uleb128 0xc
 1301 009e 34       		.uleb128 0x34
 1302 009f 00       		.byte	0
 1303 00a0 03       		.uleb128 0x3
 1304 00a1 0E       		.uleb128 0xe
 1305 00a2 3A       		.uleb128 0x3a
 1306 00a3 0B       		.uleb128 0xb
 1307 00a4 3B       		.uleb128 0x3b
 1308 00a5 05       		.uleb128 0x5
 1309 00a6 49       		.uleb128 0x49
 1310 00a7 13       		.uleb128 0x13
 1311 00a8 3F       		.uleb128 0x3f
 1312 00a9 19       		.uleb128 0x19
 1313 00aa 3C       		.uleb128 0x3c
 1314 00ab 19       		.uleb128 0x19
 1315 00ac 00       		.byte	0
 1316 00ad 00       		.byte	0
 1317 00ae 0D       		.uleb128 0xd
 1318 00af 35       		.uleb128 0x35
 1319 00b0 00       		.byte	0
 1320 00b1 49       		.uleb128 0x49
 1321 00b2 13       		.uleb128 0x13
 1322 00b3 00       		.byte	0
 1323 00b4 00       		.byte	0
 1324 00b5 0E       		.uleb128 0xe
 1325 00b6 2E       		.uleb128 0x2e
 1326 00b7 00       		.byte	0
 1327 00b8 3F       		.uleb128 0x3f
 1328 00b9 19       		.uleb128 0x19
 1329 00ba 3C       		.uleb128 0x3c
 1330 00bb 19       		.uleb128 0x19
 1331 00bc 6E       		.uleb128 0x6e
 1332 00bd 0E       		.uleb128 0xe
 1333 00be 03       		.uleb128 0x3
 1334 00bf 0E       		.uleb128 0xe
 1335 00c0 3A       		.uleb128 0x3a
 1336 00c1 0B       		.uleb128 0xb
 1337 00c2 3B       		.uleb128 0x3b
 1338 00c3 0B       		.uleb128 0xb
 1339 00c4 00       		.byte	0
 1340 00c5 00       		.byte	0
 1341 00c6 00       		.byte	0
 1342              		.section	.debug_loc,"",%progbits
 1343              	.Ldebug_loc0:
 1344              	.LLST0:
ARM GAS  C:\Users\Alex\AppData\Local\Temp\ccMSJP0Z.s 			page 29


 1345 0000 00000000 		.4byte	.LVL0
 1346 0004 08000000 		.4byte	.LVL2
 1347 0008 0100     		.2byte	0x1
 1348 000a 50       		.byte	0x50
 1349 000b 08000000 		.4byte	.LVL2
 1350 000f 76000000 		.4byte	.LVL23
 1351 0013 0100     		.2byte	0x1
 1352 0015 53       		.byte	0x53
 1353 0016 76000000 		.4byte	.LVL23
 1354 001a B6000000 		.4byte	.LFE63
 1355 001e 0400     		.2byte	0x4
 1356 0020 F3       		.byte	0xf3
 1357 0021 01       		.uleb128 0x1
 1358 0022 50       		.byte	0x50
 1359 0023 9F       		.byte	0x9f
 1360 0024 00000000 		.4byte	0
 1361 0028 00000000 		.4byte	0
 1362              	.LLST1:
 1363 002c 06000000 		.4byte	.LVL1
 1364 0030 76000000 		.4byte	.LVL23
 1365 0034 0200     		.2byte	0x2
 1366 0036 30       		.byte	0x30
 1367 0037 9F       		.byte	0x9f
 1368 0038 76000000 		.4byte	.LVL23
 1369 003c 7E000000 		.4byte	.LVL24
 1370 0040 0100     		.2byte	0x1
 1371 0042 53       		.byte	0x53
 1372 0043 7E000000 		.4byte	.LVL24
 1373 0047 80000000 		.4byte	.LVL25
 1374 004b 0100     		.2byte	0x1
 1375 004d 5A       		.byte	0x5a
 1376 004e 80000000 		.4byte	.LVL25
 1377 0052 84000000 		.4byte	.LVL26
 1378 0056 0100     		.2byte	0x1
 1379 0058 53       		.byte	0x53
 1380 0059 84000000 		.4byte	.LVL26
 1381 005d B6000000 		.4byte	.LFE63
 1382 0061 0100     		.2byte	0x1
 1383 0063 5A       		.byte	0x5a
 1384 0064 00000000 		.4byte	0
 1385 0068 00000000 		.4byte	0
 1386              	.LLST2:
 1387 006c 06000000 		.4byte	.LVL1
 1388 0070 68000000 		.4byte	.LVL20
 1389 0074 0200     		.2byte	0x2
 1390 0076 30       		.byte	0x30
 1391 0077 9F       		.byte	0x9f
 1392 0078 68000000 		.4byte	.LVL20
 1393 007c B6000000 		.4byte	.LFE63
 1394 0080 0100     		.2byte	0x1
 1395 0082 54       		.byte	0x54
 1396 0083 00000000 		.4byte	0
 1397 0087 00000000 		.4byte	0
 1398              	.LLST3:
 1399 008b 06000000 		.4byte	.LVL1
 1400 008f 5A000000 		.4byte	.LVL17
 1401 0093 0200     		.2byte	0x2
ARM GAS  C:\Users\Alex\AppData\Local\Temp\ccMSJP0Z.s 			page 30


 1402 0095 30       		.byte	0x30
 1403 0096 9F       		.byte	0x9f
 1404 0097 5A000000 		.4byte	.LVL17
 1405 009b B6000000 		.4byte	.LFE63
 1406 009f 0100     		.2byte	0x1
 1407 00a1 55       		.byte	0x55
 1408 00a2 00000000 		.4byte	0
 1409 00a6 00000000 		.4byte	0
 1410              	.LLST4:
 1411 00aa 06000000 		.4byte	.LVL1
 1412 00ae 4C000000 		.4byte	.LVL14
 1413 00b2 0200     		.2byte	0x2
 1414 00b4 30       		.byte	0x30
 1415 00b5 9F       		.byte	0x9f
 1416 00b6 4C000000 		.4byte	.LVL14
 1417 00ba B6000000 		.4byte	.LFE63
 1418 00be 0100     		.2byte	0x1
 1419 00c0 56       		.byte	0x56
 1420 00c1 00000000 		.4byte	0
 1421 00c5 00000000 		.4byte	0
 1422              	.LLST5:
 1423 00c9 06000000 		.4byte	.LVL1
 1424 00cd 3E000000 		.4byte	.LVL11
 1425 00d1 0200     		.2byte	0x2
 1426 00d3 30       		.byte	0x30
 1427 00d4 9F       		.byte	0x9f
 1428 00d5 3E000000 		.4byte	.LVL11
 1429 00d9 B6000000 		.4byte	.LFE63
 1430 00dd 0100     		.2byte	0x1
 1431 00df 57       		.byte	0x57
 1432 00e0 00000000 		.4byte	0
 1433 00e4 00000000 		.4byte	0
 1434              	.LLST6:
 1435 00e8 06000000 		.4byte	.LVL1
 1436 00ec 2A000000 		.4byte	.LVL8
 1437 00f0 0200     		.2byte	0x2
 1438 00f2 30       		.byte	0x30
 1439 00f3 9F       		.byte	0x9f
 1440 00f4 2A000000 		.4byte	.LVL8
 1441 00f8 B6000000 		.4byte	.LFE63
 1442 00fc 0100     		.2byte	0x1
 1443 00fe 58       		.byte	0x58
 1444 00ff 00000000 		.4byte	0
 1445 0103 00000000 		.4byte	0
 1446              	.LLST7:
 1447 0107 06000000 		.4byte	.LVL1
 1448 010b 16000000 		.4byte	.LVL5
 1449 010f 0200     		.2byte	0x2
 1450 0111 30       		.byte	0x30
 1451 0112 9F       		.byte	0x9f
 1452 0113 16000000 		.4byte	.LVL5
 1453 0117 B6000000 		.4byte	.LFE63
 1454 011b 0100     		.2byte	0x1
 1455 011d 59       		.byte	0x59
 1456 011e 00000000 		.4byte	0
 1457 0122 00000000 		.4byte	0
 1458              	.LLST8:
ARM GAS  C:\Users\Alex\AppData\Local\Temp\ccMSJP0Z.s 			page 31


 1459 0126 06000000 		.4byte	.LVL1
 1460 012a 08000000 		.4byte	.LVL2
 1461 012e 0200     		.2byte	0x2
 1462 0130 30       		.byte	0x30
 1463 0131 9F       		.byte	0x9f
 1464 0132 08000000 		.4byte	.LVL2
 1465 0136 87000000 		.4byte	.LVL27-1
 1466 013a 0100     		.2byte	0x1
 1467 013c 50       		.byte	0x50
 1468 013d 00000000 		.4byte	0
 1469 0141 00000000 		.4byte	0
 1470              	.LLST9:
 1471 0145 00000000 		.4byte	.LVL35
 1472 0149 06000000 		.4byte	.LVL37
 1473 014d 0100     		.2byte	0x1
 1474 014f 50       		.byte	0x50
 1475 0150 06000000 		.4byte	.LVL37
 1476 0154 5E000000 		.4byte	.LFE64
 1477 0158 0400     		.2byte	0x4
 1478 015a F3       		.byte	0xf3
 1479 015b 01       		.uleb128 0x1
 1480 015c 50       		.byte	0x50
 1481 015d 9F       		.byte	0x9f
 1482 015e 00000000 		.4byte	0
 1483 0162 00000000 		.4byte	0
 1484              	.LLST10:
 1485 0166 04000000 		.4byte	.LVL36
 1486 016a 38000000 		.4byte	.LVL48
 1487 016e 0200     		.2byte	0x2
 1488 0170 30       		.byte	0x30
 1489 0171 9F       		.byte	0x9f
 1490 0172 38000000 		.4byte	.LVL48
 1491 0176 40000000 		.4byte	.LVL49
 1492 017a 0100     		.2byte	0x1
 1493 017c 53       		.byte	0x53
 1494 017d 40000000 		.4byte	.LVL49
 1495 0181 42000000 		.4byte	.LVL50
 1496 0185 0100     		.2byte	0x1
 1497 0187 54       		.byte	0x54
 1498 0188 42000000 		.4byte	.LVL50
 1499 018c 46000000 		.4byte	.LVL51
 1500 0190 0100     		.2byte	0x1
 1501 0192 53       		.byte	0x53
 1502 0193 46000000 		.4byte	.LVL51
 1503 0197 5E000000 		.4byte	.LFE64
 1504 019b 0100     		.2byte	0x1
 1505 019d 54       		.byte	0x54
 1506 019e 00000000 		.4byte	0
 1507 01a2 00000000 		.4byte	0
 1508              	.LLST11:
 1509 01a6 04000000 		.4byte	.LVL36
 1510 01aa 26000000 		.4byte	.LVL44
 1511 01ae 0200     		.2byte	0x2
 1512 01b0 30       		.byte	0x30
 1513 01b1 9F       		.byte	0x9f
 1514 01b2 26000000 		.4byte	.LVL44
 1515 01b6 2E000000 		.4byte	.LVL45
ARM GAS  C:\Users\Alex\AppData\Local\Temp\ccMSJP0Z.s 			page 32


 1516 01ba 0100     		.2byte	0x1
 1517 01bc 52       		.byte	0x52
 1518 01bd 2E000000 		.4byte	.LVL45
 1519 01c1 30000000 		.4byte	.LVL46
 1520 01c5 0100     		.2byte	0x1
 1521 01c7 55       		.byte	0x55
 1522 01c8 30000000 		.4byte	.LVL46
 1523 01cc 34000000 		.4byte	.LVL47
 1524 01d0 0100     		.2byte	0x1
 1525 01d2 52       		.byte	0x52
 1526 01d3 34000000 		.4byte	.LVL47
 1527 01d7 5E000000 		.4byte	.LFE64
 1528 01db 0100     		.2byte	0x1
 1529 01dd 55       		.byte	0x55
 1530 01de 00000000 		.4byte	0
 1531 01e2 00000000 		.4byte	0
 1532              	.LLST12:
 1533 01e6 04000000 		.4byte	.LVL36
 1534 01ea 14000000 		.4byte	.LVL40
 1535 01ee 0200     		.2byte	0x2
 1536 01f0 30       		.byte	0x30
 1537 01f1 9F       		.byte	0x9f
 1538 01f2 14000000 		.4byte	.LVL40
 1539 01f6 1C000000 		.4byte	.LVL41
 1540 01fa 0100     		.2byte	0x1
 1541 01fc 52       		.byte	0x52
 1542 01fd 1C000000 		.4byte	.LVL41
 1543 0201 1E000000 		.4byte	.LVL42
 1544 0205 0100     		.2byte	0x1
 1545 0207 56       		.byte	0x56
 1546 0208 1E000000 		.4byte	.LVL42
 1547 020c 22000000 		.4byte	.LVL43
 1548 0210 0100     		.2byte	0x1
 1549 0212 52       		.byte	0x52
 1550 0213 22000000 		.4byte	.LVL43
 1551 0217 5E000000 		.4byte	.LFE64
 1552 021b 0100     		.2byte	0x1
 1553 021d 56       		.byte	0x56
 1554 021e 00000000 		.4byte	0
 1555 0222 00000000 		.4byte	0
 1556              	.LLST13:
 1557 0226 04000000 		.4byte	.LVL36
 1558 022a 06000000 		.4byte	.LVL37
 1559 022e 0200     		.2byte	0x2
 1560 0230 30       		.byte	0x30
 1561 0231 9F       		.byte	0x9f
 1562 0232 06000000 		.4byte	.LVL37
 1563 0236 49000000 		.4byte	.LVL52-1
 1564 023a 0100     		.2byte	0x1
 1565 023c 50       		.byte	0x50
 1566 023d 00000000 		.4byte	0
 1567 0241 00000000 		.4byte	0
 1568              	.LLST14:
 1569 0245 00000000 		.4byte	.LVL56
 1570 0249 06000000 		.4byte	.LVL58
 1571 024d 0100     		.2byte	0x1
 1572 024f 50       		.byte	0x50
ARM GAS  C:\Users\Alex\AppData\Local\Temp\ccMSJP0Z.s 			page 33


 1573 0250 06000000 		.4byte	.LVL58
 1574 0254 2E000000 		.4byte	.LFE65
 1575 0258 0400     		.2byte	0x4
 1576 025a F3       		.byte	0xf3
 1577 025b 01       		.uleb128 0x1
 1578 025c 50       		.byte	0x50
 1579 025d 9F       		.byte	0x9f
 1580 025e 00000000 		.4byte	0
 1581 0262 00000000 		.4byte	0
 1582              	.LLST15:
 1583 0266 04000000 		.4byte	.LVL57
 1584 026a 14000000 		.4byte	.LVL61
 1585 026e 0200     		.2byte	0x2
 1586 0270 30       		.byte	0x30
 1587 0271 9F       		.byte	0x9f
 1588 0272 14000000 		.4byte	.LVL61
 1589 0276 1C000000 		.4byte	.LVL62
 1590 027a 0100     		.2byte	0x1
 1591 027c 53       		.byte	0x53
 1592 027d 1C000000 		.4byte	.LVL62
 1593 0281 1E000000 		.4byte	.LVL63
 1594 0285 0100     		.2byte	0x1
 1595 0287 54       		.byte	0x54
 1596 0288 1E000000 		.4byte	.LVL63
 1597 028c 22000000 		.4byte	.LVL64
 1598 0290 0100     		.2byte	0x1
 1599 0292 53       		.byte	0x53
 1600 0293 22000000 		.4byte	.LVL64
 1601 0297 2E000000 		.4byte	.LFE65
 1602 029b 0100     		.2byte	0x1
 1603 029d 54       		.byte	0x54
 1604 029e 00000000 		.4byte	0
 1605 02a2 00000000 		.4byte	0
 1606              	.LLST16:
 1607 02a6 04000000 		.4byte	.LVL57
 1608 02aa 06000000 		.4byte	.LVL58
 1609 02ae 0200     		.2byte	0x2
 1610 02b0 30       		.byte	0x30
 1611 02b1 9F       		.byte	0x9f
 1612 02b2 06000000 		.4byte	.LVL58
 1613 02b6 25000000 		.4byte	.LVL65-1
 1614 02ba 0100     		.2byte	0x1
 1615 02bc 50       		.byte	0x50
 1616 02bd 00000000 		.4byte	0
 1617 02c1 00000000 		.4byte	0
 1618              	.LLST17:
 1619 02c5 00000000 		.4byte	.LVL67
 1620 02c9 10000000 		.4byte	.LVL69
 1621 02cd 0100     		.2byte	0x1
 1622 02cf 50       		.byte	0x50
 1623 02d0 10000000 		.4byte	.LVL69
 1624 02d4 88000000 		.4byte	.LFE66
 1625 02d8 0400     		.2byte	0x4
 1626 02da F3       		.byte	0xf3
 1627 02db 01       		.uleb128 0x1
 1628 02dc 50       		.byte	0x50
 1629 02dd 9F       		.byte	0x9f
ARM GAS  C:\Users\Alex\AppData\Local\Temp\ccMSJP0Z.s 			page 34


 1630 02de 00000000 		.4byte	0
 1631 02e2 00000000 		.4byte	0
 1632              	.LLST18:
 1633 02e6 04000000 		.4byte	.LVL68
 1634 02ea 10000000 		.4byte	.LVL69
 1635 02ee 0100     		.2byte	0x1
 1636 02f0 50       		.byte	0x50
 1637 02f1 10000000 		.4byte	.LVL69
 1638 02f5 1E000000 		.4byte	.LVL71
 1639 02f9 0400     		.2byte	0x4
 1640 02fb F3       		.byte	0xf3
 1641 02fc 01       		.uleb128 0x1
 1642 02fd 50       		.byte	0x50
 1643 02fe 9F       		.byte	0x9f
 1644 02ff 1E000000 		.4byte	.LVL71
 1645 0303 36000000 		.4byte	.LVL73
 1646 0307 0100     		.2byte	0x1
 1647 0309 54       		.byte	0x54
 1648 030a 38000000 		.4byte	.LVL74
 1649 030e 50000000 		.4byte	.LVL76
 1650 0312 0100     		.2byte	0x1
 1651 0314 54       		.byte	0x54
 1652 0315 52000000 		.4byte	.LVL77
 1653 0319 6E000000 		.4byte	.LVL79
 1654 031d 0100     		.2byte	0x1
 1655 031f 54       		.byte	0x54
 1656 0320 6E000000 		.4byte	.LVL79
 1657 0324 70000000 		.4byte	.LVL80
 1658 0328 0100     		.2byte	0x1
 1659 032a 50       		.byte	0x50
 1660 032b 70000000 		.4byte	.LVL80
 1661 032f 72000000 		.4byte	.LVL81
 1662 0333 0300     		.2byte	0x3
 1663 0335 70       		.byte	0x70
 1664 0336 50       		.sleb128 -48
 1665 0337 9F       		.byte	0x9f
 1666 0338 72000000 		.4byte	.LVL81
 1667 033c 78000000 		.4byte	.LVL83
 1668 0340 0800     		.2byte	0x8
 1669 0342 74       		.byte	0x74
 1670 0343 00       		.sleb128 0
 1671 0344 75       		.byte	0x75
 1672 0345 00       		.sleb128 0
 1673 0346 31       		.byte	0x31
 1674 0347 24       		.byte	0x24
 1675 0348 1C       		.byte	0x1c
 1676 0349 9F       		.byte	0x9f
 1677 034a 00000000 		.4byte	0
 1678 034e 00000000 		.4byte	0
 1679              	.LLST19:
 1680 0352 00000000 		.4byte	.LVL84
 1681 0356 08000000 		.4byte	.LVL85
 1682 035a 0100     		.2byte	0x1
 1683 035c 50       		.byte	0x50
 1684 035d 08000000 		.4byte	.LVL85
 1685 0361 0E000000 		.4byte	.LVL87
 1686 0365 0400     		.2byte	0x4
ARM GAS  C:\Users\Alex\AppData\Local\Temp\ccMSJP0Z.s 			page 35


 1687 0367 F3       		.byte	0xf3
 1688 0368 01       		.uleb128 0x1
 1689 0369 50       		.byte	0x50
 1690 036a 9F       		.byte	0x9f
 1691 036b 0E000000 		.4byte	.LVL87
 1692 036f 28000000 		.4byte	.LVL90
 1693 0373 0100     		.2byte	0x1
 1694 0375 54       		.byte	0x54
 1695 0376 00000000 		.4byte	0
 1696 037a 00000000 		.4byte	0
 1697              	.LLST20:
 1698 037e 10000000 		.4byte	.LVL88
 1699 0382 28000000 		.4byte	.LVL90
 1700 0386 0100     		.2byte	0x1
 1701 0388 54       		.byte	0x54
 1702 0389 2A000000 		.4byte	.LVL91
 1703 038d 42000000 		.4byte	.LVL93
 1704 0391 0100     		.2byte	0x1
 1705 0393 54       		.byte	0x54
 1706 0394 44000000 		.4byte	.LVL94
 1707 0398 5C000000 		.4byte	.LVL96
 1708 039c 0100     		.2byte	0x1
 1709 039e 54       		.byte	0x54
 1710 039f 5E000000 		.4byte	.LVL97
 1711 03a3 7A000000 		.4byte	.LVL99
 1712 03a7 0100     		.2byte	0x1
 1713 03a9 54       		.byte	0x54
 1714 03aa 7A000000 		.4byte	.LVL99
 1715 03ae 7C000000 		.4byte	.LVL100
 1716 03b2 0100     		.2byte	0x1
 1717 03b4 50       		.byte	0x50
 1718 03b5 7C000000 		.4byte	.LVL100
 1719 03b9 7E000000 		.4byte	.LVL101
 1720 03bd 0300     		.2byte	0x3
 1721 03bf 70       		.byte	0x70
 1722 03c0 50       		.sleb128 -48
 1723 03c1 9F       		.byte	0x9f
 1724 03c2 7E000000 		.4byte	.LVL101
 1725 03c6 84000000 		.4byte	.LVL103
 1726 03ca 0800     		.2byte	0x8
 1727 03cc 74       		.byte	0x74
 1728 03cd 00       		.sleb128 0
 1729 03ce 75       		.byte	0x75
 1730 03cf 00       		.sleb128 0
 1731 03d0 31       		.byte	0x31
 1732 03d1 24       		.byte	0x24
 1733 03d2 1C       		.byte	0x1c
 1734 03d3 9F       		.byte	0x9f
 1735 03d4 00000000 		.4byte	0
 1736 03d8 00000000 		.4byte	0
 1737              		.section	.debug_aranges,"",%progbits
 1738 0000 3C000000 		.4byte	0x3c
 1739 0004 0200     		.2byte	0x2
 1740 0006 00000000 		.4byte	.Ldebug_info0
 1741 000a 04       		.byte	0x4
 1742 000b 00       		.byte	0
 1743 000c 0000     		.2byte	0
ARM GAS  C:\Users\Alex\AppData\Local\Temp\ccMSJP0Z.s 			page 36


 1744 000e 0000     		.2byte	0
 1745 0010 00000000 		.4byte	.LFB63
 1746 0014 B6000000 		.4byte	.LFE63-.LFB63
 1747 0018 00000000 		.4byte	.LFB64
 1748 001c 5E000000 		.4byte	.LFE64-.LFB64
 1749 0020 00000000 		.4byte	.LFB65
 1750 0024 2E000000 		.4byte	.LFE65-.LFB65
 1751 0028 00000000 		.4byte	.LFB66
 1752 002c 88000000 		.4byte	.LFE66-.LFB66
 1753 0030 00000000 		.4byte	.LFB67
 1754 0034 94000000 		.4byte	.LFE67-.LFB67
 1755 0038 00000000 		.4byte	0
 1756 003c 00000000 		.4byte	0
 1757              		.section	.debug_ranges,"",%progbits
 1758              	.Ldebug_ranges0:
 1759 0000 00000000 		.4byte	.LFB63
 1760 0004 B6000000 		.4byte	.LFE63
 1761 0008 00000000 		.4byte	.LFB64
 1762 000c 5E000000 		.4byte	.LFE64
 1763 0010 00000000 		.4byte	.LFB65
 1764 0014 2E000000 		.4byte	.LFE65
 1765 0018 00000000 		.4byte	.LFB66
 1766 001c 88000000 		.4byte	.LFE66
 1767 0020 00000000 		.4byte	.LFB67
 1768 0024 94000000 		.4byte	.LFE67
 1769 0028 00000000 		.4byte	0
 1770 002c 00000000 		.4byte	0
 1771              		.section	.debug_line,"",%progbits
 1772              	.Ldebug_line0:
 1773 0000 0A020000 		.section	.debug_str,"MS",%progbits,1
 1773      02005701 
 1773      00000201 
 1773      FB0E0D00 
 1773      01010101 
 1774              	.LASF30:
 1775 0000 6E756D5F 		.ascii	"num_6\000"
 1775      3600
 1776              	.LASF2:
 1777 0006 5F5F7569 		.ascii	"__uint8_t\000"
 1777      6E74385F 
 1777      7400
 1778              	.LASF26:
 1779 0010 6E756D5F 		.ascii	"num_2\000"
 1779      3200
 1780              	.LASF3:
 1781 0016 5F5F696E 		.ascii	"__int16_t\000"
 1781      7431365F 
 1781      7400
 1782              	.LASF7:
 1783 0020 5F5F696E 		.ascii	"__int32_t\000"
 1783      7433325F 
 1783      7400
 1784              	.LASF8:
 1785 002a 6C6F6E67 		.ascii	"long int\000"
 1785      20696E74 
 1785      00
 1786              	.LASF20:
ARM GAS  C:\Users\Alex\AppData\Local\Temp\ccMSJP0Z.s 			page 37


 1787 0033 646F7562 		.ascii	"double\000"
 1787      6C6500
 1788              	.LASF35:
 1789 003a 75617274 		.ascii	"uart_put_hex_8bit\000"
 1789      5F707574 
 1789      5F686578 
 1789      5F386269 
 1789      7400
 1790              	.LASF17:
 1791 004c 696E7433 		.ascii	"int32_t\000"
 1791      325F7400 
 1792              	.LASF19:
 1793 0054 666C6F61 		.ascii	"float\000"
 1793      7400
 1794              	.LASF34:
 1795 005a 64617461 		.ascii	"data\000"
 1795      00
 1796              	.LASF1:
 1797 005f 756E7369 		.ascii	"unsigned char\000"
 1797      676E6564 
 1797      20636861 
 1797      7200
 1798              	.LASF40:
 1799 006d 474E5520 		.ascii	"GNU C11 5.4.1 20160609 (release) [ARM/embedded-5-br"
 1799      43313120 
 1799      352E342E 
 1799      31203230 
 1799      31363036 
 1800 00a0 616E6368 		.ascii	"anch revision 237715] -mcpu=cortex-m3 -mthumb -g -O"
 1800      20726576 
 1800      6973696F 
 1800      6E203233 
 1800      37373135 
 1801 00d3 67202D66 		.ascii	"g -ffunction-sections -ffat-lto-objects\000"
 1801      66756E63 
 1801      74696F6E 
 1801      2D736563 
 1801      74696F6E 
 1802              	.LASF36:
 1803 00fb 75617274 		.ascii	"uart_put_num16\000"
 1803      5F707574 
 1803      5F6E756D 
 1803      313600
 1804              	.LASF6:
 1805 010a 73686F72 		.ascii	"short unsigned int\000"
 1805      7420756E 
 1805      7369676E 
 1805      65642069 
 1805      6E7400
 1806              	.LASF33:
 1807 011d 75617274 		.ascii	"uart_put_hex_16bit\000"
 1807      5F707574 
 1807      5F686578 
 1807      5F313662 
 1807      697400
 1808              	.LASF43:
 1809 0130 49544D5F 		.ascii	"ITM_RxBuffer\000"
ARM GAS  C:\Users\Alex\AppData\Local\Temp\ccMSJP0Z.s 			page 38


 1809      52784275 
 1809      66666572 
 1809      00
 1810              	.LASF44:
 1811 013d 44454255 		.ascii	"DEBUG_UART_PutChar\000"
 1811      475F5541 
 1811      52545F50 
 1811      75744368 
 1811      617200
 1812              	.LASF37:
 1813 0150 6E756D32 		.ascii	"num2print\000"
 1813      7072696E 
 1813      7400
 1814              	.LASF5:
 1815 015a 5F5F7569 		.ascii	"__uint16_t\000"
 1815      6E743136 
 1815      5F7400
 1816              	.LASF10:
 1817 0165 6C6F6E67 		.ascii	"long unsigned int\000"
 1817      20756E73 
 1817      69676E65 
 1817      6420696E 
 1817      7400
 1818              	.LASF9:
 1819 0177 5F5F7569 		.ascii	"__uint32_t\000"
 1819      6E743332 
 1819      5F7400
 1820              	.LASF13:
 1821 0182 756E7369 		.ascii	"unsigned int\000"
 1821      676E6564 
 1821      20696E74 
 1821      00
 1822              	.LASF12:
 1823 018f 6C6F6E67 		.ascii	"long long unsigned int\000"
 1823      206C6F6E 
 1823      6720756E 
 1823      7369676E 
 1823      65642069 
 1824              	.LASF14:
 1825 01a6 75696E74 		.ascii	"uint8_t\000"
 1825      385F7400 
 1826              	.LASF15:
 1827 01ae 696E7431 		.ascii	"int16_t\000"
 1827      365F7400 
 1828              	.LASF41:
 1829 01b6 75617274 		.ascii	"uart_handler.c\000"
 1829      5F68616E 
 1829      646C6572 
 1829      2E6300
 1830              	.LASF22:
 1831 01c5 6C6F6E67 		.ascii	"long double\000"
 1831      20646F75 
 1831      626C6500 
 1832              	.LASF23:
 1833 01d1 73697A65 		.ascii	"sizetype\000"
 1833      74797065 
 1833      00
ARM GAS  C:\Users\Alex\AppData\Local\Temp\ccMSJP0Z.s 			page 39


 1834              	.LASF11:
 1835 01da 6C6F6E67 		.ascii	"long long int\000"
 1835      206C6F6E 
 1835      6720696E 
 1835      7400
 1836              	.LASF21:
 1837 01e8 63686172 		.ascii	"char\000"
 1837      00
 1838              	.LASF32:
 1839 01ed 75617274 		.ascii	"uart_put_hex_32bit\000"
 1839      5F707574 
 1839      5F686578 
 1839      5F333262 
 1839      697400
 1840              	.LASF16:
 1841 0200 75696E74 		.ascii	"uint16_t\000"
 1841      31365F74 
 1841      00
 1842              	.LASF4:
 1843 0209 73686F72 		.ascii	"short int\000"
 1843      7420696E 
 1843      7400
 1844              	.LASF39:
 1845 0213 75617274 		.ascii	"uart_put_signed_num16\000"
 1845      5F707574 
 1845      5F736967 
 1845      6E65645F 
 1845      6E756D31 
 1846              	.LASF24:
 1847 0229 6E756D5F 		.ascii	"num_0\000"
 1847      3000
 1848              	.LASF25:
 1849 022f 6E756D5F 		.ascii	"num_1\000"
 1849      3100
 1850              	.LASF18:
 1851 0235 75696E74 		.ascii	"uint32_t\000"
 1851      33325F74 
 1851      00
 1852              	.LASF27:
 1853 023e 6E756D5F 		.ascii	"num_3\000"
 1853      3300
 1854              	.LASF28:
 1855 0244 6E756D5F 		.ascii	"num_4\000"
 1855      3400
 1856              	.LASF29:
 1857 024a 6E756D5F 		.ascii	"num_5\000"
 1857      3500
 1858              	.LASF42:
 1859 0250 503A5C4D 		.ascii	"P:\\My_Documents\\business\\Prometheus_EducationLLC"
 1859      795F446F 
 1859      63756D65 
 1859      6E74735C 
 1859      62757369 
 1860 0280 5C547574 		.ascii	"\\Tutorials\\MCU101_Cypresss\\SW_Working_Directory\\"
 1860      6F726961 
 1860      6C735C4D 
 1860      43553130 
ARM GAS  C:\Users\Alex\AppData\Local\Temp\ccMSJP0Z.s 			page 40


 1860      315F4379 
 1861 02b0 4D435531 		.ascii	"MCU101_Cypress_PSOC5_Labs\\CyController\\CyControll"
 1861      30315F43 
 1861      79707265 
 1861      73735F50 
 1861      534F4335 
 1862 02e1 6572312E 		.ascii	"er1.cydsn\000"
 1862      63796473 
 1862      6E00
 1863              	.LASF31:
 1864 02eb 6E756D5F 		.ascii	"num_7\000"
 1864      3700
 1865              	.LASF0:
 1866 02f1 7369676E 		.ascii	"signed char\000"
 1866      65642063 
 1866      68617200 
 1867              	.LASF38:
 1868 02fd 74656D70 		.ascii	"temporary_number\000"
 1868      6F726172 
 1868      795F6E75 
 1868      6D626572 
 1868      00
 1869              		.ident	"GCC: (GNU Tools for ARM Embedded Processors) 5.4.1 20160609 (release) [ARM/embedded-5-bran
