ARM GAS  C:\Users\Alex\AppData\Local\Temp\ccZN6pOG.s 			page 1


   1              		.syntax unified
   2              		.cpu cortex-m3
   3              		.fpu softvfp
   4              		.eabi_attribute 20, 1
   5              		.eabi_attribute 21, 1
   6              		.eabi_attribute 23, 3
   7              		.eabi_attribute 24, 1
   8              		.eabi_attribute 25, 1
   9              		.eabi_attribute 26, 1
  10              		.eabi_attribute 30, 1
  11              		.eabi_attribute 34, 1
  12              		.eabi_attribute 18, 4
  13              		.thumb
  14              		.syntax unified
  15              		.file	"main.c"
  16              		.text
  17              	.Ltext0:
  18              		.cfi_sections	.debug_frame
  19              		.section	.text.StartUp,"ax",%progbits
  20              		.align	2
  21              		.global	StartUp
  22              		.thumb
  23              		.thumb_func
  24              		.type	StartUp, %function
  25              	StartUp:
  26              	.LFB65:
  27              		.file 1 "main.c"
   1:main.c        **** /******************************************************************************
   2:main.c        **** This program is free software; you can redistribute it and/or
   3:main.c        **** modify it under the terms of the GNU General Public License as
   4:main.c        **** published by the Free Software Foundation; either version 3 of
   5:main.c        **** the License, or (at your option) any later verison.
   6:main.c        **** 
   7:main.c        **** This program is distributed in the hope that it will be useful, but
   8:main.c        **** WITHOUT ANY WARRANTY; without even the implied warranty of
   9:main.c        **** MECHANTABILITY or FITNESS FOR A PARTICULAR PURPOSE.  See
  10:main.c        **** the GNU General Public License for more details.
  11:main.c        **** 
  12:main.c        **** You should have received a copy of the GNU General Public License
  13:main.c        **** along with this program; if not, write to the Free Software
  14:main.c        **** Foundation, Inc., 51 Franklin St, Fifth Floor, Boston, MA 02110-1301
  15:main.c        **** USA
  16:main.c        **** ***************************************************************************** */
  17:main.c        **** 
  18:main.c        **** /*****************************************************************************
  19:main.c        **** *  Project Name: CyController1
  20:main.c        **** *  Project Revision: 1.00
  21:main.c        **** *  Software Version: PSoC Creator 3.2 SP1
  22:main.c        **** *  Device Tested: CY8C5888LTI-LP097
  23:main.c        **** *  Compilers Tested: ARM GCC
  24:main.c        **** *  Related Hardware: CY8CKIT-059
  25:main.c        **** ***************************************************************************** */
  26:main.c        **** /* Project Description:
  27:main.c        ****  * This project will create a simple USB HID joystick for FRC. It has
  28:main.c        ****  * 8 analog inputs
  29:main.c        ****  * 22 digital inputs for buttons
  30:main.c        ****  * 12 digital indicator outputs
ARM GAS  C:\Users\Alex\AppData\Local\Temp\ccZN6pOG.s 			page 2


  31:main.c        **** ***************************************************************************** */
  32:main.c        **** 
  33:main.c        **** #ifndef TRUE
  34:main.c        ****     #define TRUE 1u
  35:main.c        **** #endif
  36:main.c        **** #ifndef FALSE
  37:main.c        ****     #define FALSE 0u
  38:main.c        **** #endif
  39:main.c        **** 
  40:main.c        **** //Use this define statement to enable the UART debug interface
  41:main.c        **** #define DEBUG_ENABLE TRUE
  42:main.c        **** 
  43:main.c        **** #include <project.h>
  44:main.c        **** #include <stdio.h>
  45:main.c        **** #include "uart_handler.h"
  46:main.c        **** 
  47:main.c        **** /* 8 bytes for analog axis data */
  48:main.c        **** #define ANALOG_SIZE 8
  49:main.c        **** /* 3 bytes for 22 button inputs */
  50:main.c        **** #define BUTTON_SIZE 3
  51:main.c        **** /* 2 bytes for 12 output indicators such as LEDs */
  52:main.c        **** #define OUTPUT_SIZE 2
  53:main.c        **** 
  54:main.c        **** /* Endpoint 1 is IN (analog and buttons) */
  55:main.c        **** #define IN_EP  1
  56:main.c        **** /* Endpiont 2 is OUT (indicators) */
  57:main.c        **** #define OUT_EP 2
  58:main.c        **** 
  59:main.c        **** void StartUp (void); 		/* Function prototype for component startup API */
  60:main.c        **** void ReadAnalog (void);     /* Function prototype for reading and altering data for joystick inform
  61:main.c        **** void ReadButtons (void);    /* Function prototype for reading and altering data for digital button 
  62:main.c        **** void SetOutputs (void);     /* Prototype for driving digital outputs */
  63:main.c        **** 
  64:main.c        **** static uint16 AnalogRaw[ANALOG_SIZE];   /* Raw ADC measurements */
  65:main.c        **** static int16  AnalogData[ANALOG_SIZE];   /* Scaled ADC measurements */
  66:main.c        **** static int8 USB_Input_Data[ANALOG_SIZE + BUTTON_SIZE]; /* USB data to send to the PC */
  67:main.c        **** static uint8 USB_Output_Data[OUTPUT_SIZE]; /* USB data received from the PC */
  68:main.c        **** 
  69:main.c        **** int main()
  70:main.c        **** {    
  71:main.c        ****     uint16 outCount;
  72:main.c        ****     uint16_t loop_index;
  73:main.c        ****     
  74:main.c        ****     StartUp(); 	/* Calls the proper start API for all the components */
  75:main.c        ****     DEBUG_UART_Start();    
  76:main.c        **** 	
  77:main.c        **** 	for(;;)
  78:main.c        ****     {
  79:main.c        **** 
  80:main.c        ****         
  81:main.c        ****     	while(!USBFS_1_bGetEPAckState(IN_EP)); 	/* Wait for ACK before loading data */
  82:main.c        ****         
  83:main.c        **** 		ReadAnalog();	/* Calls function to read analog inputs */
  84:main.c        ****         ReadButtons();	/* Calls function to monitor button presses */
  85:main.c        ****         
  86:main.c        ****         /*Check to see if the IN Endpoint is empty. If so, load it with Input data to be tranfered 
  87:main.c        ****         if(USBFS_1_GetEPState(IN_EP) == USBFS_1_IN_BUFFER_EMPTY)
ARM GAS  C:\Users\Alex\AppData\Local\Temp\ccZN6pOG.s 			page 3


  88:main.c        ****         {
  89:main.c        ****             //UART Debug interface will stream out the contents of the USB report
  90:main.c        ****             #if(DEBUG_ENABLE == TRUE)
  91:main.c        ****             //Transmit USB_Input_Data over debug
  92:main.c        ****             for(loop_index = 0; loop_index < sizeof(USB_Input_Data); loop_index++)
  93:main.c        ****             {
  94:main.c        ****                 uart_put_hex_8bit(USB_Input_Data[loop_index]);
  95:main.c        ****                 debug_putc(0x09);
  96:main.c        ****             }
  97:main.c        ****             debug_putc(0x0A);
  98:main.c        ****             debug_putc(0x0D);
  99:main.c        ****             #endif
 100:main.c        ****             
 101:main.c        **** 		    /* Load latest analog and button data into the IN EP and send */
 102:main.c        ****             USBFS_1_LoadInEP(IN_EP, (uint8 *)USB_Input_Data, sizeof(USB_Input_Data));   
 103:main.c        ****         }
 104:main.c        ****         
 105:main.c        ****         /* Check to see if the OUT Endpoint is full from a recieved transaction. */
 106:main.c        ****         if(USBFS_1_GetEPState(OUT_EP) == USBFS_1_OUT_BUFFER_FULL)
 107:main.c        ****         {
 108:main.c        ****             /* Get the number of bytes recieved */
 109:main.c        ****             outCount = USBFS_1_GetEPCount(OUT_EP);
 110:main.c        ****             /* Read the OUT endpoint and store data in OUT_Data_Buffer */
 111:main.c        ****             USBFS_1_ReadOutEP(OUT_EP, USB_Output_Data, outCount);
 112:main.c        ****             /* Re-enable OUT endpoint */
 113:main.c        ****             USBFS_1_EnableOutEP(OUT_EP);
 114:main.c        ****         }
 115:main.c        ****         
 116:main.c        ****         SetOutputs();   /* Set output values based on the data received from the out EP */
 117:main.c        ****     }
 118:main.c        **** }
 119:main.c        **** 
 120:main.c        **** void StartUp (void)
 121:main.c        **** {
  28              		.loc 1 121 0
  29              		.cfi_startproc
  30              		@ args = 0, pretend = 0, frame = 0
  31              		@ frame_needed = 0, uses_anonymous_args = 0
  32 0000 08B5     		push	{r3, lr}
  33              		.cfi_def_cfa_offset 8
  34              		.cfi_offset 3, -8
  35              		.cfi_offset 14, -4
  36              	.LVL0:
 122:main.c        **** 	uint8 i;
 123:main.c        ****     
 124:main.c        ****     /* Intialize USB Input EP data array */
 125:main.c        ****     for (i=0; i < sizeof(USB_Input_Data); i++)
  37              		.loc 1 125 0
  38 0002 0023     		movs	r3, #0
  39 0004 04E0     		b	.L2
  40              	.LVL1:
  41              	.L3:
 126:main.c        ****     {
 127:main.c        ****         USB_Input_Data[i] = 0;
  42              		.loc 1 127 0 discriminator 3
  43 0006 0021     		movs	r1, #0
  44 0008 124A     		ldr	r2, .L8
ARM GAS  C:\Users\Alex\AppData\Local\Temp\ccZN6pOG.s 			page 4


  45 000a D154     		strb	r1, [r2, r3]
 125:main.c        ****     {
  46              		.loc 1 125 0 discriminator 3
  47 000c 0133     		adds	r3, r3, #1
  48              	.LVL2:
  49 000e DBB2     		uxtb	r3, r3
  50              	.LVL3:
  51              	.L2:
 125:main.c        ****     {
  52              		.loc 1 125 0 is_stmt 0 discriminator 1
  53 0010 0A2B     		cmp	r3, #10
  54 0012 F8D9     		bls	.L3
  55 0014 0023     		movs	r3, #0
  56              	.LVL4:
  57 0016 05E0     		b	.L4
  58              	.LVL5:
  59              	.L5:
 128:main.c        ****     }
 129:main.c        ****     /* Intialize USB Output EP data array */
 130:main.c        ****     for (i=0; i < sizeof(USB_Output_Data); i++)
 131:main.c        ****     {
 132:main.c        ****         USB_Output_Data[i] = 0;
  60              		.loc 1 132 0 is_stmt 1 discriminator 3
  61 0018 0E4A     		ldr	r2, .L8
  62 001a 1A44     		add	r2, r2, r3
  63 001c 0021     		movs	r1, #0
  64 001e 1173     		strb	r1, [r2, #12]
 130:main.c        ****     {
  65              		.loc 1 130 0 discriminator 3
  66 0020 0133     		adds	r3, r3, #1
  67              	.LVL6:
  68 0022 DBB2     		uxtb	r3, r3
  69              	.LVL7:
  70              	.L4:
 130:main.c        ****     {
  71              		.loc 1 130 0 is_stmt 0 discriminator 1
  72 0024 012B     		cmp	r3, #1
  73 0026 F7D9     		bls	.L5
 133:main.c        ****     }
 134:main.c        ****     
 135:main.c        ****     CYGlobalIntEnable;           					/* Enable Global interrupts */
  74              		.loc 1 135 0 is_stmt 1
  75              		.syntax unified
  76              	@ 135 "main.c" 1
  77 0028 62B6     		CPSIE   i
  78              	@ 0 "" 2
 136:main.c        ****     ADC_Start();        					        /* Initialize ADC */
  79              		.loc 1 136 0
  80              		.thumb
  81              		.syntax unified
  82 002a FFF7FEFF 		bl	ADC_Start
  83              	.LVL8:
 137:main.c        **** 	ADC_StartConvert();								/* End ADC conversion */  
  84              		.loc 1 137 0
  85 002e FFF7FEFF 		bl	ADC_StartConvert
  86              	.LVL9:
 138:main.c        **** 
ARM GAS  C:\Users\Alex\AppData\Local\Temp\ccZN6pOG.s 			page 5


 139:main.c        **** 	USBFS_1_Start(0, USBFS_1_DWR_VDDD_OPERATION);	/* Start USBFS operation/device 0 and with 5V operat
  87              		.loc 1 139 0
  88 0032 0221     		movs	r1, #2
  89 0034 0020     		movs	r0, #0
  90 0036 FFF7FEFF 		bl	USBFS_1_Start
  91              	.LVL10:
  92              	.L6:
 140:main.c        **** 	while(!USBFS_1_bGetConfiguration())
  93              		.loc 1 140 0 discriminator 1
  94 003a FFF7FEFF 		bl	USBFS_1_GetConfiguration
  95              	.LVL11:
  96 003e 0028     		cmp	r0, #0
  97 0040 FBD0     		beq	.L6
 141:main.c        ****     {
 142:main.c        ****         /* Wait for Device to enumerate */
 143:main.c        ****     }			
 144:main.c        ****     
 145:main.c        ****     USBFS_1_LoadInEP(IN_EP, (uint8 *)USB_Input_Data, sizeof(USB_Input_Data)); /* Loads an inital va
  98              		.loc 1 145 0
  99 0042 0B22     		movs	r2, #11
 100 0044 0349     		ldr	r1, .L8
 101 0046 0120     		movs	r0, #1
 102 0048 FFF7FEFF 		bl	USBFS_1_LoadInEP
 103              	.LVL12:
 146:main.c        ****     USBFS_1_EnableOutEP(OUT_EP); /* Enable the output endpoint */
 104              		.loc 1 146 0
 105 004c 0220     		movs	r0, #2
 106 004e FFF7FEFF 		bl	USBFS_1_EnableOutEP
 107              	.LVL13:
 108 0052 08BD     		pop	{r3, pc}
 109              	.L9:
 110              		.align	2
 111              	.L8:
 112 0054 00000000 		.word	.LANCHOR0
 113              		.cfi_endproc
 114              	.LFE65:
 115              		.size	StartUp, .-StartUp
 116              		.section	.text.ReadAnalog,"ax",%progbits
 117              		.align	2
 118              		.global	ReadAnalog
 119              		.thumb
 120              		.thumb_func
 121              		.type	ReadAnalog, %function
 122              	ReadAnalog:
 123              	.LFB66:
 147:main.c        **** }
 148:main.c        **** 
 149:main.c        **** void ReadAnalog (void)
 150:main.c        **** {
 124              		.loc 1 150 0
 125              		.cfi_startproc
 126              		@ args = 0, pretend = 0, frame = 0
 127              		@ frame_needed = 0, uses_anonymous_args = 0
 128 0000 38B5     		push	{r3, r4, r5, lr}
 129              		.cfi_def_cfa_offset 16
 130              		.cfi_offset 3, -16
 131              		.cfi_offset 4, -12
ARM GAS  C:\Users\Alex\AppData\Local\Temp\ccZN6pOG.s 			page 6


 132              		.cfi_offset 5, -8
 133              		.cfi_offset 14, -4
 134              	.LVL14:
 151:main.c        **** 	uint8 i;
 152:main.c        ****     
 153:main.c        ****     for(i=0; i<ANALOG_SIZE; i++)
 135              		.loc 1 153 0
 136 0002 0024     		movs	r4, #0
 137 0004 28E0     		b	.L11
 138              	.LVL15:
 139              	.L14:
 154:main.c        ****     {
 155:main.c        ****         AnalogRaw[i] = ADC_GetResult16(i) >> 4;     /* Get ADC reading and keep just the 8 upper bi
 140              		.loc 1 155 0
 141 0006 2546     		mov	r5, r4
 142 0008 2046     		mov	r0, r4
 143 000a FFF7FEFF 		bl	ADC_GetResult16
 144              	.LVL16:
 145 000e C0F30F10 		ubfx	r0, r0, #4, #16
 156:main.c        ****         AnalogData[i] = AnalogRaw[i] - 127;         /* Adjust axis to center the reading */
 146              		.loc 1 156 0
 147 0012 7F38     		subs	r0, r0, #127
 148 0014 00B2     		sxth	r0, r0
 149 0016 124B     		ldr	r3, .L16
 150 0018 03EB4403 		add	r3, r3, r4, lsl #1
 151 001c 1882     		strh	r0, [r3, #16]	@ movhi
 157:main.c        ****         if(AnalogData[i] > 127)
 152              		.loc 1 157 0
 153 001e 7F28     		cmp	r0, #127
 154 0020 04DD     		ble	.L12
 158:main.c        ****         {
 159:main.c        ****             AnalogData[i] = 127;
 155              		.loc 1 159 0
 156 0022 0F4B     		ldr	r3, .L16
 157 0024 03EB4403 		add	r3, r3, r4, lsl #1
 158 0028 7F22     		movs	r2, #127
 159 002a 1A82     		strh	r2, [r3, #16]	@ movhi
 160              	.L12:
 160:main.c        ****         }
 161:main.c        ****         if(AnalogData[i] < -127)
 161              		.loc 1 161 0
 162 002c 0C4B     		ldr	r3, .L16
 163 002e 03EB4503 		add	r3, r3, r5, lsl #1
 164 0032 B3F91030 		ldrsh	r3, [r3, #16]
 165 0036 13F17F0F 		cmn	r3, #127
 166 003a 05DA     		bge	.L13
 162:main.c        ****         {
 163:main.c        ****             AnalogData[i] = -127;
 167              		.loc 1 163 0
 168 003c 084B     		ldr	r3, .L16
 169 003e 03EB4503 		add	r3, r3, r5, lsl #1
 170 0042 4FF68172 		movw	r2, #65409
 171 0046 1A82     		strh	r2, [r3, #16]	@ movhi
 172              	.L13:
 164:main.c        ****         }
 165:main.c        ****         
 166:main.c        ****         /* Move analog data to USB array to prepare for sending */
ARM GAS  C:\Users\Alex\AppData\Local\Temp\ccZN6pOG.s 			page 7


 167:main.c        ****         USB_Input_Data[i] = AnalogData[i];
 173              		.loc 1 167 0 discriminator 2
 174 0048 054B     		ldr	r3, .L16
 175 004a 03EB4502 		add	r2, r3, r5, lsl #1
 176 004e B2F91020 		ldrsh	r2, [r2, #16]
 177 0052 5A55     		strb	r2, [r3, r5]
 153:main.c        ****     {
 178              		.loc 1 153 0 discriminator 2
 179 0054 0134     		adds	r4, r4, #1
 180              	.LVL17:
 181 0056 E4B2     		uxtb	r4, r4
 182              	.LVL18:
 183              	.L11:
 153:main.c        ****     {
 184              		.loc 1 153 0 is_stmt 0 discriminator 1
 185 0058 072C     		cmp	r4, #7
 186 005a D4D9     		bls	.L14
 168:main.c        ****     }
 169:main.c        **** }
 187              		.loc 1 169 0 is_stmt 1
 188 005c 38BD     		pop	{r3, r4, r5, pc}
 189              	.LVL19:
 190              	.L17:
 191 005e 00BF     		.align	2
 192              	.L16:
 193 0060 00000000 		.word	.LANCHOR0
 194              		.cfi_endproc
 195              	.LFE66:
 196              		.size	ReadAnalog, .-ReadAnalog
 197              		.section	.text.ReadButtons,"ax",%progbits
 198              		.align	2
 199              		.global	ReadButtons
 200              		.thumb
 201              		.thumb_func
 202              		.type	ReadButtons, %function
 203              	ReadButtons:
 204              	.LFB67:
 170:main.c        **** 
 171:main.c        **** void ReadButtons (void)
 172:main.c        **** {
 205              		.loc 1 172 0
 206              		.cfi_startproc
 207              		@ args = 0, pretend = 0, frame = 0
 208              		@ frame_needed = 0, uses_anonymous_args = 0
 209 0000 10B5     		push	{r4, lr}
 210              		.cfi_def_cfa_offset 8
 211              		.cfi_offset 4, -8
 212              		.cfi_offset 14, -4
 173:main.c        **** 	/* Read button values from status registers into USB array to prepare for sending */
 174:main.c        ****     USB_Input_Data[ANALOG_SIZE]   = ButtonReg1_Read(); /* First button byte is after the last analo
 213              		.loc 1 174 0
 214 0002 FFF7FEFF 		bl	ButtonReg1_Read
 215              	.LVL20:
 216 0006 044C     		ldr	r4, .L20
 217 0008 2072     		strb	r0, [r4, #8]
 175:main.c        ****     USB_Input_Data[ANALOG_SIZE+1] = ButtonReg2_Read();
 218              		.loc 1 175 0
ARM GAS  C:\Users\Alex\AppData\Local\Temp\ccZN6pOG.s 			page 8


 219 000a FFF7FEFF 		bl	ButtonReg2_Read
 220              	.LVL21:
 221 000e 6072     		strb	r0, [r4, #9]
 176:main.c        ****     USB_Input_Data[ANALOG_SIZE+2] = ButtonReg3_Read();
 222              		.loc 1 176 0
 223 0010 FFF7FEFF 		bl	ButtonReg3_Read
 224              	.LVL22:
 225 0014 A072     		strb	r0, [r4, #10]
 226 0016 10BD     		pop	{r4, pc}
 227              	.L21:
 228              		.align	2
 229              	.L20:
 230 0018 00000000 		.word	.LANCHOR0
 231              		.cfi_endproc
 232              	.LFE67:
 233              		.size	ReadButtons, .-ReadButtons
 234              		.section	.text.SetOutputs,"ax",%progbits
 235              		.align	2
 236              		.global	SetOutputs
 237              		.thumb
 238              		.thumb_func
 239              		.type	SetOutputs, %function
 240              	SetOutputs:
 241              	.LFB68:
 177:main.c        **** }
 178:main.c        **** 
 179:main.c        **** void SetOutputs (void)
 180:main.c        **** {
 242              		.loc 1 180 0
 243              		.cfi_startproc
 244              		@ args = 0, pretend = 0, frame = 0
 245              		@ frame_needed = 0, uses_anonymous_args = 0
 246 0000 10B5     		push	{r4, lr}
 247              		.cfi_def_cfa_offset 8
 248              		.cfi_offset 4, -8
 249              		.cfi_offset 14, -4
 181:main.c        ****     /* Write data received from USB to the output control registers */   
 182:main.c        ****     OutputReg1_Write(USB_Output_Data[0]);
 250              		.loc 1 182 0
 251 0002 044C     		ldr	r4, .L24
 252 0004 207B     		ldrb	r0, [r4, #12]	@ zero_extendqisi2
 253 0006 FFF7FEFF 		bl	OutputReg1_Write
 254              	.LVL23:
 183:main.c        ****     OutputReg2_Write(USB_Output_Data[1]);
 255              		.loc 1 183 0
 256 000a 607B     		ldrb	r0, [r4, #13]	@ zero_extendqisi2
 257 000c FFF7FEFF 		bl	OutputReg2_Write
 258              	.LVL24:
 259 0010 10BD     		pop	{r4, pc}
 260              	.L25:
 261 0012 00BF     		.align	2
 262              	.L24:
 263 0014 00000000 		.word	.LANCHOR0
 264              		.cfi_endproc
 265              	.LFE68:
 266              		.size	SetOutputs, .-SetOutputs
 267              		.section	.text.main,"ax",%progbits
ARM GAS  C:\Users\Alex\AppData\Local\Temp\ccZN6pOG.s 			page 9


 268              		.align	2
 269              		.global	main
 270              		.thumb
 271              		.thumb_func
 272              		.type	main, %function
 273              	main:
 274              	.LFB64:
  70:main.c        ****     uint16 outCount;
 275              		.loc 1 70 0
 276              		.cfi_startproc
 277              		@ args = 0, pretend = 0, frame = 0
 278              		@ frame_needed = 0, uses_anonymous_args = 0
 279 0000 10B5     		push	{r4, lr}
 280              		.cfi_def_cfa_offset 8
 281              		.cfi_offset 4, -8
 282              		.cfi_offset 14, -4
  74:main.c        ****     DEBUG_UART_Start();    
 283              		.loc 1 74 0
 284 0002 FFF7FEFF 		bl	StartUp
 285              	.LVL25:
  75:main.c        **** 	
 286              		.loc 1 75 0
 287 0006 FFF7FEFF 		bl	DEBUG_UART_Start
 288              	.LVL26:
 289              	.L27:
  81:main.c        ****         
 290              		.loc 1 81 0 discriminator 1
 291 000a 0120     		movs	r0, #1
 292 000c FFF7FEFF 		bl	USBFS_1_GetEPAckState
 293              	.LVL27:
 294 0010 0028     		cmp	r0, #0
 295 0012 FAD0     		beq	.L27
  83:main.c        ****         ReadButtons();	/* Calls function to monitor button presses */
 296              		.loc 1 83 0
 297 0014 FFF7FEFF 		bl	ReadAnalog
 298              	.LVL28:
  84:main.c        ****         
 299              		.loc 1 84 0
 300 0018 FFF7FEFF 		bl	ReadButtons
 301              	.LVL29:
  87:main.c        ****         {
 302              		.loc 1 87 0
 303 001c 0120     		movs	r0, #1
 304 001e FFF7FEFF 		bl	USBFS_1_GetEPState
 305              	.LVL30:
 306 0022 0128     		cmp	r0, #1
 307 0024 18D1     		bne	.L29
 308 0026 09E0     		b	.L33
 309              	.LVL31:
 310              	.L30:
  94:main.c        ****                 debug_putc(0x09);
 311              		.loc 1 94 0 discriminator 3
 312 0028 154B     		ldr	r3, .L35
 313 002a 185D     		ldrb	r0, [r3, r4]	@ zero_extendqisi2
 314 002c FFF7FEFF 		bl	uart_put_hex_8bit
 315              	.LVL32:
  95:main.c        ****             }
ARM GAS  C:\Users\Alex\AppData\Local\Temp\ccZN6pOG.s 			page 10


 316              		.loc 1 95 0 discriminator 3
 317 0030 0920     		movs	r0, #9
 318 0032 FFF7FEFF 		bl	DEBUG_UART_PutChar
 319              	.LVL33:
  92:main.c        ****             {
 320              		.loc 1 92 0 discriminator 3
 321 0036 0134     		adds	r4, r4, #1
 322              	.LVL34:
 323 0038 A4B2     		uxth	r4, r4
 324              	.LVL35:
 325 003a 00E0     		b	.L28
 326              	.LVL36:
 327              	.L33:
 328 003c 0024     		movs	r4, #0
 329              	.L28:
 330              	.LVL37:
  92:main.c        ****             {
 331              		.loc 1 92 0 is_stmt 0 discriminator 1
 332 003e 0A2C     		cmp	r4, #10
 333 0040 F2D9     		bls	.L30
  97:main.c        ****             debug_putc(0x0D);
 334              		.loc 1 97 0 is_stmt 1
 335 0042 0A20     		movs	r0, #10
 336 0044 FFF7FEFF 		bl	DEBUG_UART_PutChar
 337              	.LVL38:
  98:main.c        ****             #endif
 338              		.loc 1 98 0
 339 0048 0D20     		movs	r0, #13
 340 004a FFF7FEFF 		bl	DEBUG_UART_PutChar
 341              	.LVL39:
 102:main.c        ****         }
 342              		.loc 1 102 0
 343 004e 0B22     		movs	r2, #11
 344 0050 0B49     		ldr	r1, .L35
 345 0052 0120     		movs	r0, #1
 346 0054 FFF7FEFF 		bl	USBFS_1_LoadInEP
 347              	.LVL40:
 348              	.L29:
 106:main.c        ****         {
 349              		.loc 1 106 0
 350 0058 0220     		movs	r0, #2
 351 005a FFF7FEFF 		bl	USBFS_1_GetEPState
 352              	.LVL41:
 353 005e 0128     		cmp	r0, #1
 354 0060 0AD1     		bne	.L31
 109:main.c        ****             /* Read the OUT endpoint and store data in OUT_Data_Buffer */
 355              		.loc 1 109 0
 356 0062 0220     		movs	r0, #2
 357 0064 FFF7FEFF 		bl	USBFS_1_GetEPCount
 358              	.LVL42:
 111:main.c        ****             /* Re-enable OUT endpoint */
 359              		.loc 1 111 0
 360 0068 0246     		mov	r2, r0
 361 006a 0649     		ldr	r1, .L35+4
 362 006c 0220     		movs	r0, #2
 363              	.LVL43:
 364 006e FFF7FEFF 		bl	USBFS_1_ReadOutEP
ARM GAS  C:\Users\Alex\AppData\Local\Temp\ccZN6pOG.s 			page 11


 365              	.LVL44:
 113:main.c        ****         }
 366              		.loc 1 113 0
 367 0072 0220     		movs	r0, #2
 368 0074 FFF7FEFF 		bl	USBFS_1_EnableOutEP
 369              	.LVL45:
 370              	.L31:
 116:main.c        ****     }
 371              		.loc 1 116 0
 372 0078 FFF7FEFF 		bl	SetOutputs
 373              	.LVL46:
 117:main.c        **** }
 374              		.loc 1 117 0
 375 007c C5E7     		b	.L27
 376              	.L36:
 377 007e 00BF     		.align	2
 378              	.L35:
 379 0080 00000000 		.word	.LANCHOR0
 380 0084 0C000000 		.word	.LANCHOR0+12
 381              		.cfi_endproc
 382              	.LFE64:
 383              		.size	main, .-main
 384              		.bss
 385              		.align	2
 386              		.set	.LANCHOR0,. + 0
 387              		.type	USB_Input_Data, %object
 388              		.size	USB_Input_Data, 11
 389              	USB_Input_Data:
 390 0000 00000000 		.space	11
 390      00000000 
 390      000000
 391 000b 00       		.space	1
 392              		.type	USB_Output_Data, %object
 393              		.size	USB_Output_Data, 2
 394              	USB_Output_Data:
 395 000c 0000     		.space	2
 396 000e 0000     		.space	2
 397              		.type	AnalogData, %object
 398              		.size	AnalogData, 16
 399              	AnalogData:
 400 0010 00000000 		.space	16
 400      00000000 
 400      00000000 
 400      00000000 
 401              		.text
 402              	.Letext0:
 403              		.file 2 "c:\\program files (x86)\\cypress\\psoc creator\\4.1\\psoc creator\\import\\gnu\\arm\\5.4.
 404              		.file 3 "c:\\program files (x86)\\cypress\\psoc creator\\4.1\\psoc creator\\import\\gnu\\arm\\5.4.
 405              		.file 4 "Generated_Source\\PSoC5/cytypes.h"
 406              		.file 5 "Generated_Source\\PSoC5/ADC.h"
 407              		.file 6 "Generated_Source\\PSoC5/USBFS_1.h"
 408              		.file 7 "Generated_Source\\PSoC5/ButtonReg1.h"
 409              		.file 8 "Generated_Source\\PSoC5/ButtonReg2.h"
 410              		.file 9 "Generated_Source\\PSoC5/ButtonReg3.h"
 411              		.file 10 "Generated_Source\\PSoC5/OutputReg1.h"
 412              		.file 11 "Generated_Source\\PSoC5/OutputReg2.h"
 413              		.file 12 "Generated_Source\\PSoC5/DEBUG_UART.h"
ARM GAS  C:\Users\Alex\AppData\Local\Temp\ccZN6pOG.s 			page 12


 414              		.file 13 "uart_handler.h"
 415              		.file 14 "Generated_Source\\PSoC5/core_cm3.h"
 416              		.section	.debug_info,"",%progbits
 417              	.Ldebug_info0:
 418 0000 A4040000 		.4byte	0x4a4
 419 0004 0400     		.2byte	0x4
 420 0006 00000000 		.4byte	.Ldebug_abbrev0
 421 000a 04       		.byte	0x4
 422 000b 01       		.uleb128 0x1
 423 000c B2000000 		.4byte	.LASF50
 424 0010 0C       		.byte	0xc
 425 0011 90020000 		.4byte	.LASF51
 426 0015 3D030000 		.4byte	.LASF52
 427 0019 00000000 		.4byte	.Ldebug_ranges0+0
 428 001d 00000000 		.4byte	0
 429 0021 00000000 		.4byte	.Ldebug_line0
 430 0025 02       		.uleb128 0x2
 431 0026 01       		.byte	0x1
 432 0027 06       		.byte	0x6
 433 0028 3F020000 		.4byte	.LASF0
 434 002c 02       		.uleb128 0x2
 435 002d 01       		.byte	0x1
 436 002e 08       		.byte	0x8
 437 002f A4000000 		.4byte	.LASF1
 438 0033 02       		.uleb128 0x2
 439 0034 02       		.byte	0x2
 440 0035 05       		.byte	0x5
 441 0036 C6020000 		.4byte	.LASF2
 442 003a 03       		.uleb128 0x3
 443 003b C7010000 		.4byte	.LASF4
 444 003f 02       		.byte	0x2
 445 0040 2B       		.byte	0x2b
 446 0041 45000000 		.4byte	0x45
 447 0045 02       		.uleb128 0x2
 448 0046 02       		.byte	0x2
 449 0047 07       		.byte	0x7
 450 0048 79010000 		.4byte	.LASF3
 451 004c 03       		.uleb128 0x3
 452 004d 1E000000 		.4byte	.LASF5
 453 0051 02       		.byte	0x2
 454 0052 3F       		.byte	0x3f
 455 0053 57000000 		.4byte	0x57
 456 0057 02       		.uleb128 0x2
 457 0058 04       		.byte	0x4
 458 0059 05       		.byte	0x5
 459 005a D9020000 		.4byte	.LASF6
 460 005e 02       		.uleb128 0x2
 461 005f 04       		.byte	0x4
 462 0060 07       		.byte	0x7
 463 0061 67010000 		.4byte	.LASF7
 464 0065 02       		.uleb128 0x2
 465 0066 08       		.byte	0x8
 466 0067 05       		.byte	0x5
 467 0068 82020000 		.4byte	.LASF8
 468 006c 02       		.uleb128 0x2
 469 006d 08       		.byte	0x8
 470 006e 07       		.byte	0x7
ARM GAS  C:\Users\Alex\AppData\Local\Temp\ccZN6pOG.s 			page 13


 471 006f 1E020000 		.4byte	.LASF9
 472 0073 04       		.uleb128 0x4
 473 0074 04       		.byte	0x4
 474 0075 05       		.byte	0x5
 475 0076 696E7400 		.ascii	"int\000"
 476 007a 02       		.uleb128 0x2
 477 007b 04       		.byte	0x4
 478 007c 07       		.byte	0x7
 479 007d 11020000 		.4byte	.LASF10
 480 0081 03       		.uleb128 0x3
 481 0082 D0020000 		.4byte	.LASF11
 482 0086 03       		.byte	0x3
 483 0087 24       		.byte	0x24
 484 0088 3A000000 		.4byte	0x3a
 485 008c 03       		.uleb128 0x3
 486 008d 5B020000 		.4byte	.LASF12
 487 0091 03       		.byte	0x3
 488 0092 2C       		.byte	0x2c
 489 0093 4C000000 		.4byte	0x4c
 490 0097 05       		.uleb128 0x5
 491 0098 5A000000 		.4byte	.LASF13
 492 009c 04       		.byte	0x4
 493 009d 9201     		.2byte	0x192
 494 009f 2C000000 		.4byte	0x2c
 495 00a3 05       		.uleb128 0x5
 496 00a4 DE010000 		.4byte	.LASF14
 497 00a8 04       		.byte	0x4
 498 00a9 9301     		.2byte	0x193
 499 00ab 45000000 		.4byte	0x45
 500 00af 05       		.uleb128 0x5
 501 00b0 E5010000 		.4byte	.LASF15
 502 00b4 04       		.byte	0x4
 503 00b5 9501     		.2byte	0x195
 504 00b7 25000000 		.4byte	0x25
 505 00bb 05       		.uleb128 0x5
 506 00bc 61010000 		.4byte	.LASF16
 507 00c0 04       		.byte	0x4
 508 00c1 9601     		.2byte	0x196
 509 00c3 33000000 		.4byte	0x33
 510 00c7 02       		.uleb128 0x2
 511 00c8 04       		.byte	0x4
 512 00c9 04       		.byte	0x4
 513 00ca 9E000000 		.4byte	.LASF17
 514 00ce 02       		.uleb128 0x2
 515 00cf 08       		.byte	0x8
 516 00d0 04       		.byte	0x4
 517 00d1 D2010000 		.4byte	.LASF18
 518 00d5 02       		.uleb128 0x2
 519 00d6 01       		.byte	0x1
 520 00d7 08       		.byte	0x8
 521 00d8 97020000 		.4byte	.LASF19
 522 00dc 02       		.uleb128 0x2
 523 00dd 08       		.byte	0x8
 524 00de 04       		.byte	0x4
 525 00df 07030000 		.4byte	.LASF20
 526 00e3 02       		.uleb128 0x2
 527 00e4 04       		.byte	0x4
ARM GAS  C:\Users\Alex\AppData\Local\Temp\ccZN6pOG.s 			page 14


 528 00e5 07       		.byte	0x7
 529 00e6 63020000 		.4byte	.LASF21
 530 00ea 06       		.uleb128 0x6
 531 00eb 24030000 		.4byte	.LASF22
 532 00ef 01       		.byte	0x1
 533 00f0 78       		.byte	0x78
 534 00f1 00000000 		.4byte	.LFB65
 535 00f5 58000000 		.4byte	.LFE65-.LFB65
 536 00f9 01       		.uleb128 0x1
 537 00fa 9C       		.byte	0x9c
 538 00fb 70010000 		.4byte	0x170
 539 00ff 07       		.uleb128 0x7
 540 0100 6900     		.ascii	"i\000"
 541 0102 01       		.byte	0x1
 542 0103 7A       		.byte	0x7a
 543 0104 97000000 		.4byte	0x97
 544 0108 00000000 		.4byte	.LLST0
 545 010c 08       		.uleb128 0x8
 546 010d 2E000000 		.4byte	.LVL8
 547 0111 CE030000 		.4byte	0x3ce
 548 0115 08       		.uleb128 0x8
 549 0116 32000000 		.4byte	.LVL9
 550 011a D9030000 		.4byte	0x3d9
 551 011e 09       		.uleb128 0x9
 552 011f 3A000000 		.4byte	.LVL10
 553 0123 E4030000 		.4byte	0x3e4
 554 0127 36010000 		.4byte	0x136
 555 012b 0A       		.uleb128 0xa
 556 012c 01       		.uleb128 0x1
 557 012d 50       		.byte	0x50
 558 012e 01       		.uleb128 0x1
 559 012f 30       		.byte	0x30
 560 0130 0A       		.uleb128 0xa
 561 0131 01       		.uleb128 0x1
 562 0132 51       		.byte	0x51
 563 0133 01       		.uleb128 0x1
 564 0134 32       		.byte	0x32
 565 0135 00       		.byte	0
 566 0136 08       		.uleb128 0x8
 567 0137 3E000000 		.4byte	.LVL11
 568 013b F0030000 		.4byte	0x3f0
 569 013f 09       		.uleb128 0x9
 570 0140 4C000000 		.4byte	.LVL12
 571 0144 FC030000 		.4byte	0x3fc
 572 0148 60010000 		.4byte	0x160
 573 014c 0A       		.uleb128 0xa
 574 014d 01       		.uleb128 0x1
 575 014e 50       		.byte	0x50
 576 014f 01       		.uleb128 0x1
 577 0150 31       		.byte	0x31
 578 0151 0A       		.uleb128 0xa
 579 0152 01       		.uleb128 0x1
 580 0153 51       		.byte	0x51
 581 0154 05       		.uleb128 0x5
 582 0155 03       		.byte	0x3
 583 0156 00000000 		.4byte	.LANCHOR0
 584 015a 0A       		.uleb128 0xa
ARM GAS  C:\Users\Alex\AppData\Local\Temp\ccZN6pOG.s 			page 15


 585 015b 01       		.uleb128 0x1
 586 015c 52       		.byte	0x52
 587 015d 01       		.uleb128 0x1
 588 015e 3B       		.byte	0x3b
 589 015f 00       		.byte	0
 590 0160 0B       		.uleb128 0xb
 591 0161 52000000 		.4byte	.LVL13
 592 0165 08040000 		.4byte	0x408
 593 0169 0A       		.uleb128 0xa
 594 016a 01       		.uleb128 0x1
 595 016b 50       		.byte	0x50
 596 016c 01       		.uleb128 0x1
 597 016d 32       		.byte	0x32
 598 016e 00       		.byte	0
 599 016f 00       		.byte	0
 600 0170 06       		.uleb128 0x6
 601 0171 06020000 		.4byte	.LASF23
 602 0175 01       		.byte	0x1
 603 0176 95       		.byte	0x95
 604 0177 00000000 		.4byte	.LFB66
 605 017b 64000000 		.4byte	.LFE66-.LFB66
 606 017f 01       		.uleb128 0x1
 607 0180 9C       		.byte	0x9c
 608 0181 A3010000 		.4byte	0x1a3
 609 0185 07       		.uleb128 0x7
 610 0186 6900     		.ascii	"i\000"
 611 0188 01       		.byte	0x1
 612 0189 97       		.byte	0x97
 613 018a 97000000 		.4byte	0x97
 614 018e 40000000 		.4byte	.LLST1
 615 0192 0B       		.uleb128 0xb
 616 0193 0E000000 		.4byte	.LVL16
 617 0197 14040000 		.4byte	0x414
 618 019b 0A       		.uleb128 0xa
 619 019c 01       		.uleb128 0x1
 620 019d 50       		.byte	0x50
 621 019e 02       		.uleb128 0x2
 622 019f 75       		.byte	0x75
 623 01a0 00       		.sleb128 0
 624 01a1 00       		.byte	0
 625 01a2 00       		.byte	0
 626 01a3 06       		.uleb128 0x6
 627 01a4 AF020000 		.4byte	.LASF24
 628 01a8 01       		.byte	0x1
 629 01a9 AB       		.byte	0xab
 630 01aa 00000000 		.4byte	.LFB67
 631 01ae 1C000000 		.4byte	.LFE67-.LFB67
 632 01b2 01       		.uleb128 0x1
 633 01b3 9C       		.byte	0x9c
 634 01b4 D4010000 		.4byte	0x1d4
 635 01b8 08       		.uleb128 0x8
 636 01b9 06000000 		.4byte	.LVL20
 637 01bd 1F040000 		.4byte	0x41f
 638 01c1 08       		.uleb128 0x8
 639 01c2 0E000000 		.4byte	.LVL21
 640 01c6 2A040000 		.4byte	0x42a
 641 01ca 08       		.uleb128 0x8
ARM GAS  C:\Users\Alex\AppData\Local\Temp\ccZN6pOG.s 			page 16


 642 01cb 14000000 		.4byte	.LVL22
 643 01cf 35040000 		.4byte	0x435
 644 01d3 00       		.byte	0
 645 01d4 06       		.uleb128 0x6
 646 01d5 BB020000 		.4byte	.LASF25
 647 01d9 01       		.byte	0x1
 648 01da B3       		.byte	0xb3
 649 01db 00000000 		.4byte	.LFB68
 650 01df 18000000 		.4byte	.LFE68-.LFB68
 651 01e3 01       		.uleb128 0x1
 652 01e4 9C       		.byte	0x9c
 653 01e5 FC010000 		.4byte	0x1fc
 654 01e9 08       		.uleb128 0x8
 655 01ea 0A000000 		.4byte	.LVL23
 656 01ee 40040000 		.4byte	0x440
 657 01f2 08       		.uleb128 0x8
 658 01f3 10000000 		.4byte	.LVL24
 659 01f7 4B040000 		.4byte	0x44b
 660 01fb 00       		.byte	0
 661 01fc 0C       		.uleb128 0xc
 662 01fd D9010000 		.4byte	.LASF53
 663 0201 01       		.byte	0x1
 664 0202 45       		.byte	0x45
 665 0203 73000000 		.4byte	0x73
 666 0207 00000000 		.4byte	.LFB64
 667 020b 88000000 		.4byte	.LFE64-.LFB64
 668 020f 01       		.uleb128 0x1
 669 0210 9C       		.byte	0x9c
 670 0211 3F030000 		.4byte	0x33f
 671 0215 0D       		.uleb128 0xd
 672 0216 FD010000 		.4byte	.LASF26
 673 021a 01       		.byte	0x1
 674 021b 47       		.byte	0x47
 675 021c A3000000 		.4byte	0xa3
 676 0220 6A000000 		.4byte	.LLST2
 677 0224 0D       		.uleb128 0xd
 678 0225 82000000 		.4byte	.LASF27
 679 0229 01       		.byte	0x1
 680 022a 48       		.byte	0x48
 681 022b 81000000 		.4byte	0x81
 682 022f 7D000000 		.4byte	.LLST3
 683 0233 08       		.uleb128 0x8
 684 0234 06000000 		.4byte	.LVL25
 685 0238 EA000000 		.4byte	0xea
 686 023c 08       		.uleb128 0x8
 687 023d 0A000000 		.4byte	.LVL26
 688 0241 56040000 		.4byte	0x456
 689 0245 09       		.uleb128 0x9
 690 0246 10000000 		.4byte	.LVL27
 691 024a 61040000 		.4byte	0x461
 692 024e 58020000 		.4byte	0x258
 693 0252 0A       		.uleb128 0xa
 694 0253 01       		.uleb128 0x1
 695 0254 50       		.byte	0x50
 696 0255 01       		.uleb128 0x1
 697 0256 31       		.byte	0x31
 698 0257 00       		.byte	0
ARM GAS  C:\Users\Alex\AppData\Local\Temp\ccZN6pOG.s 			page 17


 699 0258 08       		.uleb128 0x8
 700 0259 18000000 		.4byte	.LVL28
 701 025d 70010000 		.4byte	0x170
 702 0261 08       		.uleb128 0x8
 703 0262 1C000000 		.4byte	.LVL29
 704 0266 A3010000 		.4byte	0x1a3
 705 026a 09       		.uleb128 0x9
 706 026b 22000000 		.4byte	.LVL30
 707 026f 6D040000 		.4byte	0x46d
 708 0273 7D020000 		.4byte	0x27d
 709 0277 0A       		.uleb128 0xa
 710 0278 01       		.uleb128 0x1
 711 0279 50       		.byte	0x50
 712 027a 01       		.uleb128 0x1
 713 027b 31       		.byte	0x31
 714 027c 00       		.byte	0
 715 027d 08       		.uleb128 0x8
 716 027e 30000000 		.4byte	.LVL32
 717 0282 79040000 		.4byte	0x479
 718 0286 09       		.uleb128 0x9
 719 0287 36000000 		.4byte	.LVL33
 720 028b 84040000 		.4byte	0x484
 721 028f 99020000 		.4byte	0x299
 722 0293 0A       		.uleb128 0xa
 723 0294 01       		.uleb128 0x1
 724 0295 50       		.byte	0x50
 725 0296 01       		.uleb128 0x1
 726 0297 39       		.byte	0x39
 727 0298 00       		.byte	0
 728 0299 09       		.uleb128 0x9
 729 029a 48000000 		.4byte	.LVL38
 730 029e 84040000 		.4byte	0x484
 731 02a2 AC020000 		.4byte	0x2ac
 732 02a6 0A       		.uleb128 0xa
 733 02a7 01       		.uleb128 0x1
 734 02a8 50       		.byte	0x50
 735 02a9 01       		.uleb128 0x1
 736 02aa 3A       		.byte	0x3a
 737 02ab 00       		.byte	0
 738 02ac 09       		.uleb128 0x9
 739 02ad 4E000000 		.4byte	.LVL39
 740 02b1 84040000 		.4byte	0x484
 741 02b5 BF020000 		.4byte	0x2bf
 742 02b9 0A       		.uleb128 0xa
 743 02ba 01       		.uleb128 0x1
 744 02bb 50       		.byte	0x50
 745 02bc 01       		.uleb128 0x1
 746 02bd 3D       		.byte	0x3d
 747 02be 00       		.byte	0
 748 02bf 09       		.uleb128 0x9
 749 02c0 58000000 		.4byte	.LVL40
 750 02c4 FC030000 		.4byte	0x3fc
 751 02c8 E0020000 		.4byte	0x2e0
 752 02cc 0A       		.uleb128 0xa
 753 02cd 01       		.uleb128 0x1
 754 02ce 50       		.byte	0x50
 755 02cf 01       		.uleb128 0x1
ARM GAS  C:\Users\Alex\AppData\Local\Temp\ccZN6pOG.s 			page 18


 756 02d0 31       		.byte	0x31
 757 02d1 0A       		.uleb128 0xa
 758 02d2 01       		.uleb128 0x1
 759 02d3 51       		.byte	0x51
 760 02d4 05       		.uleb128 0x5
 761 02d5 03       		.byte	0x3
 762 02d6 00000000 		.4byte	.LANCHOR0
 763 02da 0A       		.uleb128 0xa
 764 02db 01       		.uleb128 0x1
 765 02dc 52       		.byte	0x52
 766 02dd 01       		.uleb128 0x1
 767 02de 3B       		.byte	0x3b
 768 02df 00       		.byte	0
 769 02e0 09       		.uleb128 0x9
 770 02e1 5E000000 		.4byte	.LVL41
 771 02e5 6D040000 		.4byte	0x46d
 772 02e9 F3020000 		.4byte	0x2f3
 773 02ed 0A       		.uleb128 0xa
 774 02ee 01       		.uleb128 0x1
 775 02ef 50       		.byte	0x50
 776 02f0 01       		.uleb128 0x1
 777 02f1 32       		.byte	0x32
 778 02f2 00       		.byte	0
 779 02f3 09       		.uleb128 0x9
 780 02f4 68000000 		.4byte	.LVL42
 781 02f8 8F040000 		.4byte	0x48f
 782 02fc 06030000 		.4byte	0x306
 783 0300 0A       		.uleb128 0xa
 784 0301 01       		.uleb128 0x1
 785 0302 50       		.byte	0x50
 786 0303 01       		.uleb128 0x1
 787 0304 32       		.byte	0x32
 788 0305 00       		.byte	0
 789 0306 09       		.uleb128 0x9
 790 0307 72000000 		.4byte	.LVL44
 791 030b 9B040000 		.4byte	0x49b
 792 030f 22030000 		.4byte	0x322
 793 0313 0A       		.uleb128 0xa
 794 0314 01       		.uleb128 0x1
 795 0315 50       		.byte	0x50
 796 0316 01       		.uleb128 0x1
 797 0317 32       		.byte	0x32
 798 0318 0A       		.uleb128 0xa
 799 0319 01       		.uleb128 0x1
 800 031a 51       		.byte	0x51
 801 031b 05       		.uleb128 0x5
 802 031c 03       		.byte	0x3
 803 031d 0C000000 		.4byte	.LANCHOR0+12
 804 0321 00       		.byte	0
 805 0322 09       		.uleb128 0x9
 806 0323 78000000 		.4byte	.LVL45
 807 0327 08040000 		.4byte	0x408
 808 032b 35030000 		.4byte	0x335
 809 032f 0A       		.uleb128 0xa
 810 0330 01       		.uleb128 0x1
 811 0331 50       		.byte	0x50
 812 0332 01       		.uleb128 0x1
ARM GAS  C:\Users\Alex\AppData\Local\Temp\ccZN6pOG.s 			page 19


 813 0333 32       		.byte	0x32
 814 0334 00       		.byte	0
 815 0335 08       		.uleb128 0x8
 816 0336 7C000000 		.4byte	.LVL46
 817 033a D4010000 		.4byte	0x1d4
 818 033e 00       		.byte	0
 819 033f 0E       		.uleb128 0xe
 820 0340 A3000000 		.4byte	0xa3
 821 0344 4F030000 		.4byte	0x34f
 822 0348 0F       		.uleb128 0xf
 823 0349 E3000000 		.4byte	0xe3
 824 034d 07       		.byte	0x7
 825 034e 00       		.byte	0
 826 034f 10       		.uleb128 0x10
 827 0350 28000000 		.4byte	.LASF54
 828 0354 01       		.byte	0x1
 829 0355 40       		.byte	0x40
 830 0356 3F030000 		.4byte	0x33f
 831 035a 0E       		.uleb128 0xe
 832 035b BB000000 		.4byte	0xbb
 833 035f 6A030000 		.4byte	0x36a
 834 0363 0F       		.uleb128 0xf
 835 0364 E3000000 		.4byte	0xe3
 836 0368 07       		.byte	0x7
 837 0369 00       		.byte	0
 838 036a 11       		.uleb128 0x11
 839 036b 8C010000 		.4byte	.LASF28
 840 036f 01       		.byte	0x1
 841 0370 41       		.byte	0x41
 842 0371 5A030000 		.4byte	0x35a
 843 0375 05       		.uleb128 0x5
 844 0376 03       		.byte	0x3
 845 0377 10000000 		.4byte	AnalogData
 846 037b 0E       		.uleb128 0xe
 847 037c AF000000 		.4byte	0xaf
 848 0380 8B030000 		.4byte	0x38b
 849 0384 0F       		.uleb128 0xf
 850 0385 E3000000 		.4byte	0xe3
 851 0389 0A       		.byte	0xa
 852 038a 00       		.byte	0
 853 038b 11       		.uleb128 0x11
 854 038c 32000000 		.4byte	.LASF29
 855 0390 01       		.byte	0x1
 856 0391 42       		.byte	0x42
 857 0392 7B030000 		.4byte	0x37b
 858 0396 05       		.uleb128 0x5
 859 0397 03       		.byte	0x3
 860 0398 00000000 		.4byte	USB_Input_Data
 861 039c 0E       		.uleb128 0xe
 862 039d 97000000 		.4byte	0x97
 863 03a1 AC030000 		.4byte	0x3ac
 864 03a5 0F       		.uleb128 0xf
 865 03a6 E3000000 		.4byte	0xe3
 866 03aa 01       		.byte	0x1
 867 03ab 00       		.byte	0
 868 03ac 11       		.uleb128 0x11
 869 03ad A4010000 		.4byte	.LASF30
ARM GAS  C:\Users\Alex\AppData\Local\Temp\ccZN6pOG.s 			page 20


 870 03b1 01       		.byte	0x1
 871 03b2 43       		.byte	0x43
 872 03b3 9C030000 		.4byte	0x39c
 873 03b7 05       		.uleb128 0x5
 874 03b8 03       		.byte	0x3
 875 03b9 0C000000 		.4byte	USB_Output_Data
 876 03bd 12       		.uleb128 0x12
 877 03be 97010000 		.4byte	.LASF55
 878 03c2 0E       		.byte	0xe
 879 03c3 1207     		.2byte	0x712
 880 03c5 C9030000 		.4byte	0x3c9
 881 03c9 13       		.uleb128 0x13
 882 03ca 8C000000 		.4byte	0x8c
 883 03ce 14       		.uleb128 0x14
 884 03cf 35020000 		.4byte	.LASF31
 885 03d3 35020000 		.4byte	.LASF31
 886 03d7 05       		.byte	0x5
 887 03d8 31       		.byte	0x31
 888 03d9 14       		.uleb128 0x14
 889 03da 2C030000 		.4byte	.LASF32
 890 03de 2C030000 		.4byte	.LASF32
 891 03e2 05       		.byte	0x5
 892 03e3 A1       		.byte	0xa1
 893 03e4 15       		.uleb128 0x15
 894 03e5 00000000 		.4byte	.LASF33
 895 03e9 00000000 		.4byte	.LASF33
 896 03ed 06       		.byte	0x6
 897 03ee 2F01     		.2byte	0x12f
 898 03f0 15       		.uleb128 0x15
 899 03f1 41000000 		.4byte	.LASF34
 900 03f5 41000000 		.4byte	.LASF34
 901 03f9 06       		.byte	0x6
 902 03fa 3201     		.2byte	0x132
 903 03fc 15       		.uleb128 0x15
 904 03fd 8D000000 		.4byte	.LASF35
 905 0401 8D000000 		.4byte	.LASF35
 906 0405 06       		.byte	0x6
 907 0406 3701     		.2byte	0x137
 908 0408 15       		.uleb128 0x15
 909 0409 F3020000 		.4byte	.LASF36
 910 040d F3020000 		.4byte	.LASF36
 911 0411 06       		.byte	0x6
 912 0412 3B01     		.2byte	0x13b
 913 0414 14       		.uleb128 0x14
 914 0415 60000000 		.4byte	.LASF37
 915 0419 60000000 		.4byte	.LASF37
 916 041d 05       		.byte	0x5
 917 041e 35       		.byte	0x35
 918 041f 14       		.uleb128 0x14
 919 0420 0E000000 		.4byte	.LASF38
 920 0424 0E000000 		.4byte	.LASF38
 921 0428 07       		.byte	0x7
 922 0429 30       		.byte	0x30
 923 042a 14       		.uleb128 0x14
 924 042b 40010000 		.4byte	.LASF39
 925 042f 40010000 		.4byte	.LASF39
 926 0433 08       		.byte	0x8
ARM GAS  C:\Users\Alex\AppData\Local\Temp\ccZN6pOG.s 			page 21


 927 0434 30       		.byte	0x30
 928 0435 14       		.uleb128 0x14
 929 0436 4B020000 		.4byte	.LASF40
 930 043a 4B020000 		.4byte	.LASF40
 931 043e 09       		.byte	0x9
 932 043f 30       		.byte	0x30
 933 0440 14       		.uleb128 0x14
 934 0441 13030000 		.4byte	.LASF41
 935 0445 13030000 		.4byte	.LASF41
 936 0449 0A       		.byte	0xa
 937 044a 2F       		.byte	0x2f
 938 044b 14       		.uleb128 0x14
 939 044c E2020000 		.4byte	.LASF42
 940 0450 E2020000 		.4byte	.LASF42
 941 0454 0B       		.byte	0xb
 942 0455 2F       		.byte	0x2f
 943 0456 14       		.uleb128 0x14
 944 0457 50010000 		.4byte	.LASF43
 945 045b 50010000 		.4byte	.LASF43
 946 045f 0C       		.byte	0xc
 947 0460 54       		.byte	0x54
 948 0461 15       		.uleb128 0x15
 949 0462 6C020000 		.4byte	.LASF44
 950 0466 6C020000 		.4byte	.LASF44
 951 046a 06       		.byte	0x6
 952 046b 3E01     		.2byte	0x13e
 953 046d 15       		.uleb128 0x15
 954 046e EA010000 		.4byte	.LASF45
 955 0472 EA010000 		.4byte	.LASF45
 956 0476 06       		.byte	0x6
 957 0477 3501     		.2byte	0x135
 958 0479 14       		.uleb128 0x14
 959 047a 70000000 		.4byte	.LASF46
 960 047e 70000000 		.4byte	.LASF46
 961 0482 0D       		.byte	0xd
 962 0483 16       		.byte	0x16
 963 0484 14       		.uleb128 0x14
 964 0485 B4010000 		.4byte	.LASF47
 965 0489 B4010000 		.4byte	.LASF47
 966 048d 0C       		.byte	0xc
 967 048e 8A       		.byte	0x8a
 968 048f 15       		.uleb128 0x15
 969 0490 9C020000 		.4byte	.LASF48
 970 0494 9C020000 		.4byte	.LASF48
 971 0498 06       		.byte	0x6
 972 0499 3601     		.2byte	0x136
 973 049b 15       		.uleb128 0x15
 974 049c BF030000 		.4byte	.LASF49
 975 04a0 BF030000 		.4byte	.LASF49
 976 04a4 06       		.byte	0x6
 977 04a5 3901     		.2byte	0x139
 978 04a7 00       		.byte	0
 979              		.section	.debug_abbrev,"",%progbits
 980              	.Ldebug_abbrev0:
 981 0000 01       		.uleb128 0x1
 982 0001 11       		.uleb128 0x11
 983 0002 01       		.byte	0x1
ARM GAS  C:\Users\Alex\AppData\Local\Temp\ccZN6pOG.s 			page 22


 984 0003 25       		.uleb128 0x25
 985 0004 0E       		.uleb128 0xe
 986 0005 13       		.uleb128 0x13
 987 0006 0B       		.uleb128 0xb
 988 0007 03       		.uleb128 0x3
 989 0008 0E       		.uleb128 0xe
 990 0009 1B       		.uleb128 0x1b
 991 000a 0E       		.uleb128 0xe
 992 000b 55       		.uleb128 0x55
 993 000c 17       		.uleb128 0x17
 994 000d 11       		.uleb128 0x11
 995 000e 01       		.uleb128 0x1
 996 000f 10       		.uleb128 0x10
 997 0010 17       		.uleb128 0x17
 998 0011 00       		.byte	0
 999 0012 00       		.byte	0
 1000 0013 02       		.uleb128 0x2
 1001 0014 24       		.uleb128 0x24
 1002 0015 00       		.byte	0
 1003 0016 0B       		.uleb128 0xb
 1004 0017 0B       		.uleb128 0xb
 1005 0018 3E       		.uleb128 0x3e
 1006 0019 0B       		.uleb128 0xb
 1007 001a 03       		.uleb128 0x3
 1008 001b 0E       		.uleb128 0xe
 1009 001c 00       		.byte	0
 1010 001d 00       		.byte	0
 1011 001e 03       		.uleb128 0x3
 1012 001f 16       		.uleb128 0x16
 1013 0020 00       		.byte	0
 1014 0021 03       		.uleb128 0x3
 1015 0022 0E       		.uleb128 0xe
 1016 0023 3A       		.uleb128 0x3a
 1017 0024 0B       		.uleb128 0xb
 1018 0025 3B       		.uleb128 0x3b
 1019 0026 0B       		.uleb128 0xb
 1020 0027 49       		.uleb128 0x49
 1021 0028 13       		.uleb128 0x13
 1022 0029 00       		.byte	0
 1023 002a 00       		.byte	0
 1024 002b 04       		.uleb128 0x4
 1025 002c 24       		.uleb128 0x24
 1026 002d 00       		.byte	0
 1027 002e 0B       		.uleb128 0xb
 1028 002f 0B       		.uleb128 0xb
 1029 0030 3E       		.uleb128 0x3e
 1030 0031 0B       		.uleb128 0xb
 1031 0032 03       		.uleb128 0x3
 1032 0033 08       		.uleb128 0x8
 1033 0034 00       		.byte	0
 1034 0035 00       		.byte	0
 1035 0036 05       		.uleb128 0x5
 1036 0037 16       		.uleb128 0x16
 1037 0038 00       		.byte	0
 1038 0039 03       		.uleb128 0x3
 1039 003a 0E       		.uleb128 0xe
 1040 003b 3A       		.uleb128 0x3a
ARM GAS  C:\Users\Alex\AppData\Local\Temp\ccZN6pOG.s 			page 23


 1041 003c 0B       		.uleb128 0xb
 1042 003d 3B       		.uleb128 0x3b
 1043 003e 05       		.uleb128 0x5
 1044 003f 49       		.uleb128 0x49
 1045 0040 13       		.uleb128 0x13
 1046 0041 00       		.byte	0
 1047 0042 00       		.byte	0
 1048 0043 06       		.uleb128 0x6
 1049 0044 2E       		.uleb128 0x2e
 1050 0045 01       		.byte	0x1
 1051 0046 3F       		.uleb128 0x3f
 1052 0047 19       		.uleb128 0x19
 1053 0048 03       		.uleb128 0x3
 1054 0049 0E       		.uleb128 0xe
 1055 004a 3A       		.uleb128 0x3a
 1056 004b 0B       		.uleb128 0xb
 1057 004c 3B       		.uleb128 0x3b
 1058 004d 0B       		.uleb128 0xb
 1059 004e 27       		.uleb128 0x27
 1060 004f 19       		.uleb128 0x19
 1061 0050 11       		.uleb128 0x11
 1062 0051 01       		.uleb128 0x1
 1063 0052 12       		.uleb128 0x12
 1064 0053 06       		.uleb128 0x6
 1065 0054 40       		.uleb128 0x40
 1066 0055 18       		.uleb128 0x18
 1067 0056 9742     		.uleb128 0x2117
 1068 0058 19       		.uleb128 0x19
 1069 0059 01       		.uleb128 0x1
 1070 005a 13       		.uleb128 0x13
 1071 005b 00       		.byte	0
 1072 005c 00       		.byte	0
 1073 005d 07       		.uleb128 0x7
 1074 005e 34       		.uleb128 0x34
 1075 005f 00       		.byte	0
 1076 0060 03       		.uleb128 0x3
 1077 0061 08       		.uleb128 0x8
 1078 0062 3A       		.uleb128 0x3a
 1079 0063 0B       		.uleb128 0xb
 1080 0064 3B       		.uleb128 0x3b
 1081 0065 0B       		.uleb128 0xb
 1082 0066 49       		.uleb128 0x49
 1083 0067 13       		.uleb128 0x13
 1084 0068 02       		.uleb128 0x2
 1085 0069 17       		.uleb128 0x17
 1086 006a 00       		.byte	0
 1087 006b 00       		.byte	0
 1088 006c 08       		.uleb128 0x8
 1089 006d 898201   		.uleb128 0x4109
 1090 0070 00       		.byte	0
 1091 0071 11       		.uleb128 0x11
 1092 0072 01       		.uleb128 0x1
 1093 0073 31       		.uleb128 0x31
 1094 0074 13       		.uleb128 0x13
 1095 0075 00       		.byte	0
 1096 0076 00       		.byte	0
 1097 0077 09       		.uleb128 0x9
ARM GAS  C:\Users\Alex\AppData\Local\Temp\ccZN6pOG.s 			page 24


 1098 0078 898201   		.uleb128 0x4109
 1099 007b 01       		.byte	0x1
 1100 007c 11       		.uleb128 0x11
 1101 007d 01       		.uleb128 0x1
 1102 007e 31       		.uleb128 0x31
 1103 007f 13       		.uleb128 0x13
 1104 0080 01       		.uleb128 0x1
 1105 0081 13       		.uleb128 0x13
 1106 0082 00       		.byte	0
 1107 0083 00       		.byte	0
 1108 0084 0A       		.uleb128 0xa
 1109 0085 8A8201   		.uleb128 0x410a
 1110 0088 00       		.byte	0
 1111 0089 02       		.uleb128 0x2
 1112 008a 18       		.uleb128 0x18
 1113 008b 9142     		.uleb128 0x2111
 1114 008d 18       		.uleb128 0x18
 1115 008e 00       		.byte	0
 1116 008f 00       		.byte	0
 1117 0090 0B       		.uleb128 0xb
 1118 0091 898201   		.uleb128 0x4109
 1119 0094 01       		.byte	0x1
 1120 0095 11       		.uleb128 0x11
 1121 0096 01       		.uleb128 0x1
 1122 0097 31       		.uleb128 0x31
 1123 0098 13       		.uleb128 0x13
 1124 0099 00       		.byte	0
 1125 009a 00       		.byte	0
 1126 009b 0C       		.uleb128 0xc
 1127 009c 2E       		.uleb128 0x2e
 1128 009d 01       		.byte	0x1
 1129 009e 3F       		.uleb128 0x3f
 1130 009f 19       		.uleb128 0x19
 1131 00a0 03       		.uleb128 0x3
 1132 00a1 0E       		.uleb128 0xe
 1133 00a2 3A       		.uleb128 0x3a
 1134 00a3 0B       		.uleb128 0xb
 1135 00a4 3B       		.uleb128 0x3b
 1136 00a5 0B       		.uleb128 0xb
 1137 00a6 49       		.uleb128 0x49
 1138 00a7 13       		.uleb128 0x13
 1139 00a8 8701     		.uleb128 0x87
 1140 00aa 19       		.uleb128 0x19
 1141 00ab 11       		.uleb128 0x11
 1142 00ac 01       		.uleb128 0x1
 1143 00ad 12       		.uleb128 0x12
 1144 00ae 06       		.uleb128 0x6
 1145 00af 40       		.uleb128 0x40
 1146 00b0 18       		.uleb128 0x18
 1147 00b1 9742     		.uleb128 0x2117
 1148 00b3 19       		.uleb128 0x19
 1149 00b4 01       		.uleb128 0x1
 1150 00b5 13       		.uleb128 0x13
 1151 00b6 00       		.byte	0
 1152 00b7 00       		.byte	0
 1153 00b8 0D       		.uleb128 0xd
 1154 00b9 34       		.uleb128 0x34
ARM GAS  C:\Users\Alex\AppData\Local\Temp\ccZN6pOG.s 			page 25


 1155 00ba 00       		.byte	0
 1156 00bb 03       		.uleb128 0x3
 1157 00bc 0E       		.uleb128 0xe
 1158 00bd 3A       		.uleb128 0x3a
 1159 00be 0B       		.uleb128 0xb
 1160 00bf 3B       		.uleb128 0x3b
 1161 00c0 0B       		.uleb128 0xb
 1162 00c1 49       		.uleb128 0x49
 1163 00c2 13       		.uleb128 0x13
 1164 00c3 02       		.uleb128 0x2
 1165 00c4 17       		.uleb128 0x17
 1166 00c5 00       		.byte	0
 1167 00c6 00       		.byte	0
 1168 00c7 0E       		.uleb128 0xe
 1169 00c8 01       		.uleb128 0x1
 1170 00c9 01       		.byte	0x1
 1171 00ca 49       		.uleb128 0x49
 1172 00cb 13       		.uleb128 0x13
 1173 00cc 01       		.uleb128 0x1
 1174 00cd 13       		.uleb128 0x13
 1175 00ce 00       		.byte	0
 1176 00cf 00       		.byte	0
 1177 00d0 0F       		.uleb128 0xf
 1178 00d1 21       		.uleb128 0x21
 1179 00d2 00       		.byte	0
 1180 00d3 49       		.uleb128 0x49
 1181 00d4 13       		.uleb128 0x13
 1182 00d5 2F       		.uleb128 0x2f
 1183 00d6 0B       		.uleb128 0xb
 1184 00d7 00       		.byte	0
 1185 00d8 00       		.byte	0
 1186 00d9 10       		.uleb128 0x10
 1187 00da 34       		.uleb128 0x34
 1188 00db 00       		.byte	0
 1189 00dc 03       		.uleb128 0x3
 1190 00dd 0E       		.uleb128 0xe
 1191 00de 3A       		.uleb128 0x3a
 1192 00df 0B       		.uleb128 0xb
 1193 00e0 3B       		.uleb128 0x3b
 1194 00e1 0B       		.uleb128 0xb
 1195 00e2 49       		.uleb128 0x49
 1196 00e3 13       		.uleb128 0x13
 1197 00e4 00       		.byte	0
 1198 00e5 00       		.byte	0
 1199 00e6 11       		.uleb128 0x11
 1200 00e7 34       		.uleb128 0x34
 1201 00e8 00       		.byte	0
 1202 00e9 03       		.uleb128 0x3
 1203 00ea 0E       		.uleb128 0xe
 1204 00eb 3A       		.uleb128 0x3a
 1205 00ec 0B       		.uleb128 0xb
 1206 00ed 3B       		.uleb128 0x3b
 1207 00ee 0B       		.uleb128 0xb
 1208 00ef 49       		.uleb128 0x49
 1209 00f0 13       		.uleb128 0x13
 1210 00f1 02       		.uleb128 0x2
 1211 00f2 18       		.uleb128 0x18
ARM GAS  C:\Users\Alex\AppData\Local\Temp\ccZN6pOG.s 			page 26


 1212 00f3 00       		.byte	0
 1213 00f4 00       		.byte	0
 1214 00f5 12       		.uleb128 0x12
 1215 00f6 34       		.uleb128 0x34
 1216 00f7 00       		.byte	0
 1217 00f8 03       		.uleb128 0x3
 1218 00f9 0E       		.uleb128 0xe
 1219 00fa 3A       		.uleb128 0x3a
 1220 00fb 0B       		.uleb128 0xb
 1221 00fc 3B       		.uleb128 0x3b
 1222 00fd 05       		.uleb128 0x5
 1223 00fe 49       		.uleb128 0x49
 1224 00ff 13       		.uleb128 0x13
 1225 0100 3F       		.uleb128 0x3f
 1226 0101 19       		.uleb128 0x19
 1227 0102 3C       		.uleb128 0x3c
 1228 0103 19       		.uleb128 0x19
 1229 0104 00       		.byte	0
 1230 0105 00       		.byte	0
 1231 0106 13       		.uleb128 0x13
 1232 0107 35       		.uleb128 0x35
 1233 0108 00       		.byte	0
 1234 0109 49       		.uleb128 0x49
 1235 010a 13       		.uleb128 0x13
 1236 010b 00       		.byte	0
 1237 010c 00       		.byte	0
 1238 010d 14       		.uleb128 0x14
 1239 010e 2E       		.uleb128 0x2e
 1240 010f 00       		.byte	0
 1241 0110 3F       		.uleb128 0x3f
 1242 0111 19       		.uleb128 0x19
 1243 0112 3C       		.uleb128 0x3c
 1244 0113 19       		.uleb128 0x19
 1245 0114 6E       		.uleb128 0x6e
 1246 0115 0E       		.uleb128 0xe
 1247 0116 03       		.uleb128 0x3
 1248 0117 0E       		.uleb128 0xe
 1249 0118 3A       		.uleb128 0x3a
 1250 0119 0B       		.uleb128 0xb
 1251 011a 3B       		.uleb128 0x3b
 1252 011b 0B       		.uleb128 0xb
 1253 011c 00       		.byte	0
 1254 011d 00       		.byte	0
 1255 011e 15       		.uleb128 0x15
 1256 011f 2E       		.uleb128 0x2e
 1257 0120 00       		.byte	0
 1258 0121 3F       		.uleb128 0x3f
 1259 0122 19       		.uleb128 0x19
 1260 0123 3C       		.uleb128 0x3c
 1261 0124 19       		.uleb128 0x19
 1262 0125 6E       		.uleb128 0x6e
 1263 0126 0E       		.uleb128 0xe
 1264 0127 03       		.uleb128 0x3
 1265 0128 0E       		.uleb128 0xe
 1266 0129 3A       		.uleb128 0x3a
 1267 012a 0B       		.uleb128 0xb
 1268 012b 3B       		.uleb128 0x3b
ARM GAS  C:\Users\Alex\AppData\Local\Temp\ccZN6pOG.s 			page 27


 1269 012c 05       		.uleb128 0x5
 1270 012d 00       		.byte	0
 1271 012e 00       		.byte	0
 1272 012f 00       		.byte	0
 1273              		.section	.debug_loc,"",%progbits
 1274              	.Ldebug_loc0:
 1275              	.LLST0:
 1276 0000 02000000 		.4byte	.LVL0
 1277 0004 06000000 		.4byte	.LVL1
 1278 0008 0200     		.2byte	0x2
 1279 000a 30       		.byte	0x30
 1280 000b 9F       		.byte	0x9f
 1281 000c 06000000 		.4byte	.LVL1
 1282 0010 0E000000 		.4byte	.LVL2
 1283 0014 0100     		.2byte	0x1
 1284 0016 53       		.byte	0x53
 1285 0017 10000000 		.4byte	.LVL3
 1286 001b 16000000 		.4byte	.LVL4
 1287 001f 0100     		.2byte	0x1
 1288 0021 53       		.byte	0x53
 1289 0022 18000000 		.4byte	.LVL5
 1290 0026 22000000 		.4byte	.LVL6
 1291 002a 0100     		.2byte	0x1
 1292 002c 53       		.byte	0x53
 1293 002d 24000000 		.4byte	.LVL7
 1294 0031 2D000000 		.4byte	.LVL8-1
 1295 0035 0100     		.2byte	0x1
 1296 0037 53       		.byte	0x53
 1297 0038 00000000 		.4byte	0
 1298 003c 00000000 		.4byte	0
 1299              	.LLST1:
 1300 0040 02000000 		.4byte	.LVL14
 1301 0044 06000000 		.4byte	.LVL15
 1302 0048 0200     		.2byte	0x2
 1303 004a 30       		.byte	0x30
 1304 004b 9F       		.byte	0x9f
 1305 004c 06000000 		.4byte	.LVL15
 1306 0050 56000000 		.4byte	.LVL17
 1307 0054 0100     		.2byte	0x1
 1308 0056 54       		.byte	0x54
 1309 0057 58000000 		.4byte	.LVL18
 1310 005b 5E000000 		.4byte	.LVL19
 1311 005f 0100     		.2byte	0x1
 1312 0061 54       		.byte	0x54
 1313 0062 00000000 		.4byte	0
 1314 0066 00000000 		.4byte	0
 1315              	.LLST2:
 1316 006a 68000000 		.4byte	.LVL42
 1317 006e 6E000000 		.4byte	.LVL43
 1318 0072 0100     		.2byte	0x1
 1319 0074 50       		.byte	0x50
 1320 0075 00000000 		.4byte	0
 1321 0079 00000000 		.4byte	0
 1322              	.LLST3:
 1323 007d 28000000 		.4byte	.LVL31
 1324 0081 38000000 		.4byte	.LVL34
 1325 0085 0100     		.2byte	0x1
ARM GAS  C:\Users\Alex\AppData\Local\Temp\ccZN6pOG.s 			page 28


 1326 0087 54       		.byte	0x54
 1327 0088 3A000000 		.4byte	.LVL35
 1328 008c 3C000000 		.4byte	.LVL36
 1329 0090 0100     		.2byte	0x1
 1330 0092 54       		.byte	0x54
 1331 0093 3E000000 		.4byte	.LVL37
 1332 0097 58000000 		.4byte	.LVL40
 1333 009b 0100     		.2byte	0x1
 1334 009d 54       		.byte	0x54
 1335 009e 00000000 		.4byte	0
 1336 00a2 00000000 		.4byte	0
 1337              		.section	.debug_aranges,"",%progbits
 1338 0000 3C000000 		.4byte	0x3c
 1339 0004 0200     		.2byte	0x2
 1340 0006 00000000 		.4byte	.Ldebug_info0
 1341 000a 04       		.byte	0x4
 1342 000b 00       		.byte	0
 1343 000c 0000     		.2byte	0
 1344 000e 0000     		.2byte	0
 1345 0010 00000000 		.4byte	.LFB65
 1346 0014 58000000 		.4byte	.LFE65-.LFB65
 1347 0018 00000000 		.4byte	.LFB66
 1348 001c 64000000 		.4byte	.LFE66-.LFB66
 1349 0020 00000000 		.4byte	.LFB67
 1350 0024 1C000000 		.4byte	.LFE67-.LFB67
 1351 0028 00000000 		.4byte	.LFB68
 1352 002c 18000000 		.4byte	.LFE68-.LFB68
 1353 0030 00000000 		.4byte	.LFB64
 1354 0034 88000000 		.4byte	.LFE64-.LFB64
 1355 0038 00000000 		.4byte	0
 1356 003c 00000000 		.4byte	0
 1357              		.section	.debug_ranges,"",%progbits
 1358              	.Ldebug_ranges0:
 1359 0000 00000000 		.4byte	.LFB65
 1360 0004 58000000 		.4byte	.LFE65
 1361 0008 00000000 		.4byte	.LFB66
 1362 000c 64000000 		.4byte	.LFE66
 1363 0010 00000000 		.4byte	.LFB67
 1364 0014 1C000000 		.4byte	.LFE67
 1365 0018 00000000 		.4byte	.LFB68
 1366 001c 18000000 		.4byte	.LFE68
 1367 0020 00000000 		.4byte	.LFB64
 1368 0024 88000000 		.4byte	.LFE64
 1369 0028 00000000 		.4byte	0
 1370 002c 00000000 		.4byte	0
 1371              		.section	.debug_line,"",%progbits
 1372              	.Ldebug_line0:
 1373 0000 A3020000 		.section	.debug_str,"MS",%progbits,1
 1373      0200D401 
 1373      00000201 
 1373      FB0E0D00 
 1373      01010101 
 1374              	.LASF33:
 1375 0000 55534246 		.ascii	"USBFS_1_Start\000"
 1375      535F315F 
 1375      53746172 
 1375      7400
ARM GAS  C:\Users\Alex\AppData\Local\Temp\ccZN6pOG.s 			page 29


 1376              	.LASF38:
 1377 000e 42757474 		.ascii	"ButtonReg1_Read\000"
 1377      6F6E5265 
 1377      67315F52 
 1377      65616400 
 1378              	.LASF5:
 1379 001e 5F5F696E 		.ascii	"__int32_t\000"
 1379      7433325F 
 1379      7400
 1380              	.LASF54:
 1381 0028 416E616C 		.ascii	"AnalogRaw\000"
 1381      6F675261 
 1381      7700
 1382              	.LASF29:
 1383 0032 5553425F 		.ascii	"USB_Input_Data\000"
 1383      496E7075 
 1383      745F4461 
 1383      746100
 1384              	.LASF34:
 1385 0041 55534246 		.ascii	"USBFS_1_GetConfiguration\000"
 1385      535F315F 
 1385      47657443 
 1385      6F6E6669 
 1385      67757261 
 1386              	.LASF13:
 1387 005a 75696E74 		.ascii	"uint8\000"
 1387      3800
 1388              	.LASF37:
 1389 0060 4144435F 		.ascii	"ADC_GetResult16\000"
 1389      47657452 
 1389      6573756C 
 1389      74313600 
 1390              	.LASF46:
 1391 0070 75617274 		.ascii	"uart_put_hex_8bit\000"
 1391      5F707574 
 1391      5F686578 
 1391      5F386269 
 1391      7400
 1392              	.LASF27:
 1393 0082 6C6F6F70 		.ascii	"loop_index\000"
 1393      5F696E64 
 1393      657800
 1394              	.LASF35:
 1395 008d 55534246 		.ascii	"USBFS_1_LoadInEP\000"
 1395      535F315F 
 1395      4C6F6164 
 1395      496E4550 
 1395      00
 1396              	.LASF17:
 1397 009e 666C6F61 		.ascii	"float\000"
 1397      7400
 1398              	.LASF1:
 1399 00a4 756E7369 		.ascii	"unsigned char\000"
 1399      676E6564 
 1399      20636861 
 1399      7200
 1400              	.LASF50:
ARM GAS  C:\Users\Alex\AppData\Local\Temp\ccZN6pOG.s 			page 30


 1401 00b2 474E5520 		.ascii	"GNU C11 5.4.1 20160609 (release) [ARM/embedded-5-br"
 1401      43313120 
 1401      352E342E 
 1401      31203230 
 1401      31363036 
 1402 00e5 616E6368 		.ascii	"anch revision 237715] -mcpu=cortex-m3 -mthumb -g -O"
 1402      20726576 
 1402      6973696F 
 1402      6E203233 
 1402      37373135 
 1403 0118 67202D66 		.ascii	"g -ffunction-sections -ffat-lto-objects\000"
 1403      66756E63 
 1403      74696F6E 
 1403      2D736563 
 1403      74696F6E 
 1404              	.LASF39:
 1405 0140 42757474 		.ascii	"ButtonReg2_Read\000"
 1405      6F6E5265 
 1405      67325F52 
 1405      65616400 
 1406              	.LASF43:
 1407 0150 44454255 		.ascii	"DEBUG_UART_Start\000"
 1407      475F5541 
 1407      52545F53 
 1407      74617274 
 1407      00
 1408              	.LASF16:
 1409 0161 696E7431 		.ascii	"int16\000"
 1409      3600
 1410              	.LASF7:
 1411 0167 6C6F6E67 		.ascii	"long unsigned int\000"
 1411      20756E73 
 1411      69676E65 
 1411      6420696E 
 1411      7400
 1412              	.LASF3:
 1413 0179 73686F72 		.ascii	"short unsigned int\000"
 1413      7420756E 
 1413      7369676E 
 1413      65642069 
 1413      6E7400
 1414              	.LASF28:
 1415 018c 416E616C 		.ascii	"AnalogData\000"
 1415      6F674461 
 1415      746100
 1416              	.LASF55:
 1417 0197 49544D5F 		.ascii	"ITM_RxBuffer\000"
 1417      52784275 
 1417      66666572 
 1417      00
 1418              	.LASF30:
 1419 01a4 5553425F 		.ascii	"USB_Output_Data\000"
 1419      4F757470 
 1419      75745F44 
 1419      61746100 
 1420              	.LASF47:
 1421 01b4 44454255 		.ascii	"DEBUG_UART_PutChar\000"
ARM GAS  C:\Users\Alex\AppData\Local\Temp\ccZN6pOG.s 			page 31


 1421      475F5541 
 1421      52545F50 
 1421      75744368 
 1421      617200
 1422              	.LASF4:
 1423 01c7 5F5F7569 		.ascii	"__uint16_t\000"
 1423      6E743136 
 1423      5F7400
 1424              	.LASF18:
 1425 01d2 646F7562 		.ascii	"double\000"
 1425      6C6500
 1426              	.LASF53:
 1427 01d9 6D61696E 		.ascii	"main\000"
 1427      00
 1428              	.LASF14:
 1429 01de 75696E74 		.ascii	"uint16\000"
 1429      313600
 1430              	.LASF15:
 1431 01e5 696E7438 		.ascii	"int8\000"
 1431      00
 1432              	.LASF45:
 1433 01ea 55534246 		.ascii	"USBFS_1_GetEPState\000"
 1433      535F315F 
 1433      47657445 
 1433      50537461 
 1433      746500
 1434              	.LASF26:
 1435 01fd 6F757443 		.ascii	"outCount\000"
 1435      6F756E74 
 1435      00
 1436              	.LASF23:
 1437 0206 52656164 		.ascii	"ReadAnalog\000"
 1437      416E616C 
 1437      6F6700
 1438              	.LASF10:
 1439 0211 756E7369 		.ascii	"unsigned int\000"
 1439      676E6564 
 1439      20696E74 
 1439      00
 1440              	.LASF9:
 1441 021e 6C6F6E67 		.ascii	"long long unsigned int\000"
 1441      206C6F6E 
 1441      6720756E 
 1441      7369676E 
 1441      65642069 
 1442              	.LASF31:
 1443 0235 4144435F 		.ascii	"ADC_Start\000"
 1443      53746172 
 1443      7400
 1444              	.LASF0:
 1445 023f 7369676E 		.ascii	"signed char\000"
 1445      65642063 
 1445      68617200 
 1446              	.LASF40:
 1447 024b 42757474 		.ascii	"ButtonReg3_Read\000"
 1447      6F6E5265 
 1447      67335F52 
ARM GAS  C:\Users\Alex\AppData\Local\Temp\ccZN6pOG.s 			page 32


 1447      65616400 
 1448              	.LASF12:
 1449 025b 696E7433 		.ascii	"int32_t\000"
 1449      325F7400 
 1450              	.LASF21:
 1451 0263 73697A65 		.ascii	"sizetype\000"
 1451      74797065 
 1451      00
 1452              	.LASF44:
 1453 026c 55534246 		.ascii	"USBFS_1_GetEPAckState\000"
 1453      535F315F 
 1453      47657445 
 1453      5041636B 
 1453      53746174 
 1454              	.LASF8:
 1455 0282 6C6F6E67 		.ascii	"long long int\000"
 1455      206C6F6E 
 1455      6720696E 
 1455      7400
 1456              	.LASF51:
 1457 0290 6D61696E 		.ascii	"main.c\000"
 1457      2E6300
 1458              	.LASF19:
 1459 0297 63686172 		.ascii	"char\000"
 1459      00
 1460              	.LASF48:
 1461 029c 55534246 		.ascii	"USBFS_1_GetEPCount\000"
 1461      535F315F 
 1461      47657445 
 1461      50436F75 
 1461      6E7400
 1462              	.LASF24:
 1463 02af 52656164 		.ascii	"ReadButtons\000"
 1463      42757474 
 1463      6F6E7300 
 1464              	.LASF25:
 1465 02bb 5365744F 		.ascii	"SetOutputs\000"
 1465      75747075 
 1465      747300
 1466              	.LASF2:
 1467 02c6 73686F72 		.ascii	"short int\000"
 1467      7420696E 
 1467      7400
 1468              	.LASF11:
 1469 02d0 75696E74 		.ascii	"uint16_t\000"
 1469      31365F74 
 1469      00
 1470              	.LASF6:
 1471 02d9 6C6F6E67 		.ascii	"long int\000"
 1471      20696E74 
 1471      00
 1472              	.LASF42:
 1473 02e2 4F757470 		.ascii	"OutputReg2_Write\000"
 1473      75745265 
 1473      67325F57 
 1473      72697465 
 1473      00
ARM GAS  C:\Users\Alex\AppData\Local\Temp\ccZN6pOG.s 			page 33


 1474              	.LASF36:
 1475 02f3 55534246 		.ascii	"USBFS_1_EnableOutEP\000"
 1475      535F315F 
 1475      456E6162 
 1475      6C654F75 
 1475      74455000 
 1476              	.LASF20:
 1477 0307 6C6F6E67 		.ascii	"long double\000"
 1477      20646F75 
 1477      626C6500 
 1478              	.LASF41:
 1479 0313 4F757470 		.ascii	"OutputReg1_Write\000"
 1479      75745265 
 1479      67315F57 
 1479      72697465 
 1479      00
 1480              	.LASF22:
 1481 0324 53746172 		.ascii	"StartUp\000"
 1481      74557000 
 1482              	.LASF32:
 1483 032c 4144435F 		.ascii	"ADC_StartConvert\000"
 1483      53746172 
 1483      74436F6E 
 1483      76657274 
 1483      00
 1484              	.LASF52:
 1485 033d 503A5C43 		.ascii	"P:\\Cypress_Tutorials_Working_Directory\\Homemade_J"
 1485      79707265 
 1485      73735F54 
 1485      75746F72 
 1485      69616C73 
 1486 036e 6F797374 		.ascii	"oystick\\Homemade_Joystick\\Homemade_Joystick_Works"
 1486      69636B5C 
 1486      486F6D65 
 1486      6D616465 
 1486      5F4A6F79 
 1487 039f 70616365 		.ascii	"pace\\CyController_Example.cydsn\000"
 1487      5C437943 
 1487      6F6E7472 
 1487      6F6C6C65 
 1487      725F4578 
 1488              	.LASF49:
 1489 03bf 55534246 		.ascii	"USBFS_1_ReadOutEP\000"
 1489      535F315F 
 1489      52656164 
 1489      4F757445 
 1489      5000
 1490              		.ident	"GCC: (GNU Tools for ARM Embedded Processors) 5.4.1 20160609 (release) [ARM/embedded-5-bran
